ets Jul 29 2019 12:21:46

rst:0x1 (POWERON_RESET),boot:0x13 (SPI_FAST_FLASH_BOOT)
configsip: 0, SPIWP:0xee
clk_drv:0x00,q_drv:0x00,d_drv:0x00,cs0_drv:0x00,hd_drv:0x00,wp_drv:0x00
mode:DIO, clock div:2
load:0x3fff0030,len:1184
load:0x40078000,len:13192
load:0x40080400,len:3028
entry 0x400805e4

----20.000000---
22.807525	-20.000000
22.807579	-20.000000
23.010161	-20.000000
22.952274	-20.000000
22.981217	-20.000000
22.952274	-20.000000
22.315515	-20.000000
20.752560	-20.000000
15.785830	-20.000000
21.157771	-20.000000
22.460233	-20.000000
14.361806	-20.000000
15.542707	-20.000000
13.250372	-20.000000
18.603492	-20.000000
19.602046	-20.000000
22.981217	-20.000000
----30.000000---
----40.000000---
----50.000000---
----60.000000---
----70.000000---
----80.000000---
----90.000000---
----100.000000---
66.512567	-100.000000
82.315814	-100.000000
82.315814	-100.000000
82.315814	-100.000000
82.315814	-100.000000
82.402645	-100.000000
82.315814	-100.000000
82.402645	-100.000000
82.315814	-100.000000
82.402645	-100.000000
82.315814	-100.000000
82.402645	-100.000000
82.402645	-100.000000
82.402645	-100.000000
82.315814	-100.000000
82.402645	-100.000000
82.402645	-100.000000
82.402645	-100.000000