ets Jul 29 2019 12:21:46

rst:0x1 (POWERON_RESET),boot:0x13 (SPI_FAST_FLASH_BOOT)
configsip: 0, SPIWP:0xee
clk_drv:0x00,q_drv:0x00,d_drv:0x00,cs0_drv:0x00,hd_drv:0x00,wp_drv:0x00
mode:DIO, clock div:2
load:0x3fff0030,len:1184
load:0x40078000,len:13192
load:0x40080400,len:3028
entry 0x400805e4

- 10 -
On
Off
On
Off
On
- 0 -
- -10 -
- -20 -
Off
- -30 -
- -40 -
- -50 -
- -60 -
- -70 -
- -80 -
- -90 -
- -100 -
On
6.058513	-100.000000
Off
103.670130	-100.000000
On
18.234640	-100.000000