ets Jul 29 2019 12:21:46

rst:0x1 (POWERON_RESET),boot:0x13 (SPI_FAST_FLASH_BOOT)
configsip: 0, SPIWP:0xee
clk_drv:0x00,q_drv:0x00,d_drv:0x00,cs0_drv:0x00,hd_drv:0x00,wp_drv:0x00
mode:DIO, clock div:2
load:0x3fff0030,len:1184
load:0x40078000,len:13192
load:0x40080400,len:3028
entry 0x400805e4

- -100 -
103.414513	-100.000000
103.487480	-100.000000
103.502481	-100.000000
103.415754	-100.000000
103.502585	-100.000000
103.502585	-100.000000
103.415754	-100.000000
103.502585	-100.000000
103.502585	-100.000000
103.502585	-100.000000
103.502585	-100.000000
103.502585	-100.000000
103.502585	-100.000000
103.502585	-100.000000
103.502585	-100.000000
103.415754	-100.000000
103.328923	-100.000000
103.155261	-100.000000
27.235926	-100.000000
102.894768	-100.000000
102.894768	-100.000000
102.981599	-100.000000
103.068430	-100.000000
102.807937	-100.000000
103.068430	-100.000000
103.068430	-100.000000
103.068430	-100.000000
103.068430	-100.000000
103.068430	-100.000000
103.155261	-100.000000
79.450390	-100.000000
29.985568	-100.000000
102.981599	-100.000000
103.068430	-100.000000
102.981599	-100.000000
103.155261	-100.000000
103.242092	-100.000000
103.242092	-100.000000
102.894768	-100.000000
103.242092	-100.000000
103.328923	-100.000000
103.242092	-100.000000
102.634275	-100.000000
103.415754	-100.000000
103.502585	-100.000000
103.415754	-100.000000
103.415754	-100.000000
103.589416	-100.000000
103.415754	-100.000000
103.589416	-100.000000
103.589416	-100.000000
103.589416	-100.000000
103.676247	-100.000000
103.676247	-100.000000
103.676247	-100.000000
103.676247	-100.000000
103.676247	-100.000000
103.763078	-100.000000
- -90 -
90.912086	-90.000000
89.262296	-90.000000
89.349127	-90.000000
89.262296	-90.000000
89.349127	-90.000000
89.349127	-90.000000
89.262296	-90.000000
89.349127	-90.000000
89.262296	-90.000000
89.349127	-90.000000
89.175465	-90.000000
89.262296	-90.000000
- -80 -
- -70 -
- -60 -
- -50 -
- -40 -
- -30 -
- -20 -
- -10 -
- 0 -
- 10 -
- 0 -
- -10 -
- -20 -
- -30 -
- -40 -
- -50 -
- -60 -
- -70 -
- -80 -
8.740957	-80.000000
79.450390	-80.000000
79.189897	-80.000000
79.103066	-80.000000
79.103066	-80.000000
79.189897	-80.000000
79.363559	-80.000000
79.103066	-80.000000
79.363559	-80.000000
79.189897	-80.000000
79.276728	-80.000000
79.276728	-80.000000
79.276728	-80.000000
79.797714	-80.000000
79.710883	-80.000000
79.363559	-80.000000
79.537221	-80.000000
79.363559	-80.000000
79.276728	-80.000000
79.363559	-80.000000
79.624052	-80.000000
42.257654	-80.000000
78.929404	-80.000000
79.363559	-80.000000
79.363559	-80.000000
79.189897	-80.000000
79.276728	-80.000000
79.624052	-80.000000
79.624052	-80.000000
79.276728	-80.000000
79.276728	-80.000000
79.797714	-80.000000
79.537221	-80.000000
79.103066	-80.000000
78.495249	-80.000000
79.103066	-80.000000
79.363559	-80.000000
79.189897	-80.000000
79.276728	-80.000000
79.624052	-80.000000
79.624052	-80.000000
79.363559	-80.000000
79.450390	-80.000000
79.363559	-80.000000
79.363559	-80.000000
79.363559	-80.000000
79.189897	-80.000000
79.276728	-80.000000
79.363559	-80.000000
79.624052	-80.000000
79.537221	-80.000000
79.624052	-80.000000
- -70 -
73.980035	-70.000000
69.812146	-70.000000
69.725315	-70.000000
69.812146	-70.000000
69.638484	-70.000000
69.812146	-70.000000
69.464822	-70.000000
69.985808	-70.000000
69.725315	-70.000000
69.985808	-70.000000
69.898977	-70.000000
69.812146	-70.000000
- -60 -
- -50 -
- -40 -
- -30 -
- -20 -
- -10 -
- 0 -
- 10 -
- 0 -
- -10 -
- -20 -
- -30 -
- -40 -
- -50 -
7.604923	-50.000000
- -60 -
56.874209	-60.000000
59.305473	-60.000000
59.435719	-60.000000
59.218642	-60.000000
59.565966	-60.000000
21.331432	-60.000000
59.609381	-60.000000
59.783043	-60.000000
29.522471	-60.000000
59.565966	-60.000000
59.826458	-60.000000
59.739627	-60.000000
- -50 -
51.838020	-50.000000
49.580418	-50.000000
49.710664	-50.000000
49.710664	-50.000000
- -40 -
- -30 -
- -40 -
- -30 -
- -20 -
- -10 -
- -20 -
- -30 -
- -40 -
- -50 -
- -60 -
- -70 -
- -80 -
- -70 -
- -60 -
- -50 -
- -40 -
- -30 -
- -20 -
- -10 -
- 0 -
- -10 -
- -20 -
- -40 -
- -50 -
- -60 -
- -70 -
- -80 -
- -90 -
- -100 -
- -90 -
- -80 -
- -70 -
- -60 -
- -50 -
- -40 -
- -30 -
3.536180	-30.000000
- -20 -
- -10 -
- 0 -
- -10 -
- -20 -
- -30 -
- -40 -
- -50 -
- -60 -
- -70 -
- -80 -
49.667248	-80.000000
79.276728	-80.000000
79.363559	-80.000000
- -70 -
71.982922	-70.000000
69.377991	-70.000000
- -60 -
62.518340	-60.000000
59.913289	-60.000000
- -50 -
56.266393	-50.000000
- -40 -
43.675919	-40.000000
38.639730	-40.000000
38.639730	-40.000000
24.421153	-40.000000
38.466068	-40.000000
38.596315	-40.000000
38.639730	-40.000000
38.726561	-40.000000
- -30 -
- -20 -
- -30 -
36.816282	-30.000000
- -20 -
- -30 -
- -20 -
- -30 -
- -20 -
- -30 -
- -20 -
- -30 -
- -20 -
- -30 -
- -20 -
- -30 -
- -20 -
- -30 -
- -20 -
- -30 -
- -20 -
- -30 -
- -20 -
- -30 -
- -20 -
- -30 -
- -20 -
- -30 -
- -20 -
- -30 -
- -20 -
- -30 -
- -20 -
- -30 -
25.528254	-30.000000
27.004378	-30.000000
27.120152	-30.000000
17.105658	-30.000000
27.033321	-30.000000
- -20 -
- -30 -
- -20 -
- -30 -
- -20 -
22.026079	-20.000000
- -30 -
- -20 -
- -30 -
- -20 -
- -30 -
15.911738	-30.000000
- -20 -
- -30 -
- -20 -
- -30 -
- -20 -
- -30 -
- -20 -
15.955153	-20.000000
15.651246	-20.000000
- -10 -
- 0 -
- 10 -
- 20 -
- 30 -
- 20 -
- 10 -
- 0 -
- -10 -
- -20 -
- -30 -
- -40 -
- -50 -
- -60 -
- -50 -
- -40 -
- -30 -
- -20 -
- -10 -
25.383536	-10.000000
- -20 -
- -30 -
- -20 -
16.324184	-20.000000
15.651246	-20.000000
15.694661	-20.000000
15.672953	-20.000000
- -10 -
- 0 -
- 10 -
- 20 -
- 30 -
- 40 -
- 50 -
- 60 -
- 70 -
- 80 -
- 90 -
- 100 -
5.670713	100.000000
- 90 -
- 80 -
- 70 -
- 60 -
- 50 -
- 40 -
82.663138	40.000000
- 30 -
- 40 -
32.257662	40.000000
- 50 -
- 60 -
45.412537	60.000000
- 70 -
67.815032	70.000000
- 60 -
- 50 -
- 40 -
64.949609	40.000000
- 30 -
- 20 -
22.460233	20.000000
- 10 -
- 20 -
- 10 -
- 20 -
- 10 -
- 20 -
- 10 -
- 20 -
- 10 -
- 20 -
- 10 -
- 20 -
- 10 -
- 20 -
- 10 -
- 20 -
- 10 -
- 20 -
- 10 -
- 20 -
- 10 -
- 20 -
- 10 -
- 20 -
- 10 -
- 20 -
- 10 -
- 20 -
- 10 -
- 20 -
- 10 -
- 20 -
- 10 -
- 20 -
- 10 -
- 20 -
- 10 -
- 20 -
- 10 -
- 20 -
- 10 -
- 20 -
- 10 -
- 20 -
- 10 -
- 20 -
- 10 -
- 20 -
- 10 -
- 20 -
- 10 -
- 20 -
- 10 -
- 20 -
- 10 -
12.798852	10.000000
4.922633	10.000000
- 0 -
- -10 -
- 0 -
- -10 -
- 0 -
- -10 -
- 0 -
- -10 -
3.595813	-10.000000
4.829123	-10.000000
- 0 -
- 10 -
- 0 -
- 10 -
- 0 -
- 10 -
- 0 -
- 10 -
- 0 -
- 10 -
- 0 -
- 10 -
- 0 -
- 10 -
- 0 -
- 10 -
- 0 -
- 10 -
- 0 -
- 10 -
- 0 -
- 10 -
- 20 -
0.553839	20.000000
- 10 -
- 0 -
- 10 -
- 20 -
- 10 -
- 20 -
5.173663	20.000000
10.144725	20.000000
15.586123	20.000000
- 10 -
- 0 -
- 10 -
- 20 -
- 30 -
13.169329	30.000000
25.065156	30.000000
15.455877	30.000000
26.946490	30.000000
- 20 -
- 10 -
- 0 -
- 10 -
- 20 -
- 30 -
- 40 -
16.358913	40.000000
38.422653	40.000000
38.509484	40.000000
17.279323	40.000000
38.422653	40.000000
38.552899	40.000000
38.639730	40.000000
38.683145	40.000000
- 30 -
- 20 -
- 10 -
- 0 -
- 10 -
- 20 -
- 10 -
- 0 -
- 10 -
- 0 -
- 10 -
- 0 -
- 10 -
- 0 -
- 10 -
- 0 -
- 10 -
- 0 -
- 10 -
- 0 -
- 10 -
- 0 -
- 10 -
- 0 -
- 10 -
- 0 -
- 10 -
- 0 -
- 10 -
- 0 -
- 10 -
- 0 -
- 10 -
- 0 -
- 10 -
- 0 -
- 10 -
- 0 -
- 10 -
- 0 -
- 10 -
- 0 -
- 10 -
- 0 -
- 10 -
- 0 -
- 10 -
- 0 -
- 10 -
- 0 -
- 10 -
- 0 -
- 10 -
- 0 -
- 10 -
- 0 -
- 10 -
- 0 -
- 10 -
- 0 -
- 10 -
- 0 -
- 10 -
- 0 -
- 10 -
- 0 -
- 10 -
- 0 -
- 10 -
- 0 -
- 10 -
- 0 -
- 10 -
- 0 -
- 10 -
- 0 -
- 10 -
- 0 -
- 10 -
- 0 -
- 10 -
- 0 -
- 10 -
- 0 -
- 10 -
- 0 -
- 10 -
- 0 -
- 10 -
- 0 -
- 10 -
- 0 -
- 10 -
- 0 -
- 10 -
- 0 -
- 10 -
- 0 -
- 10 -
- 0 -
- 10 -
- 0 -
- 10 -
- 20 -
- 30 -
- 40 -
3.877179	40.000000
- 50 -
- 40 -
- 50 -
42.243210	50.000000
49.537002	50.000000
28.683106	50.000000
49.450171	50.000000
49.537002	50.000000
49.537002	50.000000
- 40 -
- 30 -
- 20 -
- 10 -
- 0 -
36.946528	0.000000
- 10 -
- 20 -
- 30 -
- 40 -
- 50 -
2.755597	50.000000
49.580418	50.000000
- 60 -
57.264948	60.000000
59.956705	60.000000
60.130366	60.000000
24.196848	60.000000
59.565966	60.000000
59.739627	60.000000
59.956705	60.000000
- 50 -
- 40 -
- 30 -
- 20 -
- 10 -
51.664358	10.000000
- 0 -
- 10 -
- 20 -
- 30 -
9.204056	30.000000
- 40 -
- 50 -
- 60 -
21.794518	60.000000
- 50 -
- 40 -
- 30 -
- 20 -
- 10 -
- 0 -
- -10 -
- 0 -
- 10 -
- 20 -
- 30 -
4.816210	30.000000
- 40 -
25.904521	40.000000
38.987053	40.000000
- 50 -
- 60 -
41.852472	60.000000
- 70 -
63.212988	70.000000
69.464822	70.000000
69.551653	70.000000
69.638484	70.000000
69.725315	70.000000
35.629570	70.000000
69.551653	70.000000
69.464822	70.000000
69.551653	70.000000
69.725315	70.000000
69.377991	70.000000
69.725315	70.000000
- 80 -
76.324473	80.000000
79.016235	80.000000
79.276728	80.000000
79.189897	80.000000
43.299624	80.000000
79.016235	80.000000
79.103066	80.000000
79.276728	80.000000
78.842573	80.000000
79.189897	80.000000
79.363559	80.000000
78.929404	80.000000
- 90 -
- 80 -
- 90 -
- 80 -
- 90 -
- 80 -
- 90 -
- 80 -
- 90 -
87.004690	90.000000
- 80 -
- 90 -
- 80 -
- 90 -
88.307155	90.000000
88.914972	90.000000
88.914972	90.000000
89.001803	90.000000
89.001803	90.000000
69.030667	90.000000
- 80 -
- 90 -
44.023214	90.000000
89.349127	90.000000
89.262296	90.000000
- 80 -
- 90 -
88.914972	90.000000
89.262296	90.000000
89.349127	90.000000
- 100 -
100.723992	100.000000
103.502585	100.000000
103.763078	100.000000
103.763078	100.000000
103.763078	100.000000
49.406756	100.000000
103.849909	100.000000
103.936740	100.000000
103.936740	100.000000
103.936740	100.000000
104.023571	100.000000
104.023571	100.000000
103.936740	100.000000
103.849909	100.000000
103.849909	100.000000
103.936740	100.000000
103.936740	100.000000
103.763078	100.000000
103.849909	100.000000
103.849909	100.000000
103.849909	100.000000
102.460612	100.000000
103.936740	100.000000
- 90 -
- 80 -
- 70 -
- 60 -
- 50 -
- 40 -
- 30 -
- 20 -
- 10 -
- 0 -
12.908839	0.000000
- -10 -
- -20 -
- -30 -
- -40 -
- -50 -
- -60 -
- -70 -
- -80 -
- -90 -
- -100 -
0.338145	-100.000000
- -90 -
- -80 -
- -70 -
- -60 -
98.032230	-60.000000
- -50 -
- -40 -
- -30 -
- -20 -
- -10 -
- 0 -
- 10 -
- 20 -
- 30 -
- 40 -
- 50 -
- 60 -
- 70 -
- 80 -
- 90 -
- 100 -
69.942253	100.000000
- 90 -
- 70 -
- 60 -
- 50 -
- 40 -
- 30 -
- 20 -
- 10 -
- -10 -
- -20 -
- -30 -
- -40 -
- -50 -
63.820805	-50.000000
- -60 -
- -70 -
- -80 -
- -90 -
- -100 -
85.268069	-100.000000
101.679032	-100.000000
101.766066	-100.000000
101.679133	-100.000000
101.765964	-100.000000
101.765964	-100.000000
101.679133	-100.000000
101.765964	-100.000000
101.765964	-100.000000
101.765964	-100.000000
101.765964	-100.000000
101.765964	-100.000000
101.765964	-100.000000
101.765964	-100.000000
101.852795	-100.000000
101.852795	-100.000000
101.852795	-100.000000
101.852795	-100.000000
101.679032	-100.000000
101.765964	-100.000000
101.592302	-100.000000
101.592302	-100.000000
- -90 -
- -80 -
- -70 -
- -60 -
- -50 -
- -40 -
- -30 -
- -20 -
- -10 -
- -20 -
- -30 -
- -40 -
27.901629	-40.000000
- -50 -
- -60 -
- -50 -
- -60 -
42.243210	-60.000000
- -50 -
- -60 -
- -50 -
- -60 -
- -70 -
- -80 -
- -90 -
- -100 -
65.036440	-100.000000
101.418640	-100.000000
101.505471	-100.000000
101.592302	-100.000000
101.592302	-100.000000
101.592302	-100.000000
101.592302	-100.000000
101.679133	-100.000000
101.679133	-100.000000
101.592302	-100.000000
101.679133	-100.000000
101.679133	-100.000000
101.679133	-100.000000
101.592302	-100.000000
101.679133	-100.000000
101.592302	-100.000000
101.505471	-100.000000
101.418640	-100.000000
101.592302	-100.000000
101.331809	-100.000000
101.505471	-100.000000
101.505471	-100.000000
101.331809	-100.000000
101.418640	-100.000000
101.331809	-100.000000
100.897654	-100.000000
100.897654	-100.000000
100.984485	-100.000000
101.071316	-100.000000
101.244978	-100.000000
101.331809	-100.000000
101.244978	-100.000000
101.244978	-100.000000
101.244978	-100.000000
101.158147	-100.000000
101.158147	-100.000000
101.158147	-100.000000
101.244978	-100.000000
101.244978	-100.000000
101.331809	-100.000000
101.418640	-100.000000
101.418640	-100.000000
100.984485	-100.000000
100.810823	-100.000000
100.810823	-100.000000
100.897654	-100.000000
100.984485	-100.000000
100.984485	-100.000000
100.897654	-100.000000
100.984485	-100.000000
100.984485	-100.000000
101.071316	-100.000000
101.071316	-100.000000
- -90 -
99.855682	-90.000000
87.352014	-90.000000
87.525676	-90.000000
87.612507	-90.000000
87.959831	-90.000000
88.133493	-90.000000
87.959831	-90.000000
88.133493	-90.000000
88.133493	-90.000000
88.220324	-90.000000
88.046662	-90.000000
88.046662	-90.000000
88.133493	-90.000000
88.220324	-90.000000
88.307155	-90.000000
88.220324	-90.000000
88.133405	-90.000000
88.220324	-90.000000
88.220324	-90.000000
88.133493	-90.000000
88.133493	-90.000000
88.220324	-90.000000
88.220324	-90.000000
88.220324	-90.000000
88.220324	-90.000000
88.307155	-90.000000
88.220324	-90.000000
88.133493	-90.000000
88.133493	-90.000000
88.307155	-90.000000
88.133493	-90.000000
88.133493	-90.000000
88.220324	-90.000000
88.133493	-90.000000
88.220324	-90.000000
88.133493	-90.000000
88.220324	-90.000000
88.220324	-90.000000
88.307155	-90.000000
88.220324	-90.000000
88.133493	-90.000000
88.220324	-90.000000
88.220324	-90.000000
88.220324	-90.000000
88.220324	-90.000000
88.133493	-90.000000
88.220324	-90.000000
88.220324	-90.000000
88.220324	-90.000000
88.220324	-90.000000
88.307155	-90.000000
88.220324	-90.000000
88.220324	-90.000000
88.307155	-90.000000
88.220324	-90.000000
88.220324	-90.000000
88.307155	-90.000000
88.220324	-90.000000
88.220324	-90.000000
88.220324	-90.000000
88.220324	-90.000000
88.220324	-90.000000
88.220324	-90.000000
- -80 -
81.794828	-80.000000
78.321587	-80.000000
78.321587	-80.000000
78.668911	-80.000000
78.147925	-80.000000
78.234756	-80.000000
78.495249	-80.000000
78.234756	-80.000000
78.147925	-80.000000
78.147925	-80.000000
78.495249	-80.000000
78.408418	-80.000000
78.147925	-80.000000
78.321587	-80.000000
78.321587	-80.000000
78.321587	-80.000000
78.147925	-80.000000
78.321587	-80.000000
78.495249	-80.000000
78.408418	-80.000000
78.495249	-80.000000
78.755742	-80.000000
78.668911	-80.000000
78.321587	-80.000000
78.668832	-80.000000
78.582001	-80.000000
78.755663	-80.000000
78.408339	-80.000000
78.668911	-80.000000
78.321587	-80.000000
78.668911	-80.000000
78.234678	-80.000000
78.321587	-80.000000
78.408418	-80.000000
78.495170	-80.000000
78.495249	-80.000000
78.147925	-80.000000
78.321587	-80.000000
78.321587	-80.000000
78.321587	-80.000000
78.321587	-80.000000
78.321587	-80.000000
78.321587	-80.000000
78.408418	-80.000000
78.408418	-80.000000
78.234756	-80.000000
78.234756	-80.000000
78.582080	-80.000000
78.408418	-80.000000
78.234756	-80.000000
78.321587	-80.000000
78.147925	-80.000000
78.582080	-80.000000
78.321587	-80.000000
78.234756	-80.000000
78.755742	-80.000000
78.755742	-80.000000
78.234756	-80.000000
78.495249	-80.000000
78.408339	-80.000000
78.495249	-80.000000
78.321587	-80.000000
78.495249	-80.000000
78.582080	-80.000000
78.495249	-80.000000
78.234756	-80.000000
78.582080	-80.000000
78.147925	-80.000000
78.582080	-80.000000
78.582080	-80.000000
78.495249	-80.000000
78.408418	-80.000000
78.408418	-80.000000
78.408418	-80.000000
78.668911	-80.000000
78.321587	-80.000000
78.582080	-80.000000
78.321587	-80.000000
78.755742	-80.000000
78.668911	-80.000000
79.016235	-80.000000
78.755742	-80.000000
78.668911	-80.000000
78.408418	-80.000000
78.321587	-80.000000
78.755742	-80.000000
78.234756	-80.000000
78.582080	-80.000000
- -70 -
76.932290	-70.000000
68.943836	-70.000000
69.204329	-70.000000
69.117498	-70.000000
69.030667	-70.000000
69.377991	-70.000000
69.291160	-70.000000
69.204329	-70.000000
69.030667	-70.000000
69.464822	-70.000000
69.377991	-70.000000
69.377991	-70.000000
69.551653	-70.000000
69.725315	-70.000000
69.377991	-70.000000
69.030667	-70.000000
69.812146	-70.000000
69.464822	-70.000000
69.030667	-70.000000
69.551653	-70.000000
69.030667	-70.000000
69.377991	-70.000000
69.464822	-70.000000
69.551653	-70.000000
69.204329	-70.000000
69.725315	-70.000000
68.943836	-70.000000
69.117498	-70.000000
69.377991	-70.000000
69.377991	-70.000000
69.898977	-70.000000
69.030667	-70.000000
69.464822	-70.000000
69.204329	-70.000000
69.464822	-70.000000
69.551653	-70.000000
69.464822	-70.000000
69.551653	-70.000000
69.464822	-70.000000
69.204329	-70.000000
69.291160	-70.000000
69.291160	-70.000000
69.204329	-70.000000
69.638484	-70.000000
69.551653	-70.000000
69.377991	-70.000000
69.377991	-70.000000
69.291160	-70.000000
69.551653	-70.000000
- -60 -
68.770174	-60.000000
59.869874	-60.000000
59.783043	-60.000000
59.696212	-60.000000
60.000120	-60.000000
59.652797	-60.000000
59.739627	-60.000000
59.783043	-60.000000
59.652797	-60.000000
59.783043	-60.000000
59.696212	-60.000000
59.652797	-60.000000
59.956705	-60.000000
59.652797	-60.000000
59.609381	-60.000000
59.739627	-60.000000
- -50 -
58.263503	-50.000000
- -60 -
- -50 -
49.493587	-50.000000
49.580418	-50.000000
49.710664	-50.000000
49.580418	-50.000000
49.623833	-50.000000
49.580418	-50.000000
49.667248	-50.000000
49.580418	-50.000000
49.363340	-50.000000
49.623833	-50.000000
- -40 -
49.059432	-40.000000
38.596315	-40.000000
38.987053	-40.000000
38.726561	-40.000000
38.769976	-40.000000
38.813392	-40.000000
38.639730	-40.000000
38.683145	-40.000000
38.596315	-40.000000
38.769976	-40.000000
38.900223	-40.000000
38.683145	-40.000000
38.769976	-40.000000
38.639730	-40.000000
38.813392	-40.000000
38.726561	-40.000000
38.726561	-40.000000
38.900223	-40.000000
38.726561	-40.000000
38.726561	-40.000000
38.813392	-40.000000
38.726561	-40.000000
38.769976	-40.000000
38.900223	-40.000000
38.769976	-40.000000
38.726561	-40.000000
38.813392	-40.000000
38.813392	-40.000000
38.813392	-40.000000
38.900223	-40.000000
38.769976	-40.000000
38.683145	-40.000000
38.900223	-40.000000
38.813392	-40.000000
38.856807	-40.000000
38.856807	-40.000000
38.856807	-40.000000
38.769976	-40.000000
- -30 -
33.907448	-30.000000
27.235926	-30.000000
27.351701	-30.000000
27.264870	-30.000000
27.206983	-30.000000
27.178039	-30.000000
27.149096	-30.000000
27.120152	-30.000000
27.120152	-30.000000
27.091208	-30.000000
27.178039	-30.000000
27.178039	-30.000000
27.235926	-30.000000
- -20 -
22.083966	-20.000000
15.738077	-20.000000
15.651246	-20.000000
15.651246	-20.000000
15.651246	-20.000000
15.694661	-20.000000
15.694661	-20.000000
15.716369	-20.000000
15.716369	-20.000000
- -10 -
10.940673	-10.000000
5.022822	-10.000000
4.996105	-10.000000
5.002785	-10.000000
5.002785	-10.000000
5.016143	-10.000000
5.036181	-10.000000
- 0 -
- -10 -
- 0 -
- -10 -
- 0 -
- 10 -
1.116169	10.000000
4.996105	10.000000
- 20 -
- 10 -
5.022822	10.000000
5.029502	10.000000
5.009464	10.000000
5.009464	10.000000
5.016143	10.000000
5.036181	10.000000
- 20 -
- 10 -
- 20 -
- 10 -
- 20 -
10.680180	20.000000
15.629538	20.000000
15.716369	20.000000
15.672953	20.000000
15.651246	20.000000
15.672953	20.000000
15.629538	20.000000
15.716369	20.000000
15.651246	20.000000
15.716369	20.000000
15.694661	20.000000
15.651246	20.000000
15.694661	20.000000
15.230113	20.000000
63.849579	20.000000
110.362236	20.000000
15.672953	20.000000
15.629538	20.000000
15.694661	20.000000
15.672953	20.000000
- 10 -
- 20 -
- 10 -
- 20 -
- 30 -
- 20 -
- 30 -
- 20 -
- 30 -
- 20 -
- 30 -
- 20 -
- 30 -
- 20 -
- 30 -
16.345892	30.000000
- 20 -
- 30 -
- 20 -
- 30 -
- 20 -
- 30 -
- 20 -
- 30 -
- 20 -
- 30 -
- 20 -
- 30 -
- 20 -
- 30 -
- 20 -
- 30 -
- 20 -
- 30 -
- 20 -
- 30 -
- 20 -
- 30 -
- 20 -
- 30 -
- 20 -
- 30 -
- 20 -
- 30 -
- 20 -
- 30 -
- 20 -
- 30 -
- 20 -
- 30 -
- 20 -
- 30 -
- 20 -
- 30 -
- 20 -
- 30 -
- 20 -
- 30 -
23.589033	30.000000
27.091208	30.000000
27.062265	30.000000
27.149096	30.000000
27.322757	30.000000
27.149096	30.000000
27.120152	30.000000
27.120152	30.000000
27.033321	30.000000
27.178039	30.000000
27.235926	30.000000
27.178039	30.000000
27.264870	30.000000
27.091208	30.000000
27.091208	30.000000
27.062265	30.000000
27.149096	30.000000
27.120152	30.000000
27.120152	30.000000
27.120152	30.000000
27.120152	30.000000
27.178039	30.000000
27.149096	30.000000
27.091208	30.000000
- 40 -
37.033359	40.000000
38.466068	40.000000
38.596315	40.000000
38.639730	40.000000
38.552899	40.000000
38.683145	40.000000
38.552899	40.000000
38.683145	40.000000
38.509484	40.000000
38.769976	40.000000
38.552899	40.000000
- 30 -
- 40 -
38.335822	40.000000
- 30 -
- 40 -
38.466068	40.000000
38.466068	40.000000
38.639730	40.000000
38.639730	40.000000
- 50 -
42.590534	50.000000
49.363340	50.000000
49.189679	50.000000
49.319925	50.000000
49.406756	50.000000
49.059432	50.000000
49.146263	50.000000
49.059432	50.000000
48.929186	50.000000
49.189679	50.000000
49.233094	50.000000
49.450171	50.000000
49.059432	50.000000
49.233094	50.000000
49.016017	50.000000
49.102848	50.000000
48.929186	50.000000
49.189679	50.000000
49.189679	50.000000
49.016017	50.000000
48.972602	50.000000
49.016017	50.000000
49.016017	50.000000
49.146263	50.000000
49.102848	50.000000
49.276510	50.000000
- 40 -
48.885771	40.000000
- 50 -
41.852472	50.000000
- 60 -
- 50 -
- 60 -
- 50 -
- 60 -
- 50 -
- 60 -
- 50 -
- 60 -
- 50 -
- 60 -
52.793159	60.000000
- 50 -
- 60 -
- 50 -
- 60 -
- 50 -
- 60 -
- 50 -
- 60 -
58.654242	60.000000
58.958150	60.000000
59.001565	60.000000
59.218613	60.000000
59.305473	60.000000
59.044981	60.000000
59.001565	60.000000
59.001565	60.000000
59.262058	60.000000
59.218642	60.000000
59.131811	60.000000
59.001565	60.000000
59.262058	60.000000
59.218642	60.000000
- 70 -
- 60 -
- 70 -
- 60 -
- 70 -
- 60 -
- 70 -
- 60 -
- 70 -
59.869874	70.000000
- 60 -
- 70 -
- 60 -
- 70 -
67.815032	70.000000
68.249188	70.000000
68.336019	70.000000
68.509681	70.000000
68.249188	70.000000
68.943836	70.000000
68.596512	70.000000
68.596512	70.000000
68.249188	70.000000
68.422850	70.000000
68.683343	70.000000
68.249188	70.000000
68.509612	70.000000
68.422850	70.000000
68.336019	70.000000
68.509681	70.000000
68.422850	70.000000
68.596512	70.000000
68.596512	70.000000
68.336019	70.000000
68.422850	70.000000
68.249188	70.000000
68.770174	70.000000
68.336019	70.000000
68.596512	70.000000
68.422850	70.000000
68.422781	70.000000
68.509681	70.000000
68.249188	70.000000
68.249188	70.000000
68.509681	70.000000
68.596512	70.000000
- 80 -
71.722429	80.000000
78.234756	80.000000
77.887432	80.000000
77.974263	80.000000
77.626939	80.000000
77.713770	80.000000
77.887432	80.000000
77.800601	80.000000
77.713770	80.000000
77.626939	80.000000
77.800601	80.000000
77.887432	80.000000
77.887432	80.000000
77.800601	80.000000
77.800601	80.000000
77.974263	80.000000
77.800601	80.000000
77.974263	80.000000
78.061094	80.000000
77.887432	80.000000
77.974263	80.000000
77.626939	80.000000
77.800601	80.000000
78.147925	80.000000
77.800601	80.000000
77.887432	80.000000
77.713692	80.000000
78.234756	80.000000
77.887432	80.000000
77.974263	80.000000
77.800601	80.000000
78.061094	80.000000
77.887432	80.000000
77.887432	80.000000
77.713770	80.000000
- 90 -
78.842573	90.000000
87.699338	90.000000
87.699338	90.000000
87.612507	90.000000
87.612507	90.000000
87.699338	90.000000
87.873000	90.000000
87.612507	90.000000
87.612507	90.000000
87.699338	90.000000
87.699338	90.000000
87.612507	90.000000
87.786169	90.000000
87.699338	90.000000
87.786169	90.000000
87.612507	90.000000
87.699338	90.000000
87.699338	90.000000
87.786169	90.000000
87.612507	90.000000
87.699338	90.000000
87.612507	90.000000
87.786169	90.000000
- 100 -
98.987371	100.000000
101.592302	100.000000
101.505471	100.000000
101.592302	100.000000
101.505471	100.000000
101.592302	100.000000
101.592302	100.000000
101.679133	100.000000
101.592302	100.000000
101.592302	100.000000
101.679133	100.000000
101.592302	100.000000
101.679133	100.000000
101.592302	100.000000
101.679133	100.000000
101.679133	100.000000
101.679133	100.000000
101.679133	100.000000
101.679133	100.000000
101.679133	100.000000
101.679133	100.000000
101.592302	100.000000
101.679133	100.000000
101.679133	100.000000
101.592302	100.000000
101.679133	100.000000
101.592302	100.000000
101.679133	100.000000
101.679133	100.000000
101.592302	100.000000
101.592302	100.000000
101.505471	100.000000
101.505471	100.000000
101.592302	100.000000
101.505471	100.000000
101.505471	100.000000
101.331708	100.000000
101.592302	100.000000
101.765964	100.000000
101.765964	100.000000
- 90 -
100.637161	90.000000
- 80 -
- 70 -
- 60 -
- 50 -
- 40 -
- 30 -
- 20 -
- 10 -
- 0 -
- 10 -
- 0 -
