ets Jul 29 2019 12:21:46

rst:0x1 (POWERON_RESET),boot:0x13 (SPI_FAST_FLASH_BOOT)
configsip: 0, SPIWP:0xee
clk_drv:0x00,q_drv:0x00,d_drv:0x00,cs0_drv:0x00,hd_drv:0x00,wp_drv:0x00
mode:DIO, clock div:2
load:0x3fff0030,len:1184
load:0x40078000,len:13192
load:0x40080400,len:3028
entry 0x400805e4
Started
ax:0.000000,ay:0.000000,az:0.000000
ax:0.000000,ay:0.000000,az:0.000000
ax:0.000000,ay:0.000000,az:0.000000
ax:0.000000,ay:0.000000,az:0.000000
ax:0.000000,ay:0.000000,az:0.000000
ax:0.000000,ay:0.000000,az:0.000000
ax:4.402344,ay:5.310547,az:-9.347656
ax:-8.582031,ay:0.212891,az:0.835938
ax:-8.570312,ay:0.234375,az:0.800781
ax:-8.570312,ay:0.234375,az:0.800781
ax:-8.570312,ay:0.234375,az:0.800781
ax:-8.570312,ay:0.234375,az:0.800781
ax:-8.570312,ay:0.234375,az:0.800781
ax:-8.570312,ay:0.234375,az:0.800781
ax:-8.570312,ay:0.234375,az:0.800781
ax:-8.570312,ay:0.234375,az:0.800781
ax:-8.570312,ay:0.234375,az:0.800781
ax:-8.570312,ay:0.234375,az:0.800781
ax:-8.570312,ay:0.234375,az:0.800781
ax:-8.570312,ay:0.234375,az:0.800781
ax:-8.570312,ay:0.234375,az:0.800781
ax:-8.570312,ay:0.234375,az:0.800781
ax:-8.570312,ay:0.234375,az:0.800781
ax:-8.570312,ay:0.234375,az:0.800781
ax:-8.570312,ay:0.234375,az:0.800781
ax:-8.570312,ay:0.234375,az:0.800781
ax:-8.570312,ay:0.234375,az:0.800781
ax:-8.570312,ay:0.234375,az:0.800781
ax:-8.570312,ay:0.234375,az:0.800781
ax:-8.570312,ay:0.234375,az:0.800781
ax:-8.570312,ay:0.234375,az:0.800781
ax:-8.570312,ay:0.234375,az:0.800781
ax:-8.570312,ay:0.234375,az:0.800781
ax:-8.570312,ay:0.234375,az:0.800781
ax:-8.570312,ay:0.234375,az:0.800781
ax:-8.570312,ay:0.234375,az:0.800781
ax:-8.570312,ay:0.234375,az:0.800781
ax:-8.570312,ay:0.234375,az:0.800781
ax:-8.570312,ay:0.234375,az:0.800781
ax:-8.570312,ay:0.234375,az:0.800781
ax:-8.570312,ay:0.234375,az:0.800781
ax:0.000000,ay:0.000000,az:0.000000
ax:3.972656,ay:5.316406,az:-8.310547
ax:-8.548828,ay:0.212891,az:0.812500
ax:-8.574219,ay:0.234375,az:0.921875
ax:-8.574219,ay:0.234375,az:0.921875
ax:-8.574219,ay:0.234375,az:0.921875
ax:-8.574219,ay:0.234375,az:0.921875
ax:-8.574219,ay:0.234375,az:0.921875
ax:-8.574219,ay:0.234375,az:0.921875
ax:-8.574219,ay:0.234375,az:0.921875
ax:-8.574219,ay:0.234375,az:0.921875
ax:-8.574219,ay:0.234375,az:0.921875
ax:-8.574219,ay:0.234375,az:0.921875
ax:-8.574219,ay:0.234375,az:0.921875
ax:-8.574219,ay:0.234375,az:0.921875
ax:-8.574219,ay:0.234375,az:0.921875
ax:-8.574219,ay:0.234375,az:0.921875
ax:-8.574219,ay:0.234375,az:0.921875
ax:-8.574219,ay:0.234375,az:0.921875
ax:-8.574219,ay:0.234375,az:0.921875
ax:-8.574219,ay:0.234375,az:0.921875
ax:-8.574219,ay:0.234375,az:0.921875
ax:-8.574219,ay:0.234375,az:0.921875
ax:-8.574219,ay:0.234375,az:0.921875
ax:-8.574219,ay:0.234375,az:0.921875
ax:-8.574219,ay:0.234375,az:0.921875
ax:-8.574219,ay:0.234375,az:0.921875
ax:-8.574219,ay:0.234375,az:0.921875
ax:-8.574219,ay:0.234375,az:0.921875
ax:-8.574219,ay:0.234375,az:0.921875
ax:-8.574219,ay:0.234375,az:0.921875
ax:-8.574219,ay:0.234375,az:0.921875
ax:-8.574219,ay:0.234375,az:0.921875
ax:-8.574219,ay:0.234375,az:0.921875
ax:-8.574219,ay:0.234375,az:0.921875
ax:-8.574219,ay:0.234375,az:0.921875
ax:-8.574219,ay:0.234375,az:0.921875
ax:-8.574219,ay:0.234375,az:0.921875
ax:-8.574219,ay:0.234375,az:0.921875
ax:-8.574219,ay:0.234375,az:0.921875
ax:0.000000,ay:0.000000,az:0.000000
ax:4.177734,ay:5.527344,az:-9.156250
ax:-8.572266,ay:0.187500,az:0.863281
ax:-8.574219,ay:0.191406,az:0.890625
ax:-8.574219,ay:0.191406,az:0.890625
ax:-8.574219,ay:0.191406,az:0.890625
ax:-8.574219,ay:0.191406,az:0.890625
ax:-8.574219,ay:0.191406,az:0.890625
ax:-8.574219,ay:0.191406,az:0.890625
ax:-8.574219,ay:0.191406,az:0.890625
ax:-8.574219,ay:0.191406,az:0.890625
ax:-8.574219,ay:0.191406,az:0.890625
ax:-8.574219,ay:0.191406,az:0.890625
ax:-8.574219,ay:0.191406,az:0.890625
ax:-8.574219,ay:0.191406,az:0.890625
ax:-8.574219,ay:0.191406,az:0.890625
ax:-8.574219,ay:0.191406,az:0.890625
ax:-8.574219,ay:0.191406,az:0.890625
ax:-8.574219,ay:0.191406,az:0.890625
ax:-8.574219,ay:0.191406,az:0.890625
ax:-8.574219,ay:0.191406,az:0.890625
ax:-8.574219,ay:0.191406,az:0.890625
ax:-8.574219,ay:0.191406,az:0.890625
ax:-8.574219,ay:0.191406,az:0.890625
ax:-8.574219,ay:0.191406,az:0.890625
ax:-8.574219,ay:0.191406,az:0.890625
ax:-8.574219,ay:0.191406,az:0.890625
ax:-8.574219,ay:0.191406,az:0.890625
ax:-8.574219,ay:0.191406,az:0.890625
ax:-8.574219,ay:0.191406,az:0.890625
ax:-8.574219,ay:0.191406,az:0.890625
ax:-8.574219,ay:0.191406,az:0.890625
ax:-8.574219,ay:0.191406,az:0.890625
ax:-8.574219,ay:0.191406,az:0.890625
ax:-8.574219,ay:0.191406,az:0.890625
ax:-8.574219,ay:0.191406,az:0.890625
ax:-8.574219,ay:0.191406,az:0.890625
ax:-8.574219,ay:0.191406,az:0.890625
ax:-8.574219,ay:0.191406,az:0.890625
ax:-8.574219,ay:0.191406,az:0.890625
ax:-8.574219,ay:0.191406,az:0.890625
ax:0.000000,ay:0.000000,az:0.000000
ax:4.205078,ay:5.529297,az:-8.115234
ax:-8.576172,ay:0.273438,az:0.832031
ax:-8.648438,ay:0.281250,az:0.847656
ax:-8.648438,ay:0.281250,az:0.847656
ax:-8.648438,ay:0.281250,az:0.847656
ax:-8.648438,ay:0.281250,az:0.847656
ax:-8.648438,ay:0.281250,az:0.847656
ax:-8.648438,ay:0.281250,az:0.847656
ax:-8.648438,ay:0.281250,az:0.847656
ax:-8.648438,ay:0.281250,az:0.847656
ax:-8.648438,ay:0.281250,az:0.847656
ax:-8.648438,ay:0.281250,az:0.847656
ax:-8.648438,ay:0.281250,az:0.847656
ax:-8.648438,ay:0.281250,az:0.847656
ax:-8.648438,ay:0.281250,az:0.847656
ax:-8.648438,ay:0.281250,az:0.847656
ax:-8.648438,ay:0.281250,az:0.847656
ax:-8.648438,ay:0.281250,az:0.847656
ax:-8.648438,ay:0.281250,az:0.847656
ax:-8.648438,ay:0.281250,az:0.847656
ax:-8.648438,ay:0.281250,az:0.847656
ax:-8.648438,ay:0.281250,az:0.847656
ax:-8.648438,ay:0.281250,az:0.847656
ax:-8.648438,ay:0.281250,az:0.847656
ax:-8.648438,ay:0.281250,az:0.847656
ax:-8.648438,ay:0.281250,az:0.847656
ax:-8.648438,ay:0.281250,az:0.847656
ax:-8.648438,ay:0.281250,az:0.847656
ax:-8.648438,ay:0.281250,az:0.847656
ax:-8.648438,ay:0.281250,az:0.847656
ax:-8.648438,ay:0.281250,az:0.847656
ax:-8.648438,ay:0.281250,az:0.847656
ax:-8.648438,ay:0.281250,az:0.847656
ax:-8.648438,ay:0.281250,az:0.847656
ax:-8.648438,ay:0.281250,az:0.847656
ax:-8.648438,ay:0.281250,az:0.847656
ax:-8.648438,ay:0.281250,az:0.847656
ax:-8.648438,ay:0.281250,az:0.847656
ax:-8.648438,ay:0.281250,az:0.847656
ax:-8.648438,ay:0.281250,az:0.847656
ax:0.000000,ay:0.000000,az:0.000000
ax:4.199219,ay:5.541016,az:-8.136719
ax:-8.556641,ay:0.232422,az:0.767578
ax:-8.599609,ay:0.300781,az:0.792969
ax:-8.599609,ay:0.300781,az:0.792969
ax:-8.599609,ay:0.300781,az:0.792969
ax:-8.599609,ay:0.300781,az:0.792969
ax:-8.599609,ay:0.300781,az:0.792969
ax:-8.599609,ay:0.300781,az:0.792969
ax:-8.599609,ay:0.300781,az:0.792969
ax:-8.599609,ay:0.300781,az:0.792969
ax:-8.599609,ay:0.300781,az:0.792969
ax:-8.599609,ay:0.300781,az:0.792969
ax:-8.599609,ay:0.300781,az:0.792969
ax:-8.599609,ay:0.300781,az:0.792969
ax:-8.599609,ay:0.300781,az:0.792969
ax:-8.599609,ay:0.300781,az:0.792969
ax:-8.599609,ay:0.300781,az:0.792969
ax:-8.599609,ay:0.300781,az:0.792969
ax:-8.599609,ay:0.300781,az:0.792969
ax:-8.599609,ay:0.300781,az:0.792969
ax:-8.599609,ay:0.300781,az:0.792969
ax:-8.599609,ay:0.300781,az:0.792969
ax:-8.599609,ay:0.300781,az:0.792969
ax:-8.599609,ay:0.300781,az:0.792969
ax:-8.599609,ay:0.300781,az:0.792969
ax:-8.599609,ay:0.300781,az:0.792969
ax:-8.599609,ay:0.300781,az:0.792969
ax:-8.599609,ay:0.300781,az:0.792969
ax:-8.599609,ay:0.300781,az:0.792969
ax:-8.599609,ay:0.300781,az:0.792969
ax:-8.599609,ay:0.300781,az:0.792969
ax:-8.599609,ay:0.300781,az:0.792969
ax:-8.599609,ay:0.300781,az:0.792969
ax:-8.599609,ay:0.300781,az:0.792969
ax:-8.599609,ay:0.300781,az:0.792969
ax:-8.599609,ay:0.300781,az:0.792969
ax:-8.599609,ay:0.300781,az:0.792969
ax:-8.599609,ay:0.300781,az:0.792969
ax:-8.599609,ay:0.300781,az:0.792969
ax:-8.599609,ay:0.300781,az:0.792969
ax:0.000000,ay:0.000000,az:0.000000
ax:4.375000,ay:5.330078,az:-8.306641
ax:-8.583984,ay:0.222656,az:0.761719
ax:-8.599609,ay:0.220703,az:0.835938
ax:-8.599609,ay:0.220703,az:0.835938
ax:-8.599609,ay:0.220703,az:0.835938
ax:-8.599609,ay:0.220703,az:0.835938
ax:-8.599609,ay:0.220703,az:0.835938
ax:-8.599609,ay:0.220703,az:0.835938
ax:-8.599609,ay:0.220703,az:0.835938
ax:-8.599609,ay:0.220703,az:0.835938
ax:-8.599609,ay:0.220703,az:0.835938
ax:-8.599609,ay:0.220703,az:0.835938
ax:-8.599609,ay:0.220703,az:0.835938
ax:-8.599609,ay:0.220703,az:0.835938
ax:-8.599609,ay:0.220703,az:0.835938
ax:-8.599609,ay:0.220703,az:0.835938
ax:-8.599609,ay:0.220703,az:0.835938
ax:-8.599609,ay:0.220703,az:0.835938
ax:-8.599609,ay:0.220703,az:0.835938
ax:-8.599609,ay:0.220703,az:0.835938
ax:-8.599609,ay:0.220703,az:0.835938
ax:-8.599609,ay:0.220703,az:0.835938
ax:-8.599609,ay:0.220703,az:0.835938
ax:-8.599609,ay:0.220703,az:0.835938
ax:-8.599609,ay:0.220703,az:0.835938
ax:-8.599609,ay:0.220703,az:0.835938
ax:-8.599609,ay:0.220703,az:0.835938
ax:-8.599609,ay:0.220703,az:0.835938
ax:-8.599609,ay:0.220703,az:0.835938
ax:-8.599609,ay:0.220703,az:0.835938
ax:-8.599609,ay:0.220703,az:0.835938
ax:-8.599609,ay:0.220703,az:0.835938
ax:-8.599609,ay:0.220703,az:0.835938
ax:-8.599609,ay:0.220703,az:0.835938
ax:-8.599609,ay:0.220703,az:0.835938
ax:-8.599609,ay:0.220703,az:0.835938
ax:-8.599609,ay:0.220703,az:0.835938
ax:-8.599609,ay:0.220703,az:0.835938
ax:-8.599609,ay:0.220703,az:0.835938
ax:-8.599609,ay:0.220703,az:0.835938
ax:0.000000,ay:0.000000,az:0.000000
ax:4.191406,ay:5.525391,az:-9.175781
ax:-8.587891,ay:0.207031,az:0.812500
ax:-8.597656,ay:0.222656,az:0.880859
ax:-8.597656,ay:0.222656,az:0.880859
ax:-8.597656,ay:0.222656,az:0.880859
ax:-8.597656,ay:0.222656,az:0.880859
ax:-8.597656,ay:0.222656,az:0.880859
ax:-8.597656,ay:0.222656,az:0.880859
ax:-8.597656,ay:0.222656,az:0.880859
ax:-8.597656,ay:0.222656,az:0.880859
ax:-8.597656,ay:0.222656,az:0.880859
ax:-8.597656,ay:0.222656,az:0.880859
ax:-8.597656,ay:0.222656,az:0.880859
ax:-8.597656,ay:0.222656,az:0.880859
ax:-8.597656,ay:0.222656,az:0.880859
ax:-8.597656,ay:0.222656,az:0.880859
ax:-8.597656,ay:0.222656,az:0.880859
ax:-8.597656,ay:0.222656,az:0.880859
ax:-8.597656,ay:0.222656,az:0.880859
ax:-8.597656,ay:0.222656,az:0.880859
ax:-8.597656,ay:0.222656,az:0.880859
ax:-8.597656,ay:0.222656,az:0.880859
ax:-8.597656,ay:0.222656,az:0.880859
ax:-8.597656,ay:0.222656,az:0.880859
ax:-8.597656,ay:0.222656,az:0.880859
ax:-8.597656,ay:0.222656,az:0.880859
ax:-8.597656,ay:0.222656,az:0.880859
ax:-8.597656,ay:0.222656,az:0.880859
ax:-8.597656,ay:0.222656,az:0.880859
ax:-8.597656,ay:0.222656,az:0.880859
ax:-8.597656,ay:0.222656,az:0.880859
ax:-8.597656,ay:0.222656,az:0.880859
ax:-8.597656,ay:0.222656,az:0.880859
ax:-8.597656,ay:0.222656,az:0.880859
ax:-8.597656,ay:0.222656,az:0.880859
ax:-8.597656,ay:0.222656,az:0.880859
ax:-8.597656,ay:0.222656,az:0.880859
ax:-8.597656,ay:0.222656,az:0.880859
ax:-8.597656,ay:0.222656,az:0.880859
ax:0.000000,ay:0.000000,az:0.000000
ax:4.380859,ay:5.320312,az:-8.933594
ax:-8.595703,ay:0.220703,az:0.798828
ax:-8.572266,ay:0.191406,az:0.824219
ax:-8.572266,ay:0.191406,az:0.824219
ax:-8.572266,ay:0.191406,az:0.824219
ax:-8.572266,ay:0.191406,az:0.824219
ax:-8.572266,ay:0.191406,az:0.824219
ax:-8.572266,ay:0.191406,az:0.824219
ax:-8.572266,ay:0.191406,az:0.824219
ax:-8.572266,ay:0.191406,az:0.824219
ax:-8.572266,ay:0.191406,az:0.824219
ax:-8.572266,ay:0.191406,az:0.824219
ax:-8.572266,ay:0.191406,az:0.824219
ax:-8.572266,ay:0.191406,az:0.824219
ax:-8.572266,ay:0.191406,az:0.824219
ax:-8.572266,ay:0.191406,az:0.824219
ax:-8.572266,ay:0.191406,az:0.824219
ax:-8.572266,ay:0.191406,az:0.824219
ax:-8.572266,ay:0.191406,az:0.824219
ax:-8.572266,ay:0.191406,az:0.824219
ax:-8.572266,ay:0.191406,az:0.824219
ax:-8.572266,ay:0.191406,az:0.824219
ax:-8.572266,ay:0.191406,az:0.824219
ax:-8.572266,ay:0.191406,az:0.824219
ax:-8.572266,ay:0.191406,az:0.824219
ax:-8.572266,ay:0.191406,az:0.824219
ax:-8.572266,ay:0.191406,az:0.824219
ax:-8.572266,ay:0.191406,az:0.824219
ax:-8.572266,ay:0.191406,az:0.824219
ax:-8.572266,ay:0.191406,az:0.824219
ax:-8.572266,ay:0.191406,az:0.824219
ax:-8.572266,ay:0.191406,az:0.824219
ax:-8.572266,ay:0.191406,az:0.824219
ax:-8.572266,ay:0.191406,az:0.824219
ax:-8.572266,ay:0.191406,az:0.824219
ax:-8.572266,ay:0.191406,az:0.824219
ax:-8.572266,ay:0.191406,az:0.824219
ax:-8.572266,ay:0.191406,az:0.824219
ax:0.000000,ay:0.000000,az:0.000000
ax:4.201172,ay:5.531250,az:-8.142578
ax:-8.591797,ay:0.218750,az:0.828125
ax:-8.566406,ay:0.169922,az:0.798828
ax:-8.566406,ay:0.169922,az:0.798828
ax:-8.566406,ay:0.169922,az:0.798828
ax:-8.566406,ay:0.169922,az:0.798828
ax:-8.566406,ay:0.169922,az:0.798828
ax:-8.566406,ay:0.169922,az:0.798828
ax:-8.566406,ay:0.169922,az:0.798828
ax:-8.566406,ay:0.169922,az:0.798828
ax:-8.566406,ay:0.169922,az:0.798828
ax:-8.566406,ay:0.169922,az:0.798828
ax:-8.566406,ay:0.169922,az:0.798828
ax:-8.566406,ay:0.169922,az:0.798828
ax:-8.566406,ay:0.169922,az:0.798828
ax:-8.566406,ay:0.169922,az:0.798828
ax:-8.566406,ay:0.169922,az:0.798828
ax:-8.566406,ay:0.169922,az:0.798828
ax:-8.566406,ay:0.169922,az:0.798828
ax:-8.566406,ay:0.169922,az:0.798828
ax:-8.566406,ay:0.169922,az:0.798828
ax:-8.566406,ay:0.169922,az:0.798828
ax:-8.566406,ay:0.169922,az:0.798828
ax:-8.566406,ay:0.169922,az:0.798828
ax:-8.566406,ay:0.169922,az:0.798828
ax:-8.566406,ay:0.169922,az:0.798828
ax:-8.566406,ay:0.169922,az:0.798828
ax:-8.566406,ay:0.169922,az:0.798828
ax:-8.566406,ay:0.169922,az:0.798828
ax:-8.566406,ay:0.169922,az:0.798828
ax:-8.566406,ay:0.169922,az:0.798828
ax:-8.566406,ay:0.169922,az:0.798828
ax:-8.566406,ay:0.169922,az:0.798828
ax:-8.566406,ay:0.169922,az:0.798828
ax:-8.566406,ay:0.169922,az:0.798828
ax:-8.566406,ay:0.169922,az:0.798828
ax:-8.566406,ay:0.169922,az:0.798828
ax:0.000000,ay:0.000000,az:0.000000
ax:4.384766,ay:5.322266,az:-8.937500
ax:-8.599609,ay:0.244141,az:0.882812
ax:-8.595703,ay:0.189453,az:0.845703
ax:-8.595703,ay:0.189453,az:0.845703
ax:-8.595703,ay:0.189453,az:0.845703
ax:-8.595703,ay:0.189453,az:0.845703
ax:-8.595703,ay:0.189453,az:0.845703
ax:-8.595703,ay:0.189453,az:0.845703
ax:-8.595703,ay:0.189453,az:0.845703
ax:-8.595703,ay:0.189453,az:0.845703
ax:-8.595703,ay:0.189453,az:0.845703
ax:-8.595703,ay:0.189453,az:0.845703
ax:-8.595703,ay:0.189453,az:0.845703
ax:-8.595703,ay:0.189453,az:0.845703
ax:-8.595703,ay:0.189453,az:0.845703
ax:-8.595703,ay:0.189453,az:0.845703
ax:-8.595703,ay:0.189453,az:0.845703
ax:-8.595703,ay:0.189453,az:0.845703
ax:-8.595703,ay:0.189453,az:0.845703
ax:-8.595703,ay:0.189453,az:0.845703
ax:-8.595703,ay:0.189453,az:0.845703
ax:-8.595703,ay:0.189453,az:0.845703
ax:-8.595703,ay:0.189453,az:0.845703
ax:-8.595703,ay:0.189453,az:0.845703
ax:-8.595703,ay:0.189453,az:0.845703
ax:-8.595703,ay:0.189453,az:0.845703
ax:-8.595703,ay:0.189453,az:0.845703
ax:-8.595703,ay:0.189453,az:0.845703
ax:-8.595703,ay:0.189453,az:0.845703
ax:-8.595703,ay:0.189453,az:0.845703
ax:-8.595703,ay:0.189453,az:0.845703
ax:-8.595703,ay:0.189453,az:0.845703
ax:-8.595703,ay:0.189453,az:0.845703
ax:-8.595703,ay:0.189453,az:0.845703
ax:-8.595703,ay:0.189453,az:0.845703
ax:0.000000,ay:0.000000,az:0.000000
ax:4.187500,ay:5.521484,az:-8.140625
ax:-8.572266,ay:0.222656,az:0.843750
ax:-8.568359,ay:0.207031,az:0.800781
ax:-8.568359,ay:0.207031,az:0.800781
ax:-8.568359,ay:0.207031,az:0.800781
ax:-8.568359,ay:0.207031,az:0.800781
ax:-8.568359,ay:0.207031,az:0.800781
ax:-8.568359,ay:0.207031,az:0.800781
ax:-8.568359,ay:0.207031,az:0.800781
ax:-8.568359,ay:0.207031,az:0.800781
ax:-8.568359,ay:0.207031,az:0.800781
ax:-8.568359,ay:0.207031,az:0.800781
ax:-8.568359,ay:0.207031,az:0.800781
ax:-8.568359,ay:0.207031,az:0.800781
ax:-8.568359,ay:0.207031,az:0.800781
ax:-8.568359,ay:0.207031,az:0.800781
ax:-8.568359,ay:0.207031,az:0.800781
ax:-8.568359,ay:0.207031,az:0.800781
ax:-8.568359,ay:0.207031,az:0.800781
ax:-8.568359,ay:0.207031,az:0.800781
ax:-8.568359,ay:0.207031,az:0.800781
ax:-8.568359,ay:0.207031,az:0.800781
ax:-8.568359,ay:0.207031,az:0.800781
ax:-8.568359,ay:0.207031,az:0.800781
ax:-8.568359,ay:0.207031,az:0.800781
ax:-8.568359,ay:0.207031,az:0.800781
ax:-8.568359,ay:0.207031,az:0.800781
ax:-8.568359,ay:0.207031,az:0.800781
ax:-8.568359,ay:0.207031,az:0.800781
ax:-8.568359,ay:0.207031,az:0.800781
ax:-8.568359,ay:0.207031,az:0.800781
ax:-8.568359,ay:0.207031,az:0.800781
ax:-8.568359,ay:0.207031,az:0.800781
ax:-8.568359,ay:0.207031,az:0.800781
ax:0.000000,ay:0.000000,az:0.000000
ax:3.984375,ay:5.667969,az:-8.324219
ax:-8.585938,ay:0.208984,az:0.808594
ax:-8.607422,ay:0.232422,az:0.853516
ax:-8.607422,ay:0.232422,az:0.853516
ax:-8.607422,ay:0.232422,az:0.853516
ax:-8.607422,ay:0.232422,az:0.853516
ax:-8.607422,ay:0.232422,az:0.853516
ax:-8.607422,ay:0.232422,az:0.853516
ax:-8.607422,ay:0.232422,az:0.853516
ax:-8.607422,ay:0.232422,az:0.853516
ax:-8.607422,ay:0.232422,az:0.853516
ax:-8.607422,ay:0.232422,az:0.853516
ax:-8.607422,ay:0.232422,az:0.853516
ax:-8.607422,ay:0.232422,az:0.853516
ax:-8.607422,ay:0.232422,az:0.853516
ax:-8.607422,ay:0.232422,az:0.853516
ax:-8.607422,ay:0.232422,az:0.853516
ax:-8.607422,ay:0.232422,az:0.853516
ax:-8.607422,ay:0.232422,az:0.853516
ax:-8.607422,ay:0.232422,az:0.853516
ax:-8.607422,ay:0.232422,az:0.853516
ax:-8.607422,ay:0.232422,az:0.853516
ax:-8.607422,ay:0.232422,az:0.853516
ax:-8.607422,ay:0.232422,az:0.853516
ax:-8.607422,ay:0.232422,az:0.853516
ax:-8.607422,ay:0.232422,az:0.853516
ax:-8.607422,ay:0.232422,az:0.853516
ax:-8.607422,ay:0.232422,az:0.853516
ax:-8.607422,ay:0.232422,az:0.853516
ax:-8.607422,ay:0.232422,az:0.853516
ax:-8.607422,ay:0.232422,az:0.853516
ax:-8.607422,ay:0.232422,az:0.853516
ax:-8.607422,ay:0.232422,az:0.853516
ax:-8.607422,ay:0.232422,az:0.853516
ax:0.000000,ay:0.000000,az:0.000000
ax:4.378906,ay:5.720703,az:-8.923828
ax:-8.578125,ay:0.138672,az:0.757812
ax:-8.589844,ay:0.271484,az:0.851562
ax:-8.589844,ay:0.271484,az:0.851562
ax:-8.589844,ay:0.271484,az:0.851562
ax:-8.589844,ay:0.271484,az:0.851562
ax:-8.589844,ay:0.271484,az:0.851562
ax:-8.589844,ay:0.271484,az:0.851562
ax:-8.589844,ay:0.271484,az:0.851562
ax:-8.589844,ay:0.271484,az:0.851562
ax:-8.589844,ay:0.271484,az:0.851562
ax:-8.589844,ay:0.271484,az:0.851562
ax:-8.589844,ay:0.271484,az:0.851562
ax:-8.589844,ay:0.271484,az:0.851562
ax:-8.589844,ay:0.271484,az:0.851562
ax:-8.589844,ay:0.271484,az:0.851562
ax:-8.589844,ay:0.271484,az:0.851562
ax:-8.589844,ay:0.271484,az:0.851562
ax:-8.589844,ay:0.271484,az:0.851562
ax:-8.589844,ay:0.271484,az:0.851562
ax:-8.589844,ay:0.271484,az:0.851562
ax:-8.589844,ay:0.271484,az:0.851562
ax:-8.589844,ay:0.271484,az:0.851562
ax:-8.589844,ay:0.271484,az:0.851562
ax:-8.589844,ay:0.271484,az:0.851562
ax:-8.589844,ay:0.271484,az:0.851562
ax:-8.589844,ay:0.271484,az:0.851562
ax:-8.589844,ay:0.271484,az:0.851562
ax:-8.589844,ay:0.271484,az:0.851562
ax:-8.589844,ay:0.271484,az:0.851562
ax:-8.589844,ay:0.271484,az:0.851562
ax:-8.589844,ay:0.271484,az:0.851562
ax:-8.589844,ay:0.271484,az:0.851562
ax:0.000000,ay:0.000000,az:0.000000
ax:4.167969,ay:5.541016,az:-8.130859
ax:-8.587891,ay:0.179688,az:0.822266
[ 51667][E][Wire.cpp:513] requestFrom(): i2cRead returned Error 263
ax:-8.587891,ay:0.179688,az:0.822266
ax:-8.615234,ay:0.205078,az:0.865234
ax:-8.615234,ay:0.205078,az:0.865234
ax:-8.615234,ay:0.205078,az:0.865234
ax:-8.615234,ay:0.205078,az:0.865234
ax:-8.615234,ay:0.205078,az:0.865234
ax:-8.615234,ay:0.205078,az:0.865234
ax:-8.615234,ay:0.205078,az:0.865234
ax:-8.615234,ay:0.205078,az:0.865234
ax:-8.615234,ay:0.205078,az:0.865234
ax:-8.615234,ay:0.205078,az:0.865234
ax:-8.615234,ay:0.205078,az:0.865234
ax:-8.615234,ay:0.205078,az:0.865234
ax:-8.615234,ay:0.205078,az:0.865234
ax:-8.615234,ay:0.205078,az:0.865234
ax:-8.615234,ay:0.205078,az:0.865234
ax:-8.615234,ay:0.205078,az:0.865234
ax:-8.615234,ay:0.205078,az:0.865234
ax:-8.615234,ay:0.205078,az:0.865234
ax:-8.615234,ay:0.205078,az:0.865234
ax:-8.615234,ay:0.205078,az:0.865234
ax:-8.615234,ay:0.205078,az:0.865234
ax:-8.615234,ay:0.205078,az:0.865234
ax:-8.615234,ay:0.205078,az:0.865234
ax:-8.615234,ay:0.205078,az:0.865234
ax:-8.615234,ay:0.205078,az:0.865234
ax:-8.615234,ay:0.205078,az:0.865234
ax:-8.615234,ay:0.205078,az:0.865234
ax:-8.615234,ay:0.205078,az:0.865234
ax:-8.615234,ay:0.205078,az:0.865234
ax:-8.615234,ay:0.205078,az:0.865234
ax:0.000000,ay:0.000000,az:0.000000
ax:3.970703,ay:5.335938,az:-8.962891
ax:-8.564453,ay:0.226562,az:0.820312
ax:-8.554688,ay:0.230469,az:0.919922
ax:-8.554688,ay:0.230469,az:0.919922
ax:-8.554688,ay:0.230469,az:0.919922
ax:-8.554688,ay:0.230469,az:0.919922
ax:-8.554688,ay:0.230469,az:0.919922
ax:-8.554688,ay:0.230469,az:0.919922
ax:-8.554688,ay:0.230469,az:0.919922
ax:-8.554688,ay:0.230469,az:0.919922
ax:-8.554688,ay:0.230469,az:0.919922
ax:-8.554688,ay:0.230469,az:0.919922
ax:-8.554688,ay:0.230469,az:0.919922
ax:-8.554688,ay:0.230469,az:0.919922
ax:-8.554688,ay:0.230469,az:0.919922
ax:-8.554688,ay:0.230469,az:0.919922
ax:-8.554688,ay:0.230469,az:0.919922
ax:-8.554688,ay:0.230469,az:0.919922
ax:-8.554688,ay:0.230469,az:0.919922
ax:-8.554688,ay:0.230469,az:0.919922
ax:-8.554688,ay:0.230469,az:0.919922
ax:-8.554688,ay:0.230469,az:0.919922
ax:-8.554688,ay:0.230469,az:0.919922
ax:-8.554688,ay:0.230469,az:0.919922
ax:-8.554688,ay:0.230469,az:0.919922
ax:-8.554688,ay:0.230469,az:0.919922
ax:-8.554688,ay:0.230469,az:0.919922
ax:0.000000,ay:0.000000,az:0.000000
ax:3.968750,ay:5.320312,az:-9.337891
ax:-8.589844,ay:0.216797,az:0.830078
ax:-8.570312,ay:0.197266,az:0.812988
ax:-8.570312,ay:0.197266,az:0.812988
ax:-8.570312,ay:0.197266,az:0.812988
ax:-8.570312,ay:0.197266,az:0.812988
ax:-8.570312,ay:0.197266,az:0.812988
ax:-8.570312,ay:0.197266,az:0.812988
ax:-8.570312,ay:0.197266,az:0.812988
ax:-8.570312,ay:0.197266,az:0.812988
ax:-8.570312,ay:0.197266,az:0.812988
ax:-8.570312,ay:0.197266,az:0.812988
ax:-8.570312,ay:0.197266,az:0.812988
ax:-8.570312,ay:0.197266,az:0.812988
ax:-8.570312,ay:0.197266,az:0.812988
ax:-8.570312,ay:0.197266,az:0.812988
ax:-8.570312,ay:0.197266,az:0.812988
ax:-8.570312,ay:0.197266,az:0.812988
ax:-8.570312,ay:0.197266,az:0.812988
ax:-8.570312,ay:0.197266,az:0.812988
ax:-8.570312,ay:0.197266,az:0.812988
ax:-8.570312,ay:0.197266,az:0.812988
ax:-8.570312,ay:0.197266,az:0.812988
ax:-8.570312,ay:0.197266,az:0.812988
ax:-8.570312,ay:0.197266,az:0.812988
ax:-8.570312,ay:0.197266,az:0.812988
ax:-8.570312,ay:0.197266,az:0.812988
ax:-8.570312,ay:0.197266,az:0.812988
ax:0.000000,ay:0.000000,az:0.000000
ax:4.380859,ay:5.697266,az:-8.964844
ax:-8.578125,ay:0.187500,az:0.796875
ax:-8.572266,ay:0.187500,az:0.000488
ax:-8.572266,ay:0.187500,az:0.000488
ax:-8.572266,ay:0.187500,az:0.000488
ax:-8.572266,ay:0.187500,az:0.000488
ax:-8.572266,ay:0.187500,az:0.000488
ax:-8.572266,ay:0.187500,az:0.000488
ax:-8.572266,ay:0.187500,az:0.000488
ax:-8.572266,ay:0.187500,az:0.000488
ax:-8.572266,ay:0.187500,az:0.000488
ax:-8.572266,ay:0.187500,az:0.000488
ax:-8.572266,ay:0.187500,az:0.000488
ax:-8.572266,ay:0.187500,az:0.000488
ax:-8.572266,ay:0.187500,az:0.000488
ax:-8.572266,ay:0.187500,az:0.000488
ax:-8.572266,ay:0.187500,az:0.000488
ax:-8.572266,ay:0.187500,az:0.000488
ax:-8.572266,ay:0.187500,az:0.000488
ax:-8.572266,ay:0.187500,az:0.000488
ax:-8.572266,ay:0.187500,az:0.000488
ax:-8.572266,ay:0.187500,az:0.000488
ax:-8.572266,ay:0.187500,az:0.000488
ax:-8.572266,ay:0.187500,az:0.000488
ax:-8.572266,ay:0.187500,az:0.000488
ax:-8.572266,ay:0.187500,az:0.000488
ax:-8.572266,ay:0.187500,az:0.000488
ax:0.000000,ay:0.000000,az:0.000000
ax:4.189453,ay:5.511719,az:-8.140625
ax:-8.548828,ay:0.185547,az:0.824219
ax:-8.617188,ay:0.214844,az:0.000488
ax:-8.617188,ay:0.214844,az:0.000488
ax:-8.617188,ay:0.214844,az:0.000488
ax:-8.617188,ay:0.214844,az:0.000488
ax:-8.617188,ay:0.214844,az:0.000488
ax:-8.617188,ay:0.214844,az:0.000488
ax:-8.617188,ay:0.214844,az:0.000488
ax:-8.617188,ay:0.214844,az:0.000488
ax:-8.617188,ay:0.214844,az:0.000488
ax:-8.617188,ay:0.214844,az:0.000488
ax:-8.617188,ay:0.214844,az:0.000488
ax:-8.617188,ay:0.214844,az:0.000488
ax:-8.617188,ay:0.214844,az:0.000488
ax:-8.617188,ay:0.214844,az:0.000488
ax:-8.617188,ay:0.214844,az:0.000488
ax:-8.617188,ay:0.214844,az:0.000488
ax:-8.617188,ay:0.214844,az:0.000488
ax:-8.617188,ay:0.214844,az:0.000488
ax:-8.617188,ay:0.214844,az:0.000488
ax:-8.617188,ay:0.214844,az:0.000488
ax:-8.617188,ay:0.214844,az:0.000488
ax:-8.617188,ay:0.214844,az:0.000488
ax:-8.617188,ay:0.214844,az:0.000488
ax:0.000000,ay:0.000000,az:0.000000
ax:5.027344,ay:5.707031,az:-9.357422
ax:-8.548828,ay:0.224609,az:0.876953
ax:-8.583984,ay:0.232422,az:0.000488
ax:-8.583984,ay:0.232422,az:0.000488
ax:-8.583984,ay:0.232422,az:0.000488
ax:-8.583984,ay:0.232422,az:0.000488
ax:-8.583984,ay:0.232422,az:0.000488
ax:-8.583984,ay:0.232422,az:0.000488
ax:-8.583984,ay:0.232422,az:0.000488
ax:-8.583984,ay:0.232422,az:0.000488
ax:-8.583984,ay:0.232422,az:0.000488
ax:-8.583984,ay:0.232422,az:0.000488
ax:-8.583984,ay:0.232422,az:0.000488
ax:-8.583984,ay:0.232422,az:0.000488
ax:-8.583984,ay:0.232422,az:0.000488
ax:-8.583984,ay:0.232422,az:0.000488
ax:-8.583984,ay:0.232422,az:0.000488
ax:-8.583984,ay:0.232422,az:0.000488
ax:-8.583984,ay:0.232422,az:0.000488
ax:-8.583984,ay:0.232422,az:0.000488
ax:-8.583984,ay:0.232422,az:0.000488
ax:-8.583984,ay:0.232422,az:0.000488
ax:-8.583984,ay:0.232422,az:0.000488
ax:-8.583984,ay:0.232422,az:0.000488
ax:-8.583984,ay:0.232422,az:0.000488
ax:0.000000,ay:0.000000,az:0.000000
ax:3.978516,ay:5.710938,az:-8.931641
ax:-8.587891,ay:0.208984,az:0.886719
ax:-8.562012,ay:0.000488,az:0.000488
ax:-8.562012,ay:0.000488,az:0.000488
ax:-8.562012,ay:0.000488,az:0.000488
ax:-8.562012,ay:0.000488,az:0.000488
ax:-8.562012,ay:0.000488,az:0.000488
ax:-8.562012,ay:0.000488,az:0.000488
ax:-8.562012,ay:0.000488,az:0.000488
ax:-8.562012,ay:0.000488,az:0.000488
ax:-8.562012,ay:0.000488,az:0.000488
ax:-8.562012,ay:0.000488,az:0.000488
ax:-8.562012,ay:0.000488,az:0.000488
ax:-8.562012,ay:0.000488,az:0.000488
ax:-8.562012,ay:0.000488,az:0.000488
ax:-8.562012,ay:0.000488,az:0.000488
ax:-8.562012,ay:0.000488,az:0.000488
ax:-8.562012,ay:0.000488,az:0.000488
ax:-8.562012,ay:0.000488,az:0.000488
ax:-8.562012,ay:0.000488,az:0.000488
ax:-8.562012,ay:0.000488,az:0.000488
ax:-8.562012,ay:0.000488,az:0.000488
ax:-8.562012,ay:0.000488,az:0.000488
ax:-8.562012,ay:0.000488,az:0.000488
ax:0.000000,ay:0.000000,az:0.000000
ax:4.193359,ay:5.515625,az:-9.146484
ax:-8.572266,ay:0.199219,az:0.826172
ax:-8.577637,ay:0.000488,az:0.000488
ax:-8.577637,ay:0.000488,az:0.000488
ax:-8.577637,ay:0.000488,az:0.000488
ax:-8.577637,ay:0.000488,az:0.000488
ax:-8.577637,ay:0.000488,az:0.000488
ax:-8.577637,ay:0.000488,az:0.000488
ax:-8.577637,ay:0.000488,az:0.000488
ax:-8.577637,ay:0.000488,az:0.000488
ax:-8.577637,ay:0.000488,az:0.000488
ax:-8.577637,ay:0.000488,az:0.000488
ax:-8.577637,ay:0.000488,az:0.000488
ax:-8.577637,ay:0.000488,az:0.000488
ax:-8.577637,ay:0.000488,az:0.000488
ax:-8.577637,ay:0.000488,az:0.000488
ax:-8.577637,ay:0.000488,az:0.000488
ax:-8.577637,ay:0.000488,az:0.000488
ax:-8.577637,ay:0.000488,az:0.000488
ax:-8.577637,ay:0.000488,az:0.000488
ax:-8.577637,ay:0.000488,az:0.000488
ax:-8.577637,ay:0.000488,az:0.000488
ax:-8.577637,ay:0.000488,az:0.000488
ax:0.000000,ay:0.000000,az:0.000000
ax:4.376953,ay:5.705078,az:-9.353516
ax:-8.576172,ay:0.210938,az:0.900391
ax:-8.582031,ay:0.197266,az:0.000488
ax:-8.582031,ay:0.197266,az:0.000488
ax:-8.582031,ay:0.197266,az:0.000488
ax:-8.582031,ay:0.197266,az:0.000488
ax:-8.582031,ay:0.197266,az:0.000488
ax:-8.582031,ay:0.197266,az:0.000488
ax:-8.582031,ay:0.197266,az:0.000488
ax:-8.582031,ay:0.197266,az:0.000488
ax:-8.582031,ay:0.197266,az:0.000488
ax:-8.582031,ay:0.197266,az:0.000488
ax:-8.582031,ay:0.197266,az:0.000488
ax:-8.582031,ay:0.197266,az:0.000488
ax:-8.582031,ay:0.197266,az:0.000488
ax:-8.582031,ay:0.197266,az:0.000488
ax:-8.582031,ay:0.197266,az:0.000488
ax:-8.582031,ay:0.197266,az:0.000488
ax:-8.582031,ay:0.197266,az:0.000488
ax:-8.582031,ay:0.197266,az:0.000488
ax:-8.582031,ay:0.197266,az:0.000488
ax:-8.582031,ay:0.197266,az:0.000488
ax:-8.582031,ay:0.197266,az:0.000488
ax:-8.582031,ay:0.197266,az:0.000488
ax:0.000000,ay:0.000000,az:0.000000
ax:5.017578,ay:5.703125,az:-8.300781
ax:-8.556641,ay:0.210938,az:0.855469
[ 77206][E][Wire.cpp:513] requestFrom(): i2cRead returned Error 263
ax:-8.556641,ay:0.210938,az:0.855469
ax:-8.556641,ay:0.210938,az:0.855469
ax:-8.556641,ay:0.210938,az:0.855469
ax:-8.556641,ay:0.210938,az:0.855469
ax:-8.556641,ay:0.210938,az:0.855469
ax:-8.556641,ay:0.210938,az:0.855469
ax:-8.556641,ay:0.210938,az:0.855469
ax:-8.556641,ay:0.210938,az:0.855469
ax:-8.556641,ay:0.210938,az:0.855469
ax:-8.556641,ay:0.210938,az:0.855469
ax:-8.556641,ay:0.210938,az:0.855469
ax:0.000000,ay:0.000000,az:0.000000
ax:-0.261719,ay:4.742188,az:-8.904297
ax:-8.560547,ay:0.212891,az:0.806641
ax:-11.999512,ay:0.000488,az:0.000488
ax:-11.999512,ay:0.000488,az:0.000488
ax:-11.999512,ay:0.000488,az:0.000488
ax:-11.999512,ay:0.000488,az:0.000488
ax:-11.999512,ay:0.000488,az:0.000488
ax:-11.999512,ay:0.000488,az:0.000488
ax:-11.999512,ay:0.000488,az:0.000488
ax:-11.999512,ay:0.000488,az:0.000488
ax:-11.999512,ay:0.000488,az:0.000488
ax:-11.999512,ay:0.000488,az:0.000488
ax:-11.999512,ay:0.000488,az:0.000488
ax:-11.999512,ay:0.000488,az:0.000488
ax:-11.999512,ay:0.000488,az:0.000488
ax:-11.999512,ay:0.000488,az:0.000488
ax:-11.999512,ay:0.000488,az:0.000488
ax:-11.999512,ay:0.000488,az:0.000488
ax:-11.999512,ay:0.000488,az:0.000488
ax:-11.999512,ay:0.000488,az:0.000488
ax:-11.999512,ay:0.000488,az:0.000488
ax:-11.999512,ay:0.000488,az:0.000488
ax:-11.999512,ay:0.000488,az:0.000488
ax:-11.999512,ay:0.000488,az:0.000488
ax:-11.999512,ay:0.000488,az:0.000488
ax:-11.999512,ay:0.000488,az:0.000488
ax:-11.999512,ay:0.000488,az:0.000488
ax:0.000000,ay:0.000000,az:0.000000
ax:4.076172,ay:5.609375,az:-9.076172
ax:-8.583984,ay:0.212891,az:0.812500
ax:-8.570312,ay:0.189453,az:0.750488
ax:-8.570312,ay:0.189453,az:0.750488
ax:-8.570312,ay:0.189453,az:0.750488
ax:-8.570312,ay:0.189453,az:0.750488
ax:-8.570312,ay:0.189453,az:0.750488
ax:-8.570312,ay:0.189453,az:0.750488
ax:-8.570312,ay:0.189453,az:0.750488
ax:-8.570312,ay:0.189453,az:0.750488
ax:-8.570312,ay:0.189453,az:0.750488
ax:-8.570312,ay:0.189453,az:0.750488
ax:-8.570312,ay:0.189453,az:0.750488
ax:-8.570312,ay:0.189453,az:0.750488
ax:-8.570312,ay:0.189453,az:0.750488
ax:-8.570312,ay:0.189453,az:0.750488
ax:-8.570312,ay:0.189453,az:0.750488
ax:-8.570312,ay:0.189453,az:0.750488
ax:-8.570312,ay:0.189453,az:0.750488
ax:-8.570312,ay:0.189453,az:0.750488
ax:-8.570312,ay:0.189453,az:0.750488
ax:-8.570312,ay:0.189453,az:0.750488
ax:-8.570312,ay:0.189453,az:0.750488
ax:-8.570312,ay:0.189453,az:0.750488
ax:-8.570312,ay:0.189453,az:0.750488
ax:-8.570312,ay:0.189453,az:0.750488
ax:-8.570312,ay:0.189453,az:0.750488
ax:-8.570312,ay:0.189453,az:0.750488
ax:-8.570312,ay:0.189453,az:0.750488
ax:0.000000,ay:0.000000,az:0.000000
ax:5.214844,ay:5.496094,az:-8.175781
ax:-8.585938,ay:0.226562,az:0.830078
ax:-8.597656,ay:0.216797,az:0.857422
ax:-8.597656,ay:0.216797,az:0.857422
ax:-8.597656,ay:0.216797,az:0.857422
ax:-8.597656,ay:0.216797,az:0.857422
ax:-8.597656,ay:0.216797,az:0.857422
ax:-8.597656,ay:0.216797,az:0.857422
ax:-8.597656,ay:0.216797,az:0.857422
ax:-8.597656,ay:0.216797,az:0.857422
ax:-8.597656,ay:0.216797,az:0.857422
ax:-8.597656,ay:0.216797,az:0.857422
ax:-8.597656,ay:0.216797,az:0.857422
ax:-8.597656,ay:0.216797,az:0.857422
ax:-8.597656,ay:0.216797,az:0.857422
ax:-8.597656,ay:0.216797,az:0.857422
ax:-8.597656,ay:0.216797,az:0.857422
ax:-8.597656,ay:0.216797,az:0.857422
ax:-8.597656,ay:0.216797,az:0.857422
ax:-8.597656,ay:0.216797,az:0.857422
ax:-8.597656,ay:0.216797,az:0.857422
ax:-8.597656,ay:0.216797,az:0.857422
ax:-8.597656,ay:0.216797,az:0.857422
ax:-8.597656,ay:0.216797,az:0.857422
ax:-8.597656,ay:0.216797,az:0.857422
ax:-8.597656,ay:0.216797,az:0.857422
ax:-8.597656,ay:0.216797,az:0.857422
ax:-8.597656,ay:0.216797,az:0.857422
ax:-8.597656,ay:0.216797,az:0.857422
ax:-8.597656,ay:0.216797,az:0.857422
ax:-8.597656,ay:0.216797,az:0.857422
ax:-8.597656,ay:0.216797,az:0.857422
ax:0.000000,ay:0.000000,az:0.000000
ax:4.166016,ay:5.574219,az:-8.187500
ax:-8.574219,ay:0.185547,az:0.828125
ax:-8.585938,ay:0.187500,az:0.849609
ax:-8.585938,ay:0.187500,az:0.849609
ax:-8.585938,ay:0.187500,az:0.849609
ax:-8.585938,ay:0.187500,az:0.849609
ax:-8.585938,ay:0.187500,az:0.849609
ax:-8.585938,ay:0.187500,az:0.849609
ax:-8.585938,ay:0.187500,az:0.849609
ax:-8.585938,ay:0.187500,az:0.849609
ax:-8.585938,ay:0.187500,az:0.849609
ax:-8.585938,ay:0.187500,az:0.849609
ax:-8.585938,ay:0.187500,az:0.849609
ax:-8.585938,ay:0.187500,az:0.849609
ax:-8.585938,ay:0.187500,az:0.849609
ax:-8.585938,ay:0.187500,az:0.849609
ax:-8.585938,ay:0.187500,az:0.849609
ax:-8.585938,ay:0.187500,az:0.849609
ax:-8.585938,ay:0.187500,az:0.849609
ax:-8.585938,ay:0.187500,az:0.849609
ax:-8.585938,ay:0.187500,az:0.849609
ax:-8.585938,ay:0.187500,az:0.849609
ax:-8.585938,ay:0.187500,az:0.849609
ax:-8.585938,ay:0.187500,az:0.849609
ax:-8.585938,ay:0.187500,az:0.849609
ax:-8.585938,ay:0.187500,az:0.849609
ax:-8.585938,ay:0.187500,az:0.849609
ax:-8.585938,ay:0.187500,az:0.849609
ax:-8.585938,ay:0.187500,az:0.849609
ax:-8.585938,ay:0.187500,az:0.849609
ax:-8.585938,ay:0.187500,az:0.849609
ax:-8.585938,ay:0.187500,az:0.849609
ax:0.000000,ay:0.000000,az:0.000000
ax:4.191406,ay:5.511719,az:-8.134766
ax:-8.615234,ay:0.242188,az:0.865234
ax:-8.564453,ay:0.197266,az:0.812988
ax:-8.564453,ay:0.197266,az:0.812988
ax:-8.564453,ay:0.197266,az:0.812988
ax:-8.564453,ay:0.197266,az:0.812988
ax:-8.564453,ay:0.197266,az:0.812988
ax:-8.564453,ay:0.197266,az:0.812988
ax:-8.564453,ay:0.197266,az:0.812988
ax:-8.564453,ay:0.197266,az:0.812988
ax:-8.564453,ay:0.197266,az:0.812988
ax:-8.564453,ay:0.197266,az:0.812988
ax:-8.564453,ay:0.197266,az:0.812988
ax:-8.564453,ay:0.197266,az:0.812988
ax:-8.564453,ay:0.197266,az:0.812988
ax:-8.564453,ay:0.197266,az:0.812988
ax:-8.564453,ay:0.197266,az:0.812988
ax:-8.564453,ay:0.197266,az:0.812988
ax:-8.564453,ay:0.197266,az:0.812988
ax:-8.564453,ay:0.197266,az:0.812988
ax:-8.564453,ay:0.197266,az:0.812988
ax:-8.564453,ay:0.197266,az:0.812988
ax:-8.564453,ay:0.197266,az:0.812988
ax:-8.564453,ay:0.197266,az:0.812988
ax:-8.564453,ay:0.197266,az:0.812988
ax:-8.564453,ay:0.197266,az:0.812988
ax:-8.564453,ay:0.197266,az:0.812988
ax:-8.564453,ay:0.197266,az:0.812988
ax:-8.564453,ay:0.197266,az:0.812988
ax:-8.564453,ay:0.197266,az:0.812988
ax:-8.564453,ay:0.197266,az:0.812988
ax:-8.564453,ay:0.197266,az:0.812988
ax:0.000000,ay:0.000000,az:0.000000
ax:4.183594,ay:5.509766,az:-9.179688
ax:-8.562500,ay:0.238281,az:0.810547
ax:-8.580078,ay:0.171875,az:0.859863
ax:-8.580078,ay:0.171875,az:0.859863
ax:-8.580078,ay:0.171875,az:0.859863
ax:-8.580078,ay:0.171875,az:0.859863
ax:-8.580078,ay:0.171875,az:0.859863
ax:-8.580078,ay:0.171875,az:0.859863
ax:-8.580078,ay:0.171875,az:0.859863
ax:-8.580078,ay:0.171875,az:0.859863
ax:-8.580078,ay:0.171875,az:0.859863
ax:-8.580078,ay:0.171875,az:0.859863
ax:-8.580078,ay:0.171875,az:0.859863
ax:-8.580078,ay:0.171875,az:0.859863
ax:-8.580078,ay:0.171875,az:0.859863
ax:-8.580078,ay:0.171875,az:0.859863
ax:-8.580078,ay:0.171875,az:0.859863
ax:-8.580078,ay:0.171875,az:0.859863
ax:-8.580078,ay:0.171875,az:0.859863
ax:-8.580078,ay:0.171875,az:0.859863
ax:-8.580078,ay:0.171875,az:0.859863
ax:-8.580078,ay:0.171875,az:0.859863
ax:-8.580078,ay:0.171875,az:0.859863
ax:-8.580078,ay:0.171875,az:0.859863
ax:-8.580078,ay:0.171875,az:0.859863
ax:-8.580078,ay:0.171875,az:0.859863
ax:-8.580078,ay:0.171875,az:0.859863
ax:-8.580078,ay:0.171875,az:0.859863
ax:-8.580078,ay:0.171875,az:0.859863
ax:-8.580078,ay:0.171875,az:0.859863
ax:-8.580078,ay:0.171875,az:0.859863
ax:-8.580078,ay:0.171875,az:0.859863
ax:-8.580078,ay:0.171875,az:0.859863
ax:0.000000,ay:0.000000,az:0.000000
ax:4.382812,ay:5.718750,az:-8.328125
ax:-8.634766,ay:0.224609,az:0.828125
[ 98736][E][Wire.cpp:513] requestFrom(): i2cRead returned Error 263
ax:-8.634766,ay:0.224609,az:0.828125
ax:-8.634766,ay:0.224609,az:0.828125
ax:-8.634766,ay:0.224609,az:0.828125
ax:-8.634766,ay:0.224609,az:0.828125
ax:-8.634766,ay:0.224609,az:0.828125
ax:-8.634766,ay:0.224609,az:0.828125
ax:-8.634766,ay:0.224609,az:0.828125
ax:-8.634766,ay:0.224609,az:0.828125
ax:-8.634766,ay:0.224609,az:0.828125
ax:-8.634766,ay:0.224609,az:0.828125
ax:-8.634766,ay:0.224609,az:0.828125
ax:-8.634766,ay:0.224609,az:0.828125
ax:-8.634766,ay:0.224609,az:0.828125
ax:-8.634766,ay:0.224609,az:0.828125
ax:-8.634766,ay:0.224609,az:0.828125
ax:-8.634766,ay:0.224609,az:0.828125
ax:-8.634766,ay:0.224609,az:0.828125
ax:0.000000,ay:0.000000,az:0.000000
ax:5.271484,ay:5.494141,az:-9.203125
ax:-8.576172,ay:0.177734,az:0.777344
[101741][E][Wire.cpp:513] requestFrom(): i2cRead returned Error 263
ax:-8.576172,ay:0.177734,az:0.777344
ax:-8.576172,ay:0.177734,az:0.777344
ax:-8.576172,ay:0.177734,az:0.777344
ax:-8.576172,ay:0.177734,az:0.777344
ax:-8.576172,ay:0.177734,az:0.777344
ax:-8.576172,ay:0.177734,az:0.777344
ax:-8.576172,ay:0.177734,az:0.777344
ax:-8.576172,ay:0.177734,az:0.777344
ax:-8.576172,ay:0.177734,az:0.777344
ax:-8.576172,ay:0.177734,az:0.777344
ax:-8.576172,ay:0.177734,az:0.777344
ax:-8.576172,ay:0.177734,az:0.777344
ax:-8.576172,ay:0.177734,az:0.777344
ax:-8.576172,ay:0.177734,az:0.777344
ax:-8.576172,ay:0.177734,az:0.777344
ax:-8.576172,ay:0.177734,az:0.777344
ax:-8.576172,ay:0.177734,az:0.777344
ax:0.000000,ay:0.000000,az:0.000000
ax:4.253906,ay:5.591797,az:-9.234375
ax:-8.585938,ay:0.189453,az:0.832031
ax:-8.583984,ay:0.220703,az:0.884766
ax:-8.583984,ay:0.220703,az:0.884766
ax:-8.583984,ay:0.220703,az:0.884766
ax:-8.583984,ay:0.220703,az:0.884766
ax:-8.583984,ay:0.220703,az:0.884766
ax:-8.583984,ay:0.220703,az:0.884766
ax:-8.583984,ay:0.220703,az:0.884766
ax:-8.583984,ay:0.220703,az:0.884766
ax:-8.583984,ay:0.220703,az:0.884766
ax:-8.583984,ay:0.220703,az:0.884766
ax:-8.583984,ay:0.220703,az:0.884766
ax:-8.583984,ay:0.220703,az:0.884766
ax:-8.583984,ay:0.220703,az:0.884766
ax:-8.583984,ay:0.220703,az:0.884766
ax:-8.583984,ay:0.220703,az:0.884766
ax:-8.583984,ay:0.220703,az:0.884766
ax:-8.583984,ay:0.220703,az:0.884766
ax:-8.583984,ay:0.220703,az:0.884766
ax:-8.583984,ay:0.220703,az:0.884766
ax:-8.583984,ay:0.220703,az:0.884766
ax:-8.583984,ay:0.220703,az:0.884766
ax:-8.583984,ay:0.220703,az:0.884766
ax:-8.583984,ay:0.220703,az:0.884766
ax:-8.583984,ay:0.220703,az:0.884766
ax:-8.583984,ay:0.220703,az:0.884766
ax:-8.583984,ay:0.220703,az:0.884766
ax:-8.583984,ay:0.220703,az:0.884766
ax:-8.583984,ay:0.220703,az:0.884766
ax:0.000000,ay:0.000000,az:0.000000
ax:3.970703,ay:5.312500,az:-8.332031
ax:-8.572266,ay:0.214844,az:0.802734
ax:-8.582031,ay:0.125488,az:0.000488
ax:-8.582031,ay:0.125488,az:0.000488
ax:-8.582031,ay:0.125488,az:0.000488
ax:-8.582031,ay:0.125488,az:0.000488
ax:-8.582031,ay:0.125488,az:0.000488
ax:-8.582031,ay:0.125488,az:0.000488
ax:-8.582031,ay:0.125488,az:0.000488
ax:-8.582031,ay:0.125488,az:0.000488
ax:-8.582031,ay:0.125488,az:0.000488
ax:-8.582031,ay:0.125488,az:0.000488
ax:-8.582031,ay:0.125488,az:0.000488
ax:-8.582031,ay:0.125488,az:0.000488
ax:-8.582031,ay:0.125488,az:0.000488
ax:-8.582031,ay:0.125488,az:0.000488
ax:-8.582031,ay:0.125488,az:0.000488
ax:-8.582031,ay:0.125488,az:0.000488
ax:-8.582031,ay:0.125488,az:0.000488
ax:-8.582031,ay:0.125488,az:0.000488
ax:-8.582031,ay:0.125488,az:0.000488
ax:-8.582031,ay:0.125488,az:0.000488
ax:-8.582031,ay:0.125488,az:0.000488
ax:-8.582031,ay:0.125488,az:0.000488
ax:-8.582031,ay:0.125488,az:0.000488
ax:-8.582031,ay:0.125488,az:0.000488
ax:-8.582031,ay:0.125488,az:0.000488
ax:-8.582031,ay:0.125488,az:0.000488
ax:0.000000,ay:0.000000,az:0.000000
ax:4.373047,ay:5.324219,az:-8.281250
ax:-8.574219,ay:0.246094,az:0.767578
ax:-8.599609,ay:0.193359,az:0.835938
ax:-8.599609,ay:0.193359,az:0.835938
ax:-8.599609,ay:0.193359,az:0.835938
ax:-8.599609,ay:0.193359,az:0.835938
ax:-8.599609,ay:0.193359,az:0.835938
ax:-8.599609,ay:0.193359,az:0.835938
ax:-8.599609,ay:0.193359,az:0.835938
ax:-8.599609,ay:0.193359,az:0.835938
ax:-8.599609,ay:0.193359,az:0.835938
ax:-8.599609,ay:0.193359,az:0.835938
