ets Jul 29 2019 12:21:46

rst:0x1 (POWERON_RESET),boot:0x13 (SPI_FAST_FLASH_BOOT)
configsip: 0, SPIWP:0xee
clk_drv:0x00,q_drv:0x00,d_drv:0x00,cs0_drv:0x00,hd_drv:0x00,wp_drv:0x00
mode:DIO, clock div:2
load:0x3fff0030,len:1184
load:0x40078000,len:13192
load:0x40080400,len:3028
entry 0x400805e4

- -30 -
20.723582	-30.000000
20.832495	-30.000000
20.665729	-30.000000
20.868335	-30.000000
20.810447	-30.000000
- -20 -
13.233006	-20.000000
- -30 -
- -40 -
- -50 -
- -60 -
- -70 -
- -80 -
- -90 -
- -100 -
40.607869	-100.000000
81.534335	-100.000000
81.621166	-100.000000
81.534335	-100.000000
81.621166	-100.000000
- -90 -
- -80 -
- -70 -
- -60 -
- -50 -
- -40 -
63.299819	-40.000000
- -30 -
- -20 -
- -10 -
- 0 -
- 10 -
- 20 -
- 30 -
- 40 -
- 50 -
- 60 -
- 80 -
- 90 -
- 100 -
17.235902	100.000000
81.447504	100.000000
81.534335	100.000000
81.534335	100.000000
81.447504	100.000000
- 90 -
- 80 -
- 70 -
- 60 -
76.498135	60.000000
- 50 -
- 40 -
- 30 -
- 20 -
- 10 -
- 20 -
- 10 -
- 20 -
- 10 -
- 20 -
- 10 -
- 0 -