ets Jul 29 2019 12:21:46

rst:0x1 (POWERON_RESET),boot:0x13 (SPI_FAST_FLASH_BOOT)
configsip: 0, SPIWP:0xee
clk_drv:0x00,q_drv:0x00,d_drv:0x00,cs0_drv:0x00,hd_drv:0x00,wp_drv:0x00
mode:DIO, clock div:2
load:0x3fff0030,len:1184
load:0x40078000,len:13192
load:0x40080400,len:3028
entry 0x400805e4
Started
ax:0.000000,ay:0.000000,az:0.000000
ax:0.000000,ay:0.000000,az:0.000000
ax:0.000000,ay:0.000000,az:0.000000
ax:0.000000,ay:0.000000,az:0.000000
ax:0.000000,ay:0.000000,az:0.000000
ax:0.000000,ay:0.000000,az:0.000000
ax:0.000000,ay:0.000000,az:0.000000
ax:0.000000,ay:0.000000,az:0.000000
ax:0.000000,ay:0.000000,az:0.000000
ax:0.000000,ay:0.000000,az:0.000000
ax:0.000000,ay:0.000000,az:0.000000
ax:0.000000,ay:0.000000,az:0.000000
ax:0.000000,ay:0.000000,az:0.000000
ax:0.000000,ay:0.000000,az:0.000000
ax:0.000000,ay:0.000000,az:0.000000
ax:0.000000,ay:0.000000,az:0.000000
ax:0.000000,ay:0.000000,az:0.000000
ax:0.000000,ay:0.000000,az:0.000000
ax:0.000000,ay:0.000000,az:0.000000
ax:0.000000,ay:0.000000,az:0.000000
ax:0.000000,ay:0.000000,az:0.000000
ax:0.000000,ay:0.000000,az:0.000000
ax:0.000000,ay:0.000000,az:0.000000
ax:0.000000,ay:0.000000,az:0.000000
ax:0.000000,ay:0.000000,az:0.000000
ax:0.000000,ay:0.000000,az:0.000000
ax:0.000000,ay:0.000000,az:0.000000
ax:0.000000,ay:0.000000,az:0.000000
ax:0.000000,ay:0.000000,az:0.000000
ax:0.000000,ay:0.000000,az:0.000000
ax:0.000000,ay:0.000000,az:0.000000
ax:0.000000,ay:0.000000,az:0.000000
ax:0.000000,ay:0.000000,az:0.000000
ax:4.365234,ay:5.333984,az:-8.910156
ax:-8.562500,ay:0.216797,az:0.822266
ax:-8.595703,ay:0.199219,az:0.839844
ax:-8.595703,ay:0.199219,az:0.839844
ax:-8.595703,ay:0.199219,az:0.839844
ax:-8.595703,ay:0.199219,az:0.839844
ax:-8.595703,ay:0.199219,az:0.839844
ax:-8.595703,ay:0.199219,az:0.839844
ax:-8.595703,ay:0.199219,az:0.839844
ax:-8.595703,ay:0.199219,az:0.839844
ax:-8.595703,ay:0.199219,az:0.839844
ax:-8.595703,ay:0.199219,az:0.839844
ax:-8.595703,ay:0.199219,az:0.839844
ax:-8.595703,ay:0.199219,az:0.839844
ax:-8.595703,ay:0.199219,az:0.839844
ax:-8.595703,ay:0.199219,az:0.839844
ax:-8.595703,ay:0.199219,az:0.839844
ax:-8.595703,ay:0.199219,az:0.839844
ax:-8.595703,ay:0.199219,az:0.839844
ax:-8.595703,ay:0.199219,az:0.839844
ax:-8.595703,ay:0.199219,az:0.839844
ax:-8.595703,ay:0.199219,az:0.839844
ax:-8.595703,ay:0.199219,az:0.839844
ax:-8.595703,ay:0.199219,az:0.839844
ax:-8.595703,ay:0.199219,az:0.839844
ax:-8.595703,ay:0.199219,az:0.839844
ax:-8.595703,ay:0.199219,az:0.839844
ax:-8.595703,ay:0.199219,az:0.839844
ax:-8.595703,ay:0.199219,az:0.839844
ax:-8.595703,ay:0.199219,az:0.839844
ax:-8.595703,ay:0.199219,az:0.839844
ax:-8.595703,ay:0.199219,az:0.839844
ax:-8.595703,ay:0.199219,az:0.839844
ax:-8.595703,ay:0.199219,az:0.839844
ax:-8.595703,ay:0.199219,az:0.839844
ax:-8.595703,ay:0.199219,az:0.839844
ax:-8.595703,ay:0.199219,az:0.839844
ax:-8.595703,ay:0.199219,az:0.839844
ax:-8.595703,ay:0.199219,az:0.839844
ax:-8.595703,ay:0.199219,az:0.839844
ax:-8.595703,ay:0.199219,az:0.839844
ax:-8.595703,ay:0.199219,az:0.839844
ax:-8.595703,ay:0.199219,az:0.839844
ax:-8.595703,ay:0.199219,az:0.839844
ax:-8.595703,ay:0.199219,az:0.839844
ax:-8.595703,ay:0.199219,az:0.839844
ax:-8.595703,ay:0.199219,az:0.839844
ax:-8.595703,ay:0.199219,az:0.839844
ax:-8.595703,ay:0.199219,az:0.839844
ax:0.000000,ay:0.000000,az:0.000000
ax:4.367188,ay:5.339844,az:-8.941406
ax:-8.609375,ay:0.212891,az:0.804688
ax:-8.615234,ay:0.216797,az:0.818359
ax:-8.615234,ay:0.216797,az:0.818359
ax:-8.615234,ay:0.216797,az:0.818359
ax:-8.615234,ay:0.216797,az:0.818359
ax:-8.615234,ay:0.216797,az:0.818359
ax:-8.615234,ay:0.216797,az:0.818359
ax:-8.615234,ay:0.216797,az:0.818359
ax:-8.615234,ay:0.216797,az:0.818359
ax:-8.615234,ay:0.216797,az:0.818359
ax:-8.615234,ay:0.216797,az:0.818359
ax:-8.615234,ay:0.216797,az:0.818359
ax:-8.615234,ay:0.216797,az:0.818359
ax:-8.615234,ay:0.216797,az:0.818359
ax:-8.615234,ay:0.216797,az:0.818359
ax:-8.615234,ay:0.216797,az:0.818359
ax:-8.615234,ay:0.216797,az:0.818359
ax:-8.615234,ay:0.216797,az:0.818359
ax:-8.615234,ay:0.216797,az:0.818359
ax:-8.615234,ay:0.216797,az:0.818359
ax:-8.615234,ay:0.216797,az:0.818359
ax:-8.615234,ay:0.216797,az:0.818359
ax:-8.615234,ay:0.216797,az:0.818359
ax:-8.615234,ay:0.216797,az:0.818359
ax:-8.615234,ay:0.216797,az:0.818359
ax:-8.615234,ay:0.216797,az:0.818359
ax:-8.615234,ay:0.216797,az:0.818359
ax:-8.615234,ay:0.216797,az:0.818359
ax:-8.615234,ay:0.216797,az:0.818359
ax:-8.615234,ay:0.216797,az:0.818359
ax:-8.615234,ay:0.216797,az:0.818359
ax:-8.615234,ay:0.216797,az:0.818359
ax:-8.615234,ay:0.216797,az:0.818359
ax:-8.615234,ay:0.216797,az:0.818359
ax:-8.615234,ay:0.216797,az:0.818359
ax:-8.615234,ay:0.216797,az:0.818359
ax:-8.615234,ay:0.216797,az:0.818359
ax:-8.615234,ay:0.216797,az:0.818359
ax:-8.615234,ay:0.216797,az:0.818359
ax:-8.615234,ay:0.216797,az:0.818359
ax:-8.615234,ay:0.216797,az:0.818359
ax:-8.615234,ay:0.216797,az:0.818359
ax:-8.615234,ay:0.216797,az:0.818359
ax:-8.615234,ay:0.216797,az:0.818359
ax:-8.615234,ay:0.216797,az:0.818359
ax:0.000000,ay:0.000000,az:0.000000
ax:4.201172,ay:5.525391,az:-8.164062
ax:-8.574219,ay:0.199219,az:0.835938
ax:-8.564453,ay:0.210938,az:0.867188
ax:-8.564453,ay:0.210938,az:0.867188
ax:-8.564453,ay:0.210938,az:0.867188
ax:-8.564453,ay:0.210938,az:0.867188
ax:-8.564453,ay:0.210938,az:0.867188
ax:-8.564453,ay:0.210938,az:0.867188
ax:-8.564453,ay:0.210938,az:0.867188
ax:-8.564453,ay:0.210938,az:0.867188
ax:-8.564453,ay:0.210938,az:0.867188
ax:-8.564453,ay:0.210938,az:0.867188
ax:-8.564453,ay:0.210938,az:0.867188
ax:-8.564453,ay:0.210938,az:0.867188
ax:-8.564453,ay:0.210938,az:0.867188
ax:-8.564453,ay:0.210938,az:0.867188
ax:-8.564453,ay:0.210938,az:0.867188
ax:-8.564453,ay:0.210938,az:0.867188
ax:-8.564453,ay:0.210938,az:0.867188
ax:-8.564453,ay:0.210938,az:0.867188
ax:-8.564453,ay:0.210938,az:0.867188
ax:-8.564453,ay:0.210938,az:0.867188
ax:-8.564453,ay:0.210938,az:0.867188
ax:-8.564453,ay:0.210938,az:0.867188
ax:-8.564453,ay:0.210938,az:0.867188
ax:-8.564453,ay:0.210938,az:0.867188
ax:-8.564453,ay:0.210938,az:0.867188
ax:-8.564453,ay:0.210938,az:0.867188
ax:-8.564453,ay:0.210938,az:0.867188
ax:-8.564453,ay:0.210938,az:0.867188
ax:-8.564453,ay:0.210938,az:0.867188
ax:-8.564453,ay:0.210938,az:0.867188
ax:-8.564453,ay:0.210938,az:0.867188
ax:-8.564453,ay:0.210938,az:0.867188
ax:-8.564453,ay:0.210938,az:0.867188
ax:-8.564453,ay:0.210938,az:0.867188
ax:-8.564453,ay:0.210938,az:0.867188
ax:-8.564453,ay:0.210938,az:0.867188
ax:-8.564453,ay:0.210938,az:0.867188
ax:-8.564453,ay:0.210938,az:0.867188
ax:-8.564453,ay:0.210938,az:0.867188
ax:-8.564453,ay:0.210938,az:0.867188
ax:0.000000,ay:0.000000,az:0.000000
ax:5.056641,ay:5.671875,az:-9.302734
ax:-8.578125,ay:0.220703,az:0.810547
ax:-8.607422,ay:0.250000,az:0.851562
ax:-8.607422,ay:0.250000,az:0.851562
ax:-8.607422,ay:0.250000,az:0.851562
ax:-8.607422,ay:0.250000,az:0.851562
ax:-8.607422,ay:0.250000,az:0.851562
ax:-8.607422,ay:0.250000,az:0.851562
ax:-8.607422,ay:0.250000,az:0.851562
ax:-8.607422,ay:0.250000,az:0.851562
ax:-8.607422,ay:0.250000,az:0.851562
ax:-8.607422,ay:0.250000,az:0.851562
ax:-8.607422,ay:0.250000,az:0.851562
ax:-8.607422,ay:0.250000,az:0.851562
ax:-8.607422,ay:0.250000,az:0.851562
ax:-8.607422,ay:0.250000,az:0.851562
ax:-8.607422,ay:0.250000,az:0.851562
ax:-8.607422,ay:0.250000,az:0.851562
ax:-8.607422,ay:0.250000,az:0.851562
ax:-8.607422,ay:0.250000,az:0.851562
ax:-8.607422,ay:0.250000,az:0.851562
ax:-8.607422,ay:0.250000,az:0.851562
ax:-8.607422,ay:0.250000,az:0.851562
ax:-8.607422,ay:0.250000,az:0.851562
ax:-8.607422,ay:0.250000,az:0.851562
ax:-8.607422,ay:0.250000,az:0.851562
ax:-8.607422,ay:0.250000,az:0.851562
ax:-8.607422,ay:0.250000,az:0.851562
ax:-8.607422,ay:0.250000,az:0.851562
ax:-8.607422,ay:0.250000,az:0.851562
ax:-8.607422,ay:0.250000,az:0.851562
ax:-8.607422,ay:0.250000,az:0.851562
ax:-8.607422,ay:0.250000,az:0.851562
ax:-8.607422,ay:0.250000,az:0.851562
ax:-8.607422,ay:0.250000,az:0.851562
ax:-8.607422,ay:0.250000,az:0.851562
ax:-8.607422,ay:0.250000,az:0.851562
ax:-8.607422,ay:0.250000,az:0.851562
ax:-8.607422,ay:0.250000,az:0.851562
ax:-8.607422,ay:0.250000,az:0.851562
ax:0.000000,ay:0.000000,az:0.000000
ax:3.962891,ay:5.330078,az:-8.943359
ax:-8.585938,ay:0.197266,az:0.828125
ax:-8.578125,ay:0.232422,az:0.843750
ax:-8.578125,ay:0.232422,az:0.843750
ax:-8.578125,ay:0.232422,az:0.843750
ax:-8.578125,ay:0.232422,az:0.843750
ax:-8.578125,ay:0.232422,az:0.843750
ax:-8.578125,ay:0.232422,az:0.843750
ax:-8.578125,ay:0.232422,az:0.843750
ax:-8.578125,ay:0.232422,az:0.843750
ax:-8.578125,ay:0.232422,az:0.843750
ax:-8.578125,ay:0.232422,az:0.843750
ax:-8.578125,ay:0.232422,az:0.843750
ax:-8.578125,ay:0.232422,az:0.843750
ax:-8.578125,ay:0.232422,az:0.843750
ax:-8.578125,ay:0.232422,az:0.843750
ax:-8.578125,ay:0.232422,az:0.843750
ax:-8.578125,ay:0.232422,az:0.843750
ax:-8.578125,ay:0.232422,az:0.843750
ax:-8.578125,ay:0.232422,az:0.843750
ax:-8.578125,ay:0.232422,az:0.843750
ax:-8.578125,ay:0.232422,az:0.843750
ax:-8.578125,ay:0.232422,az:0.843750
ax:-8.578125,ay:0.232422,az:0.843750
ax:-8.578125,ay:0.232422,az:0.843750
ax:-8.578125,ay:0.232422,az:0.843750
ax:-8.578125,ay:0.232422,az:0.843750
ax:-8.578125,ay:0.232422,az:0.843750
ax:-8.578125,ay:0.232422,az:0.843750
ax:-8.578125,ay:0.232422,az:0.843750
ax:-8.578125,ay:0.232422,az:0.843750
ax:-8.578125,ay:0.232422,az:0.843750
ax:-8.578125,ay:0.232422,az:0.843750
ax:-8.578125,ay:0.232422,az:0.843750
ax:-8.578125,ay:0.232422,az:0.843750
ax:-8.578125,ay:0.232422,az:0.843750
ax:-8.578125,ay:0.232422,az:0.843750
ax:-8.578125,ay:0.232422,az:0.843750
ax:-8.578125,ay:0.232422,az:0.843750
ax:0.000000,ay:0.000000,az:0.000000
ax:4.390625,ay:4.667969,az:-8.941406
ax:-8.558594,ay:0.253906,az:0.804688
ax:-8.582031,ay:0.222656,az:0.841797
ax:-8.582031,ay:0.222656,az:0.841797
ax:-8.582031,ay:0.222656,az:0.841797
ax:-8.582031,ay:0.222656,az:0.841797
ax:-8.582031,ay:0.222656,az:0.841797
ax:-8.582031,ay:0.222656,az:0.841797
ax:-8.582031,ay:0.222656,az:0.841797
ax:-8.582031,ay:0.222656,az:0.841797
ax:-8.582031,ay:0.222656,az:0.841797
ax:-8.582031,ay:0.222656,az:0.841797
ax:-8.582031,ay:0.222656,az:0.841797
ax:-8.582031,ay:0.222656,az:0.841797
ax:-8.582031,ay:0.222656,az:0.841797
ax:-8.582031,ay:0.222656,az:0.841797
ax:-8.582031,ay:0.222656,az:0.841797
ax:-8.582031,ay:0.222656,az:0.841797
ax:-8.582031,ay:0.222656,az:0.841797
ax:-8.582031,ay:0.222656,az:0.841797
ax:-8.582031,ay:0.222656,az:0.841797
ax:-8.582031,ay:0.222656,az:0.841797
ax:-8.582031,ay:0.222656,az:0.841797
ax:-8.582031,ay:0.222656,az:0.841797
ax:-8.582031,ay:0.222656,az:0.841797
ax:-8.582031,ay:0.222656,az:0.841797
ax:-8.582031,ay:0.222656,az:0.841797
ax:-8.582031,ay:0.222656,az:0.841797
ax:-8.582031,ay:0.222656,az:0.841797
ax:-8.582031,ay:0.222656,az:0.841797
ax:-8.582031,ay:0.222656,az:0.841797
ax:-8.582031,ay:0.222656,az:0.841797
ax:-8.582031,ay:0.222656,az:0.841797
ax:-8.582031,ay:0.222656,az:0.841797
ax:-8.582031,ay:0.222656,az:0.841797
ax:-8.582031,ay:0.222656,az:0.841797
ax:-8.582031,ay:0.222656,az:0.841797
ax:0.000000,ay:0.000000,az:0.000000
ax:4.169922,ay:5.535156,az:-9.134766
ax:-8.583984,ay:0.220703,az:0.865234
ax:-8.574219,ay:0.191406,az:0.806641
ax:-8.574219,ay:0.191406,az:0.806641
ax:-8.574219,ay:0.191406,az:0.806641
ax:-8.574219,ay:0.191406,az:0.806641
ax:-8.574219,ay:0.191406,az:0.806641
ax:-8.574219,ay:0.191406,az:0.806641
ax:-8.574219,ay:0.191406,az:0.806641
ax:-8.574219,ay:0.191406,az:0.806641
ax:-8.574219,ay:0.191406,az:0.806641
ax:-8.574219,ay:0.191406,az:0.806641
ax:-8.574219,ay:0.191406,az:0.806641
ax:-8.574219,ay:0.191406,az:0.806641
ax:-8.574219,ay:0.191406,az:0.806641
ax:-8.574219,ay:0.191406,az:0.806641
ax:-8.574219,ay:0.191406,az:0.806641
ax:-8.574219,ay:0.191406,az:0.806641
ax:-8.574219,ay:0.191406,az:0.806641
ax:-8.574219,ay:0.191406,az:0.806641
ax:-8.574219,ay:0.191406,az:0.806641
ax:-8.574219,ay:0.191406,az:0.806641
ax:-8.574219,ay:0.191406,az:0.806641
ax:-8.574219,ay:0.191406,az:0.806641
ax:-8.574219,ay:0.191406,az:0.806641
ax:-8.574219,ay:0.191406,az:0.806641
ax:-8.574219,ay:0.191406,az:0.806641
ax:-8.574219,ay:0.191406,az:0.806641
ax:-8.574219,ay:0.191406,az:0.806641
ax:-8.574219,ay:0.191406,az:0.806641
ax:-8.574219,ay:0.191406,az:0.806641
ax:-8.574219,ay:0.191406,az:0.806641
ax:-8.574219,ay:0.191406,az:0.806641
ax:-8.574219,ay:0.191406,az:0.806641
ax:-8.574219,ay:0.191406,az:0.806641
ax:-8.574219,ay:0.191406,az:0.806641
ax:-8.574219,ay:0.191406,az:0.806641
ax:-8.574219,ay:0.191406,az:0.806641
ax:-8.574219,ay:0.191406,az:0.806641
ax:0.000000,ay:0.000000,az:0.000000
ax:4.199219,ay:5.542969,az:-9.136719
ax:-8.562500,ay:0.214844,az:0.828125
ax:-8.597656,ay:0.216797,az:0.835938
ax:-8.597656,ay:0.216797,az:0.835938
ax:-8.597656,ay:0.216797,az:0.835938
ax:-8.597656,ay:0.216797,az:0.835938
ax:-8.597656,ay:0.216797,az:0.835938
ax:-8.597656,ay:0.216797,az:0.835938
ax:-8.597656,ay:0.216797,az:0.835938
ax:-8.597656,ay:0.216797,az:0.835938
ax:-8.597656,ay:0.216797,az:0.835938
ax:-8.597656,ay:0.216797,az:0.835938
ax:-8.597656,ay:0.216797,az:0.835938
ax:-8.597656,ay:0.216797,az:0.835938
ax:-8.597656,ay:0.216797,az:0.835938
ax:-8.597656,ay:0.216797,az:0.835938
ax:-8.597656,ay:0.216797,az:0.835938
ax:-8.597656,ay:0.216797,az:0.835938
ax:-8.597656,ay:0.216797,az:0.835938
ax:-8.597656,ay:0.216797,az:0.835938
ax:-8.597656,ay:0.216797,az:0.835938
ax:-8.597656,ay:0.216797,az:0.835938
ax:-8.597656,ay:0.216797,az:0.835938
ax:-8.597656,ay:0.216797,az:0.835938
ax:-8.597656,ay:0.216797,az:0.835938
ax:-8.597656,ay:0.216797,az:0.835938
ax:-8.597656,ay:0.216797,az:0.835938
ax:-8.597656,ay:0.216797,az:0.835938
ax:-8.597656,ay:0.216797,az:0.835938
ax:-8.597656,ay:0.216797,az:0.835938
ax:-8.597656,ay:0.216797,az:0.835938
ax:-8.597656,ay:0.216797,az:0.835938
ax:-8.597656,ay:0.216797,az:0.835938
ax:-8.597656,ay:0.216797,az:0.835938
ax:-8.597656,ay:0.216797,az:0.835938
ax:-8.597656,ay:0.216797,az:0.835938
ax:-8.597656,ay:0.216797,az:0.835938
ax:-8.597656,ay:0.216797,az:0.835938
ax:-8.597656,ay:0.216797,az:0.835938
ax:-8.597656,ay:0.216797,az:0.835938
ax:-8.597656,ay:0.216797,az:0.835938
ax:0.000000,ay:0.000000,az:0.000000
ax:4.298828,ay:5.447266,az:-9.080078
ax:-8.572266,ay:0.226562,az:0.820312
ax:-8.583984,ay:0.234375,az:0.869141
