ets Jul 29 2019 12:21:46

rst:0x1 (POWERON_RESET),boot:0x13 (SPI_FAST_FLASH_BOOT)
configsip: 0, SPIWP:0xee
clk_drv:0x00,q_drv:0x00,d_drv:0x00,cs0_drv:0x00,hd_drv:0x00,wp_drv:0x00
mode:DIO, clock div:2
load:0x3fff0030,len:1184
load:0x40078000,len:13192
load:0x40080400,len:3028
entry 0x400805e4
Started
ax:0.005859,ay:-0.008789,az:-1.021973
ax:0.011719,ay:-0.003418,az:-1.017090
ax:0.014648,ay:-0.005859,az:-1.012695
ax:0.014160,ay:-0.009766,az:-1.023438
ax:0.008789,ay:-0.008301,az:-1.018066
ax:0.017578,ay:-0.002441,az:-1.013184
ax:0.017090,ay:-0.008301,az:-1.016113
ax:0.000977,ay:-0.004395,az:-1.011719
ax:0.013184,ay:-0.005371,az:-1.012207
ax:0.008789,ay:-0.006836,az:-1.016113
ax:0.012207,ay:-0.001465,az:-1.017578
ax:0.013184,ay:-0.009277,az:-1.010254
ax:0.011719,ay:-0.001465,az:-1.015625
ax:0.009766,ay:-0.005371,az:-1.023926
ax:0.006348,ay:-0.000488,az:-1.018555
ax:0.006836,ay:-0.006348,az:-1.018066
ax:0.014648,ay:-0.008301,az:-1.012207
ax:0.004395,ay:-0.000977,az:-1.006348
ax:0.009277,ay:-0.003418,az:-1.012695
ax:0.007812,ay:-0.001465,az:-1.018555
ax:0.003906,ay:-0.012207,az:-1.014160
ax:0.009277,ay:-0.000977,az:-1.014648
ax:0.010742,ay:0.000488,az:-1.017578
ax:0.008789,ay:-0.009277,az:-1.016602
ax:0.011230,ay:0.000000,az:-1.003906
ax:0.008301,ay:-0.006348,az:-1.020508
ax:0.009766,ay:-0.004395,az:-1.012695
ax:0.013184,ay:-0.003418,az:-1.019043
ax:0.012207,ay:-0.001465,az:-1.009766
ax:0.010742,ay:-0.005859,az:-1.006836
ax:0.009766,ay:-0.004883,az:-1.016113
ax:0.009277,ay:-0.004395,az:-1.013184
ax:0.012207,ay:0.001465,az:-1.018555
ax:0.004883,ay:-0.007324,az:-1.012207
ax:0.011230,ay:-0.002930,az:-1.008789
ax:0.011719,ay:-0.004883,az:-1.013672
ax:0.012207,ay:-0.008789,az:-1.012695
ax:0.013184,ay:-0.002441,az:-1.019043
ax:0.011719,ay:-0.003906,az:-1.017578
ax:0.010742,ay:-0.001465,az:-1.019531
ax:0.013672,ay:-0.004883,az:-1.013184
ax:0.015137,ay:-0.001465,az:-1.017578
ax:0.008789,ay:-0.004883,az:-1.016602
ax:0.009766,ay:-0.003906,az:-1.015625
ax:0.014160,ay:0.003418,az:-1.023926
ax:0.010742,ay:-0.010254,az:-1.016113
ax:0.009277,ay:-0.006348,az:-1.013672
ax:-0.004883,ay:-0.008301,az:-1.011719
ax:0.007812,ay:-0.005859,az:-1.013184
ax:0.001953,ay:-0.005859,az:-1.013672
ax:0.003418,ay:-0.011230,az:-1.015137
ax:0.006836,ay:-0.008789,az:-1.013672
ax:0.007812,ay:0.002441,az:-1.018066
ax:0.010742,ay:-0.014648,az:-1.015625
ax:0.007812,ay:0.002930,az:-1.021973
ax:0.010742,ay:0.000000,az:-1.013184
ax:0.012207,ay:-0.036133,az:-1.010742
ax:0.011719,ay:-0.026855,az:-1.025391
ax:-0.010742,ay:0.081543,az:-1.011719
ax:0.011719,ay:0.069824,az:-1.005859
ax:0.012207,ay:-0.169922,az:-0.995117
ax:0.012207,ay:-0.269531,az:-0.979492
ax:0.013672,ay:-0.308105,az:-0.983398
ax:0.007324,ay:-0.210938,az:-0.968750
ax:0.004395,ay:-0.323730,az:-0.942871
ax:0.016113,ay:-0.494629,az:-0.893066
ax:0.012207,ay:-0.527832,az:-0.873535
ax:0.016113,ay:-0.520508,az:-0.837891
ax:0.011230,ay:-0.575195,az:-0.804199
ax:0.007324,ay:-0.681641,az:-0.757812
ax:0.007324,ay:-0.767578,az:-0.711426
ax:0.018555,ay:-0.746094,az:-0.690918
ax:0.014160,ay:-0.693359,az:-0.687500
ax:-0.001953,ay:-0.667969,az:-0.643066
ax:0.031738,ay:-0.941406,az:-0.576172
ax:0.020508,ay:-1.023926,az:-0.546875
ax:0.010254,ay:-0.706055,az:-0.579590
ax:0.012207,ay:-0.776367,az:-0.572266
ax:0.012695,ay:-0.933594,az:-0.534668
ax:0.018066,ay:-0.887695,az:-0.527832
ax:0.013672,ay:-0.826172,az:-0.526367
ax:0.011719,ay:-0.895020,az:-0.499023
ax:0.014648,ay:-0.897949,az:-0.499023
ax:0.013672,ay:-0.855957,az:-0.497559
ax:0.010742,ay:-0.892090,az:-0.479980
ax:0.013672,ay:-0.902832,az:-0.472168
ax:0.012207,ay:-0.899414,az:-0.472656
ax:0.014648,ay:-0.895996,az:-0.484375
ax:0.043945,ay:-0.881348,az:-0.455566
ax:-0.000977,ay:-0.879883,az:-0.489258
ax:-0.005371,ay:-0.927246,az:-0.514648
ax:0.044434,ay:-0.870117,az:-0.451660
ax:0.053711,ay:-0.922363,az:-0.493164
ax:0.001953,ay:-0.900391,az:-0.471191
ax:0.024414,ay:-0.812012,az:-0.479980
ax:0.031250,ay:-0.843750,az:-0.497559
ax:-0.057129,ay:-0.913086,az:-0.533691
ax:0.006836,ay:-0.879395,az:-0.480957
ax:0.021484,ay:-0.869141,az:-0.486328
ax:0.007324,ay:-0.925293,az:-0.466309
ax:0.008301,ay:-0.895508,az:-0.454102
ax:0.009766,ay:-0.859863,az:-0.442871
ax:0.002441,ay:-0.918945,az:-0.419922
ax:0.017090,ay:-0.925781,az:-0.405273
ax:0.012695,ay:-0.947754,az:-0.383789
ax:0.009277,ay:-0.920410,az:-0.370605
ax:0.014160,ay:-0.946289,az:-0.361328
ax:0.001953,ay:-0.884277,az:-0.347656
ax:0.003418,ay:-0.996582,az:-0.313477
ax:-0.029297,ay:-1.048828,az:-0.288086
ax:0.020996,ay:-0.860840,az:-0.333008
ax:-0.007812,ay:-0.970215,az:-0.311035
ax:-0.005859,ay:-0.990723,az:-0.309570
ax:0.006836,ay:-1.027832,az:-0.317871
ax:0.041016,ay:-0.811523,az:-0.354980
ax:-0.007812,ay:-0.959473,az:-0.400391
ax:-0.003906,ay:-0.885254,az:-0.489258
ax:0.038574,ay:-0.741699,az:-0.570312
ax:0.005859,ay:-0.686035,az:-0.676758
ax:0.019531,ay:-0.738281,az:-0.715332
ax:-0.007812,ay:-0.740234,az:-0.780762
ax:-0.015625,ay:-0.636230,az:-0.812500
ax:0.005859,ay:-0.500000,az:-0.860840
ax:-0.003418,ay:-0.330566,az:-0.923828
ax:0.019043,ay:-0.165527,az:-0.971191
ax:0.011230,ay:-0.103027,az:-0.996582
ax:0.009766,ay:-0.201172,az:-0.997559
ax:0.014160,ay:-0.168945,az:-1.001953
ax:0.006836,ay:-0.059570,az:-1.005859
ax:0.052246,ay:0.306641,az:-1.119141
ax:0.056152,ay:-0.123047,az:-1.008301
ax:-0.000977,ay:0.160156,az:-0.983398
ax:0.027344,ay:-0.241211,az:-1.010742
ax:0.008789,ay:0.022461,az:-1.018066
ax:0.004395,ay:0.001953,az:-1.013184
ax:0.014648,ay:0.003418,az:-1.015137
ax:0.009766,ay:0.020508,az:-1.020020
ax:0.014648,ay:-0.049316,az:-1.018555
ax:0.007812,ay:0.009766,az:-1.012695
ax:0.010254,ay:0.008301,az:-1.016113
ax:0.016113,ay:0.000977,az:-1.009277
ax:0.011230,ay:-0.034180,az:-1.017090
ax:0.002930,ay:0.000488,az:-1.018066
ax:0.010742,ay:0.084961,az:-1.011719
ax:0.007812,ay:-0.005371,az:-1.013672
ax:0.098145,ay:-0.004395,az:-1.055176
ax:-0.056152,ay:-0.012207,az:-1.003906
ax:-0.119629,ay:0.022461,az:-1.006348
ax:-0.189453,ay:-0.023926,az:-0.976562
ax:-0.290039,ay:0.018555,az:-0.946777
ax:-0.409668,ay:0.027344,az:-0.880371
ax:-0.602051,ay:-0.053223,az:-0.816895
ax:-0.662109,ay:-0.071289,az:-0.801270
ax:-0.709961,ay:-0.122559,az:-0.740234
ax:-0.726562,ay:-0.034668,az:-0.708984
ax:-0.810547,ay:-0.062012,az:-0.661133
ax:-0.806152,ay:-0.024414,az:-0.668457
ax:-0.739746,ay:-0.076660,az:-0.628418
ax:-0.853516,ay:-0.047852,az:-0.590820
ax:-0.835938,ay:-0.066895,az:-0.604980
ax:-0.797363,ay:-0.099609,az:-0.582520
ax:-0.814941,ay:-0.128418,az:-0.574219
ax:-0.845215,ay:-0.110352,az:-0.539062
ax:-0.880859,ay:-0.092773,az:-0.521484
ax:-0.854004,ay:-0.143066,az:-0.430664
ax:-0.862305,ay:-0.161621,az:-0.481445
ax:-0.849121,ay:-0.078125,az:-0.418945
ax:-0.915039,ay:-0.072266,az:-0.395508
ax:-0.952637,ay:-0.139160,az:-0.351074
ax:-0.923340,ay:-0.072266,az:-0.249512
ax:-1.158203,ay:-0.165527,az:-0.210449
ax:-0.950195,ay:-0.124023,az:-0.165039
ax:-0.988770,ay:-0.121582,az:-0.122070
ax:-1.019531,ay:-0.103027,az:-0.075684
ax:-1.037598,ay:-0.102539,az:-0.043457
ax:-0.997070,ay:-0.090332,az:0.008301
ax:-1.023926,ay:-0.095703,az:0.009277
ax:-1.019531,ay:-0.112793,az:0.029297
ax:-1.019043,ay:-0.101562,az:0.063965
ax:-0.999512,ay:-0.107910,az:0.070312
ax:-1.006836,ay:-0.063477,az:0.063965
ax:-1.006836,ay:-0.085938,az:0.058594
ax:-1.003906,ay:-0.078125,az:0.055176
ax:-1.006348,ay:-0.077637,az:0.061035
ax:-1.004395,ay:-0.077148,az:0.062500
ax:-1.006348,ay:-0.080078,az:0.062500
ax:-1.004883,ay:-0.071777,az:0.062500
ax:-1.007812,ay:-0.058105,az:0.068359
ax:-1.006348,ay:-0.056641,az:0.066406
ax:-1.007812,ay:-0.056152,az:0.066895
ax:-1.001465,ay:-0.049805,az:0.053711
ax:-1.003906,ay:-0.058594,az:0.063965
ax:-0.991211,ay:-0.029297,az:0.073242
ax:-1.004883,ay:-0.039062,az:0.067871
ax:-1.003418,ay:-0.011230,az:0.073242
ax:-1.007324,ay:-0.014160,az:0.071777
ax:-1.011719,ay:-0.015137,az:0.068848
ax:-1.009766,ay:-0.011719,az:0.067871
ax:-1.007812,ay:-0.017090,az:0.064941
ax:-1.008789,ay:-0.019043,az:0.074707
ax:-1.005859,ay:-0.016113,az:0.068359
ax:-1.006348,ay:-0.016602,az:0.067871
ax:-1.010254,ay:-0.016113,az:0.069824
ax:-1.006836,ay:-0.014648,az:0.073730
ax:-1.006348,ay:-0.013672,az:0.074219
ax:-1.005859,ay:-0.017090,az:0.068359
ax:-1.009766,ay:-0.014648,az:0.071289
ax:-1.008789,ay:-0.013672,az:0.072266
ax:-1.011230,ay:-0.015137,az:0.073730
ax:-1.007812,ay:-0.017090,az:0.071289
ax:-1.010742,ay:-0.019043,az:0.064941
ax:-1.010254,ay:-0.019043,az:0.071289
ax:-1.007324,ay:-0.012207,az:0.073242
ax:-1.006348,ay:-0.011719,az:0.066895
ax:-1.013184,ay:-0.013184,az:0.077637
ax:-1.111328,ay:-0.067871,az:0.062500
ax:-1.179688,ay:-0.033691,az:-0.163086
ax:-0.972168,ay:-0.012207,az:-0.095703
ax:-0.914062,ay:0.068848,az:-0.214355
ax:-0.909668,ay:0.024414,az:-0.397461
ax:-0.778809,ay:0.032227,az:-0.564941
ax:-0.549316,ay:-0.007812,az:-0.495605
ax:-0.695801,ay:0.053711,az:-0.730957
ax:-0.611816,ay:0.020996,az:-0.780762
ax:-0.560059,ay:-0.057129,az:-0.840332
ax:-0.430176,ay:-0.073730,az:-0.895020
ax:-0.329590,ay:-0.084473,az:-0.939941
ax:-0.349609,ay:-0.069336,az:-0.946289
ax:-0.217773,ay:-0.077637,az:-0.964844
ax:-0.103027,ay:-0.073730,az:-1.002930
ax:-0.098633,ay:-0.057129,az:-1.014160
ax:-0.091309,ay:-0.041992,az:-1.011230
ax:-0.054199,ay:-0.015137,az:-1.000488
ax:-0.016113,ay:-0.020996,az:-0.999512
ax:-0.139648,ay:0.038086,az:-1.080566
ax:-0.050293,ay:-0.062012,az:-1.016602
ax:0.008301,ay:-0.043457,az:-1.018066
ax:0.060059,ay:-0.097656,az:-1.025391
ax:0.053223,ay:0.115723,az:-1.010254
ax:0.032715,ay:-0.149414,az:-1.017090
ax:0.018555,ay:0.014648,az:-1.012695
ax:0.025391,ay:0.015137,az:-1.019043
ax:-0.006348,ay:-0.012695,az:-1.021973
ax:0.002441,ay:0.018555,az:-1.015137
ax:0.004883,ay:-0.012207,az:-1.019531
ax:0.009766,ay:0.014160,az:-1.017578
ax:0.009766,ay:0.015625,az:-1.015137
ax:0.004395,ay:-0.030762,az:-1.012207
ax:-0.003906,ay:-0.004883,az:-1.015137
ax:0.015137,ay:0.015137,az:-1.022461
ax:0.012207,ay:0.011719,az:-1.013672
ax:0.012695,ay:0.016602,az:-1.012207
ax:0.012695,ay:0.000000,az:-1.014160
ax:0.007812,ay:0.005859,az:-1.015625
ax:0.005859,ay:0.004395,az:-1.022949
ax:0.007324,ay:0.006348,az:-1.011719
ax:0.011230,ay:0.004883,az:-1.018066
ax:0.007812,ay:0.000977,az:-1.019531
ax:0.010742,ay:-0.002930,az:-1.016602
ax:0.011719,ay:-0.004883,az:-1.013672
ax:0.014648,ay:-0.007324,az:-1.018066
ax:0.010254,ay:-0.005859,az:-1.016602
ax:0.006348,ay:-0.002441,az:-1.010254
ax:0.005859,ay:-0.001465,az:-1.014160
ax:0.009766,ay:-0.003906,az:-1.019531
ax:0.002441,ay:-0.010742,az:-1.024902
ax:0.007812,ay:-0.004883,az:-1.012695
ax:0.004395,ay:-0.004395,az:-1.015625
ax:0.007812,ay:-0.006348,az:-1.012695
ax:0.013672,ay:-0.001953,az:-1.012695
ax:0.015625,ay:-0.001953,az:-1.015137
ax:0.008789,ay:0.000488,az:-1.012207
ax:0.004395,ay:0.000488,az:-1.006836
ax:0.002441,ay:0.008789,az:-1.019043
ax:0.009277,ay:-0.005371,az:-1.015625
ax:0.015625,ay:-0.007324,az:-1.016602
ax:0.012695,ay:-0.005371,az:-1.009766
ax:0.041992,ay:0.000000,az:-1.025391
ax:0.004395,ay:0.002930,az:-1.018555
ax:0.014160,ay:-0.010742,az:-1.017090
ax:0.011719,ay:-0.007324,az:-1.012207
ax:0.006348,ay:-0.005859,az:-1.020508
ax:0.016602,ay:-0.005371,az:-1.023438
ax:-0.002441,ay:-0.009277,az:-1.019043
ax:-0.004883,ay:0.004883,az:-1.013184
ax:0.013672,ay:-0.003418,az:-1.012695
ax:0.008301,ay:-0.000488,az:-1.009277
ax:0.012695,ay:-0.006348,az:-1.017578
ax:0.000000,ay:-0.006836,az:-1.017090
ax:0.008301,ay:-0.001465,az:-1.025879
ax:0.011230,ay:-0.003418,az:-1.018555
ax:0.010254,ay:-0.004883,az:-1.014648
ax:0.015625,ay:-0.001465,az:-1.015137
ax:0.006348,ay:-0.002441,az:-1.014160
ax:0.008301,ay:0.004883,az:-1.020020
ax:0.012207,ay:-0.003906,az:-1.015625
ax:0.014160,ay:-0.001465,az:-1.019043
ax:0.012695,ay:-0.006836,az:-1.011230
ax:0.008789,ay:-0.011719,az:-1.017578
ax:0.013672,ay:-0.003906,az:-1.014160
ax:0.011230,ay:0.004883,az:-1.015137
ax:0.015625,ay:-0.000488,az:-1.017578
ax:0.018555,ay:-0.016113,az:-1.022461
ax:0.003906,ay:-0.009277,az:-1.016602
ax:0.012695,ay:-0.007812,az:-1.025879
ax:0.009277,ay:-0.010742,az:-1.014160
ax:0.020996,ay:0.007812,az:-1.016113
ax:0.005859,ay:0.004883,az:-1.015137
ax:0.011719,ay:-0.000488,az:-1.015625
ax:0.004395,ay:0.001953,az:-1.008301
ax:0.006836,ay:-0.006348,az:-1.015625
ax:0.005371,ay:-0.010254,az:-1.018066
ax:0.008301,ay:-0.012695,az:-1.015625
ax:0.015625,ay:-0.008301,az:-1.019531
ax:0.010254,ay:-0.001465,az:-1.017090
ax:0.013184,ay:0.005371,az:-1.014648
ax:0.008789,ay:-0.002441,az:-1.019531
ax:0.009277,ay:-0.003906,az:-1.012207
ax:0.009766,ay:-0.011719,az:-1.018555
ax:0.007812,ay:-0.006348,az:-1.024902
ax:0.009277,ay:-0.002441,az:-1.016113
ax:0.009277,ay:-0.001953,az:-1.014648
ax:0.013672,ay:-0.001953,az:-1.017090
ax:0.010742,ay:-0.003906,az:-1.019531
ax:0.009277,ay:-0.004883,az:-1.016602
ax:0.010742,ay:-0.004883,az:-1.019043
ax:0.011719,ay:-0.000488,az:-1.015137
ax:0.013672,ay:-0.003418,az:-1.009277
ax:0.010254,ay:-0.002930,az:-1.018066
ax:0.008789,ay:-0.005371,az:-1.016602
ax:0.007812,ay:-0.004395,az:-1.011719
ax:0.009277,ay:0.000000,az:-1.013184
ax:0.011719,ay:-0.001465,az:-1.015137
ax:0.004883,ay:-0.003418,az:-1.018555
ax:0.009277,ay:-0.004395,az:-1.020020
ax:0.006348,ay:-0.002930,az:-1.013184
ax:0.012695,ay:-0.000977,az:-1.015625
ax:0.008301,ay:0.000977,az:-1.015625
ax:0.011230,ay:-0.006348,az:-1.016602
ax:0.010254,ay:-0.005859,az:-1.014648
ax:0.011230,ay:-0.002930,az:-1.018066
ax:0.012695,ay:-0.003906,az:-1.017578
ax:0.009766,ay:-0.003906,az:-1.016602
ax:0.011719,ay:-0.006348,az:-1.018066
ax:0.008301,ay:-0.002930,az:-1.015625
ax:0.006348,ay:-0.005859,az:-1.015137
ax:0.007324,ay:-0.003906,az:-1.009766
ax:0.008301,ay:-0.001953,az:-1.020508
ax:0.005859,ay:-0.002930,az:-1.011719
ax:0.008301,ay:-0.004883,az:-1.015137
ax:0.009277,ay:-0.003418,az:-1.012207
ax:0.011230,ay:-0.016113,az:-1.014160
ax:0.011230,ay:0.023926,az:-1.017090
ax:0.007812,ay:0.029297,az:-1.011230
ax:0.015137,ay:-0.054688,az:-1.020996
ax:0.013672,ay:-0.063477,az:-1.009277
ax:0.013672,ay:0.003906,az:-1.016602
ax:0.009766,ay:0.026367,az:-1.020508
ax:0.006348,ay:0.015625,az:-1.007812
ax:0.002930,ay:0.015625,az:-1.018066
ax:0.005859,ay:0.021484,az:-1.014648
ax:0.005859,ay:-0.009277,az:-1.020020
ax:0.006836,ay:-0.004395,az:-1.016602
ax:0.008789,ay:-0.002441,az:-1.017578
ax:0.012207,ay:-0.002441,az:-1.020020
ax:0.007324,ay:-0.032227,az:-1.017578
ax:0.012207,ay:0.009277,az:-1.021484
ax:0.011230,ay:-0.076660,az:-1.026855
ax:0.009277,ay:0.071777,az:-0.988770
ax:0.010742,ay:0.292969,az:-0.953613
ax:0.020020,ay:0.398926,az:-0.950684
ax:-0.002441,ay:0.330078,az:-0.946289
ax:-0.006836,ay:0.386719,az:-0.907227
ax:0.008301,ay:0.429688,az:-0.843750
ax:-0.007324,ay:0.534180,az:-0.795898
ax:-0.040527,ay:0.789551,az:-0.705566
ax:-0.037598,ay:0.880371,az:-0.659668
ax:-0.013184,ay:0.603027,az:-0.695312
ax:-0.030762,ay:0.755371,az:-0.624023
ax:-0.072754,ay:0.871582,az:-0.558105
ax:-0.040039,ay:0.808594,az:-0.524414
ax:-0.061523,ay:0.908203,az:-0.456055
ax:-0.089355,ay:0.926758,az:-0.424805
ax:-0.085449,ay:0.939453,az:-0.389160
ax:-0.038574,ay:0.929688,az:-0.348145
ax:-0.053223,ay:0.921387,az:-0.354980
ax:-0.070801,ay:0.902832,az:-0.351074
ax:-0.048828,ay:0.915039,az:-0.306641
ax:-0.058105,ay:0.970703,az:-0.291016
ax:-0.059082,ay:0.920410,az:-0.264648
ax:-0.096191,ay:0.949219,az:-0.279785
ax:-0.101562,ay:0.988770,az:-0.250977
ax:-0.087402,ay:0.960938,az:-0.220215
ax:-0.053223,ay:1.002930,az:-0.180664
ax:-0.081055,ay:0.968750,az:-0.166992
ax:-0.089844,ay:0.956543,az:-0.155273
ax:-0.112305,ay:0.976562,az:-0.145020
ax:-0.115234,ay:1.008301,az:-0.127441
ax:-0.116699,ay:0.956543,az:-0.118164
ax:-0.119141,ay:0.967285,az:-0.118652
ax:-0.099121,ay:0.999023,az:-0.062012
ax:-0.047852,ay:1.025391,az:-0.020020
ax:-0.078613,ay:0.987793,az:-0.052246
ax:-0.075684,ay:0.938965,az:-0.043457
ax:-0.051758,ay:0.990723,az:-0.026367
ax:-0.071777,ay:1.001465,az:-0.008301
ax:-0.086426,ay:0.991211,az:-0.029297
ax:-0.084961,ay:0.959473,az:-0.026855
ax:-0.086914,ay:1.004395,az:0.001953
ax:-0.102539,ay:0.977051,az:-0.002930
ax:-0.103027,ay:0.990234,az:-0.003906
ax:-0.091797,ay:0.996094,az:0.012695
ax:-0.106934,ay:0.993164,az:0.017090
ax:-0.090820,ay:1.000977,az:0.016113
ax:-0.112793,ay:0.993164,az:-0.002930
ax:-0.102539,ay:0.957520,az:-0.028809
ax:-0.109863,ay:1.021484,az:-0.020508
ax:-0.079590,ay:0.957520,az:-0.021484
ax:-0.062988,ay:0.942383,az:-0.017578
ax:-0.133301,ay:1.051758,az:-0.026367
ax:-0.099609,ay:0.930664,az:-0.047363
ax:-0.070801,ay:1.041504,az:0.017090
ax:-0.030273,ay:0.983398,az:0.015625
ax:-0.024902,ay:0.966309,az:0.007812
ax:-0.056152,ay:1.022461,az:-0.000488
ax:-0.059570,ay:0.979492,az:-0.016113
ax:-0.042480,ay:0.987793,az:-0.004883
ax:-0.016602,ay:0.993652,az:0.015137
ax:-0.048340,ay:0.982910,az:-0.017090
ax:-0.049805,ay:0.990723,az:-0.013672
ax:-0.036621,ay:0.991699,az:-0.009277
ax:-0.069336,ay:1.096680,az:-0.001953
ax:0.020020,ay:0.724121,az:-0.058105
ax:-0.130371,ay:1.288574,az:0.011230
ax:-0.013184,ay:0.771484,az:-0.052246
ax:-0.065918,ay:1.183594,az:-0.003418
ax:-0.019531,ay:1.003418,az:-0.001465
ax:-0.044434,ay:0.962402,az:-0.016602
ax:-0.051270,ay:0.985352,az:-0.054688
ax:-0.025391,ay:1.119141,az:-0.019531
ax:-0.032227,ay:1.070312,az:-0.125977
ax:0.003906,ay:0.927734,az:-0.304199
ax:-0.016113,ay:0.961426,az:-0.434570
ax:-0.034668,ay:0.649902,az:-0.547363
ax:-0.147949,ay:0.551758,az:-0.699707
ax:-0.061035,ay:0.673340,az:-0.772461
ax:0.001953,ay:0.497070,az:-0.829590
ax:0.007324,ay:0.413574,az:-0.886719
ax:0.004395,ay:0.299316,az:-0.938965
ax:0.005859,ay:0.216797,az:-0.971191
ax:0.004883,ay:0.158203,az:-0.991211
ax:0.007324,ay:0.116211,az:-0.999023
ax:0.008789,ay:-0.051758,az:-1.020020
ax:0.003418,ay:-0.230469,az:-1.020508
ax:0.014160,ay:0.079102,az:-1.000488
ax:0.019531,ay:0.005859,az:-1.026855
ax:0.010254,ay:-0.031738,az:-1.014160
ax:0.009277,ay:0.045898,az:-1.015137
ax:0.021973,ay:-0.047852,az:-1.016602
ax:0.009766,ay:0.022461,az:-1.017578
ax:0.015137,ay:0.028809,az:-1.018066
ax:0.014648,ay:0.009766,az:-1.009277
ax:0.005371,ay:0.007324,az:-1.015625
ax:0.009277,ay:-0.000488,az:-1.018555
ax:0.010254,ay:-0.003906,az:-1.024414
ax:0.011719,ay:-0.004883,az:-1.011719
ax:0.006836,ay:-0.005371,az:-1.011230
ax:0.003906,ay:0.002441,az:-1.010742
ax:0.003906,ay:-0.000977,az:-1.013672
ax:0.009766,ay:-0.001465,az:-1.020996
ax:0.006348,ay:-0.001465,az:-1.014160
ax:-0.008789,ay:0.001953,az:-1.016113
ax:0.005371,ay:-0.008301,az:-1.013184
ax:0.008789,ay:-0.004883,az:-1.007812
ax:0.013184,ay:-0.004395,az:-1.011230
ax:0.012695,ay:0.000488,az:-1.017090
ax:0.011719,ay:0.002930,az:-1.010742
ax:0.008789,ay:-0.003418,az:-1.015625
ax:0.012207,ay:-0.003906,az:-1.024414
ax:0.018066,ay:-0.002441,az:-1.018555
ax:0.019531,ay:-0.002441,az:-1.011230
ax:0.010742,ay:-0.008301,az:-1.021973
ax:0.006836,ay:-0.006348,az:-1.015137
ax:0.006348,ay:-0.001953,az:-1.016602
ax:0.001953,ay:-0.001953,az:-1.017578
ax:0.006836,ay:-0.003418,az:-1.013184
ax:0.009766,ay:-0.006836,az:-1.014648
ax:0.006836,ay:-0.007324,az:-1.009766
ax:0.000488,ay:-0.006836,az:-1.020996
ax:0.006348,ay:0.000000,az:-1.018066
ax:0.008301,ay:-0.002441,az:-1.016113
ax:0.009277,ay:-0.003906,az:-1.020020
ax:-0.010742,ay:-0.000977,az:-1.020508
ax:0.018555,ay:-0.001953,az:-1.020020
ax:0.005859,ay:-0.000977,az:-1.016602
ax:0.008789,ay:-0.002441,az:-1.017090
ax:0.012695,ay:-0.005371,az:-1.007812
ax:0.006836,ay:0.002930,az:-1.016113
ax:0.008789,ay:-0.001465,az:-1.018555
ax:0.004395,ay:-0.000977,az:-1.016602
ax:0.009766,ay:-0.002930,az:-1.013672
ax:0.002441,ay:-0.006348,az:-1.016113
ax:0.017090,ay:-0.003906,az:-1.015625
ax:0.034180,ay:0.000977,az:-1.023926
ax:0.005859,ay:-0.004395,az:-1.020020
ax:0.012695,ay:-0.000488,az:-1.020996
ax:0.010742,ay:-0.005371,az:-1.018555
ax:0.009766,ay:-0.003906,az:-1.013184
ax:0.012695,ay:-0.003906,az:-1.022461
ax:0.010254,ay:-0.004395,az:-1.017578
ax:0.012695,ay:-0.004883,az:-1.013672
ax:0.012207,ay:-0.000977,az:-1.018066
ax:0.008301,ay:0.000488,az:-1.012695
ax:0.008789,ay:-0.004395,az:-1.017578
ax:0.006348,ay:-0.001953,az:-1.017578
ax:0.010254,ay:0.000488,az:-1.018555
ax:0.002930,ay:0.001465,az:-1.018066
ax:0.000977,ay:0.001465,az:-1.012207
ax:0.013672,ay:-0.003906,az:-1.016602
ax:0.010254,ay:-0.000977,az:-1.021484
ax:0.013672,ay:-0.005859,az:-1.026367
ax:0.020020,ay:-0.007812,az:-1.015625
ax:0.011719,ay:-0.000977,az:-1.014160
ax:0.005371,ay:-0.001465,az:-1.010742
ax:0.019043,ay:-0.015137,az:-1.011230
ax:0.006348,ay:-0.002441,az:-1.010742
ax:0.004395,ay:-0.001953,az:-1.021484
ax:0.002441,ay:0.001953,az:-1.012207
ax:0.013184,ay:-0.002441,az:-1.018066
ax:0.002441,ay:0.001953,az:-1.011230
ax:0.008789,ay:0.000000,az:-1.015625
ax:0.009766,ay:-0.002930,az:-1.018555
ax:0.005859,ay:-0.003418,az:-1.018555
ax:0.009766,ay:-0.000488,az:-1.020508
ax:0.007812,ay:-0.001953,az:-1.015625
ax:0.012695,ay:-0.000977,az:-1.015137
ax:0.008301,ay:-0.001953,az:-1.018066
ax:0.015137,ay:-0.003418,az:-1.013184
ax:0.005859,ay:0.002441,az:-1.024902
ax:0.012695,ay:0.004395,az:-1.020508
ax:0.012695,ay:0.000000,az:-1.019531
ax:0.012207,ay:0.003906,az:-1.015137
ax:0.013184,ay:-0.003906,az:-1.015137
ax:0.007324,ay:-0.003906,az:-1.017578
ax:0.015625,ay:-0.004883,az:-1.008789
ax:0.015625,ay:-0.003906,az:-1.015137
ax:0.006348,ay:-0.004883,az:-1.013184
ax:0.009766,ay:-0.000977,az:-1.017090
ax:0.011719,ay:-0.003906,az:-1.014160
ax:0.009277,ay:-0.006348,az:-1.020996
ax:0.007812,ay:-0.003418,az:-1.015137
ax:0.012695,ay:-0.000977,az:-1.013672
ax:0.011230,ay:-0.001465,az:-1.013672
ax:0.008301,ay:-0.007812,az:-1.019531
ax:0.006348,ay:-0.004883,az:-1.018555
ax:0.004883,ay:-0.005859,az:-1.019043
ax:0.006836,ay:0.000000,az:-1.017090
ax:0.007324,ay:0.000977,az:-1.011230
ax:0.003906,ay:-0.003418,az:-1.014648
ax:0.011719,ay:-0.006348,az:-1.016113
ax:0.008301,ay:-0.006836,az:-1.020996
ax:0.008301,ay:-0.004883,az:-1.020020
ax:0.013184,ay:-0.003418,az:-1.017578
ax:0.014160,ay:-0.002441,az:-1.014160
ax:0.014160,ay:0.002441,az:-1.017090
ax:0.011230,ay:0.000977,az:-1.014648
ax:0.008789,ay:-0.005371,az:-1.013184
ax:0.007812,ay:-0.000977,az:-1.018066
ax:0.005371,ay:-0.002930,az:-1.019043
ax:0.003906,ay:0.000977,az:-1.014160
ax:0.005859,ay:-0.005859,az:-1.017578
ax:0.007812,ay:-0.004883,az:-1.016113
ax:0.007324,ay:0.000977,az:-1.016602
ax:0.004883,ay:-0.000977,az:-1.018066
ax:0.007812,ay:0.000488,az:-1.014160
ax:0.016113,ay:0.000977,az:-1.019043
ax:0.004883,ay:0.001953,az:-1.011719
ax:0.011719,ay:0.000000,az:-1.013672
ax:0.010254,ay:-0.000977,az:-1.019043
ax:0.014648,ay:0.002441,az:-1.014160
ax:0.010254,ay:-0.003418,az:-1.013672
ax:0.010742,ay:-0.002441,az:-1.013184
ax:0.008301,ay:-0.003906,az:-1.009766
ax:0.009277,ay:-0.006836,az:-1.021484
ax:0.010254,ay:-0.002930,az:-1.017090
ax:0.007324,ay:-0.002930,az:-1.014160
ax:0.006836,ay:0.001465,az:-1.010254
ax:0.008789,ay:-0.000977,az:-1.017578
ax:0.008301,ay:-0.002930,az:-1.007324
ax:0.017090,ay:-0.002930,az:-1.010254
ax:0.006836,ay:0.000977,az:-1.019531
ax:0.016113,ay:-0.002441,az:-1.015137
ax:0.011719,ay:-0.001465,az:-1.011230
ax:0.016602,ay:0.000488,az:-1.014160
ax:0.006348,ay:-0.004395,az:-1.009766
ax:0.005371,ay:-0.003906,az:-1.013184
ax:0.020020,ay:-0.002441,az:-1.009277
ax:0.010742,ay:-0.005371,az:-1.008301
ax:0.010254,ay:-0.000488,az:-1.016113
ax:0.005859,ay:-0.004395,az:-1.024414
ax:0.009277,ay:-0.001465,az:-1.007812
ax:0.005371,ay:-0.005371,az:-1.016113
ax:0.006348,ay:-0.002441,az:-1.012207
ax:0.015625,ay:0.001953,az:-1.011230
ax:0.009766,ay:-0.001953,az:-1.013672
ax:0.012695,ay:-0.004395,az:-1.014160
ax:0.012207,ay:0.000000,az:-1.026855
ax:0.010742,ay:-0.007324,az:-1.020020
ax:0.012207,ay:-0.004883,az:-1.008789
ax:0.008789,ay:-0.003418,az:-1.013672
ax:0.001953,ay:-0.005371,az:-1.009277
ax:0.008789,ay:-0.002930,az:-1.021484
ax:0.011719,ay:-0.003906,az:-1.014160
ax:0.008301,ay:-0.004395,az:-1.014648
ax:0.007812,ay:-0.005371,az:-1.014648
ax:0.008789,ay:-0.008301,az:-1.009277
ax:0.014160,ay:-0.005859,az:-1.012695
ax:0.011719,ay:-0.002930,az:-1.018066
ax:0.006836,ay:-0.002441,az:-1.018555
ax:0.011719,ay:-0.001465,az:-1.015625
ax:0.011719,ay:0.000977,az:-1.017578
ax:0.015625,ay:-0.005371,az:-1.014160
ax:0.007812,ay:-0.012695,az:-1.020020
ax:0.015625,ay:-0.003418,az:-1.011230
ax:0.003418,ay:-0.004395,az:-1.019531
ax:0.010254,ay:0.004395,az:-1.010742
ax:0.006348,ay:-0.003418,az:-1.012207
ax:0.006348,ay:0.003418,az:-1.017578
ax:0.000977,ay:-0.007812,az:-1.014160
ax:0.003418,ay:0.000488,az:-1.011719
ax:0.005859,ay:-0.000488,az:-1.012695
ax:0.008789,ay:0.000000,az:-1.011230
ax:0.013184,ay:-0.006348,az:-1.015625
ax:0.005371,ay:-0.006836,az:-1.012207
ax:0.008301,ay:-0.006348,az:-1.014160
ax:0.007812,ay:-0.000977,az:-1.014160
ax:0.014648,ay:0.000488,az:-1.024414
ax:0.008301,ay:-0.000488,az:-1.012695
ax:0.007812,ay:-0.004883,az:-1.020508
ax:0.009277,ay:-0.005371,az:-1.012207
ax:0.009766,ay:-0.005859,az:-1.014648
ax:0.006836,ay:-0.003418,az:-1.011719
ax:0.004883,ay:-0.003906,az:-1.009277
ax:0.007324,ay:-0.003906,az:-1.016602
ax:0.002930,ay:-0.006348,az:-1.014160
ax:0.005371,ay:-0.006348,az:-1.015137
ax:0.005859,ay:-0.003906,az:-1.007324
ax:0.007324,ay:0.000000,az:-1.009766
ax:0.008301,ay:-0.004883,az:-1.014648
ax:0.031250,ay:0.001465,az:-1.020996
ax:-0.007812,ay:-0.011230,az:-1.010254
ax:0.010742,ay:-0.009766,az:-1.015137
ax:0.004395,ay:-0.008301,az:-1.013184
ax:0.012207,ay:0.000977,az:-1.025391
ax:0.006348,ay:-0.003418,az:-1.008789
ax:0.008789,ay:0.003906,az:-1.016113
ax:0.012695,ay:0.001953,az:-1.015625
ax:0.011719,ay:0.003906,az:-1.013184
ax:0.012207,ay:-0.006836,az:-1.005371
ax:0.002441,ay:-0.003418,az:-1.020508
ax:0.006348,ay:-0.004395,az:-1.015137
ax:0.011719,ay:0.000488,az:-1.015137
ax:0.000977,ay:-0.005371,az:-1.010742
ax:0.027344,ay:0.001953,az:-1.044922
ax:0.025391,ay:-0.005859,az:-1.005371
ax:0.009277,ay:-0.003906,az:-1.009766
ax:0.004395,ay:-0.005371,az:-1.017090
ax:0.005859,ay:0.000977,az:-1.017578
ax:0.005371,ay:-0.000488,az:-1.020996
ax:0.008789,ay:0.000000,az:-1.012207
ax:0.015137,ay:-0.005371,az:-1.018066
ax:0.004883,ay:-0.003418,az:-1.015137
ax:0.026367,ay:0.001465,az:-1.028320
ax:0.021973,ay:0.001465,az:-1.022461
ax:0.018066,ay:-0.002441,az:-1.015137
ax:0.012695,ay:0.001465,az:-1.010742
ax:-0.004883,ay:0.002441,az:-1.011719
ax:0.012695,ay:-0.004883,az:-1.012695
ax:-0.038574,ay:-0.018066,az:-1.013672
ax:-0.002930,ay:-0.000488,az:-1.014160
ax:0.011719,ay:-0.000488,az:-1.014648
ax:0.015625,ay:-0.005371,az:-1.021973
ax:0.016113,ay:0.000000,az:-1.015137
ax:0.020020,ay:-0.001465,az:-1.010742
ax:0.013672,ay:-0.003418,az:-1.015625
ax:0.006836,ay:-0.004395,az:-1.019531
ax:0.006836,ay:-0.002441,az:-1.014160
ax:0.007324,ay:-0.003418,az:-1.021484
ax:0.002930,ay:-0.003906,az:-1.016602
ax:0.012695,ay:0.000000,az:-1.018066
ax:0.000977,ay:-0.002930,az:-1.014160
ax:0.018066,ay:-0.005859,az:-1.023438
ax:0.008301,ay:-0.018555,az:-1.023926
ax:0.015137,ay:-0.006836,az:-1.012695
ax:0.017090,ay:0.002930,az:-1.010254
ax:0.003906,ay:0.000488,az:-1.017578
ax:0.009277,ay:0.001953,az:-1.020020
ax:-0.005371,ay:-0.005859,az:-1.020020
ax:0.010254,ay:-0.004395,az:-1.013672
ax:0.012695,ay:-0.005371,az:-1.013184
ax:0.006348,ay:0.000000,az:-1.015137
ax:0.009277,ay:0.000488,az:-1.017090
ax:0.009766,ay:0.000977,az:-1.014648
ax:0.011719,ay:-0.000977,az:-1.015625
ax:0.009277,ay:-0.004883,az:-1.030762
ax:0.011719,ay:-0.004395,az:-1.014648
ax:0.004883,ay:0.000000,az:-1.017578
ax:0.009277,ay:-0.003418,az:-1.017090
ax:0.012695,ay:-0.003418,az:-1.011230
ax:0.005859,ay:-0.003906,az:-1.020020
ax:0.010254,ay:-0.004395,az:-1.009277
ax:0.006348,ay:-0.006836,az:-1.007812
ax:0.005371,ay:-0.004395,az:-1.015625
ax:0.009277,ay:0.001465,az:-1.013672
ax:0.009766,ay:-0.001465,az:-1.010742
ax:0.009766,ay:-0.005859,az:-1.017578
ax:0.008301,ay:-0.001953,az:-1.015625
ax:-0.008301,ay:-0.002441,az:-0.982422
ax:0.008301,ay:-0.000977,az:-1.011230
ax:-0.004395,ay:-0.001465,az:-1.041016
ax:-0.003418,ay:-0.005371,az:-1.014160
ax:-0.001465,ay:-0.003906,az:-1.014160
ax:0.005371,ay:-0.002930,az:-1.014160
ax:0.002441,ay:-0.002930,az:-1.015137
ax:0.003418,ay:-0.004883,az:-1.013672
ax:0.007812,ay:-0.003418,az:-1.016113
ax:0.009766,ay:-0.005859,az:-1.018555
ax:0.004883,ay:-0.002930,az:-1.024414
ax:0.007812,ay:0.001465,az:-1.021484
ax:0.011719,ay:-0.006348,az:-1.018066
ax:0.007324,ay:-0.000977,az:-1.016113
ax:0.005371,ay:-0.001465,az:-1.015137
ax:0.007324,ay:-0.002930,az:-1.016113
ax:0.012695,ay:-0.002930,az:-1.017578
ax:0.008301,ay:-0.003906,az:-1.016602
ax:0.002441,ay:-0.005859,az:-1.018066
ax:0.011230,ay:0.001465,az:-1.017578
ax:0.009277,ay:0.001465,az:-1.017090
ax:0.009277,ay:0.001465,az:-1.019531
ax:0.005859,ay:-0.004883,az:-1.016113
ax:0.009766,ay:-0.003906,az:-1.018066
ax:0.009277,ay:-0.006836,az:-1.016113
ax:0.006348,ay:-0.002441,az:-1.014648
ax:0.009277,ay:0.000488,az:-1.013184
ax:0.006348,ay:-0.002930,az:-1.014648
ax:0.006836,ay:-0.005371,az:-1.013184
ax:0.007324,ay:-0.002930,az:-1.020020
ax:0.008301,ay:-0.005371,az:-1.020508
ax:0.012207,ay:-0.003418,az:-1.023438
ax:0.010742,ay:-0.003418,az:-1.012207
ax:0.020020,ay:-0.003906,az:-1.011719
ax:0.009766,ay:-0.001465,az:-1.016113
ax:0.007324,ay:-0.005371,az:-1.019043
ax:0.008301,ay:-0.024414,az:-1.015137
ax:0.004883,ay:0.002441,az:-1.017578
ax:0.004395,ay:0.000488,az:-1.017090
ax:0.006348,ay:-0.005859,az:-1.020020
ax:0.006348,ay:-0.006348,az:-1.012695
ax:0.018066,ay:-0.003418,az:-1.022461
ax:0.013184,ay:-0.003418,az:-1.013672
ax:0.008301,ay:0.001953,az:-1.017090
ax:0.005371,ay:0.007324,az:-1.020508
ax:0.057617,ay:-0.003418,az:-1.021484
ax:0.014160,ay:-0.000488,az:-1.017090
ax:0.007324,ay:-0.007324,az:-1.013672
ax:0.006836,ay:-0.003906,az:-1.012695
ax:0.008789,ay:0.004883,az:-1.014648
ax:0.009277,ay:-0.003906,az:-1.021973
ax:0.009766,ay:-0.006348,az:-1.017090
ax:0.013672,ay:-0.003418,az:-1.016602
ax:0.004883,ay:-0.003906,az:-1.012207
ax:0.009277,ay:-0.005371,az:-1.020020
ax:0.007812,ay:0.001953,az:-1.014648
ax:0.011230,ay:-0.006836,az:-1.016602
ax:0.010742,ay:-0.002930,az:-1.018066
ax:0.008789,ay:-0.006836,az:-1.016602
ax:0.011719,ay:-0.001953,az:-1.018066
ax:0.011719,ay:-0.008789,az:-1.018066
ax:0.005859,ay:-0.000977,az:-1.013672
ax:0.008789,ay:-0.003906,az:-1.020508
ax:0.008789,ay:-0.002441,az:-1.016113
ax:0.006836,ay:-0.001953,az:-1.011719
ax:0.003418,ay:-0.004883,az:-1.017090
ax:0.008301,ay:-0.002930,az:-1.013672
ax:0.003418,ay:-0.005371,az:-1.014160
ax:0.010254,ay:-0.008301,az:-1.012207
ax:0.009277,ay:-0.004883,az:-1.011230
ax:0.009277,ay:-0.003906,az:-1.014648
ax:0.011230,ay:-0.008301,az:-1.014160
ax:0.005859,ay:-0.007324,az:-1.016113
ax:0.008301,ay:-0.003906,az:-1.018555
ax:0.008301,ay:-0.012695,az:-1.014648
ax:0.010254,ay:-0.003906,az:-1.010742
ax:0.007812,ay:-0.005859,az:-1.016602
ax:0.006836,ay:-0.002441,az:-1.013672
ax:0.005859,ay:-0.002441,az:-1.014648
ax:0.005371,ay:-0.007324,az:-1.019043
ax:0.005371,ay:-0.003418,az:-1.019043
ax:0.009766,ay:-0.005371,az:-1.016113
ax:0.008789,ay:-0.001465,az:-1.011719
ax:0.008301,ay:-0.010254,az:-1.011230
ax:0.008789,ay:-0.012695,az:-1.013184
ax:0.007324,ay:-0.002441,az:-1.019531
ax:0.009277,ay:-0.009277,az:-1.017578
ax:0.009277,ay:-0.003418,az:-1.009766
ax:0.007812,ay:-0.000977,az:-1.017578
ax:0.005371,ay:-0.000977,az:-1.020508
ax:0.010254,ay:-0.008789,az:-1.016602
ax:0.005859,ay:-0.010254,az:-1.020020
ax:0.006836,ay:-0.003418,az:-1.017090
ax:0.005859,ay:-0.011719,az:-1.010254
ax:0.005371,ay:-0.007324,az:-1.006348
ax:0.009766,ay:0.002441,az:-1.017578
ax:0.007324,ay:-0.000977,az:-1.013184
ax:0.012207,ay:0.002441,az:-1.019531
ax:0.006836,ay:-0.010742,az:-1.016113
ax:0.008301,ay:0.006836,az:-1.018066
ax:0.010742,ay:-0.004395,az:-1.016113
ax:0.008789,ay:0.001953,az:-1.009766
ax:0.010742,ay:-0.002441,az:-1.013672
ax:0.009277,ay:-0.004395,az:-1.011719
ax:0.011230,ay:-0.000488,az:-1.020020
ax:0.009766,ay:-0.013672,az:-1.014160
ax:0.006836,ay:0.003906,az:-1.020020
ax:0.008789,ay:-0.000488,az:-1.009277
ax:0.004883,ay:0.000000,az:-1.020020
ax:0.005859,ay:-0.005859,az:-1.009766
ax:0.012207,ay:-0.004395,az:-1.016113
ax:0.009277,ay:0.000000,az:-1.016602
ax:0.002930,ay:-0.000977,az:-1.009277
ax:0.005859,ay:-0.005371,az:-1.020996
ax:0.011719,ay:-0.009277,az:-1.012695
ax:0.009277,ay:-0.002930,az:-1.016113
ax:0.012207,ay:-0.011719,az:-1.015137
ax:0.013184,ay:-0.001465,az:-1.022949
ax:0.009766,ay:-0.003906,az:-1.012695
ax:0.007324,ay:-0.005859,az:-1.019043
ax:0.014160,ay:-0.008301,az:-1.005371
ax:0.010254,ay:0.000488,az:-1.006836
ax:0.003906,ay:-0.002930,az:-1.017090
ax:0.004883,ay:0.001953,az:-1.020996
ax:0.006836,ay:0.005859,az:-1.017090
ax:0.007812,ay:0.004883,az:-1.013184
ax:0.006348,ay:0.002930,az:-1.019043
ax:-0.003418,ay:-0.037598,az:-1.037598
ax:0.006836,ay:-0.021973,az:-1.015625
ax:0.003418,ay:0.010254,az:-1.027344
ax:0.017578,ay:-0.011719,az:-1.067871
ax:0.005859,ay:-0.006836,az:-1.011230
ax:0.015137,ay:0.008301,az:-0.996582
ax:0.009277,ay:-0.014160,az:-1.018066
ax:0.012207,ay:0.010254,az:-1.015137
ax:0.008301,ay:0.001465,az:-1.020508
ax:0.006836,ay:-0.013672,az:-1.018066
ax:0.004395,ay:0.002930,az:-1.018066
ax:0.009277,ay:0.000000,az:-1.016602
ax:0.009766,ay:-0.010742,az:-1.024414
ax:0.007812,ay:0.004883,az:-1.017578
ax:0.006348,ay:-0.002930,az:-1.012207
ax:0.005371,ay:-0.003906,az:-1.020508
ax:0.010254,ay:0.004395,az:-1.016113
ax:0.011230,ay:-0.001953,az:-1.015625
ax:0.007812,ay:-0.010254,az:-1.016113
ax:0.008789,ay:-0.000977,az:-1.018066
ax:0.009766,ay:-0.004883,az:-1.021484
ax:0.008789,ay:0.002930,az:-1.020020
ax:0.003418,ay:-0.004883,az:-1.016113
ax:0.007324,ay:-0.000488,az:-1.019531
ax:-0.011719,ay:0.021973,az:-0.992676
ax:0.005371,ay:0.003906,az:-1.015137
ax:0.008789,ay:-0.004395,az:-1.020020
ax:0.009277,ay:0.003418,az:-1.009766
ax:0.013672,ay:-0.001465,az:-1.014160
ax:0.009277,ay:-0.006348,az:-1.014160
ax:0.008301,ay:0.003418,az:-1.020020
ax:0.007324,ay:-0.001953,az:-1.014648
ax:0.007812,ay:0.000000,az:-1.017578
ax:0.011719,ay:-0.008301,az:-1.013672
ax:0.004395,ay:-0.002930,az:-1.011230
ax:0.010742,ay:-0.000977,az:-1.017578
ax:0.007324,ay:-0.008301,az:-1.024902
ax:0.008789,ay:0.000977,az:-1.015137
ax:0.000000,ay:0.009277,az:-1.024902
ax:0.004883,ay:-0.001465,az:-1.010254
ax:0.007324,ay:-0.004883,az:-1.017578
ax:0.005859,ay:-0.007812,az:-1.018066
ax:0.014648,ay:-0.000977,az:-1.012695
ax:0.011719,ay:-0.018555,az:-1.020020
ax:0.008789,ay:-0.000488,az:-1.020508
ax:0.008301,ay:0.007812,az:-1.014648
ax:0.008789,ay:0.000977,az:-1.021484
ax:0.010254,ay:0.005859,az:-1.015137
ax:0.005371,ay:0.017578,az:-1.015625
ax:0.002441,ay:-0.006836,az:-1.015625
ax:0.003418,ay:-0.016113,az:-1.016113
ax:0.014160,ay:-0.007324,az:-1.021484
ax:0.005371,ay:-0.008301,az:-1.012695
ax:0.011719,ay:-0.010742,az:-1.011719
ax:0.006348,ay:-0.009766,az:-1.016602
ax:0.005859,ay:-0.007812,az:-1.016113
ax:-0.005371,ay:-0.002441,az:-1.015625
ax:-0.014160,ay:-0.009766,az:-1.016602
ax:0.014648,ay:-0.018066,az:-1.018066
ax:0.005371,ay:-0.000488,az:-1.017090
ax:0.007324,ay:0.002441,az:-1.010742
ax:0.008301,ay:-0.008301,az:-1.015137
ax:0.006348,ay:-0.000977,az:-1.021484
ax:0.004883,ay:-0.004883,az:-1.017090
ax:0.010254,ay:-0.006348,az:-1.005371
ax:0.009766,ay:-0.001953,az:-1.012207
ax:0.005859,ay:-0.006348,az:-1.013672
ax:0.010254,ay:-0.002930,az:-1.015137
ax:0.010254,ay:-0.003418,az:-1.019043
ax:0.007324,ay:-0.003418,az:-1.021973
ax:0.009277,ay:-0.010254,az:-1.014648
ax:0.009277,ay:-0.009277,az:-1.012695
ax:0.007324,ay:-0.002930,az:-1.013184
ax:0.015625,ay:0.001465,az:-1.014160
ax:0.010254,ay:-0.022461,az:-1.018066
ax:0.029297,ay:-0.023438,az:-1.016113
ax:0.025879,ay:0.025879,az:-1.014648
ax:0.008301,ay:0.011230,az:-1.018555
ax:0.012695,ay:0.003906,az:-1.012695
ax:0.009277,ay:0.005859,az:-1.015625
ax:0.010742,ay:0.010742,az:-1.020020
ax:0.011230,ay:0.012695,az:-1.017090
ax:0.010254,ay:0.009277,az:-1.019043
ax:0.005371,ay:0.004395,az:-1.016602
ax:0.011230,ay:-0.004883,az:-1.007812
ax:0.022949,ay:0.002441,az:-1.026367
ax:0.004395,ay:-0.005371,az:-1.015137
ax:0.004883,ay:-0.010742,az:-1.014160
ax:0.008301,ay:-0.004883,az:-1.010254
ax:0.010254,ay:-0.000488,az:-1.020020
ax:0.013672,ay:-0.000488,az:-1.016113
ax:0.009277,ay:-0.004395,az:-1.016113
ax:0.007812,ay:-0.003418,az:-1.017090
ax:0.012207,ay:-0.022949,az:-1.016113
ax:0.012695,ay:-0.041992,az:-1.000488
ax:0.008789,ay:0.005859,az:-1.015137
ax:-0.000488,ay:0.003418,az:-1.010254
ax:0.007324,ay:0.006836,az:-1.009766
ax:0.008789,ay:0.070312,az:-1.019043
ax:0.008301,ay:-0.000488,az:-1.018066
ax:-0.005859,ay:0.000000,az:-1.012207
ax:0.014160,ay:0.005371,az:-1.015137
ax:0.011230,ay:-0.002441,az:-1.016602
ax:-0.000977,ay:0.001465,az:-1.024902
ax:0.011230,ay:-0.000488,az:-1.022461
ax:0.012695,ay:-0.026855,az:-1.029297
ax:0.012207,ay:-0.014648,az:-1.020996
ax:0.014648,ay:-0.002441,az:-1.021973
ax:0.004395,ay:0.019043,az:-1.015137
ax:0.007324,ay:-0.035156,az:-1.022949
ax:0.002930,ay:0.003418,az:-1.023438
ax:0.006348,ay:-0.011230,az:-1.015137
ax:0.011230,ay:0.024414,az:-1.012695
ax:0.013184,ay:0.021484,az:-1.010254
ax:0.020508,ay:-0.064453,az:-1.014648
ax:-0.007324,ay:-0.000977,az:-1.016113
ax:0.004883,ay:0.019531,az:-1.013184
ax:0.008789,ay:0.006348,az:-1.011719
ax:0.007812,ay:0.039551,az:-1.015625
ax:0.010254,ay:-0.021484,az:-1.016602
ax:0.012207,ay:-0.036621,az:-1.013672
ax:0.018066,ay:-0.036133,az:-1.019531
ax:-0.024902,ay:0.012695,az:-1.023438
ax:0.003906,ay:0.013672,az:-1.015137
ax:0.009766,ay:0.020996,az:-1.020020
ax:0.004883,ay:0.019043,az:-1.015137
ax:0.008301,ay:0.016113,az:-1.016113
ax:0.006836,ay:0.010742,az:-1.017090
ax:0.010742,ay:0.005859,az:-1.011719
ax:0.005371,ay:-0.014160,az:-1.025391
ax:0.010742,ay:0.031738,az:-1.018066
ax:0.011230,ay:-0.019043,az:-1.020996
ax:0.019043,ay:-0.050293,az:-1.027832
ax:0.025879,ay:-0.034180,az:-1.022461
ax:0.012695,ay:-0.034668,az:-1.017578
ax:0.001953,ay:0.008789,az:-1.020020
ax:0.009277,ay:0.009766,az:-1.012207
ax:0.007324,ay:-0.024414,az:-1.018555
ax:0.002930,ay:-0.001465,az:-1.008301
ax:0.008789,ay:-0.041504,az:-1.018066
ax:0.013672,ay:-0.002930,az:-1.017578
ax:0.054199,ay:0.021484,az:-1.023438
ax:0.009766,ay:-0.018555,az:-1.022461
ax:0.012207,ay:0.009766,az:-1.014160
ax:0.008789,ay:0.006348,az:-1.013184
ax:0.009766,ay:0.000488,az:-1.014648
ax:0.002930,ay:-0.009766,az:-1.015625
ax:0.010254,ay:-0.001953,az:-1.009277
ax:0.010742,ay:-0.029297,az:-1.020996
ax:0.012207,ay:-0.033203,az:-1.022461
ax:0.009766,ay:-0.027344,az:-1.019531
ax:0.005371,ay:0.000977,az:-1.015137
ax:0.006836,ay:-0.003418,az:-1.015625
ax:0.007812,ay:-0.003418,az:-1.010254
ax:0.012207,ay:-0.004395,az:-1.016602
ax:0.013184,ay:0.010254,az:-1.014160
ax:0.009277,ay:-0.005859,az:-1.015137
ax:0.007812,ay:0.017090,az:-1.016113
ax:0.011719,ay:0.017090,az:-1.018555
ax:0.015625,ay:-0.051270,az:-1.018066
ax:0.009766,ay:-0.010742,az:-1.014648
ax:0.002930,ay:0.024902,az:-1.018555
ax:0.007324,ay:-0.032227,az:-1.021484
ax:0.003906,ay:0.017578,az:-1.016602
ax:0.001465,ay:-0.013184,az:-1.016113
ax:-0.022461,ay:0.125488,az:-1.012207
ax:0.006836,ay:0.004395,az:-1.017578
ax:0.015137,ay:-0.052246,az:-1.023438
ax:0.013184,ay:0.030762,az:-0.999512
ax:0.018066,ay:-0.017090,az:-1.021484
ax:0.014160,ay:-0.005371,az:-1.020996
ax:-0.002441,ay:0.006348,az:-1.022461
ax:0.005859,ay:0.030762,az:-1.017578
ax:0.001465,ay:-0.010254,az:-1.021484
ax:0.004883,ay:0.012207,az:-1.020996
ax:0.011719,ay:0.007324,az:-1.018555
ax:0.009766,ay:0.005859,az:-1.020020
ax:0.008301,ay:0.008301,az:-1.020508
ax:0.009277,ay:0.013184,az:-1.013672
ax:0.006348,ay:0.006836,az:-1.017578
ax:0.001465,ay:0.002930,az:-1.012207
ax:0.009277,ay:-0.002441,az:-1.010742
ax:0.007812,ay:-0.006348,az:-1.008301
ax:0.006836,ay:-0.008301,az:-1.022949
ax:0.008789,ay:-0.001465,az:-1.023926
ax:0.008789,ay:-0.000977,az:-1.014160
ax:0.003418,ay:-0.005859,az:-1.023926
ax:0.152832,ay:0.016113,az:-1.038086
ax:0.023926,ay:0.000000,az:-1.027832
ax:0.012695,ay:-0.005371,az:-1.018555
ax:0.014648,ay:-0.004395,az:-1.018066
ax:0.006836,ay:-0.007324,az:-1.013672
ax:0.010254,ay:-0.004395,az:-1.010742
ax:0.002930,ay:0.003418,az:-1.013672
ax:0.012207,ay:-0.003418,az:-1.020020
ax:0.010742,ay:-0.006836,az:-1.018555
ax:0.002441,ay:-0.005859,az:-1.016113
ax:0.009277,ay:-0.006836,az:-1.014160
ax:0.012207,ay:0.000977,az:-1.017578
ax:0.018066,ay:0.005371,az:-1.008301
ax:0.012695,ay:-0.002930,az:-1.016602
ax:0.014160,ay:-0.011719,az:-1.018066
ax:0.011230,ay:-0.002441,az:-1.022461
ax:0.014648,ay:0.000488,az:-1.023926
ax:0.015137,ay:0.005371,az:-1.017090
ax:0.013184,ay:-0.000488,az:-1.011719
ax:0.012695,ay:-0.011719,az:-1.013672
ax:0.013672,ay:-0.010254,az:-1.020020
ax:0.014648,ay:-0.005859,az:-1.018555
ax:0.085449,ay:-0.005859,az:-1.041992
ax:0.032715,ay:0.026855,az:-1.020020
ax:-0.045898,ay:0.034668,az:-0.999023
ax:0.000000,ay:-0.035156,az:-1.010254
ax:0.050781,ay:-0.013672,az:-1.020020
ax:0.021484,ay:-0.011230,az:-1.021484
ax:-0.000977,ay:-0.002441,az:-1.016113
ax:0.040039,ay:0.007324,az:-1.001953
ax:0.015625,ay:-0.005371,az:-1.010254
ax:0.007812,ay:0.011719,az:-1.019043
ax:0.007812,ay:0.010742,az:-1.017090
ax:0.019531,ay:0.014160,az:-1.014648
ax:0.011230,ay:0.006348,az:-1.020996
ax:0.015137,ay:-0.002441,az:-1.013672
ax:0.012695,ay:-0.002930,az:-1.015625
ax:0.017090,ay:-0.007324,az:-1.019043
ax:0.012695,ay:-0.006836,az:-1.015625
ax:0.015625,ay:-0.004395,az:-1.016113
ax:0.012695,ay:0.001953,az:-1.010742
ax:0.011719,ay:0.001465,az:-1.017090
ax:0.008301,ay:-0.000977,az:-1.015137
ax:0.007324,ay:-0.000488,az:-1.017090
ax:0.004883,ay:-0.007324,az:-1.012207
ax:0.008789,ay:-0.003418,az:-1.011230
ax:0.008301,ay:0.000488,az:-1.017578
ax:0.009766,ay:0.001465,az:-1.014648
ax:0.007324,ay:-0.000977,az:-1.014160
ax:0.009766,ay:-0.003418,az:-1.013672
ax:0.011719,ay:-0.002930,az:-1.022949
ax:0.009766,ay:-0.005371,az:-1.013672
ax:0.010742,ay:-0.007324,az:-1.015137
ax:0.005371,ay:-0.000977,az:-1.020020
ax:0.001465,ay:-0.002441,az:-1.013184
ax:0.008789,ay:-0.000977,az:-1.024414
ax:0.004395,ay:0.000000,az:-1.015625
ax:0.008301,ay:0.000000,az:-1.014648
ax:0.011719,ay:-0.003906,az:-1.016602
ax:0.008789,ay:-0.005859,az:-1.019531
ax:0.005859,ay:-0.004395,az:-1.012207
ax:0.007812,ay:0.000977,az:-1.015625
ax:0.006836,ay:-0.008789,az:-1.020508
ax:0.010742,ay:-0.006836,az:-1.013184
ax:0.011230,ay:-0.003418,az:-1.016602
ax:0.007324,ay:0.003418,az:-1.016602
ax:0.008789,ay:0.000488,az:-1.020508
ax:0.009277,ay:-0.001953,az:-1.009277
ax:0.012695,ay:-0.004883,az:-1.018066
ax:0.011719,ay:-0.002930,az:-1.008301
ax:0.007324,ay:-0.001953,az:-1.010254
ax:0.015625,ay:-0.002441,az:-1.012695
ax:0.011719,ay:-0.004395,az:-1.018555
ax:0.011719,ay:0.000488,az:-1.020508
ax:0.011719,ay:-0.002441,az:-1.020020
ax:0.006836,ay:0.001465,az:-1.016602
ax:0.010254,ay:-0.008789,az:-1.020020
ax:0.007812,ay:-0.005371,az:-1.017578
ax:0.011230,ay:-0.004395,az:-1.014648
ax:0.008301,ay:0.001465,az:-1.023438
ax:0.006836,ay:-0.002441,az:-1.017578
ax:0.010742,ay:-0.004883,az:-1.018555
ax:0.011230,ay:-0.003418,az:-1.015137
ax:0.012207,ay:-0.002930,az:-1.016602
ax:0.006348,ay:-0.002930,az:-1.020996
ax:0.007324,ay:-0.003418,az:-1.015625
ax:0.011230,ay:-0.001465,az:-1.012695
ax:0.015137,ay:-0.004883,az:-1.019531
ax:0.020020,ay:0.001465,az:-1.012207
ax:0.009766,ay:-0.002930,az:-1.017578
ax:0.009277,ay:-0.003906,az:-1.019531
ax:0.007324,ay:-0.005371,az:-1.013672
ax:0.012695,ay:-0.001465,az:-1.013184
ax:0.000977,ay:-0.003418,az:-1.010742
ax:0.007324,ay:-0.005371,az:-1.020996
ax:0.004395,ay:0.000000,az:-1.011719
ax:0.024902,ay:0.001465,az:-1.016602
ax:0.019043,ay:-0.001953,az:-1.017090
ax:0.012207,ay:-0.001953,az:-1.013184
ax:0.009766,ay:-0.003418,az:-1.014648
ax:0.009766,ay:-0.001465,az:-1.022461
ax:0.009277,ay:-0.001465,az:-1.019531
ax:0.016113,ay:-0.003906,az:-1.012207
ax:0.014160,ay:-0.000488,az:-1.025879
ax:0.005859,ay:-0.002930,az:-1.014648
ax:0.007812,ay:-0.004395,az:-1.017090
ax:0.011719,ay:-0.003906,az:-1.017578
ax:0.007812,ay:-0.004395,az:-1.023438
ax:0.011230,ay:-0.007324,az:-1.016113
ax:0.009277,ay:0.000488,az:-1.010254
ax:0.008789,ay:-0.005859,az:-1.012207
ax:0.010254,ay:-0.002930,az:-1.017090
ax:0.005859,ay:-0.002441,az:-1.019531
ax:0.012695,ay:-0.000977,az:-1.021484
ax:0.021973,ay:-0.003906,az:-1.021973
ax:0.013184,ay:0.002441,az:-1.019043
ax:0.009277,ay:-0.000977,az:-1.022461
ax:0.008789,ay:-0.007324,az:-1.022461
ax:0.023438,ay:-0.005859,az:-1.016113
ax:0.011230,ay:-0.004395,az:-1.018555
ax:0.010254,ay:-0.000977,az:-1.016113
ax:-0.007812,ay:-0.001465,az:-1.015137
ax:0.006836,ay:0.001465,az:-1.017090
ax:0.006836,ay:-0.002930,az:-1.016602
ax:0.005859,ay:-0.001953,az:-1.012207
ax:0.001953,ay:-0.005371,az:-1.011230
ax:0.009277,ay:-0.002441,az:-1.013184
ax:0.004395,ay:-0.002930,az:-1.015137
ax:0.005371,ay:0.001953,az:-1.023438
ax:0.009766,ay:-0.001465,az:-1.012207
ax:0.010254,ay:0.005371,az:-1.026367
ax:0.011719,ay:-0.002441,az:-1.013184
ax:0.034668,ay:-0.003906,az:-1.017090
ax:0.018555,ay:-0.006348,az:-1.011230
ax:0.018066,ay:-0.003418,az:-1.016113
ax:0.007324,ay:-0.005859,az:-1.012695
ax:0.010742,ay:-0.007324,az:-1.018555
ax:0.007812,ay:-0.004883,az:-1.010254
ax:0.005371,ay:-0.001953,az:-1.016602
ax:0.005371,ay:0.000488,az:-1.019043
ax:0.011719,ay:-0.002441,az:-1.014160
