ets Jul 29 2019 12:21:46

rst:0x1 (POWERON_RESET),boot:0x13 (SPI_FAST_FLASH_BOOT)
configsip: 0, SPIWP:0xee
clk_drv:0x00,q_drv:0x00,d_drv:0x00,cs0_drv:0x00,hd_drv:0x00,wp_drv:0x00
mode:DIO, clock div:2
load:0x3fff0030,len:1184
load:0x40078000,len:13192
load:0x40080400,len:3028
entry 0x400805e4

- -10 -
- -20 -
- -30 -
- -40 -
- -50 -
- -60 -
2.057446	-60.000000
- -70 -
- -80 -
- -90 -
- -100 -
123.958447	-100.000000
87.438757	-100.000000
87.612419	-100.000000
87.091608	-100.000000
71.896091	-100.000000
66.686096	-100.000000
80.752856	-100.000000
80.752856	-100.000000
80.752856	-100.000000
80.839687	-100.000000
80.752856	-100.000000
80.752856	-100.000000
80.752856	-100.000000
80.839687	-100.000000
80.752856	-100.000000
- -90 -
80.231869	-90.000000
- -80 -
- -70 -
- -60 -
- -50 -
- -40 -
- -30 -
- -20 -
- -10 -
- 0 -
33.950864	0.000000
- 10 -
- 20 -
- 30 -
- 40 -
- 50 -
- 60 -
- 70 -
- 80 -
56.700548	80.000000
- 90 -
- 100 -
80.666025	100.000000
80.752856	100.000000
80.752856	100.000000
80.839687	100.000000
80.752856	100.000000
80.839687	100.000000
80.839687	100.000000
80.839687	100.000000
80.839687	100.000000
80.839687	100.000000
80.926518	100.000000
80.839687	100.000000
80.839687	100.000000
80.926518	100.000000
- 80 -
- 70 -
- 60 -
- 50 -
- 40 -
- 30 -
- 20 -
- 10 -
- 0 -
- -10 -
- -20 -
- -30 -
- -40 -
- -50 -
- -60 -
- -70 -
- -80 -
- -90 -
- -100 -
91.085748	-100.000000
80.839687	-100.000000
80.839687	-100.000000
- -90 -
- -80 -
- -70 -
- -60 -
- -50 -
87.352014	-50.000000
- -40 -
- -30 -
- -20 -
- -10 -
- 0 -
- 10 -
- 0 -
61.736861	0.000000
- 10 -
- 20 -
- 30 -
- 40 -
- 50 -
- 60 -
64.645571	60.000000
- 70 -
- 80 -
- 90 -
- 100 -
89.783282	100.000000
- 90 -
- 80 -
- 70 -
- 60 -
- 50 -
- 40 -
- 30 -
- 20 -
- 10 -
88.480817	10.000000
- 0 -
- 10 -
- 20 -
- 30 -
- 40 -
- 50 -
- 60 -
- 70 -
- 80 -
- 90 -
- 100 -
- 90 -
- 80 -
- 70 -
26.830716	70.000000
- 60 -
- 40 -
- 30 -
- 20 -
- 10 -
- 0 -
- -10 -
- 0 -
- -10 -
- 0 -
- -10 -
- 0 -
- -10 -
- 0 -
- -10 -
- 0 -
- -10 -
- 0 -
- -10 -
- 0 -
- -10 -
- 0 -
- -10 -
- 0 -
- -10 -
- 0 -
- -10 -
- 0 -
- -10 -
- 0 -
- -10 -
- -20 -
38.856807	-20.000000
- -30 -
- -40 -
- -30 -
- -40 -
- -30 -
- -40 -
- -30 -
- -40 -
- -30 -
- -40 -
- -50 -
- -60 -
56.700548	-60.000000
66.773060	-60.000000
63.386650	-60.000000
66.078412	-60.000000
- -70 -
- -60 -
- -70 -
- -60 -
- -70 -
77.453277	-70.000000
82.489476	-70.000000
79.884545	-70.000000
80.145038	-70.000000
78.147925	-70.000000
- -80 -
- -90 -
- -100 -
84.226097	-100.000000
80.926518	-100.000000
80.926518	-100.000000
80.926518	-100.000000
80.926518	-100.000000
80.926518	-100.000000
80.926518	-100.000000
81.013349	-100.000000
80.926518	-100.000000
80.926518	-100.000000
81.013349	-100.000000
80.926518	-100.000000
81.013349	-100.000000
80.926518	-100.000000
- -90 -
- -80 -
- -70 -
- -60 -
96.816596	-60.000000
- -50 -
- -40 -
- -30 -
- -20 -
- -30 -
- -40 -
- -50 -
- -60 -
87.873000	-60.000000
- -70 -
- -60 -
- -50 -
- -40 -
- -30 -
- -20 -
- -30 -
- -40 -
- -50 -
- -60 -
92.822368	-60.000000
- -50 -
- -40 -
- -30 -
- -20 -
- -10 -
- 0 -
- -10 -
- -20 -
- -30 -
- -40 -
- -50 -
- -60 -
- -70 -
- -80 -
80.839687	-80.000000
- -70 -
- -60 -
- -50 -
- -40 -
- -30 -
- -20 -
- -10 -
- 0 -
- 10 -
- 20 -
- 30 -
- 20 -
- 10 -
- 0 -
- -10 -
- -20 -
64.775817	-20.000000
- -30 -
81.794828	-30.000000
75.542994	-30.000000
- -40 -
- -50 -
- -60 -
87.091521	-60.000000
86.396872	-60.000000
- -50 -
- -60 -
- -50 -
- -60 -
- -50 -
- -60 -
- -50 -
- -60 -
88.567648	-60.000000
- -50 -
- -60 -
- -50 -
- -60 -
- -50 -
- -60 -
- -50 -
- -40 -
- -30 -
- -20 -
- -10 -
- 0 -
87.959831	0.000000
- 10 -
- 20 -
80.752856	20.000000
85.962717	20.000000
86.310041	20.000000
85.962717	20.000000
85.962717	20.000000
85.962717	20.000000
86.223210	20.000000
86.136379	20.000000
86.049548	20.000000
85.875886	20.000000
86.136379	20.000000
85.875886	20.000000
86.223210	20.000000
85.875886	20.000000
85.875886	20.000000
86.049548	20.000000
86.310041	20.000000
- 10 -
- 0 -
- -10 -
- -20 -
- -30 -
- -40 -
- -50 -
- -60 -
- -70 -
- -80 -
- -90 -
- -100 -
81.100099	-100.000000
80.926518	-100.000000
80.926437	-100.000000
81.013349	-100.000000
81.013268	-100.000000
- -90 -
- -80 -
- -70 -
- -60 -
- -50 -
- -40 -
87.612507	-40.000000
81.534253	-40.000000
- -30 -
- -20 -
- -10 -
- 0 -
- 10 -
- 20 -
- 30 -
73.632711	30.000000
- 40 -
- 50 -
- 60 -
- 70 -
- 80 -
114.877335	80.000000
122.779073	80.000000
122.865904	80.000000
122.778950	80.000000
122.952735	80.000000
122.865781	80.000000
122.865904	80.000000ets Jul 29 2019 12:21:46

rst:0x1 (POWERON_RESET),boot:0x13 (SPI_FAST_FLASH_BOOT)
configsip: 0, SPIWP:0xee
clk_drv:0x00,q_drv:0x00,d_drv:0x00,cs0_drv:0x00,hd_drv:0x00,wp_drv:0x00
mode:DIO, clock div:2
load:0x3fff0030,len:1184
load:0x40078000,len:13192
load:0x40080400,len:3028
entry 0x400805e4

- 80 -
123.038090	80.000000
123.091859	80.000000
123.039566	80.000000
123.039443	80.000000
123.126274	80.000000
123.039566	80.000000
123.039443	80.000000
- 70 -
- 60 -
- 70 -
- 60 -
- 70 -
117.829822	70.000000
- 60 -
- 70 -
- 60 -
- 70 -
- 80 -
- 90 -
- 100 -
89.956855	100.000000
81.186930	100.000000
81.100099	100.000000
81.100099	100.000000
81.100099	100.000000
81.186930	100.000000
81.100099	100.000000
81.186930	100.000000
- 90 -
- 80 -
- 70 -
86.483617	70.000000
- 60 -
- 50 -
- 40 -
- 30 -
90.564671	30.000000
- 20 -
86.223124	20.000000
86.483617	20.000000
86.309955	20.000000
86.049462	20.000000
86.570448	20.000000
85.702138	20.000000
71.678834	20.000000
86.049462	20.000000
85.962631	20.000000
86.309955	20.000000
85.962631	20.000000
- 30 -
- 20 -
86.223124	20.000000
86.309955	20.000000
85.962631	20.000000
85.962631	20.000000
86.049462	20.000000
86.223124	20.000000
86.049462	20.000000
- 10 -
83.531365	10.000000
- 0 -
- -10 -
- -20 -
- -30 -
- -20 -
- -30 -
- -20 -
- -30 -
34.066604	-30.000000
- -20 -
- -30 -
- -20 -
- -30 -
- -20 -
- -30 -
- -20 -
- -30 -
- -20 -
- -30 -
- -20 -
84.920660	-20.000000
- -30 -
- -20 -
- -30 -
- -20 -
- -30 -
- -20 -
- -30 -
- -20 -
84.746998	-20.000000
- -30 -
- -20 -
- -30 -
- -20 -
- -30 -
- -20 -
- -30 -
- -20 -
- -30 -
- -20 -
- -30 -
- -20 -
- -30 -
- -20 -
- -30 -
- -20 -
- -30 -
- -20 -
85.788969	-20.000000
- -30 -
- -20 -
- -30 -
- -20 -
- -30 -
- -20 -
- -30 -
88.914883	-30.000000
92.040797	-30.000000
92.301290	-30.000000
- -40 -
91.867135	-40.000000
- -50 -
- -40 -
- -50 -
93.603754	-50.000000
- -60 -
- -70 -
- -80 -
- -90 -
103.241988	-90.000000
- -100 -
84.660167	-100.000000
- -90 -
85.267984	-90.000000
- -80 -
- -70 -
- -60 -
- -50 -
- -40 -
- -30 -
- -20 -
100.202906	-20.000000
- -10 -
- 0 -
- -10 -
- 0 -
- -10 -
- -20 -
14.442844	-20.000000
83.791858	-20.000000
- -30 -
- -40 -
- -50 -
- -60 -
- -70 -
- -80 -
- -90 -
- -100 -
87.265095	-100.000000
80.665944	-100.000000
80.665944	-100.000000
80.665944	-100.000000
80.665944	-100.000000
80.665944	-100.000000
- -90 -
- -80 -
- -70 -
114.182687	-70.000000
- -60 -
- -50 -
- -40 -
- -30 -
- -20 -
- -10 -
- 0 -
81.707997	0.000000
- 10 -
74.761440	10.000000
80.839606	10.000000
82.315732	10.000000
82.663056	10.000000
81.968408	10.000000
81.360591	10.000000
81.621084	10.000000
82.749886	10.000000
81.968490	10.000000
81.534253	10.000000
81.534253	10.000000
82.402563	10.000000
82.402563	10.000000
81.360591	10.000000
60.347413	10.000000
81.968408	10.000000
81.621084	10.000000
82.228901	10.000000
82.228983	10.000000
- 0 -
- -10 -
- -20 -
- -30 -
- -40 -
- -30 -
- -20 -
- -10 -
- 0 -
- 10 -
- 20 -
- 30 -
- 40 -
- 50 -
79.016156	50.000000
- 40 -
- 30 -
- 20 -
- 10 -
- 0 -
- -10 -
- -30 -
- -40 -
- -50 -
- -60 -
- -50 -
- -40 -
- -30 -
- -20 -
- -10 -
- 0 -
- 10 -
- 20 -
- 30 -
- 40 -
85.702138	40.000000
- 30 -
- 20 -
- 10 -
- 0 -
- -10 -
- -20 -
- -30 -
- -40 -
- -50 -
- -60 -
- -50 -
- -40 -
- -30 -
- -10 -
- 0 -
- 10 -
- 20 -
- 30 -
- 40 -
84.226097	40.000000
89.783193	40.000000
90.043685	40.000000
- 50 -
- 60 -
- 70 -
- 80 -
- 90 -
- 100 -
95.948189	100.000000
80.839606	100.000000
80.839606	100.000000
80.839606	100.000000
80.839606	100.000000
80.926437	100.000000
80.839606	100.000000
80.926437	100.000000
80.839606	100.000000
80.926437	100.000000
80.926437	100.000000
80.839606	100.000000
80.926437	100.000000
80.926437	100.000000
80.926437	100.000000
80.839606	100.000000
80.926437	100.000000
80.926437	100.000000
80.926437	100.000000
80.926437	100.000000
81.013349	100.000000
80.926518	100.000000
80.926437	100.000000
80.926437	100.000000
80.926437	100.000000
81.013268	100.000000
80.926437	100.000000
81.013268	100.000000
80.926437	100.000000
80.926437	100.000000
81.013268	100.000000
80.926437	100.000000
81.013268	100.000000
81.013268	100.000000
80.926437	100.000000
81.013268	100.000000
81.013268	100.000000
80.926437	100.000000
81.013268	100.000000
81.013268	100.000000
81.013268	100.000000
80.926437	100.000000
81.013349	100.000000
81.013268	100.000000
81.013268	100.000000
81.013268	100.000000
81.013268	100.000000
- 90 -
- 80 -
- 70 -
- 60 -
- 50 -
- 40 -
92.561783	40.000000
90.217347	40.000000
- 30 -
- 40 -
89.870024	40.000000
- 30 -
- 40 -
89.696362	40.000000
- 30 -
- 40 -
89.783193	40.000000
89.522700	40.000000
88.914883	40.000000
89.088545	40.000000
- 30 -
- 40 -
- 30 -
- 40 -
89.349038	40.000000
- 30 -
- 40 -
89.522700	40.000000
- 30 -
- 40 -
- 30 -
- 40 -
89.696362	40.000000
89.001714	40.000000
- 30 -
89.522700	30.000000
88.654390	30.000000
88.654390	30.000000
88.741221	30.000000
88.828052	30.000000
88.741221	30.000000
88.741221	30.000000
88.654390	30.000000
88.741221	30.000000
88.828052	30.000000
88.741310	30.000000
88.828052	30.000000
88.654390	30.000000
88.741221	30.000000
88.828052	30.000000
88.741221	30.000000
88.741221	30.000000
88.654390	30.000000
88.741221	30.000000
88.914883	30.000000
88.741221	30.000000
88.741221	30.000000
88.828052	30.000000
88.654390	30.000000
88.828052	30.000000
88.828052	30.000000
88.654390	30.000000
88.567559	30.000000
88.914883	30.000000
88.741221	30.000000