ets Jul 29 2019 12:21:46

rst:0x1 (POWERON_RESET),boot:0x13 (SPI_FAST_FLASH_BOOT)
configsip: 0, SPIWP:0xee
clk_drv:0x00,q_drv:0x00,d_drv:0x00,cs0_drv:0x00,hd_drv:0x00,wp_drv:0x00
mode:DIO, clock div:2
load:0x3fff0030,len:1184
load:0x40078000,len:13192
load:0x40080400,len:3028
entry 0x400805e4
Printing Data
i,time,y0,y1,y2,y3,y4,du1,du2,du3,du4,U1,du
0,3008909,-0.02204747,-0.02205975,-0.02205569,-0.02196681,-0.02191459,0.00000000,0.00000000,0.00000000,0.00000000,0.00000000,-0.13023781
1,3018909,-0.02199544,-0.02204747,-0.02205975,-0.02205569,-0.02196681,-0.13023781,0.00000000,0.00000000,0.00000000,-0.13023781,-0.12803267
2,3028916,-0.02253897,-0.02199544,-0.02204747,-0.02205975,-0.02205569,-0.12803267,-0.13023781,0.00000000,0.00000000,-0.25827048,-0.17694116
3,3038915,-0.02273489,-0.02253897,-0.02199544,-0.02204747,-0.02205975,-0.17694116,-0.12803267,-0.13023781,0.00000000,-0.43521164,-0.13923917
4,3048916,-0.02296697,-0.02273489,-0.02253897,-0.02199544,-0.02204747,-0.13923917,-0.17694116,-0.12803267,-0.13023781,-0.57445081,-0.15312385
5,3058910,-0.02370859,-0.02296697,-0.02273489,-0.02253897,-0.02199544,-0.15312385,-0.13923917,-0.17694116,-0.12803267,-0.72757466,-0.19314060
6,3068913,-0.02512092,-0.02370859,-0.02296697,-0.02273489,-0.02253897,-0.19314060,-0.15312385,-0.13923917,-0.17694116,-0.92071526,-0.21693775
7,3078910,-0.02570915,-0.02512092,-0.02370859,-0.02296697,-0.02273489,-0.21693775,-0.19314060,-0.15312385,-0.13923917,-1.13765301,-0.13930774
8,3088909,-0.02369127,-0.02570915,-0.02512092,-0.02370859,-0.02296697,-0.13930774,-0.21693775,-0.19314060,-0.15312385,-1.27696075,0.00453656
9,3098909,-0.02010150,-0.02369127,-0.02570915,-0.02512092,-0.02370859,0.00453656,-0.13930774,-0.21693775,-0.19314060,-1.27242419,0.01290190
10,3108909,-0.01663102,-0.02010150,-0.02369127,-0.02570915,-0.02512092,0.01290190,0.00453656,-0.13930774,-0.21693775,-1.25952229,-0.03375097
11,3118909,-0.01359827,-0.01663102,-0.02010150,-0.02369127,-0.02570915,-0.03375097,0.01290190,0.00453656,-0.13930774,-1.29327326,-0.03026058
12,3128909,-0.01147670,-0.01359827,-0.01663102,-0.02010150,-0.02369127,-0.03026058,-0.03375097,0.01290190,0.00453656,-1.32353383,-0.06698098
13,3138909,-0.01024031,-0.01147670,-0.01359827,-0.01663102,-0.02010150,-0.06698098,-0.03026058,-0.03375097,0.01290190,-1.39051481,-0.08113585
14,3148909,-0.00862256,-0.01024031,-0.01147670,-0.01359827,-0.01663102,-0.08113585,-0.06698098,-0.03026058,-0.03375097,-1.47165066,-0.00352499
15,3158909,-0.00551756,-0.00862256,-0.01024031,-0.01147670,-0.01359827,-0.00352499,-0.08113585,-0.06698098,-0.03026058,-1.47517566,0.09233489
16,3168909,-0.00220151,-0.00551756,-0.00862256,-0.01024031,-0.01147670,0.09233489,-0.00352499,-0.08113585,-0.06698098,-1.38284077,0.06076545
17,3178909,0.00062109,-0.00220151,-0.00551756,-0.00862256,-0.01024031,0.06076545,0.09233489,-0.00352499,-0.08113585,-1.32207532,0.04600713
18,3188909,0.00296496,0.00062109,-0.00220151,-0.00551756,-0.00862256,0.04600713,0.06076545,0.09233489,-0.00352499,-1.27606819,0.05419820
19,3198909,0.00530861,0.00296496,0.00062109,-0.00220151,-0.00551756,0.05419820,0.04600713,0.06076545,0.09233489,-1.22186999,0.08143431
20,3208909,0.00777175,0.00530861,0.00296496,0.00062109,-0.00220151,0.08143431,0.05419820,0.04600713,0.06076545,-1.14043568,0.10473494
21,3218909,0.01038621,0.00777175,0.00530861,0.00296496,0.00062109,0.10473494,0.08143431,0.05419820,0.04600713,-1.03570074,0.12731192
22,3228909,0.01355115,0.01038621,0.00777175,0.00530861,0.00296496,0.12731192,0.10473494,0.08143431,0.05419820,-0.90838882,0.17859515
23,3238909,0.01675690,0.01355115,0.01038621,0.00777175,0.00530861,0.17859515,0.12731192,0.10473494,0.08143431,-0.72979368,0.17629346
24,3248909,0.01994106,0.01675690,0.01355115,0.01038621,0.00777175,0.17629346,0.17859515,0.12731192,0.10473494,-0.55350022,0.19434664
25,3258911,0.02283788,0.01994106,0.01675690,0.01355115,0.01038621,0.19434664,0.17629346,0.17859515,0.12731192,-0.35915358,0.19677100
26,3268909,0.02549145,0.02283788,0.01994106,0.01675690,0.01355115,0.19677100,0.19434664,0.17629346,0.17859515,-0.16238258,0.20710217
27,3278909,0.02809112,0.02549145,0.02283788,0.01994106,0.01675690,0.20710217,0.19677100,0.19434664,0.17629346,0.04471959,0.23204949
28,3288909,0.03115681,0.02809112,0.02549145,0.02283788,0.01994106,0.23204949,0.20710217,0.19677100,0.19434664,0.27676908,0.28333460
29,3298909,0.03397102,0.03115681,0.02809112,0.02549145,0.02283788,0.28333460,0.23204949,0.20710217,0.19677100,0.56010369,0.26342281
30,3308909,0.03827083,0.03397102,0.03115681,0.02809112,0.02549145,0.26342281,0.28333460,0.23204949,0.20710217,0.82352650,0.40292396
31,3318909,0.04752792,0.03827083,0.03397102,0.03115681,0.02809112,0.40292396,0.26342281,0.28333460,0.23204949,1.22645045,0.72215854
32,3328909,0.04785892,0.04752792,0.03827083,0.03397102,0.03115681,0.72215854,0.40292396,0.26342281,0.28333460,1.94860899,-0.09931038
33,3338909,0.04704675,0.04785892,0.04752792,0.03827083,0.03397102,-0.09931038,0.72215854,0.40292396,0.26342281,1.84929862,0.25627665
34,3348909,0.04432206,0.04704675,0.04785892,0.04752792,0.03827083,0.25627665,-0.09931038,0.72215854,0.40292396,2.10557527,0.15964773
35,3358911,0.04172113,0.04432206,0.04704675,0.04785892,0.04752792,0.15964773,0.25627665,-0.09931038,0.72215854,2.26522300,0.15922850
36,3368909,0.04038293,0.04172113,0.04432206,0.04704675,0.04785892,0.15922850,0.15964773,0.25627665,-0.09931038,2.42445151,0.30522606
37,3378909,0.03713520,0.04038293,0.04172113,0.04432206,0.04704675,0.30522606,0.15922850,0.15964773,0.25627665,2.72967757,0.07151821
38,3388909,0.03368942,0.03713520,0.04038293,0.04172113,0.04432206,0.07151821,0.30522606,0.15922850,0.15964773,2.80119578,0.13618613
39,3398909,0.03192396,0.03368942,0.03713520,0.04038293,0.04172113,0.13618613,0.07151821,0.30522606,0.15922850,2.93738190,0.25239511
40,3408909,0.03023341,0.03192396,0.03368942,0.03713520,0.04038293,0.25239511,0.13618613,0.07151821,0.30522606,3.18977701,0.14227191
41,3418909,0.02833497,0.03023341,0.03192396,0.03368942,0.03713520,0.14227191,0.25239511,0.13618613,0.07151821,3.33204892,0.13662103
42,3428909,0.02642017,0.02833497,0.03023341,0.03192396,0.03368942,0.13662103,0.14227191,0.25239511,0.13618613,3.46866996,0.13712122
43,3438909,0.02274986,0.02642017,0.02833497,0.03023341,0.03192396,0.13712122,0.13662103,0.14227191,0.25239511,3.60579118,-0.01766859
44,3448909,0.01834649,0.02274986,0.02642017,0.02833497,0.03023341,-0.01766859,0.13712122,0.13662103,0.14227191,3.58812258,-0.00591142
45,3458911,0.01420529,0.01834649,0.02274986,0.02642017,0.02833497,-0.00591142,-0.01766859,0.13712122,0.13662103,3.58221116,0.01601607
46,3468909,0.01005950,0.01420529,0.01834649,0.02274986,0.02642017,0.01601607,-0.00591142,-0.01766859,0.13712122,3.59822723,-0.03486034
47,3478909,0.00674379,0.01005950,0.01420529,0.01834649,0.02274986,-0.03486034,0.01601607,-0.00591142,-0.01766859,3.56336690,0.01143840
48,3488909,0.00245709,0.00674379,0.01005950,0.01420529,0.01834649,0.01143840,-0.03486034,0.01601607,-0.00591142,3.57480530,-0.11736748
49,3498909,-0.00273036,0.00245709,0.00674379,0.01005950,0.01420529,-0.11736748,0.01143840,-0.03486034,0.01601607,3.45743782,-0.16772520
50,3508909,-0.00711964,-0.00273036,0.00245709,0.00674379,0.01005950,-0.16772520,-0.11736748,0.01143840,-0.03486034,3.28971262,-0.09622008
51,3518909,-0.01131289,-0.00711964,-0.00273036,0.00245709,0.00674379,-0.09622008,-0.16772520,-0.11736748,0.01143840,3.19349255,-0.16100012
52,3528909,-0.01487509,-0.01131289,-0.00711964,-0.00273036,0.00245709,-0.16100012,-0.09622008,-0.16772520,-0.11736748,3.03249243,-0.14417808
53,3538909,-0.01839073,-0.01487509,-0.01131289,-0.00711964,-0.00273036,-0.14417808,-0.16100012,-0.09622008,-0.16772520,2.88831435,-0.18385003
54,3548909,-0.02422415,-0.01839073,-0.01487509,-0.01131289,-0.00711964,-0.18385003,-0.14417808,-0.16100012,-0.09622008,2.70446432,-0.38442884
55,3558911,-0.02971377,-0.02422415,-0.01839073,-0.01487509,-0.01131289,-0.38442884,-0.18385003,-0.14417808,-0.16100012,2.32003548,-0.28326982
56,3568909,-0.03417154,-0.02971377,-0.02422415,-0.01839073,-0.01487509,-0.28326982,-0.38442884,-0.18385003,-0.14417808,2.03676566,-0.26812649
57,3578909,-0.03788814,-0.03417154,-0.02971377,-0.02422415,-0.01839073,-0.26812649,-0.28326982,-0.38442884,-0.18385003,1.76863918,-0.30127350
58,3588909,-0.04200880,-0.03788814,-0.03417154,-0.02971377,-0.02422415,-0.30127350,-0.26812649,-0.28326982,-0.38442884,1.46736568,-0.36582216
59,3598909,-0.04630790,-0.04200880,-0.03788814,-0.03417154,-0.02971377,-0.36582216,-0.30127350,-0.26812649,-0.28326982,1.10154352,-0.38999384
60,3608909,-0.05041687,-0.04630790,-0.04200880,-0.03788814,-0.03417154,-0.38999384,-0.36582216,-0.30127350,-0.26812649,0.71154968,-0.39952516
61,3618909,-0.05561373,-0.05041687,-0.04630790,-0.04200880,-0.03788814,-0.39952516,-0.38999384,-0.36582216,-0.30127350,0.31202452,-0.51647348
62,3628909,-0.06074007,-0.05561373,-0.05041687,-0.04630790,-0.04200880,-0.51647348,-0.39952516,-0.38999384,-0.36582216,-0.20444896,-0.49090324
63,3638909,-0.06536419,-0.06074007,-0.05561373,-0.05041687,-0.04630790,-0.49090324,-0.51647348,-0.39952516,-0.38999384,-0.69535220,-0.49156944
64,3648909,-0.07217113,-0.06536419,-0.06074007,-0.05561373,-0.05041687,-0.49156944,-0.49090324,-0.51647348,-0.39952516,-1.18692163,-0.70991717
65,3658911,-0.08092765,-0.07217113,-0.06536419,-0.06074007,-0.05561373,-0.70991717,-0.49156944,-0.49090324,-0.51647348,-1.89683880,-0.78212971
66,3668909,-0.08679113,-0.08092765,-0.07217113,-0.06536419,-0.06074007,-0.78212971,-0.70991717,-0.49156944,-0.49090324,-2.67896851,-0.54302694
67,3678909,-0.08661940,-0.08679113,-0.08092765,-0.07217113,-0.06536419,-0.54302694,-0.78212971,-0.70991717,-0.49156944,-3.22199545,-0.29596209
68,3688909,-0.08400101,-0.08661940,-0.08679113,-0.08092765,-0.07217113,-0.29596209,-0.54302694,-0.78212971,-0.70991717,-3.51795754,-0.38244528
69,3698909,-0.07991955,-0.08400101,-0.08661940,-0.08679113,-0.08092765,-0.38244528,-0.29596209,-0.54302694,-0.78212971,-3.90040282,-0.33948736
70,3708909,-0.07536949,-0.07991955,-0.08400101,-0.08661940,-0.08679113,-0.33948736,-0.38244528,-0.29596209,-0.54302694,-4.23989018,-0.34239199
71,3718909,-0.07110910,-0.07536949,-0.07991955,-0.08400101,-0.08661940,-0.34239199,-0.33948736,-0.38244528,-0.29596209,-4.58228217,-0.37832121
72,3728909,-0.06720491,-0.07110910,-0.07536949,-0.07991955,-0.08400101,-0.37832121,-0.34239199,-0.33948736,-0.38244528,-4.96060338,-0.35668652
73,3738909,-0.06449350,-0.06720491,-0.07110910,-0.07536949,-0.07991955,-0.35668652,-0.37832121,-0.34239199,-0.33948736,-5.31728990,-0.40740013
74,3748909,-0.06234410,-0.06449350,-0.06720491,-0.07110910,-0.07536949,-0.40740013,-0.35668652,-0.37832121,-0.34239199,-5.72469003,-0.37939451
75,3758909,-0.05875349,-0.06234410,-0.06449350,-0.06720491,-0.07110910,-0.37939451,-0.40740013,-0.35668652,-0.37832121,-6.10408454,-0.23380727
76,3768909,-0.05313040,-0.05875349,-0.06234410,-0.06449350,-0.06720491,-0.23380727,-0.37939451,-0.40740013,-0.35668652,-6.33789181,-0.13650880
77,3778909,-0.04778972,-0.05313040,-0.05875349,-0.06234410,-0.06449350,-0.13650880,-0.23380727,-0.37939451,-0.40740013,-6.47440061,-0.20717641
78,3788909,-0.04247950,-0.04778972,-0.05313040,-0.05875349,-0.06234410,-0.20717641,-0.13650880,-0.23380727,-0.37939451,-6.68157702,-0.14962587
79,3798909,-0.03696942,-0.04247950,-0.04778972,-0.05313040,-0.05875349,-0.14962587,-0.20717641,-0.13650880,-0.23380727,-6.83120289,-0.10377857
80,3808909,-0.03055215,-0.03696942,-0.04247950,-0.04778972,-0.05313040,-0.10377857,-0.14962587,-0.20717641,-0.13650880,-6.93498146,-0.02448416
81,3818909,-0.02485602,-0.03055215,-0.03696942,-0.04247950,-0.04778972,-0.02448416,-0.10377857,-0.14962587,-0.20717641,-6.95946562,-0.06976725
82,3828909,-0.01854946,-0.02485602,-0.03055215,-0.03696942,-0.04247950,-0.06976725,-0.02448416,-0.10377857,-0.14962587,-7.02923286,0.04524548
83,3838909,-0.01133646,-0.01854946,-0.02485602,-0.03055215,-0.03696942,0.04524548,-0.06976725,-0.02448416,-0.10377857,-6.98398739,0.12347869
84,3848909,-0.00614965,-0.01133646,-0.01854946,-0.02485602,-0.03055215,0.12347869,0.04524548,-0.06976725,-0.02448416,-6.86050869,-0.02730151
85,3858911,0.00034828,-0.00614965,-0.01133646,-0.01854946,-0.02485602,-0.02730151,0.12347869,0.04524548,-0.06976725,-6.88781020,0.20784487
86,3868909,0.00662416,0.00034828,-0.00614965,-0.01133646,-0.01854946,0.20784487,-0.02730151,0.12347869,0.04524548,-6.67996534,0.16551136
87,3878909,0.01327541,0.00662416,0.00034828,-0.00614965,-0.01133646,0.16551136,0.20784487,-0.02730151,0.12347869,-6.51445397,0.22984473
88,3888909,0.02109663,0.01327541,0.00662416,0.00034828,-0.00614965,0.22984473,0.16551136,0.20784487,-0.02730151,-6.28460925,0.36553621
89,3898909,0.02817100,0.02109663,0.01327541,0.00662416,0.00034828,0.36553621,0.22984473,0.16551136,0.20784487,-5.91907304,0.28882981
90,3908909,0.03505381,0.02817100,0.02109663,0.01327541,0.00662416,0.28882981,0.36553621,0.22984473,0.16551136,-5.63024323,0.36421189
91,3918909,0.04301323,0.03505381,0.02817100,0.02109663,0.01327541,0.36421189,0.28882981,0.36553621,0.22984473,-5.26603134,0.49832786
92,3928909,0.05605112,0.04301323,0.03505381,0.02817100,0.02109663,0.49832786,0.36421189,0.28882981,0.36553621,-4.76770349,0.85217102
93,3938909,0.06717512,0.05605112,0.04301323,0.03505381,0.02817100,0.85217102,0.49832786,0.36421189,0.28882981,-3.91553247,0.57203021
94,3948909,0.07275693,0.06717512,0.05605112,0.04301323,0.03505381,0.57203021,0.85217102,0.49832786,0.36421189,-3.34350226,0.34420503
95,3958909,0.07849309,0.07275693,0.06717512,0.05605112,0.04301323,0.34420503,0.57203021,0.85217102,0.49832786,-2.99929723,0.66001156
96,3968909,0.08384528,0.07849309,0.07275693,0.06717512,0.05605112,0.66001156,0.34420503,0.57203021,0.85217102,-2.33928566,0.60596388
97,3978909,0.08990001,0.08384528,0.07849309,0.07275693,0.06717512,0.60596388,0.66001156,0.34420503,0.57203021,-1.73332178,0.71177621
98,3988909,0.09639711,0.08990001,0.08384528,0.07849309,0.07275693,0.71177621,0.60596388,0.66001156,0.34420503,-1.02154557,0.78733598
99,3998909,0.10236387,0.09639711,0.08990001,0.08384528,0.07849309,0.78733598,0.71177621,0.60596388,0.66001156,-0.23420959,0.74777669
100,4008909,0.10664239,0.10236387,0.09639711,0.08990001,0.08384528,0.74777669,0.78733598,0.71177621,0.60596388,0.51356709,0.70044643
101,4018909,0.11405676,0.10664239,0.10236387,0.09639711,0.08990001,0.70044643,0.74777669,0.78733598,0.71177621,1.21401352,1.03094253
102,4028909,0.11822116,0.11405676,0.10664239,0.10236387,0.09639711,1.03094253,0.70044643,0.74777669,0.78733598,2.24495605,0.68500393
103,4038909,0.12049624,0.11822116,0.11405676,0.10664239,0.10236387,0.68500393,1.03094253,0.70044643,0.74777669,2.92995998,0.73154522
104,4048909,0.12927452,0.12049624,0.11822116,0.11405676,0.10664239,0.73154522,0.68500393,1.03094253,0.70044643,3.66150520,1.32552526
105,4058909,0.12853800,0.12927452,0.12049624,0.11822116,0.11405676,1.32552526,0.73154522,0.68500393,1.03094253,4.98703046,0.33843734
106,4068909,0.12543946,0.12853800,0.12927452,0.12049624,0.11822116,0.33843734,1.32552526,0.73154522,0.68500393,5.32546779,0.64533415
107,4078909,0.12587323,0.12543946,0.12853800,0.12927452,0.12049624,0.64533415,0.33843734,1.32552526,0.73154522,5.97080194,1.01128008
108,4088909,0.12099613,0.12587323,0.12543946,0.12853800,0.12927452,1.01128008,0.64533415,0.33843734,1.32552526,6.98208202,0.35174081
109,4098909,0.11752206,0.12099613,0.12587323,0.12543946,0.12853800,0.35174081,1.01128008,0.64533415,0.33843734,7.33382283,0.76545913
110,4108909,0.11600469,0.11752206,0.12099613,0.12587323,0.12543946,0.76545913,0.35174081,1.01128008,0.64533415,8.09928195,0.81635618
111,4118909,0.10990116,0.11600469,0.11752206,0.12099613,0.12587323,0.81635618,0.76545913,0.35174081,1.01128008,8.91563813,0.31692508
112,4128909,0.10568154,0.10990116,0.11600469,0.11752206,0.12099613,0.31692508,0.81635618,0.76545913,0.35174081,9.23256321,0.70574306
113,4138909,0.09886337,0.10568154,0.10990116,0.11600469,0.11752206,0.70574306,0.31692508,0.81635618,0.76545913,9.93830627,0.37000653
114,4148909,0.09190990,0.09886337,0.10568154,0.10990116,0.11600469,0.37000653,0.70574306,0.31692508,0.81635618,10.30831280,0.40386603
115,4158911,0.08314842,0.09190990,0.09886337,0.10568154,0.10990116,0.40386603,0.37000653,0.70574306,0.31692508,10.71217884,0.29023426
116,4168909,0.07464095,0.08314842,0.09190990,0.09886337,0.10568154,0.29023426,0.40386603,0.37000653,0.70574306,11.00241310,0.28851795
117,4178909,0.06617400,0.07464095,0.08314842,0.09190990,0.09886337,0.28851795,0.29023426,0.40386603,0.37000653,11.29093105,0.24738561
118,4188909,0.05668347,0.06617400,0.07464095,0.08314842,0.09190990,0.24738561,0.28851795,0.29023426,0.40386603,11.53831666,0.10856501
119,4198909,0.04839660,0.05668347,0.06617400,0.07464095,0.08314842,0.10856501,0.24738561,0.28851795,0.29023426,11.64688167,0.19160619
120,4208909,0.04106496,0.04839660,0.05668347,0.06617400,0.07464095,0.19160619,0.10856501,0.24738561,0.28851795,11.83848786,0.14782965
121,4218909,0.03267020,0.04106496,0.04839660,0.05668347,0.06617400,0.14782965,0.19160619,0.10856501,0.24738561,11.98631751,-0.02460040
122,4228909,0.02294346,0.03267020,0.04106496,0.04839660,0.05668347,-0.02460040,0.14782965,0.19160619,0.10856501,11.96171712,-0.10804296
123,4238909,0.01413654,0.02294346,0.03267020,0.04106496,0.04839660,-0.10804296,-0.02460040,0.14782965,0.19160619,11.85367415,-0.05200195
124,4248909,0.00394729,0.01413654,0.02294346,0.03267020,0.04106496,-0.05200195,-0.10804296,-0.02460040,0.14782965,11.80167221,-0.26316571
125,4258912,-0.00768921,0.00394729,0.01413654,0.02294346,0.03267020,-0.26316571,-0.05200195,-0.10804296,-0.02460040,11.53850650,-0.36096266
126,4268909,-0.01800845,-0.00768921,0.00394729,0.01413654,0.02294346,-0.36096266,-0.26316571,-0.05200195,-0.10804296,11.17754384,-0.26490026
127,4278909,-0.02953378,-0.01800845,-0.00768921,0.00394729,0.01413654,-0.26490026,-0.36096266,-0.26316571,-0.05200195,10.91264358,-0.50027001
128,4288909,-0.04097968,-0.02953378,-0.01800845,-0.00768921,0.00394729,-0.50027001,-0.26490026,-0.36096266,-0.26316571,10.41237357,-0.50120679
129,4298909,-0.05299004,-0.04097968,-0.02953378,-0.01800845,-0.00768921,-0.50120679,-0.50027001,-0.26490026,-0.36096266,9.91116678,-0.60732093
130,4308909,-0.06592097,-0.05299004,-0.04097968,-0.02953378,-0.01800845,-0.60732093,-0.50120679,-0.50027001,-0.26490026,9.30384585,-0.74641182
131,4318909,-0.07780241,-0.06592097,-0.05299004,-0.04097968,-0.02953378,-0.74641182,-0.60732093,-0.50120679,-0.50027001,8.55743402,-0.69496092
132,4328909,-0.09286213,-0.07780241,-0.06592097,-0.05299004,-0.04097968,-0.69496092,-0.74641182,-0.60732093,-0.50120679,7.86247311,-1.05884737
133,4338909,-0.10756521,-0.09286213,-0.07780241,-0.06592097,-0.05299004,-1.05884737,-0.69496092,-0.74641182,-0.60732093,6.80362573,-0.98080191
134,4348909,-0.11547324,-0.10756521,-0.09286213,-0.07780241,-0.06592097,-0.98080191,-1.05884737,-0.69496092,-0.74641182,5.82282383,-0.59118738
135,4358909,-0.12404613,-0.11547324,-0.10756521,-0.09286213,-0.07780241,-0.59118738,-0.98080191,-1.05884737,-0.69496092,5.23163644,-1.03372811
136,4368909,-0.13305246,-0.12404613,-0.11547324,-0.10756521,-0.09286213,-1.03372811,-0.59118738,-0.98080191,-1.05884737,4.19790834,-1.04483809
137,4378909,-0.13929351,-0.13305246,-0.12404613,-0.11547324,-0.10756521,-1.04483809,-1.03372811,-0.59118738,-0.98080191,3.15307025,-0.86103290
138,4388909,-0.14511453,-0.13929351,-0.13305246,-0.12404613,-0.11547324,-0.86103290,-1.04483809,-1.03372811,-0.59118738,2.29203735,-1.05808548
139,4398909,-0.15165469,-0.14511453,-0.13929351,-0.13305246,-0.12404613,-1.05808548,-0.86103290,-1.04483809,-1.03372811,1.23395187,-1.13418771
140,4408909,-0.15529052,-0.15165469,-0.14511453,-0.13929351,-0.13305246,-1.13418771,-1.05808548,-0.86103290,-1.04483809,0.09976417,-0.91815437
141,4418909,-0.15691887,-0.15529052,-0.15165469,-0.14511453,-0.13929351,-0.91815437,-1.13418771,-1.05808548,-0.86103290,-0.81839021,-0.95908163
142,4428909,-0.16204466,-0.15691887,-0.15529052,-0.15165469,-0.14511453,-0.95908163,-0.91815437,-1.13418771,-1.05808548,-1.77747184,-1.30383222
143,4438909,-0.16369792,-0.16204466,-0.15691887,-0.15529052,-0.15165469,-1.30383222,-0.95908163,-0.91815437,-1.13418771,-3.08130406,-0.89814799
144,4448909,-0.16258570,-0.16369792,-0.16204466,-0.15691887,-0.15529052,-0.89814799,-1.30383222,-0.95908163,-0.91815437,-3.97945205,-0.89495253
145,4458909,-0.17015495,-0.16258570,-0.16369792,-0.16204466,-0.15691887,-0.89495253,-0.89814799,-1.30383222,-0.95908163,-4.87440459,-1.66162039
146,4468909,-0.16593546,-0.17015495,-0.16258570,-0.16369792,-0.16204466,-1.66162039,-0.89495253,-0.89814799,-1.30383222,-6.53602498,-0.39389362
147,4478909,-0.15562484,-0.16593546,-0.17015495,-0.16258570,-0.16369792,-0.39389362,-1.66162039,-0.89495253,-0.89814799,-6.92991859,-0.51906665
148,4488909,-0.15395232,-0.15562484,-0.16593546,-0.17015495,-0.16258570,-0.51906665,-0.39389362,-1.66162039,-0.89495253,-7.44898524,-1.39402879
149,4498909,-0.14906058,-0.15395232,-0.15562484,-0.16593546,-0.17015495,-1.39402879,-0.51906665,-0.39389362,-1.66162039,-8.84301403,-0.59654779
150,4508909,-0.13873127,-0.14906058,-0.15395232,-0.15562484,-0.16593546,-0.59654779,-1.39402879,-0.51906665,-0.39389362,-9.43956182,-0.43337560
151,4518909,-0.13322742,-0.13873127,-0.14906058,-0.15395232,-0.15562484,-0.43337560,-0.59654779,-1.39402879,-0.51906665,-9.87293742,-1.01974825
152,4528909,-0.12586849,-0.13322742,-0.13873127,-0.14906058,-0.15395232,-1.01974825,-0.43337560,-0.59654779,-1.39402879,-10.89268567,-0.50192231
153,4538909,-0.11351528,-0.12586849,-0.13322742,-0.13873127,-0.14906058,-0.50192231,-1.01974825,-0.43337560,-0.59654779,-11.39460798,-0.23086925
154,4548909,-0.10383560,-0.11351528,-0.12586849,-0.13322742,-0.13873127,-0.23086925,-0.50192231,-1.01974825,-0.43337560,-11.62547723,-0.62772922
155,4558910,-0.09309643,-0.10383560,-0.11351528,-0.12586849,-0.13322742,-0.62772922,-0.23086925,-0.50192231,-1.01974825,-12.25320645,-0.28046520
156,4568909,-0.08250047,-0.09309643,-0.10383560,-0.11351528,-0.12586849,-0.28046520,-0.62772922,-0.23086925,-0.50192231,-12.53367165,-0.29339359
157,4578910,-0.07005691,-0.08250047,-0.09309643,-0.10383560,-0.11351528,-0.29339359,-0.28046520,-0.62772922,-0.23086925,-12.82706524,-0.12990081
158,4588916,-0.05816615,-0.07005691,-0.08250047,-0.09309643,-0.10383560,-0.12990081,-0.29339359,-0.28046520,-0.62772922,-12.95696605,-0.12761493
159,4598916,-0.04529804,-0.05816615,-0.07005691,-0.08250047,-0.09309643,-0.12761493,-0.12990081,-0.29339359,-0.28046520,-13.08458098,0.02415005
160,4608910,-0.03137085,-0.04529804,-0.05816615,-0.07005691,-0.08250047,0.02415005,-0.12761493,-0.12990081,-0.29339359,-13.06043093,0.14809996
161,4618916,-0.01768127,-0.03137085,-0.04529804,-0.05816615,-0.07005691,0.14809996,0.02415005,-0.12761493,-0.12990081,-12.91233097,0.16076371
162,4628916,-0.00418913,-0.01768127,-0.03137085,-0.04529804,-0.05816615,0.16076371,0.14809996,0.02415005,-0.12761493,-12.75156726,0.25663386
163,4638916,0.00909396,-0.00418913,-0.01768127,-0.03137085,-0.04529804,0.25663386,0.16076371,0.14809996,0.02415005,-12.49493340,0.33398285
164,4648916,0.02616379,0.00909396,-0.00418913,-0.01768127,-0.03137085,0.33398285,0.25663386,0.16076371,0.14809996,-12.16095055,0.69462098
165,4658910,0.04211382,0.02616379,0.00909396,-0.00418913,-0.01768127,0.69462098,0.33398285,0.25663386,0.16076371,-11.46632957,0.55062851
166,4668909,0.05193839,0.04211382,0.02616379,0.00909396,-0.00418913,0.55062851,0.69462098,0.33398285,0.25663386,-10.91570106,0.26635293
167,4678909,0.05949800,0.05193839,0.04211382,0.02616379,0.00909396,0.26635293,0.55062851,0.69462098,0.33398285,-10.64934813,0.46708858
168,4688909,0.06666917,0.05949800,0.05193839,0.04211382,0.02616379,0.46708858,0.26635293,0.55062851,0.69462098,-10.18225956,0.54542690
169,4698909,0.07350681,0.06666917,0.05949800,0.05193839,0.04211382,0.54542690,0.46708858,0.26635293,0.55062851,-9.63683266,0.57040981
170,4708909,0.08058369,0.07350681,0.06666917,0.05949800,0.05193839,0.57040981,0.54542690,0.46708858,0.26635293,-9.06642285,0.68069883
171,4718909,0.09184893,0.08058369,0.07350681,0.06666917,0.05949800,0.68069883,0.57040981,0.54542690,0.46708858,-8.38572402,1.01218335
172,4728909,0.10799741,0.09184893,0.08058369,0.07350681,0.06666917,1.01218335,0.68069883,0.57040981,0.54542690,-7.37354067,1.24151362
173,4738909,0.11695336,0.10799741,0.09184893,0.08058369,0.07350681,1.24151362,1.01218335,0.68069883,0.57040981,-6.13202704,0.60993786
174,4748909,0.12300575,0.11695336,0.10799741,0.09184893,0.08058369,0.60993786,1.24151362,1.01218335,0.68069883,-5.52208918,0.81633046
175,4758911,0.13120545,0.12300575,0.11695336,0.10799741,0.09184893,0.81633046,0.60993786,1.24151362,1.01218335,-4.70575873,1.12354434
176,4768909,0.13931549,0.13120545,0.12300575,0.11695336,0.10799741,1.12354434,0.81633046,0.60993786,1.24151362,-3.58221438,1.00267494
177,4778909,0.14482831,0.13931549,0.13120545,0.12300575,0.11695336,1.00267494,1.12354434,0.81633046,0.60993786,-2.57953945,0.93118762
178,4788909,0.14854397,0.14482831,0.13931549,0.13120545,0.12300575,0.93118762,1.00267494,1.12354434,0.81633046,-1.64835182,0.96594309
179,4798909,0.15357388,0.14854397,0.14482831,0.13931549,0.13120545,0.96594309,0.93118762,1.00267494,1.12354434,-0.68240873,1.13553013
180,4808909,0.15867204,0.15357388,0.14854397,0.14482831,0.13931549,1.13553013,0.96594309,0.93118762,1.00267494,0.45312140,1.11105883
181,4818909,0.16392373,0.15867204,0.15357388,0.14854397,0.14482831,1.11105883,1.13553013,0.96594309,0.93118762,1.56418024,1.16213503
182,4828909,0.16475090,0.16392373,0.15867204,0.15357388,0.14854397,1.16213503,1.11105883,1.13553013,0.96594309,2.72631527,0.87801154
183,4838909,0.16081783,0.16475090,0.16392373,0.15867204,0.15357388,0.87801154,1.16213503,1.11105883,1.13553013,3.60432681,0.73171616
184,4848909,0.16782671,0.16081783,0.16475090,0.16392373,0.15867204,0.73171616,0.87801154,1.16213503,1.11105883,4.33604297,1.71849369
185,4858911,0.16092341,0.16782671,0.16081783,0.16475090,0.16392373,1.71849369,0.73171616,0.87801154,1.16213503,6.05453666,0.21195175
186,4868909,0.14990078,0.16092341,0.16782671,0.16081783,0.16475090,0.21195175,1.71849369,0.73171616,0.87801154,6.26648841,0.54956461
187,4878909,0.14450750,0.14990078,0.16092341,0.16782671,0.16081783,0.54956461,0.21195175,1.71849369,0.73171616,6.81605302,1.13128311
188,4888909,0.13603142,0.14450750,0.14990078,0.16092341,0.16782671,1.13128311,0.54956461,0.21195175,1.71849369,7.94733612,0.43324615
189,4898909,0.12785476,0.13603142,0.14450750,0.14990078,0.16092341,0.43324615,1.13128311,0.54956461,0.21195175,8.38058227,0.68185223
190,4908909,0.11991435,0.12785476,0.13603142,0.14450750,0.14990078,0.68185223,0.43324615,1.13128311,0.54956461,9.06243450,0.64772033
191,4918909,0.11109665,0.11991435,0.12785476,0.13603142,0.14450750,0.64772033,0.68185223,0.43324615,1.13128311,9.71015484,0.43747418
192,4928909,0.10267170,0.11109665,0.11991435,0.12785476,0.13603142,0.43747418,0.64772033,0.68185223,0.43324615,10.14762902,0.51501210
193,4938909,0.09418096,0.10267170,0.11109665,0.11991435,0.12785476,0.51501210,0.43747418,0.64772033,0.68185223,10.66264111,0.41797884
194,4948909,0.08213450,0.09418096,0.10267170,0.11109665,0.11991435,0.41797884,0.51501210,0.43747418,0.64772033,11.08061995,0.09783323
195,4958909,0.07166424,0.08213450,0.09418096,0.10267170,0.11109665,0.09783323,0.41797884,0.51501210,0.43747418,11.17845318,0.32047801
196,4968909,0.06004273,0.07166424,0.08213450,0.09418096,0.10267170,0.32047801,0.09783323,0.41797884,0.51501210,11.49893119,0.07811688
197,4978909,0.04774620,0.06004273,0.07166424,0.08213450,0.09418096,0.07811688,0.32047801,0.09783323,0.41797884,11.57704806,-0.00326583
198,4988909,0.03589360,0.04774620,0.06004273,0.07166424,0.08213450,-0.00326583,0.07811688,0.32047801,0.09783323,11.57378224,0.01742152
199,4998909,0.02449795,0.03589360,0.04774620,0.06004273,0.07166424,0.01742152,-0.00326583,0.07811688,0.32047801,11.59120376,-0.07778710
200,5008909,0.01416900,0.02449795,0.03589360,0.04774620,0.06004273,-0.07778710,0.01742152,-0.00326583,0.07811688,11.51341666,-0.08233613
201,5018909,0.00449159,0.01416900,0.02449795,0.03589360,0.04774620,-0.08233613,-0.07778710,0.01742152,-0.00326583,11.43108052,-0.14234188
202,5028909,-0.00568298,0.00449159,0.01416900,0.02449795,0.03589360,-0.14234188,-0.08233613,-0.07778710,0.01742152,11.28873865,-0.27600214
203,5038909,-0.01731916,-0.00568298,0.00449159,0.01416900,0.02449795,-0.27600214,-0.14234188,-0.08233613,-0.07778710,11.01273651,-0.41655589
204,5048909,-0.02681470,-0.01731916,-0.00568298,0.00449159,0.01416900,-0.41655589,-0.27600214,-0.14234188,-0.08233613,10.59618061,-0.27256713
205,5058909,-0.03816045,-0.02681470,-0.01731916,-0.00568298,0.00449159,-0.27256713,-0.41655589,-0.27600214,-0.14234188,10.32361349,-0.57553680
206,5068909,-0.04839436,-0.03816045,-0.02681470,-0.01731916,-0.00568298,-0.57553680,-0.27256713,-0.41655589,-0.27600214,9.74807669,-0.47744438
207,5078909,-0.05845771,-0.04839436,-0.03816045,-0.02681470,-0.01731916,-0.47744438,-0.57553680,-0.27256713,-0.41655589,9.27063231,-0.56612428
208,5088909,-0.06829802,-0.05845771,-0.04839436,-0.03816045,-0.02681470,-0.56612428,-0.47744438,-0.57553680,-0.27256713,8.70450803,-0.65021111
209,5098909,-0.07917513,-0.06829802,-0.05845771,-0.04839436,-0.03816045,-0.65021111,-0.56612428,-0.47744438,-0.57553680,8.05429692,-0.77107029
210,5108909,-0.08890236,-0.07917513,-0.06829802,-0.05845771,-0.04839436,-0.77107029,-0.65021111,-0.56612428,-0.47744438,7.28322663,-0.72082773
211,5118909,-0.10242639,-0.08890236,-0.07917513,-0.06829802,-0.05845771,-0.72082773,-0.77107029,-0.65021111,-0.56612428,6.56239890,-1.11385360
212,5128909,-0.11560722,-0.10242639,-0.08890236,-0.07917513,-0.06829802,-1.11385360,-0.72082773,-0.77107029,-0.65021111,5.44854530,-0.99870270
213,5138909,-0.12049891,-0.11560722,-0.10242639,-0.08890236,-0.07917513,-0.99870270,-1.11385360,-0.72082773,-0.77107029,4.44984260,-0.49313382
214,5148909,-0.12589639,-0.12049891,-0.11560722,-0.10242639,-0.08890236,-0.49313382,-0.99870270,-1.11385360,-0.72082773,3.95670878,-0.97656009
215,5158909,-0.13160310,-0.12589639,-0.12049891,-0.11560722,-0.10242639,-0.97656009,-0.49313382,-0.99870270,-1.11385360,2.98014869,-0.95824945
216,5168909,-0.13532763,-0.13160310,-0.12589639,-0.12049891,-0.11560722,-0.95824945,-0.97656009,-0.49313382,-0.99870270,2.02189924,-0.81019608
217,5178909,-0.13920696,-0.13532763,-0.13160310,-0.12589639,-0.12049891,-0.81019608,-0.95824945,-0.97656009,-0.49313382,1.21170316,-1.00714064
218,5188909,-0.14310611,-0.13920696,-0.13532763,-0.13160310,-0.12589639,-1.00714064,-0.81019608,-0.95824945,-0.97656009,0.20456253,-0.99062338
219,5198909,-0.14498908,-0.14310611,-0.13920696,-0.13532763,-0.13160310,-0.99062338,-1.00714064,-0.81019608,-0.95824945,-0.78606085,-0.86054418
220,5208909,-0.14819882,-0.14498908,-0.14310611,-0.13920696,-0.13532763,-0.86054418,-0.99062338,-1.00714064,-0.81019608,-1.64660503,-1.08686379
221,5218909,-0.14818770,-0.14819882,-0.14498908,-0.14310611,-0.13920696,-1.08686379,-0.86054418,-0.99062338,-1.00714064,-2.73346882,-0.79409064
222,5228909,-0.14605554,-0.14818770,-0.14819882,-0.14498908,-0.14310611,-0.79409064,-1.08686379,-0.86054418,-0.99062338,-3.52755945,-0.78531591
223,5238909,-0.15099345,-0.14605554,-0.14818770,-0.14819882,-0.14498908,-0.78531591,-0.79409064,-1.08686379,-0.86054418,-4.31287536,-1.40179489
224,5248909,-0.14535423,-0.15099345,-0.14605554,-0.14818770,-0.14819882,-1.40179489,-0.78531591,-0.79409064,-1.08686379,-5.71467026,-0.29754369
225,5258909,-0.13370249,-0.14535423,-0.15099345,-0.14605554,-0.14818770,-0.29754369,-1.40179489,-0.78531591,-0.79409064,-6.01221394,-0.35219773
226,5268909,-0.12752721,-0.13370249,-0.14535423,-0.15099345,-0.14605554,-0.35219773,-0.29754369,-1.40179489,-0.78531591,-6.36441167,-0.97816222
227,5278909,-0.12020251,-0.12752721,-0.13370249,-0.14535423,-0.15099345,-0.97816222,-0.35219773,-0.29754369,-1.40179489,-7.34257390,-0.47112804
228,5288911,-0.11110022,-0.12020251,-0.12752721,-0.13370249,-0.14535423,-0.47112804,-0.97816222,-0.35219773,-0.29754369,-7.81370194,-0.43954614
229,5298913,-0.10433452,-0.11110022,-0.12020251,-0.12752721,-0.13370249,-0.43954614,-0.47112804,-0.97816222,-0.35219773,-8.25324808,-0.67447294
230,5308913,-0.09505884,-0.10433452,-0.11110022,-0.12020251,-0.12752721,-0.67447294,-0.43954614,-0.47112804,-0.97816222,-8.92772102,-0.26153742
231,5318913,-0.08513256,-0.09505884,-0.10433452,-0.11110022,-0.12020251,-0.26153742,-0.67447294,-0.43954614,-0.47112804,-9.18925844,-0.30852356
232,5328915,-0.07626427,-0.08513256,-0.09505884,-0.10433452,-0.11110022,-0.30852356,-0.26153742,-0.67447294,-0.43954614,-9.49778200,-0.36596741
233,5338917,-0.06642694,-0.07626427,-0.08513256,-0.09505884,-0.10433452,-0.36596741,-0.30852356,-0.26153742,-0.67447294,-9.86374941,-0.14462264
234,5348909,-0.05639851,-0.06642694,-0.07626427,-0.08513256,-0.09505884,-0.14462264,-0.36596741,-0.30852356,-0.26153742,-10.00837204,-0.14649585
235,5358911,-0.04669940,-0.05639851,-0.06642694,-0.07626427,-0.08513256,-0.14649585,-0.14462264,-0.36596741,-0.30852356,-10.15486789,-0.11491237
236,5368913,-0.03652832,-0.04669940,-0.05639851,-0.06642694,-0.07626427,-0.11491237,-0.14649585,-0.14462264,-0.36596741,-10.26978026,0.01561180
237,5378910,-0.02525959,-0.03652832,-0.04669940,-0.05639851,-0.06642694,0.01561180,-0.11491237,-0.14649585,-0.14462264,-10.25416846,0.12229496
238,5388909,-0.01436227,-0.02525959,-0.03652832,-0.04669940,-0.05639851,0.12229496,0.01561180,-0.11491237,-0.14649585,-10.13187350,0.11895030
239,5398914,-0.00382039,-0.01436227,-0.02525959,-0.03652832,-0.04669940,0.11895030,0.12229496,0.01561180,-0.11491237,-10.01292320,0.18877200
240,5408909,0.00646332,-0.00382039,-0.01436227,-0.02525959,-0.03652832,0.18877200,0.11895030,0.12229496,0.01561180,-9.82415120,0.25139941
241,5418909,0.01708158,0.00646332,-0.00382039,-0.01436227,-0.02525959,0.25139941,0.18877200,0.11895030,0.12229496,-9.57275179,0.34467952
242,5428909,0.03149115,0.01708158,0.00646332,-0.00382039,-0.01436227,0.34467952,0.25139941,0.18877200,0.11895030,-9.22807227,0.67601980
243,5438909,0.04363151,0.03149115,0.01708158,0.00646332,-0.00382039,0.67601980,0.34467952,0.25139941,0.18877200,-8.55205247,0.42688588
244,5448909,0.05094586,0.04363151,0.03149115,0.01708158,0.00646332,0.42688588,0.67601980,0.34467952,0.25139941,-8.12516659,0.26966480
245,5458909,0.05680299,0.05094586,0.04363151,0.03149115,0.01708158,0.26966480,0.42688588,0.67601980,0.34467952,-7.85550179,0.44703465
246,5468909,0.06234754,0.05680299,0.05094586,0.04363151,0.03149115,0.44703465,0.26966480,0.42688588,0.67601980,-7.40846713,0.47970747
247,5478909,0.06878191,0.06234754,0.05680299,0.05094586,0.04363151,0.47970747,0.44703465,0.26966480,0.42688588,-6.92875967,0.59706932
248,5488909,0.07625041,0.06878191,0.06234754,0.05680299,0.05094586,0.59706932,0.47970747,0.44703465,0.26966480,-6.33169035,0.69536815
249,5498909,0.08415412,0.07625041,0.06878191,0.06234754,0.05680299,0.69536815,0.59706932,0.47970747,0.44703465,-5.63632221,0.72042108
250,5508909,0.09194559,0.08415412,0.07625041,0.06878191,0.06234754,0.72042108,0.69536815,0.59706932,0.47970747,-4.91590112,0.75129094
251,5518909,0.09828793,0.09194559,0.08415412,0.07625041,0.06878191,0.75129094,0.72042108,0.69536815,0.59706932,-4.16461019,0.70086526
252,5528909,0.10254281,0.09828793,0.09194559,0.08415412,0.07625041,0.70086526,0.75129094,0.72042108,0.69536815,-3.46374493,0.65179271
253,5538909,0.10920411,0.10254281,0.09828793,0.09194559,0.08415412,0.65179271,0.70086526,0.75129094,0.72042108,-2.81195221,0.94775040
254,5548909,0.11382866,0.10920411,0.10254281,0.09828793,0.09194559,0.94775040,0.65179271,0.70086526,0.75129094,-1.86420181,0.72047798
255,5558909,0.11661367,0.11382866,0.10920411,0.10254281,0.09828793,0.72047798,0.94775040,0.65179271,0.70086526,-1.14372383,0.71664838
256,5568909,0.11905358,0.11661367,0.11382866,0.10920411,0.10254281,0.71664838,0.72047798,0.94775040,0.65179271,-0.42707545,0.81539711
257,5578909,0.12275811,0.11905358,0.11661367,0.11382866,0.10920411,0.81539711,0.71664838,0.72047798,0.94775040,0.38832166,0.89992330
258,5588909,0.12819782,0.12275811,0.11905358,0.11661367,0.11382866,0.89992330,0.81539711,0.71664838,0.72047798,1.28824496,1.00511664
259,5598909,0.12885506,0.12819782,0.12275811,0.11905358,0.11661367,1.00511664,0.89992330,0.81539711,0.71664838,2.29336161,0.62243463
260,5608909,0.12312956,0.12885506,0.12819782,0.12275811,0.11905358,0.62243463,1.00511664,0.89992330,0.81539711,2.91579624,0.38972441
261,5618909,0.13164251,0.12312956,0.12885506,0.12819782,0.12275811,0.38972441,0.62243463,1.00511664,0.89992330,3.30552064,1.67546477
262,5628909,0.13214476,0.13164251,0.12312956,0.12885506,0.12819782,1.67546477,0.38972441,0.62243463,1.00511664,4.98098541,0.43888341
263,5638909,0.12131987,0.13214476,0.13164251,0.12312956,0.12885506,0.43888341,1.67546477,0.38972441,0.62243463,5.41986883,0.03273386
264,5648909,0.11909780,0.12131987,0.13214476,0.13164251,0.12312956,0.03273386,0.43888341,1.67546477,0.38972441,5.45260268,1.20531639
265,5658911,0.11527947,0.11909780,0.12131987,0.13214476,0.13164251,1.20531639,0.03273386,0.43888341,1.67546477,6.65791907,0.47998848
266,5668909,0.10760796,0.11527947,0.11909780,0.12131987,0.13214476,0.47998848,1.20531639,0.03273386,0.43888341,7.13790755,0.32264541
267,5678909,0.10162358,0.10760796,0.11527947,0.11909780,0.12131987,0.32264541,0.47998848,1.20531639,0.03273386,7.46055296,0.68357744
268,5688909,0.09645796,0.10162358,0.10760796,0.11527947,0.11909780,0.68357744,0.32264541,0.47998848,1.20531639,8.14413040,0.49180362
269,5698909,0.08933950,0.09645796,0.10162358,0.10760796,0.11527947,0.49180362,0.68357744,0.32264541,0.47998848,8.63593402,0.31998738
270,5708909,0.08259947,0.08933950,0.09645796,0.10162358,0.10760796,0.31998738,0.49180362,0.68357744,0.32264541,8.95592140,0.43088390
271,5718909,0.07713213,0.08259947,0.08933950,0.09645796,0.10162358,0.43088390,0.31998738,0.49180362,0.68357744,9.38680530,0.42210134
272,5728909,0.06950116,0.07713213,0.08259947,0.08933950,0.09645796,0.42210134,0.43088390,0.31998738,0.49180362,9.80890665,0.17262737
273,5738909,0.06262276,0.06950116,0.07713213,0.08259947,0.08933950,0.17262737,0.42210134,0.43088390,0.31998738,9.98153401,0.30131651
274,5748909,0.05673717,0.06262276,0.06950116,0.07713213,0.08259947,0.30131651,0.17262737,0.42210134,0.43088390,10.28285052,0.28241898
275,5758911,0.05105432,0.05673717,0.06262276,0.06950116,0.07713213,0.28241898,0.30131651,0.17262737,0.42210134,10.56526950,0.19822954
276,5768909,0.04478197,0.05105432,0.05673717,0.06262276,0.06950116,0.19822954,0.28241898,0.30131651,0.17262737,10.76349904,0.13756097
277,5778909,0.03937698,0.04478197,0.05105432,0.05673717,0.06262276,0.13756097,0.19822954,0.28241898,0.30131651,10.90106001,0.17867968
278,5788909,0.03233276,0.03937698,0.04478197,0.05105432,0.05673717,0.17867968,0.13756097,0.19822954,0.28241898,11.07973970,-0.02104160
279,5798909,0.02738844,0.03233276,0.03937698,0.04478197,0.05105432,-0.02104160,0.17867968,0.13756097,0.19822954,11.05869810,0.16567344
280,5808909,0.02076574,0.02738844,0.03233276,0.03937698,0.04478197,0.16567344,-0.02104160,0.17867968,0.13756097,11.22437154,-0.08182446
281,5818909,0.01344321,0.02076574,0.02738844,0.03233276,0.03937698,-0.08182446,0.16567344,-0.02104160,0.17867968,11.14254708,-0.10888455
282,5828909,0.00824848,0.01344321,0.02076574,0.02738844,0.03233276,-0.10888455,-0.08182446,0.16567344,-0.02104160,11.03366253,0.05443196
283,5838909,0.00123845,0.00824848,0.01344321,0.02076574,0.02738844,0.05443196,-0.10888455,-0.08182446,0.16567344,11.08809450,-0.24042967
284,5848909,-0.00510662,0.00123845,0.00824848,0.01344321,0.02076574,-0.24042967,0.05443196,-0.10888455,-0.08182446,10.84766482,-0.13317398
285,5858911,-0.01242359,-0.00510662,0.00123845,0.00824848,0.01344321,-0.13317398,-0.24042967,0.05443196,-0.10888455,10.71449085,-0.26535127
286,5868909,-0.01783515,-0.01242359,-0.00510662,0.00123845,0.00824848,-0.26535127,-0.13317398,-0.24042967,0.05443196,10.44913957,-0.15838253
287,5878909,-0.02315329,-0.01783515,-0.01242359,-0.00510662,0.00123845,-0.15838253,-0.26535127,-0.13317398,-0.24042967,10.29075704,-0.24966706
288,5888909,-0.02882613,-0.02315329,-0.01783515,-0.01242359,-0.00510662,-0.24966706,-0.15838253,-0.26535127,-0.13317398,10.04108998,-0.32589584
289,5898909,-0.03408034,-0.02882613,-0.02315329,-0.01783515,-0.01242359,-0.32589584,-0.24966706,-0.15838253,-0.26535127,9.71519414,-0.29862976
290,5908909,-0.03847727,-0.03408034,-0.02882613,-0.02315329,-0.01783515,-0.29862976,-0.32589584,-0.24966706,-0.15838253,9.41656437,-0.30387094
291,5918909,-0.04295513,-0.03847727,-0.03408034,-0.02882613,-0.02315329,-0.30387094,-0.29862976,-0.32589584,-0.24966706,9.11269343,-0.37636640
292,5928909,-0.04750350,-0.04295513,-0.03847727,-0.03408034,-0.02882613,-0.37636640,-0.30387094,-0.29862976,-0.32589584,8.73632703,-0.39771424
293,5938909,-0.05299672,-0.04750350,-0.04295513,-0.03847727,-0.03408034,-0.39771424,-0.37636640,-0.30387094,-0.29862976,8.33861279,-0.49443015
294,5948909,-0.05739024,-0.05299672,-0.04750350,-0.04295513,-0.03847727,-0.49443015,-0.39771424,-0.37636640,-0.30387094,7.84418264,-0.41071487
295,5958910,-0.05975973,-0.05739024,-0.05299672,-0.04750350,-0.04295513,-0.41071487,-0.49443015,-0.39771424,-0.37636640,7.43346776,-0.34182007
296,5968909,-0.06257453,-0.05975973,-0.05739024,-0.05299672,-0.04750350,-0.34182007,-0.41071487,-0.49443015,-0.39771424,7.09164770,-0.48651353
297,5978909,-0.06961646,-0.06257453,-0.05975973,-0.05739024,-0.05299672,-0.48651353,-0.34182007,-0.41071487,-0.49443015,6.60513416,-0.77392708
298,5988909,-0.07187676,-0.06961646,-0.06257453,-0.05975973,-0.05739024,-0.77392708,-0.48651353,-0.34182007,-0.41071487,5.83120708,-0.27692165
299,5998909,-0.07171800,-0.07187676,-0.06961646,-0.06257453,-0.05975973,-0.27692165,-0.77392708,-0.48651353,-0.34182007,5.55428543,-0.36224525
300,6008909,-0.07063747,-0.07171800,-0.07187676,-0.06961646,-0.06257453,-0.36224525,-0.27692165,-0.77392708,-0.48651353,5.19204019,-0.40780618
301,6018909,-0.06966281,-0.07063747,-0.07171800,-0.07187676,-0.06961646,-0.40780618,-0.36224525,-0.27692165,-0.77392708,4.78423400,-0.39269621
302,6028909,-0.06992809,-0.06966281,-0.07063747,-0.07171800,-0.07187676,-0.39269621,-0.40780618,-0.36224525,-0.27692165,4.39153779,-0.50923207
303,6038909,-0.06827848,-0.06992809,-0.06966281,-0.07063747,-0.07171800,-0.50923207,-0.39269621,-0.40780618,-0.36224525,3.88230572,-0.31348642
304,6048909,-0.06665272,-0.06827848,-0.06992809,-0.06966281,-0.07063747,-0.31348642,-0.50923207,-0.39269621,-0.40780618,3.56881930,-0.39368525
305,6058909,-0.06454439,-0.06665272,-0.06827848,-0.06992809,-0.06966281,-0.39368525,-0.31348642,-0.50923207,-0.39269621,3.17513405,-0.35294222
306,6068909,-0.06191153,-0.06454439,-0.06665272,-0.06827848,-0.06992809,-0.35294222,-0.39368525,-0.31348642,-0.50923207,2.82219183,-0.30279038
307,6078909,-0.05906375,-0.06191153,-0.06454439,-0.06665272,-0.06827848,-0.30279038,-0.35294222,-0.39368525,-0.31348642,2.51940144,-0.31277285
308,6088909,-0.05634726,-0.05906375,-0.06191153,-0.06454439,-0.06665272,-0.31277285,-0.30279038,-0.35294222,-0.39368525,2.20662860,-0.30538014
309,6098909,-0.05307492,-0.05634726,-0.05906375,-0.06191153,-0.06454439,-0.30538014,-0.31277285,-0.30279038,-0.35294222,1.90124845,-0.24086792
310,6108909,-0.04927221,-0.05307492,-0.05634726,-0.05906375,-0.06191153,-0.24086792,-0.30538014,-0.31277285,-0.30279038,1.66038054,-0.21209428
311,6118909,-0.04525733,-0.04927221,-0.05307492,-0.05634726,-0.05906375,-0.21209428,-0.24086792,-0.30538014,-0.31277285,1.44828626,-0.19520875
312,6128909,-0.04184068,-0.04525733,-0.04927221,-0.05307492,-0.05634726,-0.19520875,-0.21209428,-0.24086792,-0.30538014,1.25307751,-0.21809091
313,6138909,-0.03778458,-0.04184068,-0.04525733,-0.04927221,-0.05307492,-0.21809091,-0.19520875,-0.21209428,-0.24086792,1.03498660,-0.12421584
314,6148909,-0.03370551,-0.03778458,-0.04184068,-0.04525733,-0.04927221,-0.12421584,-0.21809091,-0.19520875,-0.21209428,0.91077076,-0.12879788
315,6158911,-0.02914694,-0.03370551,-0.03778458,-0.04184068,-0.04525733,-0.12879788,-0.12421584,-0.21809091,-0.19520875,0.78197289,-0.07077031
316,6168909,-0.02441710,-0.02914694,-0.03370551,-0.03778458,-0.04184068,-0.07077031,-0.12879788,-0.12421584,-0.21809091,0.71120258,-0.04365859
317,6178909,-0.01962285,-0.02441710,-0.02914694,-0.03370551,-0.03778458,-0.04365859,-0.07077031,-0.12879788,-0.12421584,0.66754399,-0.02256920
318,6188909,-0.01484188,-0.01962285,-0.02441710,-0.02914694,-0.03370551,-0.02256920,-0.04365859,-0.07077031,-0.12879788,0.64497478,0.00845359
319,6198909,-0.00984907,-0.01484188,-0.01962285,-0.02441710,-0.02914694,0.00845359,-0.02256920,-0.04365859,-0.07077031,0.65342837,0.05276001
320,6208909,0.00098792,-0.00984907,-0.01484188,-0.01962285,-0.02441710,0.05276001,0.00845359,-0.02256920,-0.04365859,0.70618838,0.49805256
321,6218909,0.00694736,0.00098792,-0.00984907,-0.01484188,-0.01962285,0.49805256,0.05276001,0.00845359,-0.02256920,1.20424094,-0.05805639
322,6228909,0.00971028,0.00694736,0.00098792,-0.00984907,-0.01484188,-0.05805639,0.49805256,0.05276001,0.00845359,1.14618455,-0.01229243
323,6238909,0.01488763,0.00971028,0.00694736,0.00098792,-0.00984907,-0.01229243,-0.05805639,0.49805256,0.05276001,1.13389213,0.34672703
324,6248909,0.02064491,0.01488763,0.00971028,0.00694736,0.00098792,0.34672703,-0.01229243,-0.05805639,0.49805256,1.48061916,0.23358692
325,6258909,0.02552361,0.02064491,0.01488763,0.00971028,0.00694736,0.23358692,0.34672703,-0.01229243,-0.05805639,1.71420608,0.22465494
326,6268909,0.03130054,0.02552361,0.02064491,0.01488763,0.00971028,0.22465494,0.23358692,0.34672703,-0.01229243,1.93886102,0.38591869
327,6278909,0.03471975,0.03130054,0.02552361,0.02064491,0.01488763,0.38591869,0.22465494,0.23358692,0.34672703,2.32477971,0.17683709
328,6288909,0.03592271,0.03471975,0.03130054,0.02552361,0.02064491,0.17683709,0.38591869,0.22465494,0.23358692,2.50161679,0.15609536
329,6298909,0.03840750,0.03592271,0.03471975,0.03130054,0.02552361,0.15609536,0.17683709,0.38591869,0.22465494,2.65771216,0.36688122
330,6308909,0.04211066,0.03840750,0.03592271,0.03471975,0.03130054,0.36688122,0.15609536,0.17683709,0.38591869,3.02459337,0.38190510
331,6318909,0.04541386,0.04211066,0.03840750,0.03592271,0.03471975,0.38190510,0.36688122,0.15609536,0.17683709,3.40649847,0.33547110
332,6328909,0.04720343,0.04541386,0.04211066,0.03840750,0.03592271,0.33547110,0.38190510,0.36688122,0.15609536,3.74196957,0.28471674
333,6338909,0.04893130,0.04720343,0.04541386,0.04211066,0.03840750,0.28471674,0.33547110,0.38190510,0.36688122,4.02668631,0.34870603
334,6348909,0.05056379,0.04893130,0.04720343,0.04541386,0.04211066,0.34870603,0.28471674,0.33547110,0.38190510,4.37539234,0.34811058
335,6358909,0.04994648,0.05056379,0.04893130,0.04720343,0.04541386,0.34811058,0.34870603,0.28471674,0.33547110,4.72350292,0.19907303
336,6368909,0.05125281,0.04994648,0.05056379,0.04893130,0.04720343,0.19907303,0.34811058,0.34870603,0.28471674,4.92257595,0.44749730
337,6378909,0.05326944,0.05125281,0.04994648,0.05056379,0.04893130,0.44749730,0.19907303,0.34811058,0.34870603,5.37007325,0.40936956
338,6388909,0.05215596,0.05326944,0.05125281,0.04994648,0.05056379,0.40936956,0.44749730,0.19907303,0.34811058,5.77944280,0.15607913
339,6398909,0.05197238,0.05215596,0.05326944,0.05125281,0.04994648,0.15607913,0.40936956,0.44749730,0.19907303,5.93552194,0.39129817
340,6408909,0.05053419,0.05197238,0.05215596,0.05326944,0.05125281,0.39129817,0.15607913,0.40936956,0.44749730,6.32682011,0.23038346
341,6418909,0.04880206,0.05053419,0.05197238,0.05215596,0.05326944,0.23038346,0.39129817,0.15607913,0.40936956,6.55720357,0.24514587
342,6428909,0.04894302,0.04880206,0.05053419,0.05197238,0.05215596,0.24514587,0.23038346,0.39129817,0.15607913,6.80234944,0.41477202
343,6438909,0.04700416,0.04894302,0.04880206,0.05053419,0.05197238,0.41477202,0.24514587,0.23038346,0.39129817,7.21712146,0.15074920
344,6448909,0.04427164,0.04700416,0.04894302,0.04880206,0.05053419,0.15074920,0.41477202,0.24514587,0.23038346,7.36787066,0.19368027
345,6458911,0.04282355,0.04427164,0.04700416,0.04894302,0.04880206,0.19368027,0.15074920,0.41477202,0.24514587,7.56155093,0.31322266
346,6468909,0.04090482,0.04282355,0.04427164,0.04700416,0.04894302,0.31322266,0.19368027,0.15074920,0.41477202,7.87477359,0.17885502
347,6478909,0.03746921,0.04090482,0.04282355,0.04427164,0.04700416,0.17885502,0.31322266,0.19368027,0.15074920,8.05362861,0.10188821
348,6488909,0.03344577,0.03746921,0.04090482,0.04282355,0.04427164,0.10188821,0.17885502,0.31322266,0.19368027,8.15551682,0.11293387
349,6498909,0.03258956,0.03344577,0.03746921,0.04090482,0.04282355,0.11293387,0.10188821,0.17885502,0.31322266,8.26845070,0.32433091
350,6508909,0.02760534,0.03258956,0.03344577,0.03746921,0.04090482,0.32433091,0.11293387,0.10188821,0.17885502,8.59278161,-0.12556708
351,6518909,0.02414897,0.02760534,0.03258956,0.03344577,0.03746921,-0.12556708,0.32433091,0.11293387,0.10188821,8.46721453,0.15856889
352,6528909,0.02185081,0.02414897,0.02760534,0.03258956,0.03344577,0.15856889,-0.12556708,0.32433091,0.11293387,8.62578342,0.15535879
353,6538909,0.01862129,0.02185081,0.02414897,0.02760534,0.03258956,0.15535879,0.15856889,-0.12556708,0.32433091,8.78114221,-0.02303827
354,6548909,0.01444432,0.01862129,0.02185081,0.02414897,0.02760534,-0.02303827,0.15535879,0.15856889,-0.12556708,8.75810394,-0.01671079
355,6558909,0.01156060,0.01444432,0.01862129,0.02185081,0.02414897,-0.01671079,-0.02303827,0.15535879,0.15856889,8.74139315,0.07383866
356,6568909,0.00680220,0.01156060,0.01444432,0.01862129,0.02185081,0.07383866,-0.01671079,-0.02303827,0.15535879,8.81523181,-0.15495698
357,6578909,0.00167514,0.00680220,0.01156060,0.01444432,0.01862129,-0.15495698,0.07383866,-0.01671079,-0.02303827,8.66027482,-0.10980688
358,6588909,-0.00180524,0.00167514,0.00680220,0.01156060,0.01444432,-0.10980688,-0.15495698,0.07383866,-0.01671079,8.55046794,-0.00343451
359,6598909,-0.00606924,-0.00180524,0.00167514,0.00680220,0.01156060,-0.00343451,-0.10980688,-0.15495698,0.07383866,8.54703343,-0.18155177
360,6608909,-0.01049341,-0.00606924,-0.00180524,0.00167514,0.00680220,-0.18155177,-0.00343451,-0.10980688,-0.15495698,8.36548165,-0.16179188
361,6618909,-0.01375531,-0.01049341,-0.00606924,-0.00180524,0.00167514,-0.16179188,-0.18155177,-0.00343451,-0.10980688,8.20368978,-0.09505765
362,6628909,-0.01791311,-0.01375531,-0.01049341,-0.00606924,-0.00180524,-0.09505765,-0.16179188,-0.18155177,-0.00343451,8.10863213,-0.25473671
363,6638909,-0.02235861,-0.01791311,-0.01375531,-0.01049341,-0.00606924,-0.25473671,-0.09505765,-0.16179188,-0.18155177,7.85389542,-0.24489549
364,6648909,-0.02528899,-0.02235861,-0.01791311,-0.01375531,-0.01049341,-0.24489549,-0.25473671,-0.09505765,-0.16179188,7.60899993,-0.14838979
365,6658911,-0.02893657,-0.02528899,-0.02235861,-0.01791311,-0.01375531,-0.14838979,-0.24489549,-0.25473671,-0.09505765,7.46061014,-0.30583007
366,6668909,-0.03258544,-0.02893657,-0.02528899,-0.02235861,-0.01791311,-0.30583007,-0.14838979,-0.24489549,-0.25473671,7.15478007,-0.28138999
367,6678909,-0.03556414,-0.03258544,-0.02893657,-0.02528899,-0.02235861,-0.28138999,-0.30583007,-0.14838979,-0.24489549,6.87339009,-0.25130930
368,6688909,-0.03867915,-0.03556414,-0.03258544,-0.02893657,-0.02528899,-0.25130930,-0.28138999,-0.30583007,-0.14838979,6.62208079,-0.32887407
369,6698909,-0.04264875,-0.03867915,-0.03556414,-0.03258544,-0.02893657,-0.32887407,-0.25130930,-0.28138999,-0.30583007,6.29320671,-0.39097865
370,6708909,-0.04441935,-0.04264875,-0.03867915,-0.03556414,-0.03258544,-0.39097865,-0.32887407,-0.25130930,-0.28138999,5.90222806,-0.21676385
371,6718909,-0.04379597,-0.04441935,-0.04264875,-0.03867915,-0.03556414,-0.21676385,-0.39097865,-0.32887407,-0.25130930,5.68546421,-0.16597531
372,6728909,-0.04543856,-0.04379597,-0.04441935,-0.04264875,-0.03867915,-0.16597531,-0.21676385,-0.39097865,-0.32887407,5.51948890,-0.43270397
373,6738909,-0.04395072,-0.04543856,-0.04379597,-0.04441935,-0.04264875,-0.43270397,-0.16597531,-0.21676385,-0.39097865,5.08678493,-0.08959169
374,6748909,-0.04140756,-0.04395072,-0.04543856,-0.04379597,-0.04441935,-0.08959169,-0.43270397,-0.16597531,-0.21676385,4.99719324,-0.16266500
375,6758911,-0.03983734,-0.04140756,-0.04395072,-0.04543856,-0.04379597,-0.16266500,-0.08959169,-0.43270397,-0.16597531,4.83452824,-0.28274951
376,6768909,-0.03778600,-0.03983734,-0.04140756,-0.04395072,-0.04543856,-0.28274951,-0.16266500,-0.08959169,-0.43270397,4.55177874,-0.14953675
377,6778909,-0.03778568,-0.03778600,-0.03983734,-0.04140756,-0.04395072,-0.14953675,-0.28274951,-0.16266500,-0.08959169,4.40224198,-0.33831320
378,6788909,-0.04024652,-0.03778568,-0.03778600,-0.03983734,-0.04140756,-0.33831320,-0.14953675,-0.28274951,-0.16266500,4.06392878,-0.42464584
379,6798909,-0.04251826,-0.04024652,-0.03778568,-0.03778600,-0.03983734,-0.42464584,-0.33831320,-0.14953675,-0.28274951,3.63928294,-0.29922704
380,6808909,-0.04560760,-0.04251826,-0.04024652,-0.03778568,-0.03778600,-0.29922704,-0.42464584,-0.33831320,-0.14953675,3.34005589,-0.40845281
381,6818909,-0.04965093,-0.04560760,-0.04251826,-0.04024652,-0.03778568,-0.40845281,-0.29922704,-0.42464584,-0.33831320,2.93160309,-0.45144167
382,6828909,-0.05411126,-0.04965093,-0.04560760,-0.04251826,-0.04024652,-0.45144167,-0.40845281,-0.29922704,-0.42464584,2.48016142,-0.44898022
383,6838909,-0.05939302,-0.05411126,-0.04965093,-0.04560760,-0.04251826,-0.44898022,-0.45144167,-0.40845281,-0.29922704,2.03118119,-0.53434992
384,6848909,-0.06315758,-0.05939302,-0.05411126,-0.04965093,-0.04560760,-0.53434992,-0.44898022,-0.45144167,-0.40845281,1.49683127,-0.41547967
385,6858909,-0.06765061,-0.06315758,-0.05939302,-0.05411126,-0.04965093,-0.41547967,-0.53434992,-0.44898022,-0.45144167,1.08135160,-0.56093094
386,6868909,-0.07331027,-0.06765061,-0.06315758,-0.05939302,-0.05411126,-0.56093094,-0.41547967,-0.53434992,-0.44898022,0.52042066,-0.64266142
387,6878909,-0.07849304,-0.07331027,-0.06765061,-0.06315758,-0.05939302,-0.64266142,-0.56093094,-0.41547967,-0.53434992,-0.12224076,-0.57696256
388,6888909,-0.08586264,-0.07849304,-0.07331027,-0.06765061,-0.06315758,-0.57696256,-0.64266142,-0.56093094,-0.41547967,-0.69920332,-0.81114277
389,6898909,-0.09171275,-0.08586264,-0.07849304,-0.07331027,-0.06765061,-0.81114277,-0.57696256,-0.64266142,-0.56093094,-1.51034609,-0.64087770
390,6908909,-0.09394339,-0.09171275,-0.08586264,-0.07849304,-0.07331027,-0.64087770,-0.81114277,-0.57696256,-0.64266142,-2.15122379,-0.48034650
391,6918909,-0.10104863,-0.09394339,-0.09171275,-0.08586264,-0.07849304,-0.48034650,-0.64087770,-0.81114277,-0.57696256,-2.63157029,-1.03383175
392,6928909,-0.10618233,-0.10104863,-0.09394339,-0.09171275,-0.08586264,-1.03383175,-0.48034650,-0.64087770,-0.81114277,-3.66540204,-0.67388238
393,6938909,-0.10560530,-0.10618233,-0.10104863,-0.09394339,-0.09171275,-0.67388238,-1.03383175,-0.48034650,-0.64087770,-4.33928442,-0.39430586
394,6948909,-0.10439525,-0.10560530,-0.10618233,-0.10104863,-0.09394339,-0.39430586,-0.67388238,-1.03383175,-0.48034650,-4.73359028,-0.65638127
395,6958911,-0.10625593,-0.10439525,-0.10560530,-0.10618233,-0.10104863,-0.65638127,-0.39430586,-0.67388238,-1.03383175,-5.38997155,-0.82773916
396,6968909,-0.10850134,-0.10625593,-0.10439525,-0.10560530,-0.10618233,-0.82773916,-0.65638127,-0.39430586,-0.67388238,-6.21771071,-0.72822584
397,6978909,-0.10989380,-0.10850134,-0.10625593,-0.10439525,-0.10560530,-0.72822584,-0.82773916,-0.65638127,-0.39430586,-6.94593656,-0.70732875
398,6988909,-0.10969584,-0.10989380,-0.10850134,-0.10625593,-0.10439525,-0.70732875,-0.72822584,-0.82773916,-0.65638127,-7.65326531,-0.63722588
399,6998909,-0.11115024,-0.10969584,-0.10989380,-0.10850134,-0.10625593,-0.63722588,-0.70732875,-0.72822584,-0.82773916,-8.29049119,-0.80987313
400,7008909,-0.11455342,-0.11115024,-0.10969584,-0.10989380,-0.10850134,-0.80987313,-0.63722588,-0.70732875,-0.72822584,-9.10036431,-0.88497956
401,7018909,-0.12480532,-0.11455342,-0.11115024,-0.10969584,-0.10989380,-0.88497956,-0.80987313,-0.63722588,-0.70732875,-9.98534388,-1.31256663
402,7028909,-0.13513256,-0.12480532,-0.11455342,-0.11115024,-0.10969584,-1.31256663,-0.88497956,-0.80987313,-0.63722588,-11.29791051,-1.08506444
403,7038909,-0.14010061,-0.13513256,-0.12480532,-0.11455342,-0.11115024,-1.08506444,-1.31256663,-0.88497956,-0.80987313,-12.38297495,-0.76554494
404,7048909,-0.14278536,-0.14010061,-0.13513256,-0.12480532,-0.11455342,-0.76554494,-1.08506444,-1.31256663,-0.88497956,-13.14851988,-0.90428470
405,7058910,-0.14527944,-0.14278536,-0.14010061,-0.13513256,-0.12480532,-0.90428470,-0.76554494,-1.08506444,-1.31256663,-14.05280458,-0.95633709
406,7068909,-0.14748597,-0.14527944,-0.14278536,-0.14010061,-0.13513256,-0.95633709,-0.90428470,-0.76554494,-1.08506444,-15.00914167,-0.94720716
407,7078909,-0.14980107,-0.14748597,-0.14527944,-0.14278536,-0.14010061,1.23862320,-0.95633709,-0.90428470,-0.76554494,-13.77051847,-1.01380946
408,7088909,-0.15128671,-0.14980107,-0.14748597,-0.14527944,-0.14278536,-1.01380946,1.23862320,-0.95633709,-0.90428470,-14.78432793,-0.88887753
409,7098909,-0.14900884,-0.15128671,-0.14980107,-0.14748597,-0.14527944,1.01380946,-1.01380946,1.23862320,-0.95633709,-13.77051847,-0.53255001
410,7108909,-0.14378871,-0.14900884,-0.15128671,-0.14980107,-0.14748597,-0.53255001,1.01380946,-1.01380946,1.23862320,-14.30306848,-0.74334937
411,7118909,-0.14669639,-0.14378871,-0.14900884,-0.15128671,-0.14980107,-0.74334937,-0.53255001,1.01380946,-1.01380946,-15.04641785,-1.17520583
412,7128909,-0.14721469,-0.14669639,-0.14378871,-0.14900884,-0.15128671,1.27589938,-0.74334937,-0.53255001,1.01380946,-13.77051847,-0.90581572
413,7138909,-0.14969013,-0.14721469,-0.14669639,-0.14378871,-0.14900884,-0.90581572,1.27589938,-0.74334937,-0.53255001,-14.67633419,-1.02874818
414,7148909,-0.15673576,-0.14969013,-0.14721469,-0.14669639,-0.14378871,0.90581572,-0.90581572,1.27589938,-0.74334937,-13.77051847,-1.15879197
415,7158910,-0.16052435,-0.15673576,-0.14969013,-0.14721469,-0.14669639,-1.15879197,0.90581572,-0.90581572,1.27589938,-14.92931044,-1.00822712
416,7168910,-0.16647087,-0.16052435,-0.15673576,-0.14969013,-0.14721469,1.15879197,-1.15879197,0.90581572,-0.90581572,-13.77051847,-1.11598324
417,7178910,-0.17283135,-0.16647087,-0.16052435,-0.15673576,-0.14969013,-1.11598324,1.15879197,-1.15879197,0.90581572,-14.88650171,-1.29756807
418,7188909,-0.18010219,-0.17283135,-0.16647087,-0.16052435,-0.15673576,1.12776077,-1.11598324,1.15879197,-1.15879197,-13.75874095,-1.12777971
419,7198909,-0.21019282,-0.18010219,-0.17283135,-0.16647087,-0.16052435,-1.12777971,1.12776077,-1.11598324,1.15879197,-14.88652065,-3.05068701
420,7208909,-0.24731201,-0.21019282,-0.18010219,-0.17283135,-0.16647087,1.12777971,-1.12777971,1.12776077,-1.11598324,-13.75874095,-2.42558270
421,7218909,-0.27831381,-0.24731201,-0.21019282,-0.18010219,-0.17283135,0.00000000,1.12777971,-1.12777971,1.12776077,-13.75874095,-2.13965605
422,7228909,-0.30439847,-0.27831381,-0.24731201,-0.21019282,-0.18010219,0.00000000,0.00000000,1.12777971,-1.12777971,-13.75874095,-1.95378151
423,7238909,-0.32543423,-0.30439847,-0.27831381,-0.24731201,-0.21019282,0.00000000,0.00000000,0.00000000,1.12777971,-13.75874095,-2.19958712
424,7248909,-0.32555096,-0.32543423,-0.30439847,-0.27831381,-0.24731201,0.00000000,0.00000000,0.00000000,0.00000000,-13.75874095,-0.97618470
425,7258909,-0.31020422,-0.32555096,-0.32543423,-0.30439847,-0.27831381,-0.97618470,0.00000000,0.00000000,0.00000000,-14.73492565,-0.82061741
426,7268909,-0.29896008,-0.31020422,-0.32555096,-0.32543423,-0.30439847,0.97618470,-0.97618470,0.00000000,0.00000000,-13.75874095,-1.77068365
427,7278909,-0.29211504,-0.29896008,-0.31020422,-0.32555096,-0.32543423,-0.02001278,0.97618470,-0.97618470,0.00000000,-13.77875373,-1.85855851
428,7288910,-0.28533770,-0.29211504,-0.29896008,-0.31020422,-0.32555096,0.00000000,-0.02001278,0.97618470,-0.97618470,-13.77875373,-1.41897893
429,7298910,-0.27185414,-0.28533770,-0.29211504,-0.29896008,-0.31020422,-1.41897893,0.00000000,-0.02001278,0.97618470,-15.19773265,-1.08978876
430,7308911,-0.25543829,-0.27185414,-0.28533770,-0.29211504,-0.29896008,1.41897893,-1.41897893,0.00000000,-0.02001278,-13.77875373,-1.09376558
431,7318909,-0.24140916,-0.25543829,-0.27185414,-0.28533770,-0.29211504,-1.09376558,1.41897893,-1.41897893,0.00000000,-14.87251931,-1.34335140
432,7328909,-0.23328597,-0.24140916,-0.25543829,-0.27185414,-0.28533770,1.09376558,-1.09376558,1.41897893,-1.41897893,-13.77875373,-1.31995289
433,7338909,-0.22275650,-0.23328597,-0.24140916,-0.25543829,-0.27185414,-1.31995289,1.09376558,-1.09376558,1.41897893,-15.09870662,-1.14354914
434,7348909,-0.21505234,-0.22275650,-0.23328597,-0.24140916,-0.25543829,1.31995289,-1.31995289,1.09376558,-1.09376558,-13.77875373,-1.13357059
435,7358909,-0.20817770,-0.21505234,-0.22275650,-0.23328597,-0.24140916,-1.13357059,1.31995289,-1.31995289,1.09376558,-14.91232432,-1.27598600
436,7368909,-0.19979442,-0.20817770,-0.21505234,-0.22275650,-0.23328597,1.13357059,-1.13357059,1.31995289,-1.31995289,-13.77875373,-0.78944360
437,7378909,-0.18716589,-0.19979442,-0.20817770,-0.21505234,-0.22275650,-0.78944360,1.13357059,-1.13357059,1.31995289,-14.56819733,-0.80116696
438,7388911,-0.17425605,-0.18716589,-0.19979442,-0.20817770,-0.21505234,0.80415462,-0.78944360,1.13357059,-1.13357059,-13.76404270,-0.61807908
439,7398909,-0.16098428,-0.17425605,-0.18716589,-0.19979442,-0.20817770,-0.61807908,0.80415462,-0.78944360,1.13357059,-14.38212179,-0.77978773
440,7408908,-0.15059983,-0.16098428,-0.17425605,-0.18716589,-0.19979442,-0.77978773,-0.61807908,0.80415462,-0.78944360,-15.16190952,-0.71879260
441,7418909,-0.13676924,-0.15059983,-0.16098428,-0.17425605,-0.18716589,1.39786681,-0.77978773,-0.61807908,0.80415462,-13.76404270,-0.49834699
442,7428909,-0.12383826,-0.13676924,-0.15059983,-0.16098428,-0.17425605,-0.49834699,1.39786681,-0.77978773,-0.61807908,-14.26238969,-0.50503334
443,7438913,-0.11203501,-0.12383826,-0.13676924,-0.15059983,-0.16098428,-0.50503334,-0.49834699,1.39786681,-0.77978773,-14.76742303,-0.32162076
444,7448909,-0.09612089,-0.11203501,-0.12383826,-0.13676924,-0.15059983,-0.32162076,-0.50503334,-0.49834699,1.39786681,-15.08904379,-0.19707591
445,7458910,-0.08033258,-0.09612089,-0.11203501,-0.12383826,-0.13676924,-0.19707591,-0.32162076,-0.50503334,-0.49834699,-15.28611970,-0.18883033
446,7468909,-0.06683999,-0.08033258,-0.09612089,-0.11203501,-0.12383826,1.52207700,-0.19707591,-0.32162076,-0.50503334,-13.76404270,-0.23419473
447,7478909,-0.05380071,-0.06683999,-0.08033258,-0.09612089,-0.11203501,-0.23419473,1.52207700,-0.19707591,-0.32162076,-13.99823744,-0.02468142
448,7488909,-0.03481619,-0.05380071,-0.06683999,-0.08033258,-0.09612089,-0.02468142,-0.23419473,1.52207700,-0.19707591,-14.02291886,0.59805306
449,7498909,-0.01238205,-0.03481619,-0.05380071,-0.06683999,-0.08033258,0.59805306,-0.02468142,-0.23419473,1.52207700,-13.42486580,0.43644137
450,7508909,0.00704585,-0.01238205,-0.03481619,-0.05380071,-0.06683999,0.43644137,0.59805306,-0.02468142,-0.23419473,-12.98842442,0.33142078
451,7518909,0.02178579,0.00704585,-0.01238205,-0.03481619,-0.05380071,0.33142078,0.43644137,0.59805306,-0.02468142,-12.65700364,0.28565806
452,7528909,0.03302604,0.02178579,0.00704585,-0.01238205,-0.03481619,0.28565806,0.33142078,0.43644137,0.59805306,-12.37134558,0.28244709
453,7538909,0.04240897,0.03302604,0.02178579,0.00704585,-0.01238205,0.28244709,0.28565806,0.33142078,0.43644137,-12.08889849,0.37398489
454,7548909,0.05223435,0.04240897,0.03302604,0.02178579,0.00704585,0.37398489,0.28244709,0.28565806,0.33142078,-11.71491360,0.54911673
455,7558909,0.06136917,0.05223435,0.04240897,0.03302604,0.02178579,0.54911673,0.37398489,0.28244709,0.28565806,-11.16579687,0.54218029
456,7568909,0.07021736,0.06136917,0.05223435,0.04240897,0.03302604,0.54218029,0.54911673,0.37398489,0.28244709,-10.62361659,0.62180952
457,7578909,0.07922123,0.07021736,0.06136917,0.05223435,0.04240897,0.62180952,0.54218029,0.54911673,0.37398489,-10.00180706,0.70949601
458,7588909,0.08733723,0.07922123,0.07021736,0.06136917,0.05223435,0.70949601,0.62180952,0.54218029,0.54911673,-9.29231106,0.68349021
459,7598909,0.09230535,0.08733723,0.07922123,0.07021736,0.06136917,0.68349021,0.70949601,0.62180952,0.54218029,-8.60882085,0.55489220
460,7608911,0.09627325,0.09230535,0.08733723,0.07922123,0.07021736,0.55489220,0.68349021,0.70949601,0.62180952,-8.05392865,0.65982624
461,7618911,0.10067693,0.09627325,0.09230535,0.08733723,0.07922123,0.65982624,0.55489220,0.68349021,0.70949601,-7.39410242,0.74956502
462,7628909,0.10619824,0.10067693,0.09627325,0.09230535,0.08733723,0.74956502,0.65982624,0.55489220,0.68349021,-6.64453739,0.82980285
463,7638909,0.11302781,0.10619824,0.10067693,0.09627325,0.09230535,0.82980285,0.74956502,0.65982624,0.55489220,-5.81473454,0.92570904
464,7648909,0.11913824,0.11302781,0.10619824,0.10067693,0.09627325,0.92570904,0.82980285,0.74956502,0.65982624,-4.88902550,0.85867154
465,7658909,0.12094317,0.11913824,0.11302781,0.10619824,0.10067693,0.85867154,0.92570904,0.82980285,0.74956502,-4.03035396,0.62129676
466,7668909,0.12220270,0.12094317,0.11913824,0.11302781,0.10619824,0.62129676,0.85867154,0.92570904,0.82980285,-3.40905720,0.79325411
467,7678916,0.12375650,0.12220270,0.12094317,0.11913824,0.11302781,0.79325411,0.62129676,0.85867154,0.92570904,-2.61580309,0.82783497
468,7688910,0.12402746,0.12375650,0.12220270,0.12094317,0.11913824,0.82783497,0.79325411,0.62129676,0.85867154,-1.78796811,0.71810108
469,7698909,0.12252017,0.12402746,0.12375650,0.12220270,0.12094317,0.71810108,0.82783497,0.79325411,0.62129676,-1.06986703,0.68014594
470,7708909,0.12124160,0.12252017,0.12402746,0.12375650,0.12220270,0.68014594,0.71810108,0.82783497,0.79325411,-0.38972109,0.75968044
471,7718909,0.12065977,0.12124160,0.12252017,0.12402746,0.12375650,0.75968044,0.68014594,0.71810108,0.82783497,0.36995935,0.77876844
472,7728909,0.12175795,0.12065977,0.12124160,0.12252017,0.12402746,0.77876844,0.75968044,0.68014594,0.71810108,1.14872779,0.87033550
473,7738909,0.11849647,0.12175795,0.12065977,0.12124160,0.12252017,0.87033550,0.77876844,0.75968044,0.68014594,2.01906328,0.49307325
474,7748909,0.11202992,0.11849647,0.12175795,0.12065977,0.12124160,0.49307325,0.87033550,0.77876844,0.75968044,2.51213654,0.44273208
475,7758909,0.11195340,0.11202992,0.11849647,0.12175795,0.12065977,0.44273208,0.49307325,0.87033550,0.77876844,2.95486862,1.01063426
476,7768909,0.09999280,0.11195340,0.11202992,0.11849647,0.12175795,1.01063426,0.44273208,0.49307325,0.87033550,3.96550287,-0.18835859
477,7778909,0.08350111,0.09999280,0.11195340,0.11202992,0.11849647,-0.18835859,1.01063426,0.44273208,0.49307325,3.77714428,-0.00412606
478,7788909,0.07084294,0.08350111,0.09999280,0.11195340,0.11202992,-0.00412606,-0.18835859,1.01063426,0.44273208,3.77301822,0.40023569
479,7798909,0.05670972,0.07084294,0.08350111,0.09999280,0.11195340,0.40023569,-0.00412606,-0.18835859,1.01063426,4.17325392,-0.09476451
480,7808909,0.04041261,0.05670972,0.07084294,0.08350111,0.09999280,-0.09476451,0.40023569,-0.00412606,-0.18835859,4.07848941,-0.16994174
481,7818909,0.02672602,0.04041261,0.05670972,0.07084294,0.08350111,-0.16994174,-0.09476451,0.40023569,-0.00412606,3.90854766,0.03273407
482,7828909,0.01237941,0.02672602,0.04041261,0.05670972,0.07084294,0.03273407,-0.16994174,-0.09476451,0.40023569,3.94128173,-0.28763527
483,7838909,-0.00285819,0.01237941,0.02672602,0.04041261,0.05670972,-0.28763527,0.03273407,-0.16994174,-0.09476451,3.65364646,-0.37935418
484,7848909,-0.01572858,-0.00285819,0.01237941,0.02672602,0.04041261,-0.37935418,-0.28763527,0.03273407,-0.16994174,3.27429228,-0.24481576
485,7858911,-0.02836001,-0.01572858,-0.00285819,0.01237941,0.02672602,-0.24481576,-0.37935418,-0.28763527,0.03273407,3.02947652,-0.45701550
486,7868909,-0.04159410,-0.02836001,-0.01572858,-0.00285819,0.01237941,-0.45701550,-0.24481576,-0.37935418,-0.28763527,2.57246102,-0.57270064
487,7878909,-0.05321674,-0.04159410,-0.02836001,-0.01572858,-0.00285819,-0.57270064,-0.45701550,-0.24481576,-0.37935418,1.99976038,-0.49610863
488,7888909,-0.06398786,-0.05321674,-0.04159410,-0.02836001,-0.01572858,-0.49610863,-0.57270064,-0.45701550,-0.24481576,1.50365175,-0.60859738
489,7898909,-0.07408102,-0.06398786,-0.05321674,-0.04159410,-0.02836001,-0.60859738,-0.49610863,-0.57270064,-0.45701550,0.89505436,-0.65879959
490,7908909,-0.08289756,-0.07408102,-0.06398786,-0.05321674,-0.04159410,-0.65879959,-0.60859738,-0.49610863,-0.57270064,0.23625477,-0.64760509
491,7918909,-0.09044275,-0.08289756,-0.07408102,-0.06398786,-0.05321674,-0.64760509,-0.65879959,-0.60859738,-0.49610863,-0.41135032,-0.68293037
492,7928909,-0.09683426,-0.09044275,-0.08289756,-0.07408102,-0.06398786,-0.68293037,-0.64760509,-0.65879959,-0.60859738,-1.09428069,-0.70060591
493,7938909,-0.10055088,-0.09683426,-0.09044275,-0.08289756,-0.07408102,-0.70060591,-0.68293037,-0.64760509,-0.65879959,-1.79488661,-0.59505134
494,7948909,-0.10062352,-0.10055088,-0.09683426,-0.09044275,-0.08289756,-0.59505134,-0.70060591,-0.68293037,-0.64760509,-2.38993794,-0.48065643
495,7958909,-0.09954312,-0.10062352,-0.10055088,-0.09683426,-0.09044275,-0.48065643,-0.59505134,-0.70060591,-0.68293037,-2.87059438,-0.56172298
496,7968909,-0.09506265,-0.09954312,-0.10062352,-0.10055088,-0.09683426,-0.56172298,-0.48065643,-0.59505134,-0.70060591,-3.43231736,-0.34733435
497,7978909,-0.08689504,-0.09506265,-0.09954312,-0.10062352,-0.10055088,-0.34733435,-0.56172298,-0.48065643,-0.59505134,-3.77965171,-0.20824281
498,7988909,-0.07730124,-0.08689504,-0.09506265,-0.09954312,-0.10062352,-0.20824281,-0.34733435,-0.56172298,-0.48065643,-3.98789452,-0.23312986
499,7998909,-0.06676714,-0.07730124,-0.08689504,-0.09506265,-0.09954312,-0.23312986,-0.20824281,-0.34733435,-0.56172298,-4.22102439,-0.14483760
