ets Jul 29 2019 12:21:46

rst:0x1 (POWERON_RESET),boot:0x13 (SPI_FAST_FLASH_BOOT)
configsip: 0, SPIWP:0xee
clk_drv:0x00,q_drv:0x00,d_drv:0x00,cs0_drv:0x00,hd_drv:0x00,wp_drv:0x00
mode:DIO, clock div:2
load:0x3fff0030,len:1184
load:0x40078000,len:13192
load:0x40080400,len:3028
entry 0x400805e4

0.000004	42
0.000004	47
0.000004	52
0.000003	57
0.000003	61
0.000003	66
0.000003	71
0.000003	76
0.000003	80
0.000002	85
0.000002	90
0.000002	95
0.000002	99
0.000002	104
0.000002	109
0.000002	114
0.000002	118
0.000002	123
0.000002	128
0.000002	133
0.000002	137
0.000002	142
0.000001	147
0.000001	152
0.000001	156
0.000001	161
0.000001	166
0.000001	171
0.000001	175
0.000001	180
0.000001	185
0.000001	190
0.000001	194
0.000001	199
0.000001	204
0.000001	209
0.000001	213
0.000001	218
0.000001	223
0.000001	228
0.000001	232
0.000001	237
0.000001	242
0.000001	247
0.000001	251
0.000001	256
0.000001	261
0.000001	266
0.000001	270
0.000001	275
0.000001	280
0.000001	285
0.000001	289
0.000001	294
0.000001	299
0.000001	304
0.000001	308
0.000001	313
0.000001	318
0.000001	322
0.000001	327
0.000001	332
0.000001	337
0.000001	341
0.000001	346
0.000001	351
0.000001	356
0.000001	360
0.000001	365
0.000001	370
0.000001	375
0.000001	379
0.000001	384
0.000001	389
0.000001	394
0.000001	398
0.000001	403
0.000001	408
0.000001	413
0.000001	417
0.000001	422
0.000001	427
0.000001	432
0.000001	436
0.000001	441
0.000001	446
0.000001	451
0.000001	455
0.000001	460
0.000000	465
0.000000	470
0.000000	474
0.000000	479
0.000000	484
0.000000	489
0.000000	493
0.000000	498
0.000000	503
0.000000	508
0.000000	512
0.000000	517
0.000000	522
0.000000	527
0.000000	531
0.000000	536
0.000000	541
0.000000	546
0.000000	550
0.000000	555
0.000000	560
0.000000	565
0.000000	569
0.000000	574
0.000000	579
0.000000	584
0.000000	588
0.000000	593
0.000000	598
0.000000	603
0.000000	607
0.000000	612
0.000000	617
0.000000	622
0.000000	626
0.000000	631
0.000000	636
0.000000	640
0.000000	645
0.000000	650
0.000000	655
0.000000	659
0.000000	664
0.000000	669
0.000000	674
0.000000	678
0.000000	683
0.000000	688
0.000000	693
0.000000	697
0.000000	702
0.000000	707
0.000000	712
0.000000	716
0.000000	721
0.000000	726
0.000000	731
0.000000	735
0.000000	740
0.000000	745
0.000000	750
0.000000	754
0.000000	759
0.000000	764
0.000000	769
0.000000	773
0.000000	778
0.000000	783
0.000000	788
0.000000	792
0.000000	797
0.000000	802
0.000000	807
0.000000	811
0.000000	816
0.000000	821
0.000000	826
0.000000	830
0.000000	835
0.000000	840
0.000000	845
0.000000	849
0.000000	854
0.000000	859
0.000000	864
0.000000	868
0.000000	873
0.000000	878
0.000000	883
0.000000	887
0.000000	892
0.000000	897
0.000000	902
0.000000	906
0.000000	911
0.000000	916
0.000000	921
0.000000	925
0.000000	930
0.000000	935
0.000000	939
0.000000	944
0.000000	949
0.000000	954
0.000000	959
0.000000	963
0.000000	968
0.000000	973
0.000000	977
0.000000	982
0.000000	987
0.000000	992
0.000000	996
0.000000	1001
0.000000	1006
0.000000	1011
0.000000	1015
0.000000	1020
0.000000	1025
0.000000	1030
0.000000	1034
0.000000	1039
0.000000	1044
0.000000	1049
0.000000	1053
0.000000	1058
0.000000	1063
0.000000	1068
0.000000	1072
0.000000	1077
0.000000	1082
0.000000	1087
0.000000	1091
0.000000	1096
0.000000	1101
0.000000	1106
0.000000	1110
0.000000	1115
0.000000	1120
0.000000	1125
0.000000	1129
0.000000	1134
0.000000	1139
0.000000	1144
0.000000	1148
0.000000	1153
0.000000	1158
0.000000	1163
0.000000	1167
0.000000	1172
0.000000	1177
0.000000	1182
0.000000	1182
0.000000	1185
0.000000	1190
0.000000	1195
0.000000	1199
0.000000	1204
0.000000	1209
0.000000	1214
0.000000	1218
0.000000	1223
0.000000	1228
0.000000	1233
0.000000	1237
0.000000	1242
0.000000	1247
0.000000	1251
0.000000	1256
0.000000	1261
0.000000	1266
0.000000	1270
0.000000	1275
0.000000	1280
0.000000	1285
0.000000	1289
0.000000	1294
0.000000	1299
0.000000	1304
0.000000	1308
0.000000	1313
0.000000	1318
0.000000	1323
0.000000	1327
0.000000	1332
0.000000	1337
0.000000	1342
0.000000	1346
0.000000	1351
0.000000	1356
0.000000	1360
0.000000	1365
0.000000	1370
0.000000	1375
0.000000	1379
0.000000	1384
0.000000	1389
0.000000	1394
0.000000	1398
0.000000	1403
0.000000	1408
0.000000	1413
0.000000	1417
0.000000	1422
0.000000	1427
0.000000	1432
0.000000	1436
0.000000	1441
0.000000	1446
0.000000	1451
0.000000	1455
0.000000	1460
0.000000	1465
0.000000	1470
0.000000	1474
0.000000	1479
0.000000	1484
0.000000	1489
0.000000	1493
0.000000	1498
0.000000	1503
0.000000	1507
0.000000	1512
0.000000	1517
0.000000	1522
0.000000	1526
0.000000	1531
0.000000	1536
0.000000	1541
0.000000	1545
0.000000	1550
0.000000	1555
0.000000	1560
0.000000	1564
0.000000	1569
0.000000	1574
0.000000	1579
0.000000	1583
0.000000	1588
0.000000	1593
0.000000	1598
0.000000	1602
0.000000	1607
0.000000	1612
0.000000	1617
0.000000	1621
0.000000	1626
0.000000	1631
0.000000	1635
0.000000	1640
0.000000	1645
0.000000	1650
0.000000	1654
0.000000	1659
0.000000	1664
0.000000	1669
0.000000	1673
0.000000	1678
0.000000	1683
0.000000	1688
0.000000	1692
0.000000	1697
0.000000	1702
0.000000	1707
0.000000	1711
0.000000	1716
0.000000	1721
0.000000	1726
0.000000	1730
0.000000	1735
0.000000	1740
0.000000	1745
0.000000	1749
0.000000	1754
0.000000	1759
0.000000	1764
0.000000	1768
0.000000	1773
0.000000	1778
0.000000	1782
0.000000	1787
0.000000	1792
0.000000	1797
0.000000	1801
0.000000	1806
0.000000	1811
0.000000	1816
0.000000	1820
0.000000	1825
0.000000	1830
0.000000	1835
0.000000	1839
0.000000	1844
0.000000	1849
0.000000	1854
0.000000	1858
0.000000	1863
0.000000	1868
0.000000	1873
0.000000	1877
0.000000	1882
0.000000	1887
0.000000	1892
0.000000	1896
0.000000	1901
0.000000	1906
0.000000	1911
0.000000	1915
0.000000	1920
0.000000	1925
0.000000	1929
0.000000	1934
0.000000	1939
0.000000	1944
0.000000	1948
0.000000	1953
0.000000	1958
0.000000	1963
0.000000	1967
0.000000	1972
0.000000	1977
0.000000	1982
0.000000	1986
0.000000	1991
0.000000	1996
0.000000	2001
0.000000	2005
0.000000	2010
0.000000	2015
0.000000	2020
0.000000	2024
0.000000	2029
0.000000	2034
0.000000	2039
0.000000	2043
0.000000	2048
0.000000	2053
0.000000	2058
0.000000	2062
0.000000	2067
0.000000	2072
0.000000	2077
0.000000	2081
0.000000	2086
0.000000	2091
0.000000	2095
0.000000	2100
0.000000	2105
0.000000	2110
0.000000	2114
0.000000	2119
0.000000	2124
0.000000	2129
0.000000	2133
0.000000	2138
0.000000	2143
0.000000	2148
0.000000	2152
0.000000	2157
0.000000	2162
0.000000	2167
0.000000	2171
0.000000	2176
0.000000	2181
0.000000	2186
0.000000	2190
0.000000	2195
0.000000	2200
0.000000	2205
0.000000	2209
0.000000	2214
0.000000	2219
0.000000	2224
0.000000	2228
0.000000	2233
0.000000	2238
0.000000	2243
0.000000	2247
0.000000	2252
0.000000	2257
0.000000	2261
0.000000	2266
0.000000	2271
0.000000	2276
0.000000	2280
0.000000	2285
0.000000	2290
0.000000	2295
0.000000	2299
0.000000	2304
0.000000	2309
0.000000	2314
0.000000	2318
0.000000	2323
0.000000	2328
0.000000	2333
0.000000	2337
0.000000	2342
0.000000	2347
0.000000	2352
0.000000	2356
0.000000	2361
0.000000	2365
0.000000	2370
0.000000	2374
0.000000	2377
0.000000	2380
0.000000	2381
0.000000	2381
0.000000	2381
0.000000	2381
0.000000	2381
0.000000	2381
0.000000	2381
0.000000	2381
0.000000	2381
0.000000	2381
0.000000	2381
0.000000	2381
0.000000	2381
0.000000	2381
0.000000	2381
0.000000	2381
0.000000	2381
0.000000	2381
0.000000	2381
0.000000	2381
0.000000	2381
0.000000	2381
0.000000	2381
0.000000	2381
0.000000	2381
0.000000	2381
0.000000	2381
0.000000	2381
0.000000	2381
0.000000	2381
0.000000	2381
0.000000	2381
0.000000	2381
0.000000	2381
0.000000	2381
0.000000	2381
0.000000	2381
0.000000	2381
0.000000	2381
0.000000	2381
0.000000	2381
0.000000	2381
0.000000	2381
0.000000	2381
0.000000	2381
0.000000	2381
0.000000	2381
0.000000	2381
0.000000	2381
0.000000	2381
0.000000	2381
0.000000	2381
0.000000	2381
0.000000	2381
0.000000	2381
0.000000	2381
0.000000	2381
0.000000	2381
0.000000	2381
0.000000	2381
0.000000	2381
0.000000	2381
0.000000	2381
0.000000	2381
0.000000	2381
0.000000	2381
0.000000	2381
0.000000	2381
0.000000	2381
0.000000	2381
0.000000	2381
0.000000	2381
0.000000	2381
0.000000	2381
0.000000	2381
0.000000	2381
0.000000	2381
0.000000	2381
0.000000	2381
0.000000	2381
0.000000	2381
0.000000	2381
0.000000	2381
0.000000	2381
0.000000	2381
0.000000	2381
0.000000	2381
0.000000	2381
0.000000	2381
0.000000	2381
0.000000	2381
0.000000	2381
0.000000	2381
0.000000	2381
0.000000	2381
0.000000	2381
0.000000	2381
0.000000	2381
0.000000	2381
0.000000	2381
0.000000	2381
0.000000	2381
0.000000	2381
0.000000	2381
0.000000	2381
0.000000	2381
0.000000	2381
0.000000	2381
0.000000	2381
0.000000	2381
0.000000	2381
0.000000	2381
0.000000	2381
0.000000	2381
0.000000	2381
0.000000	2381
0.000000	2381
0.000000	2381
0.000000	2381
0.000000	2381
0.000000	2381
0.000000	2381
0.000000	2381
0.000000	2381
0.000000	2381
0.000000	2381
0.000000	2381
0.000000	2381
0.000000	2381
0.000000	2381
0.000000	2381
0.000000	2381
0.000000	2381
0.000000	2381
0.000000	2381
0.000000	2381
0.000000	2381
0.000000	2381
0.000000	2381
0.000000	2381
0.000000	2381
0.000000	2381
0.000000	2381
0.000000	2381
0.000000	2381
0.000000	2381
0.000000	2381
0.000000	2381
0.000000	2381
0.000000	2381
0.000000	2381
0.000000	2381
0.000000	2381
0.000000	2381
0.000000	2381
0.000000	2381
0.000000	2381
0.000000	2381
0.000000	2381
0.000000	2381
0.000000	2381
0.000000	2381
0.000000	2381
0.000000	2381
0.000000	2381
0.000000	2381
0.000000	2381
0.000000	2381
0.000000	2381
0.000000	2381
0.000000	2381
0.000000	2381
0.000000	2381
0.000000	2381
0.000000	2381
0.000000	2381
0.000000	2381
0.000000	2381
0.000000	2381
0.000000	2381
0.000000	2381
0.000000	2381
0.000000	2381
0.000000	2381
0.000000	2381
0.000000	2381
0.000000	2381
0.000000	2381
0.000000	2381
0.000000	2381
0.000000	2381
0.000000	2381
0.000000	2381
0.000000	2381
0.000000	2381
0.000000	2381
0.000000	2381
0.000000	2381
0.000000	2381
0.000000	2381
0.000000	2381
0.000000	2381
0.000000	2381
0.000000	2381
0.000000	2381
0.000000	2381
0.000000	2381
0.000000	2381
0.000000	2381
0.000000	2381
0.000000	2381
0.000000	2381
0.000000	2381
0.000000	2381
0.000000	2381
0.000000	2381
0.000000	2381
0.000000	2381
0.000000	2381
0.000000	2381
0.000000	2381
0.000000	2381
0.000000	2381
0.000000	2381
0.000000	2381
0.000000	2381
0.000000	2381
0.000000	2381
0.000000	2381
0.000000	2381
0.000000	2381
0.000000	2381
0.000000	2381
0.000000	2381
0.000000	2381
0.000000	2381
0.000000	2381
0.000000	2381
0.000000	2381
0.000000	2381
0.000000	2381
0.000000	2381
0.000000	2381
0.000000	2381
0.000000	2382
0.000000	2382
0.000000	2386
0.000000	2391
0.000000	2396
0.000000	2401
0.000000	2405
0.000000	2410
0.000000	2415
0.000000	2420
0.000000	2424
0.000000	2429
0.000000	2434
0.000000	2439
0.000000	2443
0.000000	2448
0.000000	2453
0.000000	2458
0.000000	2462
0.000000	2467
0.000000	2472
0.000000	2476
0.000000	2481
0.000000	2486
0.000000	2491
0.000000	2495
0.000000	2500
0.000000	2505
0.000000	2510
0.000000	2514
0.000000	2519
0.000000	2524
0.000000	2529
0.000000	2533
0.000000	2538
0.000000	2543
0.000000	2548
0.000000	2552
0.000000	2557
0.000000	2562
0.000000	2567
0.000000	2571
0.000000	2576
0.000000	2581
0.000000	2586
0.000000	2590
0.000000	2595
0.000000	2600
0.000000	2605
0.000000	2609
0.000000	2614
0.000000	2619
0.000000	2624
0.000000	2628
0.000000	2633
0.000000	2638
0.000000	2643
0.000000	2647
0.000000	2652
0.000000	2657
0.000000	2662
0.000000	2666
0.000000	2671
0.000000	2676
0.000000	2680
0.000000	2685
0.000000	2690
0.000000	2695
0.000000	2699
0.000000	2704
0.000000	2709
0.000000	2714
0.000000	2718
0.000000	2723
0.000000	2728
0.000000	2733
0.000000	2737
0.000000	2742
0.000000	2747
0.000000	2752
0.000000	2756
0.000000	2761
0.000000	2766
0.000000	2771
0.000000	2775
0.000000	2780
0.000000	2785
0.000000	2790
0.000000	2794
0.000000	2799
0.000000	2804
0.000000	2809
0.000000	2813
0.000000	2818
0.000000	2823
0.000000	2828
0.000000	2832
0.000000	2837
0.000000	2842
0.000000	2847
0.000000	2851
0.000000	2856
0.000000	2861
0.000000	2866
0.000000	2870
0.000000	2875
0.000000	2880
0.000000	2885
0.000000	2889
0.000000	2894
0.000000	2899
0.000000	2904
0.000000	2908
0.000000	2913
0.000000	2918
0.000000	2923
0.000000	2927
0.000000	2932
0.000000	2937
0.000000	2942
0.000000	2946
0.000000	2951
0.000000	2956
0.000000	2961
0.000000	2965
0.000000	2970
0.000000	2975
0.000000	2979
0.000000	2984
0.000000	2989
0.000000	2994
0.000000	2998
0.000000	3003
0.000000	3008
0.000000	3013
0.000000	3017
0.000000	3022
0.000000	3027
0.000000	3032
0.000000	3036
0.000000	3041
0.000000	3046
0.000000	3051
0.000000	3055
0.000000	3060
0.000000	3065
0.000000	3070
0.000000	3074
0.000000	3079
0.000000	3084
0.000000	3089
0.000000	3093
0.000000	3098
0.000000	3103
0.000000	3108
0.000000	3112
0.000000	3117
0.000000	3122
0.000000	3127
0.000000	3131
0.000000	3136
0.000000	3141
0.000000	3146
0.000000	3150
0.000000	3155
0.000000	3160
0.000000	3165
0.000000	3169
0.000000	3174
0.000000	3179
0.000000	3184
0.000000	3188
0.000000	3193
0.000000	3198
0.000000	3203
0.000000	3207
0.000000	3212
0.000000	3217
0.000000	3222
0.000000	3226
0.000000	3231
0.000000	3236
0.000000	3241
0.000000	3245
0.000000	3250
0.000000	3255
0.000000	3260
0.000000	3264
0.000000	3269
0.000000	3274
0.000000	3279
0.000000	3283
0.000000	3288
0.000000	3293
0.000000	3297
0.000000	3302
0.000000	3307
0.000000	3312
0.000000	3316
0.000000	3321
0.000000	3326
0.000000	3331
0.000000	3335
0.000000	3340
0.000000	3345
0.000000	3350
0.000000	3354
0.000000	3359
0.000000	3364
0.000000	3369
0.000000	3373
0.000000	3378
0.000000	3383
0.000000	3388
0.000000	3392
0.000000	3397
0.000000	3402
0.000000	3407
0.000000	3411
0.000000	3416
0.000000	3421
0.000000	3426
0.000000	3430
0.000000	3435
0.000000	3440
0.000000	3445
0.000000	3449
0.000000	3454
0.000000	3459
0.000000	3464
0.000000	3468
0.000000	3473
0.000000	3478
0.000000	3483
0.000000	3487
0.000000	3492
0.000000	3497
0.000000	3502
0.000000	3506
0.000000	3511
0.000000	3516
0.000000	3521
0.000000	3525
0.000000	3530
0.000000	3535
0.000000	3540
0.000000	3544
0.000000	3549
0.000000	3554
0.000000	3559
0.000000	3563
0.000000	3564
0.000000	3567
0.000000	3572
0.000000	3577
0.000000	3581
0.000000	3586
0.000000	3591
0.000000	3596
0.000000	3600
0.000000	3605
0.000000	3610
0.000000	3614
0.000000	3619
0.000000	3624
0.000000	3629
0.000000	3633
0.000000	3638
0.000000	3643
0.000000	3648
0.000000	3652
0.000000	3657
0.000000	3662
0.000000	3667
0.000000	3671
0.000000	3676
0.000000	3681
0.000000	3686
0.000000	3690
0.000000	3695
0.000000	3700
0.000000	3705
0.000000	3709
0.000000	3714
0.000000	3719
0.000000	3724
0.000000	3728
0.000000	3733
0.000000	3738
0.000000	3743
0.000000	3747
0.000000	3752
0.000000	3757
0.000000	3761
0.000000	3766
0.000000	3771
0.000000	3776
0.000000	3780
0.000000	3785
0.000000	3790
0.000000	3795
0.000000	3799
0.000000	3804
0.000000	3809
0.000000	3814
0.000000	3818
0.000000	3823
0.000000	3828
0.000000	3833
0.000000	3837
0.000000	3842
0.000000	3847
0.000000	3852
0.000000	3856
0.000000	3861
0.000000	3866
0.000000	3871
0.000000	3875
0.000000	3880
0.000000	3885
0.000000	3890
0.000000	3894
0.000000	3899
0.000000	3904
0.000000	3909
0.000000	3913
0.000000	3918
0.000000	3923
0.000000	3927
0.000000	3932
0.000000	3937
0.000000	3942
0.000000	3946
0.000000	3951
0.000000	3956
0.000000	3961
0.000000	3965
0.000000	3970
0.000000	3975
0.000000	3980
0.000000	3984
0.000000	3989
0.000000	3994
0.000000	3999
0.000000	4003
0.000000	4008
0.000000	4013
0.000000	4018
0.000000	4022
0.000000	4027
0.000000	4032
0.000000	4037
0.000000	4041
0.000000	4046
0.000000	4051
0.000000	4056
0.000000	4060
0.000000	4065
0.000000	4070
0.000000	4075
0.000000	4079
0.000000	4084
0.000000	4089
0.000000	4093
0.000000	4098
0.000000	4103
0.000000	4108
0.000000	4112
0.000000	4117
0.000000	4122
0.000000	4127
0.000000	4131
0.000000	4136
0.000000	4141
0.000000	4146
0.000000	4150
0.000000	4155
0.000000	4160
0.000000	4165
0.000000	4169
0.000000	4174
0.000000	4179
0.000000	4184
0.000000	4188
0.000000	4193
0.000000	4198
0.000000	4203
0.000000	4207
0.000000	4212
0.000000	4217
0.000000	4222
0.000000	4226
0.000000	4231
0.000000	4236
0.000000	4241
0.000000	4245
0.000000	4250
0.000000	4255
0.000000	4260
0.000000	4264
0.000000	4269
0.000000	4274
0.000000	4278
0.000000	4283
0.000000	4288
0.000000	4293
0.000000	4297
0.000000	4302
0.000000	4307
0.000000	4312
0.000000	4316
0.000000	4321
0.000000	4326
0.000000	4331
0.000000	4335
0.000000	4340
0.000000	4345
0.000000	4350
0.000000	4354
0.000000	4359
0.000000	4364
0.000000	4369
0.000000	4373
0.000000	4378
0.000000	4383
0.000000	4388
0.000000	4392
0.000000	4397
0.000000	4402
0.000000	4407
0.000000	4411
0.000000	4416
0.000000	4421
0.000000	4426
0.000000	4430
0.000000	4435
0.000000	4440
0.000000	4444
0.000000	4449
0.000000	4454
0.000000	4459
0.000000	4463
0.000000	4468
0.000000	4473
0.000000	4478
0.000000	4482
0.000000	4487
0.000000	4492
0.000000	4497
0.000000	4501
0.000000	4506
0.000000	4511
0.000000	4516
0.000000	4520
0.000000	4525
0.000000	4530
0.000000	4535
0.000000	4539
0.000000	4544
0.000000	4549
0.000000	4554
0.000000	4558
0.000000	4563
0.000000	4568
0.000000	4573
0.000000	4577
0.000000	4582
0.000000	4587
0.000000	4592
0.000000	4596
0.000000	4601
0.000000	4606
0.000000	4611
0.000000	4615
0.000000	4620
0.000000	4625
0.000000	4629
0.000000	4634
0.000000	4639
0.000000	4644
0.000000	4648
0.000000	4653
0.000000	4658
0.000000	4663
0.000000	4667
0.000000	4672
0.000000	4677
0.000000	4682
0.000000	4686
0.000000	4691
0.000000	4696
0.000000	4701
0.000000	4705
0.000000	4710
0.000000	4715
0.000000	4720
0.000000	4724
0.000000	4729
0.000000	4734
0.000000	4739
0.000000	4743
0.000000	4748
0.000000	4752
0.000000	4756
0.000000	4759
0.000000	4763
0.000000	4764
0.000000	4764
0.000000	4764
0.000000	4764
0.000000	4764
0.000000	4764
0.000000	4764
0.000000	4764
0.000000	4764
0.000000	4764
0.000000	4764
0.000000	4764
0.000000	4764
0.000000	4764
0.000000	4764
0.000000	4764
0.000000	4764
0.000000	4764
0.000000	4764
0.000000	4764
0.000000	4764
0.000000	4764
0.000000	4764
0.000000	4764
0.000000	4764
0.000000	4764
0.000000	4764
0.000000	4764
0.000000	4764
0.000000	4764
0.000000	4764
0.000000	4764
0.000000	4764
0.000000	4764
0.000000	4764
0.000000	4764
0.000000	4764
0.000000	4764
0.000000	4764
0.000000	4764
0.000000	4764
0.000000	4764
0.000000	4764
0.000000	4764
0.000000	4764
0.000000	4764
0.000000	4764
0.000000	4764
0.000000	4764
0.000000	4764
0.000000	4764
0.000000	4764
0.000000	4764
0.000000	4764
0.000000	4764
0.000000	4764
0.000000	4764
0.000000	4764
0.000000	4764
0.000000	4764
0.000000	4764
0.000000	4764
0.000000	4764
0.000000	4764
0.000000	4764
0.000000	4764
0.000000	4764
0.000000	4764
0.000000	4764
0.000000	4764
0.000000	4764
0.000000	4764
0.000000	4764
0.000000	4764
0.000000	4764
0.000000	4764
0.000000	4764
0.000000	4764
0.000000	4764
0.000000	4764
0.000000	4764
0.000000	4764
0.000000	4764
0.000000	4764
0.000000	4764
0.000000	4764
0.000000	4764
0.000000	4764
0.000000	4764
0.000000	4764
0.000000	4764
0.000000	4764
0.000000	4764
0.000000	4764
0.000000	4764
0.000000	4764
0.000000	4764
0.000000	4764
0.000000	4764
0.000000	4764
0.000000	4764
0.000000	4764
0.000000	4764
0.000000	4764
0.000000	4764
0.000000	4764
0.000000	4764
0.000000	4764
0.000000	4764
0.000000	4764
0.000000	4764
0.000000	4764
0.000000	4764
0.000000	4764
0.000000	4764
0.000000	4764
0.000000	4764
0.000000	4764
0.000000	4764
0.000000	4764
0.000000	4764
0.000000	4764
0.000000	4764
0.000000	4764
0.000000	4764
0.000000	4764
0.000000	4764
0.000000	4764
0.000000	4764
0.000000	4764
0.000000	4764
0.000000	4764
0.000000	4764
0.000000	4764
0.000000	4764
0.000000	4764
0.000000	4764
0.000000	4764
0.000000	4764
0.000000	4764
0.000000	4764
0.000000	4764
0.000000	4764
0.000000	4764
0.000000	4764
0.000000	4764
0.000000	4764
0.000000	4764
0.000000	4764
0.000000	4764
0.000000	4764
0.000000	4764
0.000000	4764
0.000000	4764
0.000000	4764
0.000000	4764
0.000000	4764
0.000000	4764
0.000000	4764
0.000000	4764
0.000000	4764
0.000000	4764
0.000000	4764
0.000000	4764
0.000000	4764
0.000000	4764
0.000000	4764
0.000000	4764
0.000000	4764
0.000000	4764
0.000000	4764
0.000000	4764
0.000000	4764
0.000000	4764
0.000000	4764
0.000000	4764
0.000000	4764
0.000000	4764
0.000000	4764
0.000000	4764
0.000000	4764
0.000000	4764
0.000000	4764
0.000000	4764
0.000000	4764
0.000000	4764
0.000000	4764
0.000000	4764
0.000000	4764
0.000000	4764
0.000000	4764
0.000000	4764
0.000000	4764
0.000000	4764
0.000000	4764
0.000000	4764
0.000000	4764
0.000000	4764
0.000000	4764
0.000000	4764
0.000000	4764
0.000000	4764
0.000000	4764
0.000000	4764
0.000000	4764
0.000000	4764
0.000000	4764
0.000000	4764
0.000000	4764
0.000000	4764
0.000000	4764
0.000000	4764
0.000000	4764
0.000000	4764
0.000000	4764
0.000000	4764
0.000000	4764
0.000000	4764
0.000000	4764
0.000000	4764
0.000000	4764
0.000000	4764
0.000000	4764
0.000000	4764
0.000000	4764
0.000000	4764
0.000000	4764
0.000000	4764
0.000000	4764
0.000000	4764
0.000000	4764
0.000000	4764
0.000000	4764
0.000000	4764
0.000000	4764
0.000000	4764
0.000000	4764
0.000000	4764
0.000000	4764
0.000000	4764
0.000000	4764
0.000000	4764
0.000000	4764
0.000000	4764
0.000000	4764
0.000000	4764
0.000000	4768
0.000000	4773
0.000000	4778
0.000000	4782
0.000000	4787
0.000000	4792
0.000000	4797
0.000000	4801
0.000000	4806
0.000000	4811
0.000000	4816
0.000000	4820
0.000000	4825
0.000000	4830
0.000000	4835
0.000000	4839
0.000000	4844
0.000000	4849
0.000000	4854
0.000000	4858
0.000000	4863
0.000000	4868
0.000000	4873
0.000000	4877
0.000000	4882
0.000000	4887
0.000000	4892
0.000000	4896
0.000000	4901
0.000000	4906
0.000000	4911
0.000000	4915
0.000000	4920
0.000000	4925
0.000000	4930
0.000000	4934
0.000000	4939
0.000000	4944
0.000000	4949
0.000000	4953
0.000000	4958
0.000000	4963
0.000000	4968
0.000000	4972
0.000000	4977
0.000000	4982
0.000000	4987
0.000000	4991
0.000000	4996
0.000000	5001
0.000000	5005
0.000000	5010
0.000000	5015
0.000000	5020
0.000000	5024
0.000000	5029
0.000000	5034
0.000000	5039
0.000000	5043
0.000000	5048
0.000000	5053
0.000000	5058
0.000000	5062
0.000000	5067
0.000000	5072
0.000000	5077
0.000000	5081
0.000000	5086
0.000000	5091
0.000000	5096
0.000000	5100
0.000000	5105
0.000000	5110
0.000000	5115
0.000000	5119
0.000000	5124
0.000000	5129
0.000000	5134
0.000000	5138
0.000000	5143
0.000000	5148
0.000000	5153
0.000000	5157
0.000000	5162
0.000000	5167
0.000000	5172
0.000000	5176
0.000000	5181
0.000000	5186
0.000000	5191
0.000000	5195
0.000000	5200
0.000000	5205
0.000000	5210
0.000000	5214
0.000000	5219
0.000000	5224
0.000000	5229
0.000000	5233
0.000000	5238
0.000000	5243
0.000000	5248
0.000000	5252
0.000000	5257
0.000000	5262
0.000000	5267
0.000000	5271
0.000000	5276
0.000000	5281
0.000000	5286
0.000000	5290
0.000000	5295
0.000000	5300
0.000000	5305
0.000000	5309
0.000000	5314
0.000000	5319
0.000000	5324
0.000000	5328
0.000000	5333
0.000000	5338
0.000000	5343
0.000000	5347
0.000000	5352
0.000000	5357
0.000000	5362
0.000000	5366
0.000000	5371
0.000000	5376
0.000000	5380
0.000000	5385
0.000000	5390
0.000000	5395
0.000000	5399
0.000000	5404
0.000000	5409
0.000000	5414
0.000000	5418
0.000000	5423
0.000000	5428
0.000000	5433
0.000000	5437
0.000000	5442
0.000000	5447
0.000000	5452
0.000000	5456
0.000000	5461
0.000000	5466
0.000000	5471
0.000000	5475
0.000000	5480
0.000000	5485
0.000000	5490
0.000000	5494
0.000000	5499
0.000000	5504
0.000000	5509
0.000000	5513
0.000000	5518
0.000000	5523
0.000000	5528
0.000000	5532
0.000000	5537
0.000000	5542
0.000000	5547
0.000000	5551
0.000000	5556
0.000000	5561
0.000000	5566
0.000000	5570
0.000000	5575
0.000000	5580
0.000000	5585
0.000000	5589
0.000000	5594
0.000000	5599
0.000000	5604
0.000000	5608
0.000000	5613
0.000000	5618
0.000000	5623
0.000000	5627
0.000000	5632
0.000000	5637
0.000000	5642
0.000000	5646
0.000000	5651
0.000000	5656
0.000000	5661
0.000000	5665
0.000000	5670
0.000000	5675
0.000000	5680
0.000000	5684
0.000000	5689
0.000000	5694
0.000000	5699
0.000000	5703
0.000000	5708
0.000000	5713
0.000000	5718
0.000000	5722
0.000000	5727
0.000000	5732
0.000000	5737
0.000000	5741
0.000000	5746
0.000000	5751
0.000000	5756
0.000000	5760
0.000000	5765
0.000000	5770
0.000000	5775
0.000000	5779
0.000000	5784
0.000000	5789
0.000000	5794
0.000000	5798
0.000000	5803
0.000000	5808
0.000000	5813
0.000000	5817
0.000000	5822
0.000000	5827
0.000000	5831
0.000000	5836
0.000000	5841
0.000000	5846
0.000000	5850
0.000000	5855
0.000000	5860
0.000000	5865
0.000000	5869
0.000000	5874
0.000000	5879
0.000000	5884
0.000000	5888
0.000000	5893
0.000000	5898
0.000000	5903
0.000000	5907
0.000000	5912
0.000000	5917
0.000000	5922
0.000000	5926
0.000000	5931
0.000000	5936
0.000000	5941
0.000000	5945
0.000000	5947
0.000000	5951
0.000000	5956
0.000000	5961
0.000000	5965
0.000000	5970
0.000000	5975
0.000000	5980
0.000000	5984
0.000000	5989
0.000000	5994
0.000000	5999
0.000000	6003
0.000000	6008
0.000000	6013
0.000000	6018
0.000000	6022
0.000000	6027
0.000000	6032
0.000000	6037
0.000000	6041
0.000000	6046
0.000000	6051
0.000000	6056
0.000000	6060
0.000000	6065
0.000000	6070
0.000000	6074
0.000000	6079
0.000000	6084
0.000000	6089
0.000000	6093
0.000000	6098
0.000000	6103
0.000000	6108
0.000000	6112
0.000000	6117
0.000000	6122
0.000000	6127
0.000000	6131
0.000000	6136
0.000000	6141
0.000000	6146
0.000000	6150
0.000000	6155
0.000000	6160
0.000000	6165
0.000000	6169
0.000000	6174
0.000000	6179
0.000000	6184
0.000000	6188
0.000000	6193
0.000000	6198
0.000000	6203
0.000000	6207
0.000000	6212
0.000000	6217
0.000000	6222
0.000000	6226
0.000000	6231
0.000000	6236
0.000000	6241
0.000000	6245
0.000000	6250
0.000000	6255
0.000000	6259
0.000000	6264
0.000000	6269
0.000000	6274
0.000000	6278
0.000000	6283
0.000000	6288
0.000000	6293
0.000000	6297
0.000000	6302
0.000000	6307
0.000000	6312
0.000000	6316
0.000000	6321
0.000000	6326
0.000000	6331
0.000000	6335
0.000000	6340
0.000000	6345
0.000000	6350
0.000000	6354
0.000000	6359
0.000000	6364
0.000000	6369
0.000000	6373
0.000000	6378
0.000000	6383
0.000000	6388
0.000000	6392
0.000000	6397
0.000000	6402
0.000000	6407
0.000000	6411
0.000000	6416
0.000000	6421
0.000000	6426
0.000000	6430
0.000000	6435
0.000000	6440
0.000000	6445
0.000000	6449
0.000000	6454
0.000000	6459
0.000000	6464
0.000000	6468
0.000000	6473
0.000000	6478
0.000000	6483
0.000000	6487
0.000000	6492
0.000000	6497
0.000000	6502
0.000000	6506
0.000000	6511
0.000000	6516
0.000000	6520
0.000000	6525
0.000000	6530
0.000000	6535
0.000000	6539
0.000000	6544
0.000000	6549
0.000000	6554
0.000000	6558
0.000000	6563
0.000000	6568
0.000000	6573
0.000000	6577
0.000000	6582
0.000000	6587
0.000000	6592
0.000000	6596
0.000000	6601
0.000000	6606
0.000000	6611
0.000000	6615
0.000000	6620
0.000000	6625
0.000000	6630
0.000000	6634
0.000000	6639
0.000000	6644
0.000000	6649
0.000000	6653
0.000000	6658
0.000000	6663
0.000000	6668
0.000000	6672
0.000000	6677
0.000000	6682
0.000000	6687
0.000000	6691
0.000000	6696
0.000000	6701
0.000000	6706
0.000000	6710
0.000000	6715
0.000000	6720
0.000000	6725
0.000000	6729
0.000000	6734
0.000000	6739
0.000000	6744
0.000000	6748
0.000000	6753
0.000000	6758
0.000000	6763
0.000000	6767
0.000000	6772
0.000000	6777
0.000000	6781
0.000000	6786
0.000000	6791
0.000000	6796
0.000000	6800
0.000000	6805
0.000000	6810
0.000000	6815
0.000000	6819
0.000000	6824
0.000000	6829
0.000000	6834
0.000000	6838
0.000000	6843
0.000000	6848
0.000000	6853
0.000000	6857
0.000000	6862
0.000000	6867
0.000000	6872
0.000000	6876
0.000000	6881
0.000000	6886
0.000000	6891
0.000000	6895
0.000000	6900
0.000000	6905
0.000000	6910
0.000000	6914
0.000000	6919
0.000000	6924
0.000000	6929
0.000000	6933
0.000000	6938
0.000000	6943
0.000000	6948
0.000000	6952
0.000000	6957
0.000000	6962
0.000000	6967
0.000000	6971
0.000000	6976
0.000000	6981
0.000000	6986
0.000000	6990
0.000000	6995
0.000000	7000
0.000000	7005
0.000000	7009
0.000000	7014
0.000000	7019
0.000000	7024
0.000000	7028
0.000000	7033
0.000000	7038
0.000000	7043
0.000000	7047
0.000000	7052
0.000000	7057
0.000000	7062
0.000000	7066
0.000000	7071
0.000000	7076
0.000000	7080
0.000000	7085
0.000000	7090
0.000000	7095
0.000000	7099
0.000000	7104
0.000000	7109
0.000000	7114
0.000000	7118
0.000000	7123
0.000000	7128
0.000000	7132
0.000000	7136
0.000000	7141
0.000000	7144
0.000000	7147
0.000000	7148
0.000000	7148
0.000000	7148
0.000000	7148
0.000000	7148
0.000000	7148
0.000000	7148
0.000000	7148
0.000000	7148
0.000000	7148
0.000000	7148
0.000000	7148
0.000000	7148
0.000000	7148
0.000000	7148
0.000000	7148
0.000000	7148
0.000000	7148
0.000000	7148
0.000000	7148
0.000000	7148
0.000000	7148
0.000000	7148
0.000000	7148
0.000000	7148
0.000000	7148
0.000000	7148
0.000000	7148
0.000000	7148
0.000000	7148
0.000000	7148
0.000000	7148
0.000000	7148
0.000000	7148
0.000000	7148
0.000000	7148
0.000000	7148
0.000000	7148
0.000000	7148
0.000000	7148
0.000000	7148
0.000000	7148
0.000000	7148
0.000000	7148
0.000000	7148
0.000000	7148
0.000000	7148
0.000000	7148
0.000000	7148
0.000000	7148
0.000000	7148
0.000000	7148
0.000000	7148
0.000000	7148
0.000000	7148
0.000000	7148
0.000000	7148
0.000000	7148
0.000000	7148
0.000000	7148
0.000000	7148
0.000000	7148
0.000000	7148
0.000000	7148
0.000000	7148
0.000000	7148
0.000000	7148
0.000000	7148
0.000000	7148
0.000000	7148
0.000000	7148
0.000000	7148
0.000000	7148
0.000000	7148
0.000000	7148
0.000000	7148
0.000000	7148
0.000000	7148
0.000000	7148
0.000000	7148
0.000000	7148
0.000000	7148
0.000000	7148
0.000000	7148
0.000000	7148
0.000000	7148
0.000000	7148
0.000000	7148
0.000000	7148
0.000000	7148
0.000000	7148
0.000000	7148
0.000000	7148
0.000000	7148
0.000000	7148
0.000000	7148
0.000000	7148
0.000000	7148
0.000000	7148
0.000000	7148
0.000000	7148
0.000000	7148
0.000000	7148
0.000000	7148
0.000000	7148
0.000000	7148
0.000000	7148
0.000000	7148
0.000000	7148
0.000000	7148
0.000000	7148
0.000000	7148
0.000000	7148
0.000000	7148
0.000000	7148
0.000000	7148
0.000000	7148
0.000000	7148
0.000000	7148
0.000000	7148
0.000000	7148
0.000000	7148
0.000000	7148
0.000000	7148
0.000000	7148
0.000000	7148
0.000000	7148
0.000000	7148
0.000000	7148
0.000000	7148
0.000000	7148
0.000000	7148
0.000000	7148
0.000000	7148
0.000000	7148
0.000000	7148
0.000000	7148
0.000000	7148
0.000000	7148
0.000000	7148
0.000000	7148
0.000000	7148
0.000000	7148
0.000000	7148
0.000000	7148
0.000000	7148
0.000000	7148
0.000000	7148
0.000000	7148
0.000000	7148
0.000000	7148
0.000000	7148
0.000000	7148
0.000000	7148
0.000000	7148
0.000000	7148
0.000000	7148
0.000000	7148
0.000000	7148
0.000000	7148
0.000000	7148
0.000000	7148
0.000000	7148
0.000000	7148
0.000000	7148
0.000000	7148
0.000000	7148
0.000000	7148
0.000000	7148
0.000000	7148
0.000000	7148
0.000000	7148
0.000000	7148
0.000000	7148
0.000000	7148
0.000000	7148
0.000000	7148
0.000000	7148
0.000000	7148
0.000000	7148
0.000000	7148
0.000000	7148
0.000000	7148
0.000000	7148
0.000000	7148
0.000000	7148
0.000000	7148
0.000000	7148
0.000000	7148
0.000000	7148
0.000000	7148
0.000000	7148
0.000000	7148
0.000000	7148
0.000000	7148
0.000000	7148
0.000000	7148
0.000000	7148
0.000000	7148
0.000000	7148
0.000000	7148
0.000000	7148
0.000000	7148
0.000000	7148
0.000000	7148
0.000000	7148
0.000000	7148
0.000000	7148
0.000000	7148
0.000000	7148
0.000000	7148
0.000000	7148
0.000000	7148
0.000000	7148
0.000000	7148
0.000000	7148
0.000000	7148
0.000000	7148
0.000000	7148
0.000000	7148
0.000000	7148
0.000000	7148
0.000000	7148
0.000000	7148
0.000000	7148
0.000000	7148
0.000000	7148
0.000000	7148
0.000000	7148
0.000000	7148
0.000000	7148
0.000000	7148
0.000000	7148
0.000000	7148
0.000000	7148
0.000000	7148
0.000000	7148
0.000000	7148
0.000000	7148
0.000000	7148
0.000000	7148
0.000000	7148
0.000000	7148
0.000000	7148
0.000000	7149
0.000000	7149
0.000000	7153
0.000000	7158
0.000000	7163
0.000000	7168
0.000000	7172
0.000000	7177
0.000000	7182
0.000000	7187
0.000000	7191
0.000000	7196
0.000000	7201
0.000000	7206
0.000000	7210
0.000000	7215
0.000000	7220
0.000000	7225
0.000000	7229
0.000000	7234
0.000000	7239
0.000000	7244
0.000000	7248
0.000000	7253
0.000000	7258
0.000000	7262
0.000000	7267
0.000000	7272
0.000000	7277
0.000000	7282
0.000000	7286
0.000000	7291
0.000000	7296
0.000000	7300
0.000000	7305
0.000000	7310
0.000000	7315
0.000000	7319
0.000000	7324
0.000000	7329
0.000000	7334
0.000000	7338
0.000000	7343
0.000000	7348
0.000000	7353
0.000000	7357
0.000000	7362
0.000000	7367
0.000000	7372
0.000000	7376
0.000000	7381
0.000000	7386
0.000000	7391
0.000000	7395
0.000000	7400
0.000000	7405
0.000000	7410
0.000000	7414
0.000000	7419
0.000000	7424
0.000000	7429
0.000000	7433
0.000000	7438
0.000000	7443
0.000000	7448
0.000000	7452
0.000000	7457
0.000000	7462
0.000000	7467
0.000000	7471
0.000000	7476
0.000000	7481
0.000000	7486
0.000000	7490
0.000000	7495
0.000000	7500
0.000000	7505
0.000000	7509
0.000000	7514
0.000000	7519
0.000000	7524
0.000000	7528
0.000000	7533
0.000000	7538
0.000000	7543
0.000000	7547
0.000000	7552
0.000000	7557
0.000000	7562
0.000000	7566
0.000000	7571
0.000000	7576
0.000000	7581
0.000000	7585
0.000000	7590
0.000000	7595
0.000000	7600
0.000000	7604
0.000000	7609
0.000000	7614
0.000000	7619
0.000000	7623
0.000000	7628
0.000000	7633
0.000000	7638
0.000000	7642
0.000000	7647
0.000000	7652
0.000000	7657
0.000000	7661
0.000000	7666
0.000000	7671
0.000000	7676
0.000000	7680
0.000000	7685
0.000000	7690
0.000000	7695
0.000000	7699
0.000000	7704
0.000000	7709
0.000000	7714
0.000000	7718
0.000000	7723
0.000000	7728
0.000000	7733
0.000000	7737
0.000000	7742
0.000000	7747
0.000000	7752
0.000000	7756
0.000000	7761
0.000000	7766
0.000000	7771
0.000000	7775
0.000000	7780
0.000000	7785
0.000000	7790
0.000000	7794
0.000000	7799
0.000000	7804
0.000000	7809
0.000000	7813
0.000000	7818
0.000000	7823
0.000000	7828
0.000000	7832
0.000000	7837
0.000000	7842
0.000000	7847
0.000000	7851
0.000000	7856
0.000000	7861
0.000000	7866
0.000000	7870
0.000000	7875
0.000000	7880
0.000000	7885
0.000000	7889
0.000000	7894
0.000000	7899
0.000000	7904
0.000000	7908
0.000000	7913
0.000000	7918
0.000000	7923
0.000000	7927
0.000000	7932
0.000000	7937
0.000000	7942
0.000000	7946
0.000000	7951
0.000000	7956
0.000000	7961
0.000000	7965
0.000000	7970
0.000000	7975
0.000000	7980
0.000000	7984
0.000000	7989
0.000000	7994
0.000000	7999
0.000000	8003
0.000000	8008
0.000000	8013
0.000000	8018
0.000000	8022
0.000000	8027
0.000000	8032
0.000000	8037
0.000000	8041
0.000000	8046
0.000000	8051
0.000000	8056
0.000000	8060
0.000000	8065
0.000000	8070
0.000000	8075
0.000000	8079
0.000000	8084
0.000000	8089
0.000000	8094
0.000000	8098
0.000000	8103
0.000000	8108
0.000000	8113
0.000000	8117
0.000000	8122
0.000000	8127
0.000000	8132
0.000000	8136
0.000000	8141
0.000000	8146
0.000000	8151
0.000000	8155
0.000000	8160
0.000000	8165
0.000000	8170
0.000000	8174
0.000000	8179
0.000000	8184
0.000000	8189
0.000000	8193
0.000000	8198
0.000000	8203
0.000000	8208
0.000000	8212
0.000000	8217
0.000000	8222
0.000000	8227
0.000000	8231
0.000000	8236
0.000000	8241
0.000000	8246
0.000000	8250
0.000000	8255
0.000000	8260
0.000000	8265
0.000000	8269
0.000000	8274
0.000000	8279
0.000000	8284
0.000000	8288
0.000000	8293
0.000000	8298
0.000000	8303
0.000000	8307
0.000000	8312
0.000000	8317
0.000000	8322
0.000000	8326
0.000000	8331
0.000000	8333
0.000000	8336
0.000000	8341
0.000000	8346
0.000000	8350
0.000000	8355
0.000000	8360
0.000000	8365
0.000000	8369
0.000000	8374
0.000000	8379
0.000000	8384
0.000000	8388
0.000000	8393
0.000000	8398
0.000000	8402
0.000000	8407
0.000000	8412
0.000000	8417
0.000000	8421
0.000000	8426
0.000000	8431
0.000000	8436
0.000000	8440
0.000000	8445
0.000000	8450
0.000000	8455
0.000000	8459
0.000000	8464
0.000000	8469
0.000000	8474
0.000000	8478
0.000000	8483
0.000000	8488
0.000000	8493
0.000000	8497
0.000000	8502
0.000000	8507
0.000000	8512
0.000000	8516
0.000000	8521
0.000000	8526
0.000000	8531
0.000000	8535
0.000000	8540
0.000000	8545
0.000000	8550
0.000000	8554
0.000000	8559
0.000000	8564
0.000000	8569
0.000000	8573
0.000000	8578
0.000000	8583
0.000000	8588
0.000000	8592
0.000000	8597
0.000000	8602
0.000000	8607
0.000000	8611
0.000000	8616
0.000000	8621
0.000000	8626
0.000000	8630
0.000000	8635
0.000000	8640
0.000000	8645
0.000000	8649
0.000000	8654
0.000000	8659
0.000000	8664
0.000000	8668
0.000000	8673
0.000000	8678
0.000000	8682
0.000000	8687
0.000000	8692
0.000000	8697
0.000000	8701
0.000000	8706
0.000000	8711
0.000000	8716
0.000000	8720
0.000000	8725
0.000000	8730
0.000000	8735
0.000000	8739
0.000000	8744
0.000000	8749
0.000000	8754
0.000000	8758
0.000000	8763
0.000000	8768
0.000000	8773
0.000000	8777
0.000000	8782
0.000000	8787
0.000000	8792
0.000000	8796
0.000000	8801
0.000000	8806
0.000000	8811
0.000000	8815
0.000000	8820
0.000000	8825
0.000000	8830
0.000000	8834
0.000000	8839
0.000000	8844
0.000000	8849
0.000000	8853
0.000000	8858
0.000000	8863
0.000000	8868
0.000000	8872
0.000000	8877
0.000000	8882
0.000000	8887
0.000000	8891
0.000000	8896
0.000000	8901
0.000000	8906
0.000000	8910
0.000000	8915
0.000000	8920
0.000000	8925
0.000000	8929
0.000000	8934
0.000000	8939
0.000000	8944
0.000000	8948
0.000000	8953
0.000000	8958
0.000000	8963
0.000000	8967
0.000000	8972
0.000000	8977
0.000000	8981
0.000000	8986
0.000000	8991
0.000000	8996
0.000000	9000
0.000000	9005
0.000000	9010
0.000000	9015
0.000000	9019
0.000000	9024
0.000000	9029
0.000000	9034
0.000000	9038
0.000000	9043
0.000000	9048
0.000000	9053
0.000000	9057
0.000000	9062
0.000000	9067
0.000000	9072
0.000000	9076
0.000000	9081
0.000000	9086
0.000000	9091
0.000000	9095
0.000000	9100
0.000000	9105
0.000000	9110
0.000000	9114
0.000000	9119
0.000000	9124
0.000000	9129
0.000000	9133
0.000000	9138
0.000000	9143
0.000000	9148
0.000000	9152
0.000000	9157
0.000000	9162
0.000000	9167
0.000000	9171
0.000000	9176
0.000000	9181
0.000000	9186
0.000000	9190
0.000000	9195
0.000000	9200
0.000000	9205
0.000000	9209
0.000000	9214
0.000000	9219
0.000000	9224
0.000000	9228
0.000000	9233
0.000000	9238
0.000000	9243
0.000000	9247
0.000000	9252
0.000000	9257
0.000000	9262
0.000000	9266
0.000000	9271
0.000000	9276
0.000000	9281
0.000000	9285
0.000000	9290
0.000000	9295
0.000000	9300
0.000000	9304
0.000000	9309
0.000000	9314
0.000000	9319
0.000000	9323
0.000000	9328
0.000000	9333
0.000000	9338
0.000000	9342
0.000000	9347
0.000000	9352
0.000000	9357
0.000000	9361
0.000000	9366
0.000000	9371
0.000000	9375
0.000000	9380
0.000000	9385
0.000000	9390
0.000000	9394
0.000000	9399
0.000000	9404
0.000000	9409
0.000000	9413
0.000000	9418
0.000000	9423
0.000000	9428
0.000000	9432
0.000000	9437
0.000000	9442
0.000000	9447
0.000000	9451
0.000000	9456
0.000000	9461
0.000000	9466
0.000000	9470
0.000000	9475
0.000000	9480
0.000000	9485
0.000000	9489
0.000000	9494
0.000000	9499
0.000000	9504
0.000000	9508
0.000000	9513
0.000000	9517
0.000000	9522
0.000000	9526
0.000000	9529
0.000000	9532
0.000000	9533
0.000000	9533
0.000000	9533
0.000000	9533
0.000000	9533
0.000000	9533
0.000000	9533
0.000000	9533
0.000000	9533
0.000000	9533
0.000000	9533
0.000000	9533
0.000000	9533