ets Jul 29 2019 12:21:46

rst:0x1 (POWERON_RESET),boot:0x13 (SPI_FAST_FLASH_BOOT)
configsip: 0, SPIWP:0xee
clk_drv:0x00,q_drv:0x00,d_drv:0x00,cs0_drv:0x00,hd_drv:0x00,wp_drv:0x00
mode:DIO, clock div:2
load:0x3fff0030,len:1184
load:0x40078000,len:13192
load:0x40080400,len:3028
entry 0x400805e4
Printing Data
i,time,y0,y1,y2,y3,y4,du1,du2,du3,du4,U1,du
0,3009810,-0.02789051,-0.02822922,-0.02872780,-0.02931778,-0.02997301,0.00000000,0.00000000,0.00000000,0.00000000,0.00000000,-0.16643975
1,3019810,-0.02758309,-0.02789051,-0.02822922,-0.02872780,-0.02931778,0.00000000,0.00000000,0.00000000,0.00000000,0.00000000,-0.15931949
2,3029810,-0.02743794,-0.02758309,-0.02789051,-0.02822922,-0.02872780,0.00000000,0.00000000,0.00000000,0.00000000,0.00000000,-0.16782742
3,3039810,-0.02748436,-0.02743794,-0.02758309,-0.02789051,-0.02822922,0.00000000,0.00000000,0.00000000,0.00000000,0.00000000,-0.17337147
4,3049810,-0.02769368,-0.02748436,-0.02743794,-0.02758309,-0.02789051,0.00000000,0.00000000,0.00000000,0.00000000,0.00000000,-0.17663129
5,3059810,-0.02798918,-0.02769368,-0.02748436,-0.02743794,-0.02758309,0.00000000,0.00000000,0.00000000,0.00000000,0.00000000,-0.17662186
6,3069810,-0.02832295,-0.02798918,-0.02769368,-0.02748436,-0.02743794,0.00000000,0.00000000,0.00000000,0.00000000,0.00000000,-0.17718889
7,3079810,-0.02871023,-0.02832295,-0.02798918,-0.02769368,-0.02748436,0.00000000,0.00000000,0.00000000,0.00000000,0.00000000,-0.18129782
8,3089810,-0.02915713,-0.02871023,-0.02832295,-0.02798918,-0.02769368,0.00000000,0.00000000,0.00000000,0.00000000,0.00000000,-0.18545925
9,3099810,-0.02947870,-0.02915713,-0.02871023,-0.02832295,-0.02798918,0.00000000,0.00000000,0.00000000,0.00000000,0.00000000,-0.17627850
10,3109810,-0.02975898,-0.02947870,-0.02915713,-0.02871023,-0.02832295,0.00000000,0.00000000,0.00000000,0.00000000,0.00000000,-0.18098915
11,3119810,-0.03004844,-0.02975898,-0.02947870,-0.02915713,-0.02871023,0.00000000,0.00000000,0.00000000,0.00000000,0.00000000,-0.18521966
12,3129810,-0.03032358,-0.03004844,-0.02975898,-0.02947870,-0.02915713,0.00000000,0.00000000,0.00000000,0.00000000,0.00000000,-0.18547784
13,3139810,-0.03059379,-0.03032358,-0.03004844,-0.02975898,-0.02947870,0.00000000,0.00000000,0.00000000,0.00000000,0.00000000,-0.18741938
14,3149810,-0.03103513,-0.03059379,-0.03032358,-0.03004844,-0.02975898,0.00000000,0.00000000,0.00000000,0.00000000,0.00000000,-0.20166951
15,3159810,-0.03157047,-0.03103513,-0.03059379,-0.03032358,-0.03004844,0.00000000,0.00000000,0.00000000,0.00000000,0.00000000,-0.20321410
16,3169810,-0.03219579,-0.03157047,-0.03103513,-0.03059379,-0.03032358,0.00000000,0.00000000,0.00000000,0.00000000,0.00000000,-0.20860025
17,3179810,-0.03283784,-0.03219579,-0.03157047,-0.03103513,-0.03059379,0.00000000,0.00000000,0.00000000,0.00000000,0.00000000,-0.20938816
18,3189810,-0.03334327,-0.03283784,-0.03219579,-0.03157047,-0.03103513,0.00000000,0.00000000,0.00000000,0.00000000,0.00000000,-0.20253242
19,3199810,-0.03375854,-0.03334327,-0.03283784,-0.03219579,-0.03157047,0.00000000,0.00000000,0.00000000,0.00000000,0.00000000,-0.20530960
20,3209810,-0.03408371,-0.03375854,-0.03334327,-0.03283784,-0.03219579,0.00000000,0.00000000,0.00000000,0.00000000,0.00000000,-0.20539856
21,3219810,-0.03421502,-0.03408371,-0.03375854,-0.03334327,-0.03283784,0.00000000,0.00000000,0.00000000,0.00000000,0.00000000,-0.19742417
22,3229810,-0.03426726,-0.03421502,-0.03408371,-0.03375854,-0.03334327,0.00000000,0.00000000,0.00000000,0.00000000,0.00000000,-0.20141416
23,3239810,-0.03414040,-0.03426726,-0.03421502,-0.03408371,-0.03375854,0.00000000,0.00000000,0.00000000,0.00000000,0.00000000,-0.19236864
24,3249810,-0.03381341,-0.03414040,-0.03426726,-0.03421502,-0.03408371,0.00000000,0.00000000,0.00000000,0.00000000,0.00000000,-0.18535914
25,3259815,-0.03336281,-0.03381341,-0.03414040,-0.03426726,-0.03421502,0.00000000,0.00000000,0.00000000,0.00000000,0.00000000,-0.18367313
26,3269810,-0.03293879,-0.03336281,-0.03381341,-0.03414040,-0.03426726,0.00000000,0.00000000,0.00000000,0.00000000,0.00000000,-0.18861232
27,3279810,-0.03255140,-0.03293879,-0.03336281,-0.03381341,-0.03414040,0.00000000,0.00000000,0.00000000,0.00000000,0.00000000,-0.18750941
28,3289810,-0.03225824,-0.03255140,-0.03293879,-0.03336281,-0.03381341,0.00000000,0.00000000,0.00000000,0.00000000,0.00000000,-0.19035028
29,3299810,-0.03197714,-0.03225824,-0.03255140,-0.03293879,-0.03336281,0.00000000,0.00000000,0.00000000,0.00000000,0.00000000,-0.18513249
30,3309810,-0.03172650,-0.03197714,-0.03225824,-0.03255140,-0.03293879,0.00000000,0.00000000,0.00000000,0.00000000,0.00000000,-0.18511778
31,3319810,-0.03128678,-0.03172650,-0.03197714,-0.03225824,-0.03255140,0.00000000,0.00000000,0.00000000,0.00000000,0.00000000,-0.16850403
32,3329810,-0.03065161,-0.03128678,-0.03172650,-0.03197714,-0.03225824,0.00000000,0.00000000,0.00000000,0.00000000,0.00000000,-0.16043992
33,3339810,-0.02990254,-0.03065161,-0.03128678,-0.03172650,-0.03197714,0.00000000,0.00000000,0.00000000,0.00000000,0.00000000,-0.15740618
34,3349810,-0.02903791,-0.02990254,-0.03065161,-0.03128678,-0.03172650,0.00000000,0.00000000,0.00000000,0.00000000,0.00000000,-0.14981068
35,3359810,-0.02808462,-0.02903791,-0.02990254,-0.03065161,-0.03128678,0.00000000,0.00000000,0.00000000,0.00000000,0.00000000,-0.14355868
36,3369810,-0.02714098,-0.02808462,-0.02903791,-0.02990254,-0.03065161,0.00000000,0.00000000,0.00000000,0.00000000,0.00000000,-0.14266953
37,3379810,-0.02625068,-0.02714098,-0.02808462,-0.02903791,-0.02990254,0.00000000,0.00000000,0.00000000,0.00000000,0.00000000,-0.14047095
38,3389810,-0.02544230,-0.02625068,-0.02714098,-0.02808462,-0.02903791,0.00000000,0.00000000,0.00000000,0.00000000,0.00000000,-0.13865134
39,3399810,-0.02475805,-0.02544230,-0.02625068,-0.02714098,-0.02808462,0.00000000,0.00000000,0.00000000,0.00000000,0.00000000,-0.13906702
40,3409810,-0.02416687,-0.02475805,-0.02544230,-0.02625068,-0.02714098,0.00000000,0.00000000,0.00000000,0.00000000,0.00000000,-0.13602009
41,3419810,-0.02368554,-0.02416687,-0.02475805,-0.02544230,-0.02625068,0.00000000,0.00000000,0.00000000,0.00000000,0.00000000,-0.13618100
42,3429810,-0.02334814,-0.02368554,-0.02416687,-0.02475805,-0.02544230,0.00000000,0.00000000,0.00000000,0.00000000,0.00000000,-0.13869324
43,3439810,-0.02302700,-0.02334814,-0.02368554,-0.02416687,-0.02475805,0.00000000,0.00000000,0.00000000,0.00000000,0.00000000,-0.13122546
44,3449810,-0.02280051,-0.02302700,-0.02334814,-0.02368554,-0.02416687,0.00000000,0.00000000,0.00000000,0.00000000,0.00000000,-0.13544056
45,3459810,-0.02249990,-0.02280051,-0.02302700,-0.02334814,-0.02368554,0.00000000,0.00000000,0.00000000,0.00000000,0.00000000,-0.12434644
46,3469810,-0.02218809,-0.02249990,-0.02280051,-0.02302700,-0.02334814,0.00000000,0.00000000,0.00000000,0.00000000,0.00000000,-0.12517297
47,3479810,-0.02182052,-0.02218809,-0.02249990,-0.02280051,-0.02302700,0.00000000,0.00000000,0.00000000,0.00000000,0.00000000,-0.11978367
48,3489810,-0.02152604,-0.02182052,-0.02218809,-0.02249990,-0.02280051,0.00000000,0.00000000,0.00000000,0.00000000,0.00000000,-0.12547225
49,3499810,-0.02131184,-0.02152604,-0.02182052,-0.02218809,-0.02249990,0.00000000,0.00000000,0.00000000,0.00000000,0.00000000,-0.12616446
50,3509810,-0.02119613,-0.02131184,-0.02152604,-0.02182052,-0.02218809,0.00000000,0.00000000,0.00000000,0.00000000,0.00000000,-0.12833321
51,3519810,-0.02116782,-0.02119613,-0.02131184,-0.02152604,-0.02182052,0.00000000,0.00000000,0.00000000,0.00000000,0.00000000,-0.12944280
52,3529810,-0.02127633,-0.02116782,-0.02119613,-0.02131184,-0.02152604,0.00000000,0.00000000,0.00000000,0.00000000,0.00000000,-0.13517185
53,3539810,-0.02152378,-0.02127633,-0.02116782,-0.02119613,-0.02131184,0.00000000,0.00000000,0.00000000,0.00000000,0.00000000,-0.13958623
54,3549810,-0.02198573,-0.02152378,-0.02127633,-0.02116782,-0.02119613,0.00000000,0.00000000,0.00000000,0.00000000,0.00000000,-0.15021442
55,3559810,-0.02253707,-0.02198573,-0.02152378,-0.02127633,-0.02116782,0.00000000,0.00000000,0.00000000,0.00000000,0.00000000,-0.14955519
56,3569810,-0.02314980,-0.02253707,-0.02198573,-0.02152378,-0.02127633,0.00000000,0.00000000,0.00000000,0.00000000,0.00000000,-0.15317834
57,3579810,-0.02386298,-0.02314980,-0.02253707,-0.02198573,-0.02152378,0.00000000,0.00000000,0.00000000,0.00000000,0.00000000,-0.16128452
58,3589810,-0.02447868,-0.02386298,-0.02314980,-0.02253707,-0.02198573,0.00000000,0.00000000,0.00000000,0.00000000,0.00000000,-0.15382467
59,3599810,-0.02518389,-0.02447868,-0.02386298,-0.02314980,-0.02253707,0.00000000,0.00000000,0.00000000,0.00000000,0.00000000,-0.16849154
60,3609810,-0.02593012,-0.02518389,-0.02447868,-0.02386298,-0.02314980,0.00000000,0.00000000,0.00000000,0.00000000,0.00000000,-0.17152489
61,3619810,-0.02679009,-0.02593012,-0.02518389,-0.02447868,-0.02386298,0.00000000,0.00000000,0.00000000,0.00000000,0.00000000,-0.18232982
62,3629810,-0.02763541,-0.02679009,-0.02593012,-0.02518389,-0.02447868,0.00000000,0.00000000,0.00000000,0.00000000,0.00000000,-0.18113876
63,3639810,-0.02822663,-0.02763541,-0.02679009,-0.02593012,-0.02518389,0.00000000,0.00000000,0.00000000,0.00000000,0.00000000,-0.16841947
64,3649810,-0.02830969,-0.02822663,-0.02763541,-0.02679009,-0.02593012,0.00000000,0.00000000,0.00000000,0.00000000,0.00000000,-0.14680652
65,3659810,-0.02807920,-0.02830969,-0.02822663,-0.02763541,-0.02679009,0.00000000,0.00000000,0.00000000,0.00000000,0.00000000,-0.14799793
66,3669810,-0.02755638,-0.02807920,-0.02830969,-0.02822663,-0.02763541,0.00000000,0.00000000,0.00000000,0.00000000,0.00000000,-0.13986062
67,3679810,-0.02688378,-0.02755638,-0.02807920,-0.02830969,-0.02822663,0.00000000,0.00000000,0.00000000,0.00000000,0.00000000,-0.13935770
68,3689810,-0.02609043,-0.02688378,-0.02755638,-0.02807920,-0.02830969,0.00000000,0.00000000,0.00000000,0.00000000,0.00000000,-0.13348947
69,3699810,-0.02519547,-0.02609043,-0.02688378,-0.02755638,-0.02807920,0.00000000,0.00000000,0.00000000,0.00000000,0.00000000,-0.12695905
70,3709810,-0.02428047,-0.02519547,-0.02609043,-0.02688378,-0.02755638,0.00000000,0.00000000,0.00000000,0.00000000,0.00000000,-0.12486260
71,3719810,-0.02351305,-0.02428047,-0.02519547,-0.02609043,-0.02688378,0.00000000,0.00000000,0.00000000,0.00000000,0.00000000,-0.13103939
72,3729810,-0.02269710,-0.02351305,-0.02428047,-0.02519547,-0.02609043,0.00000000,0.00000000,0.00000000,0.00000000,0.00000000,-0.11613525
73,3739810,-0.02195379,-0.02269710,-0.02351305,-0.02428047,-0.02519547,0.00000000,0.00000000,0.00000000,0.00000000,0.00000000,-0.11879950
74,3749810,-0.02141373,-0.02195379,-0.02269710,-0.02351305,-0.02428047,0.00000000,0.00000000,0.00000000,0.00000000,0.00000000,-0.12576269
75,3759811,-0.02092622,-0.02141373,-0.02195379,-0.02269710,-0.02351305,0.00000000,0.00000000,0.00000000,0.00000000,0.00000000,-0.11698088
76,3769810,-0.02043888,-0.02092622,-0.02141373,-0.02195379,-0.02269710,0.00000000,0.00000000,0.00000000,0.00000000,0.00000000,-0.11167925
77,3779810,-0.02009426,-0.02043888,-0.02092622,-0.02141373,-0.02195379,0.00000000,0.00000000,0.00000000,0.00000000,0.00000000,-0.11912816
78,3789810,-0.01989410,-0.02009426,-0.02043888,-0.02092622,-0.02141373,0.00000000,0.00000000,0.00000000,0.00000000,0.00000000,-0.12096691
79,3799810,-0.01982189,-0.01989410,-0.02009426,-0.02043888,-0.02092622,0.00000000,0.00000000,0.00000000,0.00000000,0.00000000,-0.12239795
80,3809810,-0.02003045,-0.01982189,-0.01989410,-0.02009426,-0.02043888,0.00000000,0.00000000,0.00000000,0.00000000,0.00000000,-0.13643933
81,3819810,-0.02044209,-0.02003045,-0.01982189,-0.01989410,-0.02009426,0.00000000,0.00000000,0.00000000,0.00000000,0.00000000,-0.13945838
82,3829810,-0.02110849,-0.02044209,-0.02003045,-0.01982189,-0.01989410,0.00000000,0.00000000,0.00000000,0.00000000,0.00000000,-0.15103421
83,3839810,-0.02202270,-0.02110849,-0.02044209,-0.02003045,-0.01982189,0.00000000,0.00000000,0.00000000,0.00000000,0.00000000,-0.16122929
84,3849810,-0.02305632,-0.02202270,-0.02110849,-0.02044209,-0.02003045,0.00000000,0.00000000,0.00000000,0.00000000,0.00000000,-0.16391093
85,3859810,-0.02416053,-0.02305632,-0.02202270,-0.02110849,-0.02044209,0.00000000,0.00000000,0.00000000,0.00000000,0.00000000,-0.16968806
86,3869810,-0.02531102,-0.02416053,-0.02305632,-0.02202270,-0.02110849,0.00000000,0.00000000,0.00000000,0.00000000,0.00000000,-0.17636805
87,3879810,-0.02654601,-0.02531102,-0.02416053,-0.02305632,-0.02202270,0.00000000,0.00000000,0.00000000,0.00000000,0.00000000,-0.18721370
88,3889810,-0.02795342,-0.02654601,-0.02531102,-0.02416053,-0.02305632,0.00000000,0.00000000,0.00000000,0.00000000,0.00000000,-0.20317602
89,3899810,-0.02965621,-0.02795342,-0.02654601,-0.02531102,-0.02416053,0.00000000,0.00000000,0.00000000,0.00000000,0.00000000,-0.22502652
90,3909810,-0.03152793,-0.02965621,-0.02795342,-0.02654601,-0.02531102,0.00000000,0.00000000,0.00000000,0.00000000,0.00000000,-0.23379195
91,3919810,-0.03352340,-0.03152793,-0.02965621,-0.02795342,-0.02654601,0.00000000,0.00000000,0.00000000,0.00000000,0.00000000,-0.24613137
92,3929810,-0.03584292,-0.03352340,-0.03152793,-0.02965621,-0.02795342,0.00000000,0.00000000,0.00000000,0.00000000,0.00000000,-0.27581601
93,3939810,-0.03847874,-0.03584292,-0.03352340,-0.03152793,-0.02965621,0.00000000,0.00000000,0.00000000,0.00000000,0.00000000,-0.29761671
94,3949810,-0.04149940,-0.03847874,-0.03584292,-0.03352340,-0.03152793,0.00000000,0.00000000,0.00000000,0.00000000,0.00000000,-0.32664248
95,3959810,-0.04463849,-0.04149940,-0.03847874,-0.03584292,-0.03352340,0.00000000,0.00000000,0.00000000,0.00000000,0.00000000,-0.33546827
96,3969810,-0.04715872,-0.04463849,-0.04149940,-0.03847874,-0.03584292,0.00000000,0.00000000,0.00000000,0.00000000,0.00000000,-0.30381744
97,3979810,-0.04813165,-0.04715872,-0.04463849,-0.04149940,-0.03847874,0.00000000,0.00000000,0.00000000,0.00000000,0.00000000,-0.23515032
98,3989810,-0.04872908,-0.04813165,-0.04715872,-0.04463849,-0.04149940,0.00000000,0.00000000,0.00000000,0.00000000,0.00000000,-0.28510111
99,3999810,-0.05023910,-0.04872908,-0.04813165,-0.04715872,-0.04463849,0.00000000,0.00000000,0.00000000,0.00000000,0.00000000,-0.37208875
100,4009810,-0.05270205,-0.05023910,-0.04872908,-0.04813165,-0.04715872,0.00000000,0.00000000,0.00000000,0.00000000,0.00000000,-0.40804491
101,4019810,-0.05577951,-0.05270205,-0.05023910,-0.04872908,-0.04813165,0.00000000,0.00000000,0.00000000,0.00000000,0.00000000,-0.42335216
102,4029810,-0.05951689,-0.05577951,-0.05270205,-0.05023910,-0.04872908,0.00000000,0.00000000,0.00000000,0.00000000,0.00000000,-0.46123845
103,4039810,-0.06395627,-0.05951689,-0.05577951,-0.05270205,-0.05023910,0.00000000,0.00000000,0.00000000,0.00000000,0.00000000,-0.50398636
104,4049810,-0.06882934,-0.06395627,-0.05951689,-0.05577951,-0.05270205,0.00000000,0.00000000,0.00000000,0.00000000,0.00000000,-0.52950845
105,4059810,-0.07379875,-0.06882934,-0.06395627,-0.05951689,-0.05577951,0.00000000,0.00000000,0.00000000,0.00000000,0.00000000,-0.54552930
106,4069810,-0.07831082,-0.07379875,-0.06882934,-0.06395627,-0.05951689,0.00000000,0.00000000,0.00000000,0.00000000,0.00000000,-0.53751371
107,4079810,-0.08308242,-0.07831082,-0.07379875,-0.06882934,-0.06395627,0.00000000,0.00000000,0.00000000,0.00000000,0.00000000,-0.60432379
108,4089810,-0.08936285,-0.08308242,-0.07831082,-0.07379875,-0.06882934,0.00000000,0.00000000,0.00000000,0.00000000,0.00000000,-0.73017018
109,4099810,-0.09750088,-0.08936285,-0.08308242,-0.07831082,-0.07379875,0.00000000,0.00000000,0.00000000,0.00000000,0.00000000,-0.83266786
110,4109810,-0.10491169,-0.09750088,-0.08936285,-0.08308242,-0.07831082,0.00000000,0.00000000,0.00000000,0.00000000,0.00000000,-0.74268853
111,4119810,-0.10951550,-0.10491169,-0.09750088,-0.08936285,-0.08308242,0.00000000,0.00000000,0.00000000,0.00000000,0.00000000,-0.61687434
112,4129810,-0.11131261,-0.10951550,-0.10491169,-0.09750088,-0.08936285,0.00000000,0.00000000,0.00000000,0.00000000,0.00000000,-0.57021954
113,4139810,-0.11130672,-0.11131261,-0.10951550,-0.10491169,-0.09750088,0.00000000,0.00000000,0.00000000,0.00000000,0.00000000,-0.57950840
114,4149810,-0.11118052,-0.11130672,-0.11131261,-0.10951550,-0.10491169,0.00000000,0.00000000,0.00000000,0.00000000,0.00000000,-0.65379537
115,4159810,-0.11152342,-0.11118052,-0.11130672,-0.11131261,-0.10951550,0.00000000,0.00000000,0.00000000,0.00000000,0.00000000,-0.69250187
116,4169810,-0.11230403,-0.11152342,-0.11118052,-0.11130672,-0.11131261,0.00000000,0.00000000,0.00000000,0.00000000,0.00000000,-0.70462803
117,4179810,-0.11432653,-0.11230403,-0.11152342,-0.11118052,-0.11130672,0.00000000,0.00000000,0.00000000,0.00000000,0.00000000,-0.77919275
118,4189810,-0.11720216,-0.11432653,-0.11230403,-0.11152342,-0.11118052,0.00000000,0.00000000,0.00000000,0.00000000,0.00000000,-0.79581215
119,4199810,-0.11836389,-0.11720216,-0.11432653,-0.11230403,-0.11152342,0.00000000,0.00000000,0.00000000,0.00000000,0.00000000,-0.64928941
120,4209810,-0.11866431,-0.11836389,-0.11720216,-0.11432653,-0.11230403,0.00000000,0.00000000,0.00000000,0.00000000,0.00000000,-0.67291728
121,4219810,-0.11934669,-0.11866431,-0.11836389,-0.11720216,-0.11432653,0.00000000,0.00000000,0.00000000,0.00000000,0.00000000,-0.74206131
122,4229810,-0.12113762,-0.11934669,-0.11866431,-0.11836389,-0.11720216,0.00000000,0.00000000,0.00000000,0.00000000,0.00000000,-0.80884742
123,4239810,-0.12381872,-0.12113762,-0.11934669,-0.11866431,-0.11836389,0.00000000,0.00000000,0.00000000,0.00000000,0.00000000,-0.83292770
124,4249810,-0.12581949,-0.12381872,-0.12113762,-0.11934669,-0.11866431,0.00000000,0.00000000,0.00000000,0.00000000,0.00000000,-0.75850866
125,4259810,-0.12714297,-0.12581949,-0.12381872,-0.12113762,-0.11934669,0.00000000,0.00000000,0.00000000,0.00000000,0.00000000,-0.75276064
126,4269810,-0.12893922,-0.12714297,-0.12581949,-0.12381872,-0.12113762,0.00000000,0.00000000,0.00000000,0.00000000,0.00000000,-0.82615992
127,4279810,-0.13140434,-0.12893922,-0.12714297,-0.12581949,-0.12381872,0.00000000,0.00000000,0.00000000,0.00000000,0.00000000,-0.86349828
128,4289810,-0.13352164,-0.13140434,-0.12893922,-0.12714297,-0.12581949,0.00000000,0.00000000,0.00000000,0.00000000,0.00000000,-0.82208884
129,4299810,-0.13467525,-0.13352164,-0.13140434,-0.12893922,-0.12714297,0.00000000,0.00000000,0.00000000,0.00000000,0.00000000,-0.78088818
130,4309810,-0.13494088,-0.13467525,-0.13352164,-0.13140434,-0.12893922,0.00000000,0.00000000,0.00000000,0.00000000,0.00000000,-0.76780617
131,4319810,-0.13487538,-0.13494088,-0.13467525,-0.13352164,-0.13140434,0.00000000,0.00000000,0.00000000,0.00000000,0.00000000,-0.78629777
132,4329810,-0.13461641,-0.13487538,-0.13494088,-0.13467525,-0.13352164,0.00000000,0.00000000,0.00000000,0.00000000,0.00000000,-0.78709766
133,4339810,-0.13377785,-0.13461641,-0.13487538,-0.13494088,-0.13467525,0.00000000,0.00000000,0.00000000,0.00000000,0.00000000,-0.75241882
134,4349810,-0.13285900,-0.13377785,-0.13461641,-0.13487538,-0.13494088,0.00000000,0.00000000,0.00000000,0.00000000,0.00000000,-0.76835008
135,4359810,-0.13230559,-0.13285900,-0.13377785,-0.13461641,-0.13487538,0.00000000,0.00000000,0.00000000,0.00000000,0.00000000,-0.79305744
136,4369810,-0.13157650,-0.13230559,-0.13285900,-0.13377785,-0.13461641,0.00000000,0.00000000,0.00000000,0.00000000,0.00000000,-0.76013982
137,4379810,-0.13006033,-0.13157650,-0.13230559,-0.13285900,-0.13377785,0.00000000,0.00000000,0.00000000,0.00000000,0.00000000,-0.70683728
138,4389810,-0.12789909,-0.13006033,-0.13157650,-0.13230559,-0.13285900,0.00000000,0.00000000,0.00000000,0.00000000,0.00000000,-0.68734490
139,4399810,-0.12530438,-0.12789909,-0.13006033,-0.13157650,-0.13230559,0.00000000,0.00000000,0.00000000,0.00000000,0.00000000,-0.67276196
140,4409810,-0.12166929,-0.12530438,-0.12789909,-0.13006033,-0.13157650,0.00000000,0.00000000,0.00000000,0.00000000,0.00000000,-0.60181005
141,4419810,-0.11714071,-0.12166929,-0.12530438,-0.12789909,-0.13006033,0.00000000,0.00000000,0.00000000,0.00000000,0.00000000,-0.56335930
142,4429810,-0.11226158,-0.11714071,-0.12166929,-0.12530438,-0.12789909,0.00000000,0.00000000,0.00000000,0.00000000,0.00000000,-0.55215278
143,4439810,-0.10739302,-0.11226158,-0.11714071,-0.12166929,-0.12530438,0.00000000,0.00000000,0.00000000,0.00000000,0.00000000,-0.53999899
144,4449810,-0.10257586,-0.10739302,-0.11226158,-0.11714071,-0.12166929,0.00000000,0.00000000,0.00000000,0.00000000,0.00000000,-0.51423457
145,4459810,-0.09819449,-0.10257586,-0.10739302,-0.11226158,-0.11714071,0.00000000,0.00000000,0.00000000,0.00000000,0.00000000,-0.51480268
146,4469810,-0.09404356,-0.09819449,-0.10257586,-0.10739302,-0.11226158,0.00000000,0.00000000,0.00000000,0.00000000,0.00000000,-0.48532293
147,4479810,-0.09004094,-0.09404356,-0.09819449,-0.10257586,-0.10739302,0.00000000,0.00000000,0.00000000,0.00000000,0.00000000,-0.46076469
148,4489810,-0.08610052,-0.09004094,-0.09404356,-0.09819449,-0.10257586,0.00000000,0.00000000,0.00000000,0.00000000,0.00000000,-0.43462000
149,4499810,-0.08221863,-0.08610052,-0.09004094,-0.09404356,-0.09819449,0.00000000,0.00000000,0.00000000,0.00000000,0.00000000,-0.41254929
150,4509810,-0.07829872,-0.08221863,-0.08610052,-0.09004094,-0.09404356,0.00000000,0.00000000,0.00000000,0.00000000,0.00000000,-0.38398682
151,4519810,-0.07403372,-0.07829872,-0.08221863,-0.08610052,-0.09004094,0.00000000,0.00000000,0.00000000,0.00000000,0.00000000,-0.33737786
152,4529810,-0.07006677,-0.07403372,-0.07829872,-0.08221863,-0.08610052,0.00000000,0.00000000,0.00000000,0.00000000,0.00000000,-0.34954392
153,4539810,-0.06711530,-0.07006677,-0.07403372,-0.07829872,-0.08221863,0.00000000,0.00000000,0.00000000,0.00000000,0.00000000,-0.38581439
154,4549810,-0.06548565,-0.06711530,-0.07006677,-0.07403372,-0.07829872,0.00000000,0.00000000,0.00000000,0.00000000,0.00000000,-0.41727145
155,4559810,-0.06473131,-0.06548565,-0.06711530,-0.07006677,-0.07403372,0.00000000,0.00000000,0.00000000,0.00000000,0.00000000,-0.41011178
156,4569810,-0.06351915,-0.06473131,-0.06548565,-0.06711530,-0.07006677,0.00000000,0.00000000,0.00000000,0.00000000,0.00000000,-0.33208769
157,4579810,-0.06271387,-0.06351915,-0.06473131,-0.06548565,-0.06711530,0.00000000,0.00000000,0.00000000,0.00000000,0.00000000,-0.37559110
158,4589810,-0.06327558,-0.06271387,-0.06351915,-0.06473131,-0.06548565,0.00000000,0.00000000,0.00000000,0.00000000,0.00000000,-0.45114764
159,4599810,-0.06471112,-0.06327558,-0.06271387,-0.06351915,-0.06473131,0.00000000,0.00000000,0.00000000,0.00000000,0.00000000,-0.45479614
160,4609810,-0.06625818,-0.06471112,-0.06327558,-0.06271387,-0.06351915,0.00000000,0.00000000,0.00000000,0.00000000,0.00000000,-0.43118055
161,4619810,-0.06779987,-0.06625818,-0.06471112,-0.06327558,-0.06271387,0.00000000,0.00000000,0.00000000,0.00000000,0.00000000,-0.43491431
162,4629810,-0.06920093,-0.06779987,-0.06625818,-0.06471112,-0.06327558,0.00000000,0.00000000,0.00000000,0.00000000,0.00000000,-0.43414442
163,4639810,-0.07012301,-0.06920093,-0.06779987,-0.06625818,-0.06471112,0.00000000,0.00000000,0.00000000,0.00000000,0.00000000,-0.41422929
164,4649810,-0.07061581,-0.07012301,-0.06920093,-0.06779987,-0.06625818,0.00000000,0.00000000,0.00000000,0.00000000,0.00000000,-0.41068003
165,4659810,-0.07101768,-0.07061581,-0.07012301,-0.06920093,-0.06779987,0.00000000,0.00000000,0.00000000,0.00000000,0.00000000,-0.42680497
166,4669810,-0.07134618,-0.07101768,-0.07061581,-0.07012301,-0.06920093,0.00000000,0.00000000,0.00000000,0.00000000,0.00000000,-0.42804211
167,4679810,-0.07172156,-0.07134618,-0.07101768,-0.07061581,-0.07012301,0.00000000,0.00000000,0.00000000,0.00000000,0.00000000,-0.43677893
168,4689810,-0.07235125,-0.07172156,-0.07134618,-0.07101768,-0.07061581,0.00000000,0.00000000,0.00000000,0.00000000,0.00000000,-0.45529332
169,4699810,-0.07301171,-0.07235125,-0.07172156,-0.07134618,-0.07101768,0.00000000,0.00000000,0.00000000,0.00000000,0.00000000,-0.44953505
170,4709810,-0.07336692,-0.07301171,-0.07235125,-0.07172156,-0.07134618,0.00000000,0.00000000,0.00000000,0.00000000,0.00000000,-0.42991862
171,4719810,-0.07381280,-0.07336692,-0.07301171,-0.07235125,-0.07172156,0.00000000,0.00000000,0.00000000,0.00000000,0.00000000,-0.45270730
172,4729810,-0.07514803,-0.07381280,-0.07336692,-0.07301171,-0.07235125,0.00000000,0.00000000,0.00000000,0.00000000,0.00000000,-0.51567190
173,4739810,-0.07724154,-0.07514803,-0.07381280,-0.07336692,-0.07301171,0.00000000,0.00000000,0.00000000,0.00000000,0.00000000,-0.53757378
174,4749810,-0.07923340,-0.07724154,-0.07514803,-0.07381280,-0.07336692,0.00000000,0.00000000,0.00000000,0.00000000,0.00000000,-0.50771085
175,4759810,-0.08038726,-0.07923340,-0.07724154,-0.07514803,-0.07381280,0.00000000,0.00000000,0.00000000,0.00000000,0.00000000,-0.46352249
176,4769810,-0.08072305,-0.08038726,-0.07923340,-0.07724154,-0.07514803,0.00000000,0.00000000,0.00000000,0.00000000,0.00000000,-0.44972808
177,4779810,-0.07974588,-0.08072305,-0.08038726,-0.07923340,-0.07724154,0.00000000,0.00000000,0.00000000,0.00000000,0.00000000,-0.39418948
178,4789810,-0.07792732,-0.07974588,-0.08072305,-0.08038726,-0.07923340,0.00000000,0.00000000,0.00000000,0.00000000,0.00000000,-0.38789885
179,4799810,-0.07581792,-0.07792732,-0.07974588,-0.08072305,-0.08038726,0.00000000,0.00000000,0.00000000,0.00000000,0.00000000,-0.39472943
180,4809810,-0.07360629,-0.07581792,-0.07792732,-0.07974588,-0.08072305,0.00000000,0.00000000,0.00000000,0.00000000,0.00000000,-0.38812598
181,4819810,-0.07126042,-0.07360629,-0.07581792,-0.07792732,-0.07974588,0.00000000,0.00000000,0.00000000,0.00000000,0.00000000,-0.36992251
182,4829810,-0.06906548,-0.07126042,-0.07360629,-0.07581792,-0.07792732,0.00000000,0.00000000,0.00000000,0.00000000,0.00000000,-0.37309860
183,4839810,-0.06671217,-0.06906548,-0.07126042,-0.07360629,-0.07581792,0.00000000,0.00000000,0.00000000,0.00000000,0.00000000,-0.34156601
184,4849810,-0.06422974,-0.06671217,-0.06906548,-0.07126042,-0.07360629,0.00000000,0.00000000,0.00000000,0.00000000,0.00000000,-0.32551410
185,4859810,-0.06215528,-0.06422974,-0.06671217,-0.06906548,-0.07126042,0.00000000,0.00000000,0.00000000,0.00000000,0.00000000,-0.34628498
186,4869810,-0.06096047,-0.06215528,-0.06422974,-0.06671217,-0.06906548,0.00000000,0.00000000,0.00000000,0.00000000,0.00000000,-0.37890486
187,4879810,-0.06015821,-0.06096047,-0.06215528,-0.06422974,-0.06671217,0.00000000,0.00000000,0.00000000,0.00000000,0.00000000,-0.35968400
188,4889810,-0.05934564,-0.06015821,-0.06096047,-0.06215528,-0.06422974,0.00000000,0.00000000,0.00000000,0.00000000,0.00000000,-0.33609884
189,4899810,-0.05891813,-0.05934564,-0.06015821,-0.06096047,-0.06215528,0.00000000,0.00000000,0.00000000,0.00000000,0.00000000,-0.35970089
190,4909810,-0.05808624,-0.05891813,-0.05934564,-0.06015821,-0.06096047,0.00000000,0.00000000,0.00000000,0.00000000,0.00000000,-0.31003887
191,4919810,-0.05653567,-0.05808624,-0.05891813,-0.05934564,-0.06015821,0.00000000,0.00000000,0.00000000,0.00000000,0.00000000,-0.27164913
192,4929810,-0.05423079,-0.05653567,-0.05808624,-0.05891813,-0.05934564,0.00000000,0.00000000,0.00000000,0.00000000,0.00000000,-0.24085193
193,4939810,-0.05017824,-0.05423079,-0.05653567,-0.05808624,-0.05891813,0.00000000,0.00000000,0.00000000,0.00000000,0.00000000,-0.13512185
194,4949810,-0.04581824,-0.05017824,-0.05423079,-0.05653567,-0.05808624,0.00000000,0.00000000,0.00000000,0.00000000,0.00000000,-0.16933785
195,4959810,-0.04147785,-0.04581824,-0.05017824,-0.05423079,-0.05653567,0.00000000,0.00000000,0.00000000,0.00000000,0.00000000,-0.15887704
196,4969810,-0.03622676,-0.04147785,-0.04581824,-0.05017824,-0.05423079,0.00000000,0.00000000,0.00000000,0.00000000,0.00000000,-0.06604689
197,4979810,-0.03460722,-0.03622676,-0.04147785,-0.04581824,-0.05017824,0.00000000,0.00000000,0.00000000,0.00000000,0.00000000,-0.34029526
198,4989810,-0.03449723,-0.03460722,-0.03622676,-0.04147785,-0.04581824,0.00000000,0.00000000,0.00000000,0.00000000,0.00000000,-0.27242366
199,4999810,-0.03274264,-0.03449723,-0.03460722,-0.03622676,-0.04147785,0.00000000,0.00000000,0.00000000,0.00000000,0.00000000,-0.08301704
200,5009810,-0.02986984,-0.03274264,-0.03449723,-0.03460722,-0.03622676,0.00000000,0.00000000,0.00000000,0.00000000,0.00000000,-0.06749606
201,5019810,-0.02730530,-0.02986984,-0.03274264,-0.03449723,-0.03460722,0.00000000,0.00000000,0.00000000,0.00000000,0.00000000,-0.12427188
202,5029810,-0.02497380,-0.02730530,-0.02986984,-0.03274264,-0.03449723,0.00000000,0.00000000,0.00000000,0.00000000,0.00000000,-0.11160010
203,5039810,-0.02167551,-0.02497380,-0.02730530,-0.02986984,-0.03274264,0.00000000,0.00000000,0.00000000,0.00000000,0.00000000,-0.01684670
204,5049810,-0.01720417,-0.02167551,-0.02497380,-0.02730530,-0.02986984,0.00000000,0.00000000,0.00000000,0.00000000,0.00000000,0.04323080
205,5059810,-0.01249828,-0.01720417,-0.02167551,-0.02497380,-0.02730530,0.00000000,0.00000000,0.00000000,0.00000000,0.00000000,0.03276722
206,5069810,-0.00700100,-0.01249828,-0.01720417,-0.02167551,-0.02497380,0.00000000,0.00000000,0.00000000,0.00000000,0.00000000,0.10744611
207,5079810,-0.00154556,-0.00700100,-0.01249828,-0.01720417,-0.02167551,0.00000000,0.00000000,0.00000000,0.00000000,0.00000000,0.10060785
208,5089810,0.00811059,-0.00154556,-0.00700100,-0.01249828,-0.01720417,0.00000000,0.00000000,0.00000000,0.00000000,0.00000000,0.43981589
209,5099810,0.01236202,0.00811059,-0.00154556,-0.00700100,-0.01249828,0.00000000,0.00000000,0.00000000,0.00000000,0.00000000,-0.08876037
210,5109810,0.01294633,0.01236202,0.00811059,-0.00154556,-0.00700100,0.00000000,0.00000000,0.00000000,0.00000000,0.00000000,-0.07963770
211,5119810,0.01298838,0.01294633,0.01236202,0.00811059,-0.00154556,0.00000000,0.00000000,0.00000000,0.00000000,0.00000000,0.05343781
212,5129810,0.01305671,0.01298838,0.01294633,0.01236202,0.00811059,0.00000000,0.00000000,0.00000000,0.00000000,0.00000000,0.08037010
213,5139810,0.01378733,0.01305671,0.01298838,0.01294633,0.01236202,0.00000000,0.00000000,0.00000000,0.00000000,0.00000000,0.12757161
214,5149810,0.01772994,0.01378733,0.01305671,0.01298838,0.01294633,0.00000000,0.00000000,0.00000000,0.00000000,0.00000000,0.33436023
215,5159810,0.01796914,0.01772994,0.01378733,0.01305671,0.01298838,0.00000000,0.00000000,0.00000000,0.00000000,0.00000000,-0.05910037
216,5169810,0.01676009,0.01796914,0.01772994,0.01378733,0.01305671,0.00000000,0.00000000,0.00000000,0.00000000,0.00000000,0.00848612
217,5179810,0.01540046,0.01676009,0.01796914,0.01772994,0.01378733,0.00000000,0.00000000,0.00000000,0.00000000,0.00000000,0.05697048
218,5189810,0.01441944,0.01540046,0.01676009,0.01796914,0.01772994,0.00000000,0.00000000,0.00000000,0.00000000,0.00000000,0.08319354
219,5199810,0.01263504,0.01441944,0.01540046,0.01676009,0.01796914,0.00000000,0.00000000,0.00000000,0.00000000,0.00000000,0.00157922
220,5209810,0.00975008,0.01263504,0.01441944,0.01540046,0.01676009,0.00000000,0.00000000,0.00000000,0.00000000,0.00000000,-0.05176202
221,5219810,0.00657721,0.00975008,0.01263504,0.01441944,0.01540046,0.00000000,0.00000000,0.00000000,0.00000000,0.00000000,-0.03906307
222,5229810,0.00293671,0.00657721,0.00975008,0.01263504,0.01441944,0.00000000,0.00000000,0.00000000,0.00000000,0.00000000,-0.07865882
223,5239810,-0.00012923,0.00293671,0.00657721,0.00975008,0.01263504,0.00000000,0.00000000,0.00000000,0.00000000,0.00000000,-0.03707561
224,5249810,-0.00224261,-0.00012923,0.00293671,0.00657721,0.00975008,0.00000000,0.00000000,0.00000000,0.00000000,0.00000000,-0.01278276
225,5259811,-0.00379624,-0.00224261,-0.00012923,0.00293671,0.00657721,0.00000000,0.00000000,0.00000000,0.00000000,0.00000000,-0.02869789
226,5269810,-0.00605852,-0.00379624,-0.00224261,-0.00012923,0.00293671,0.00000000,0.00000000,0.00000000,0.00000000,0.00000000,-0.11513113
227,5279810,-0.00943362,-0.00605852,-0.00379624,-0.00224261,-0.00012923,0.00000000,0.00000000,0.00000000,0.00000000,0.00000000,-0.17656919
228,5289810,-0.01517010,-0.00943362,-0.00605852,-0.00379624,-0.00224261,0.00000000,0.00000000,0.00000000,0.00000000,0.00000000,-0.31663652
229,5299810,-0.02136153,-0.01517010,-0.00943362,-0.00605852,-0.00379624,0.00000000,0.00000000,0.00000000,0.00000000,0.00000000,-0.27483397
230,5309810,-0.02703710,-0.02136153,-0.01517010,-0.00943362,-0.00605852,0.00000000,0.00000000,0.00000000,0.00000000,0.00000000,-0.25342826
231,5319810,-0.03322239,-0.02703710,-0.02136153,-0.01517010,-0.00943362,0.00000000,0.00000000,0.00000000,0.00000000,0.00000000,-0.34804133
232,5329810,-0.04070443,-0.03322239,-0.02703710,-0.02136153,-0.01517010,0.00000000,0.00000000,0.00000000,0.00000000,0.00000000,-0.45536071
233,5339810,-0.04636929,-0.04070443,-0.03322239,-0.02703710,-0.02136153,0.00000000,0.00000000,0.00000000,0.00000000,0.00000000,-0.30822941
234,5349810,-0.04990069,-0.04636929,-0.04070443,-0.03322239,-0.02703710,0.00000000,0.00000000,0.00000000,0.00000000,0.00000000,-0.27117269
235,5359810,-0.05219546,-0.04990069,-0.04636929,-0.04070443,-0.03322239,0.00000000,0.00000000,0.00000000,0.00000000,0.00000000,-0.30085900
236,5369810,-0.05588848,-0.05219546,-0.04990069,-0.04636929,-0.04070443,0.00000000,0.00000000,0.00000000,0.00000000,0.00000000,-0.47290206
237,5379810,-0.06097473,-0.05588848,-0.05219546,-0.04990069,-0.04636929,0.00000000,0.00000000,0.00000000,0.00000000,0.00000000,-0.53130861
238,5389810,-0.06619380,-0.06097473,-0.05588848,-0.05219546,-0.04990069,0.00000000,0.00000000,0.00000000,0.00000000,0.00000000,-0.50699110
239,5399810,-0.07178510,-0.06619380,-0.06097473,-0.05588848,-0.05219546,0.00000000,0.00000000,0.00000000,0.00000000,0.00000000,-0.55902704
240,5409810,-0.07861054,-0.07178510,-0.06619380,-0.06097473,-0.05588848,0.00000000,0.00000000,0.00000000,0.00000000,0.00000000,-0.66466390
241,5419810,-0.08561544,-0.07861054,-0.07178510,-0.06619380,-0.06097473,0.00000000,0.00000000,0.00000000,0.00000000,0.00000000,-0.66135479
242,5429810,-0.09175739,-0.08561544,-0.07861054,-0.07178510,-0.06619380,0.00000000,0.00000000,0.00000000,0.00000000,0.00000000,-0.63224838
243,5439810,-0.09811884,-0.09175739,-0.08561544,-0.07861054,-0.07178510,0.00000000,0.00000000,0.00000000,0.00000000,0.00000000,-0.72459086
244,5449810,-0.10203571,-0.09811884,-0.09175739,-0.08561544,-0.07861054,0.00000000,0.00000000,0.00000000,0.00000000,0.00000000,-0.57491487
245,5459810,-0.10557266,-0.10203571,-0.09811884,-0.09175739,-0.08561544,0.00000000,0.00000000,0.00000000,0.00000000,0.00000000,-0.68355773
246,5469810,-0.10788783,-0.10557266,-0.10203571,-0.09811884,-0.09175739,0.00000000,0.00000000,0.00000000,0.00000000,0.00000000,-0.63334332
247,5479810,-0.10918561,-0.10788783,-0.10557266,-0.10203571,-0.09811884,0.00000000,0.00000000,0.00000000,0.00000000,0.00000000,-0.62970249
248,5489810,-0.10847635,-0.10918561,-0.10788783,-0.10557266,-0.10203571,0.00000000,0.00000000,0.00000000,0.00000000,0.00000000,-0.53871357
249,5499810,-0.10765722,-0.10847635,-0.10918561,-0.10788783,-0.10557266,0.00000000,0.00000000,0.00000000,0.00000000,0.00000000,-0.61911840
250,5509810,-0.10792333,-0.10765722,-0.10847635,-0.10918561,-0.10788783,0.00000000,0.00000000,0.00000000,0.00000000,0.00000000,-0.69790353
251,5519810,-0.10801188,-0.10792333,-0.10765722,-0.10847635,-0.10918561,0.00000000,0.00000000,0.00000000,0.00000000,0.00000000,-0.63648845
252,5529810,-0.10883657,-0.10801188,-0.10792333,-0.10765722,-0.10847635,0.00000000,0.00000000,0.00000000,0.00000000,0.00000000,-0.69869579
253,5539810,-0.11033821,-0.10883657,-0.10801188,-0.10792333,-0.10765722,0.00000000,0.00000000,0.00000000,0.00000000,0.00000000,-0.71871311
254,5549810,-0.11188453,-0.11033821,-0.10883657,-0.10801188,-0.10792333,0.00000000,0.00000000,0.00000000,0.00000000,0.00000000,-0.69968850
255,5559810,-0.11303785,-0.11188453,-0.11033821,-0.10883657,-0.10801188,0.00000000,0.00000000,0.00000000,0.00000000,0.00000000,-0.67836713
256,5569810,-0.11338455,-0.11303785,-0.11188453,-0.11033821,-0.10883657,0.00000000,0.00000000,0.00000000,0.00000000,0.00000000,-0.64486442
257,5579810,-0.11362663,-0.11338455,-0.11303785,-0.11188453,-0.11033821,0.00000000,0.00000000,0.00000000,0.00000000,0.00000000,-0.67655484
258,5589810,-0.11404569,-0.11362663,-0.11338455,-0.11303785,-0.11188453,0.00000000,0.00000000,0.00000000,0.00000000,0.00000000,-0.69560770
259,5599810,-0.11471180,-0.11404569,-0.11362663,-0.11338455,-0.11303785,0.00000000,0.00000000,0.00000000,0.00000000,0.00000000,-0.70784549
260,5609810,-0.11508340,-0.11471180,-0.11404569,-0.11362663,-0.11338455,0.00000000,0.00000000,0.00000000,0.00000000,0.00000000,-0.67904998
261,5619810,-0.11451842,-0.11508340,-0.11471180,-0.11404569,-0.11362663,0.00000000,0.00000000,0.00000000,0.00000000,0.00000000,-0.62693397
262,5629810,-0.11291825,-0.11451842,-0.11508340,-0.11471180,-0.11404569,0.00000000,0.00000000,0.00000000,0.00000000,0.00000000,-0.59169436
263,5639810,-0.11199706,-0.11291825,-0.11451842,-0.11508340,-0.11471180,0.00000000,0.00000000,0.00000000,0.00000000,0.00000000,-0.67915821
264,5649810,-0.11249057,-0.11199706,-0.11291825,-0.11451842,-0.11508340,0.00000000,0.00000000,0.00000000,0.00000000,0.00000000,-0.74488084
265,5659810,-0.11594302,-0.11249057,-0.11199706,-0.11291825,-0.11451842,0.00000000,0.00000000,0.00000000,0.00000000,0.00000000,-0.89720716
266,5669810,-0.11897270,-0.11594302,-0.11249057,-0.11199706,-0.11291825,0.00000000,0.00000000,0.00000000,0.00000000,0.00000000,-0.75056393
267,5679810,-0.12191378,-0.11897270,-0.11594302,-0.11249057,-0.11199706,0.00000000,0.00000000,0.00000000,0.00000000,0.00000000,-0.78190281
268,5689810,-0.12418417,-0.12191378,-0.11897270,-0.11594302,-0.11249057,0.00000000,0.00000000,0.00000000,0.00000000,0.00000000,-0.75481456
269,5699810,-0.12582433,-0.12418417,-0.12191378,-0.11897270,-0.11594302,0.00000000,0.00000000,0.00000000,0.00000000,0.00000000,-0.75357006
270,5709810,-0.12627805,-0.12582433,-0.12418417,-0.12191378,-0.11897270,0.00000000,0.00000000,0.00000000,0.00000000,0.00000000,-0.70631147
271,5719810,-0.12574765,-0.12627805,-0.12582433,-0.12418417,-0.12191378,0.00000000,0.00000000,0.00000000,0.00000000,0.00000000,-0.69235628
272,5729810,-0.12451522,-0.12574765,-0.12627805,-0.12582433,-0.12418417,0.00000000,0.00000000,0.00000000,0.00000000,0.00000000,-0.68362350
273,5739810,-0.12289724,-0.12451522,-0.12574765,-0.12627805,-0.12582433,0.00000000,0.00000000,0.00000000,0.00000000,0.00000000,-0.68066173
274,5749810,-0.12235840,-0.12289724,-0.12451522,-0.12574765,-0.12627805,0.00000000,0.00000000,0.00000000,0.00000000,0.00000000,-0.76707140
275,5759810,-0.12346036,-0.12235840,-0.12289724,-0.12451522,-0.12574765,0.00000000,0.00000000,0.00000000,0.00000000,0.00000000,-0.83304158
276,5769810,-0.12520172,-0.12346036,-0.12235840,-0.12289724,-0.12451522,0.00000000,0.00000000,0.00000000,0.00000000,0.00000000,-0.81030412
277,5779810,-0.12661178,-0.12520172,-0.12346036,-0.12235840,-0.12289724,0.00000000,0.00000000,0.00000000,0.00000000,0.00000000,-0.76722880
278,5789810,-0.12729298,-0.12661178,-0.12520172,-0.12346036,-0.12235840,0.00000000,0.00000000,0.00000000,0.00000000,0.00000000,-0.73808895
279,5799810,-0.12754681,-0.12729298,-0.12661178,-0.12520172,-0.12346036,0.00000000,0.00000000,0.00000000,0.00000000,0.00000000,-0.74477037
280,5809810,-0.12789607,-0.12754681,-0.12729298,-0.12661178,-0.12520172,0.00000000,0.00000000,0.00000000,0.00000000,0.00000000,-0.77288429
281,5819810,-0.12947042,-0.12789607,-0.12754681,-0.12729298,-0.12661178,0.00000000,0.00000000,0.00000000,0.00000000,0.00000000,-0.85940273
282,5829810,-0.13195618,-0.12947042,-0.12789607,-0.12754681,-0.12729298,0.00000000,0.00000000,0.00000000,0.00000000,0.00000000,-0.87833392
283,5839810,-0.13451338,-0.13195618,-0.12947042,-0.12789607,-0.12754681,0.00000000,0.00000000,0.00000000,0.00000000,0.00000000,-0.85631838
284,5849810,-0.13609958,-0.13451338,-0.13195618,-0.12947042,-0.12789607,0.00000000,0.00000000,0.00000000,0.00000000,0.00000000,-0.79786344
285,5859810,-0.13642790,-0.13609958,-0.13451338,-0.13195618,-0.12947042,0.00000000,0.00000000,0.00000000,0.00000000,0.00000000,-0.76088975
286,5869810,-0.13564402,-0.13642790,-0.13609958,-0.13451338,-0.13195618,0.00000000,0.00000000,0.00000000,0.00000000,0.00000000,-0.74016994
287,5879810,-0.13382069,-0.13564402,-0.13642790,-0.13609958,-0.13451338,0.00000000,0.00000000,0.00000000,0.00000000,0.00000000,-0.71135931
288,5889810,-0.13152236,-0.13382069,-0.13564402,-0.13642790,-0.13609958,0.00000000,0.00000000,0.00000000,0.00000000,0.00000000,-0.71396073
289,5899810,-0.12885261,-0.13152236,-0.13382069,-0.13564402,-0.13642790,0.00000000,0.00000000,0.00000000,0.00000000,0.00000000,-0.69519404
290,5909810,-0.12581035,-0.12885261,-0.13152236,-0.13382069,-0.13564402,0.00000000,0.00000000,0.00000000,0.00000000,0.00000000,-0.66939263
291,5919810,-0.12280490,-0.12581035,-0.12885261,-0.13152236,-0.13382069,0.00000000,0.00000000,0.00000000,0.00000000,0.00000000,-0.67112869
292,5929810,-0.11983766,-0.12280490,-0.12581035,-0.12885261,-0.13152236,0.00000000,0.00000000,0.00000000,0.00000000,0.00000000,-0.65428309
293,5939810,-0.11655418,-0.11983766,-0.12280490,-0.12581035,-0.12885261,0.00000000,0.00000000,0.00000000,0.00000000,0.00000000,-0.61191853
294,5949810,-0.11366034,-0.11655418,-0.11983766,-0.12280490,-0.12581035,0.00000000,0.00000000,0.00000000,0.00000000,0.00000000,-0.63524400
295,5959810,-0.11166867,-0.11366034,-0.11655418,-0.11983766,-0.12280490,0.00000000,0.00000000,0.00000000,0.00000000,0.00000000,-0.66545486
296,5969810,-0.11044300,-0.11166867,-0.11366034,-0.11655418,-0.11983766,0.00000000,0.00000000,0.00000000,0.00000000,0.00000000,-0.66754182
297,5979810,-0.10904065,-0.11044300,-0.11166867,-0.11366034,-0.11655418,0.00000000,0.00000000,0.00000000,0.00000000,0.00000000,-0.61212330
298,5989810,-0.10740457,-0.10904065,-0.11044300,-0.11166867,-0.11366034,0.00000000,0.00000000,0.00000000,0.00000000,0.00000000,-0.59503395
299,5999810,-0.10555880,-0.10740457,-0.10904065,-0.11044300,-0.11166867,0.00000000,0.00000000,0.00000000,0.00000000,0.00000000,-0.58086078
300,6009810,-0.10306535,-0.10555880,-0.10740457,-0.10904065,-0.11044300,0.00000000,0.00000000,0.00000000,0.00000000,0.00000000,-0.53255361
301,6019810,-0.09981452,-0.10306535,-0.10555880,-0.10740457,-0.10904065,0.00000000,0.00000000,0.00000000,0.00000000,0.00000000,-0.49265635
302,6029810,-0.09622427,-0.09981452,-0.10306535,-0.10555880,-0.10740457,0.00000000,0.00000000,0.00000000,0.00000000,0.00000000,-0.48360656
303,6039810,-0.09234975,-0.09622427,-0.09981452,-0.10306535,-0.10555880,0.00000000,0.00000000,0.00000000,0.00000000,0.00000000,-0.45723103
304,6049810,-0.08901217,-0.09234975,-0.09622427,-0.09981452,-0.10306535,0.00000000,0.00000000,0.00000000,0.00000000,0.00000000,-0.48622185
305,6059810,-0.08657283,-0.08901217,-0.09234975,-0.09622427,-0.09981452,0.00000000,0.00000000,0.00000000,0.00000000,0.00000000,-0.50670698
306,6069810,-0.08516226,-0.08657283,-0.08901217,-0.09234975,-0.09622427,0.00000000,0.00000000,0.00000000,0.00000000,0.00000000,-0.52538394
307,6079810,-0.08439897,-0.08516226,-0.08657283,-0.08901217,-0.09234975,0.00000000,0.00000000,0.00000000,0.00000000,0.00000000,-0.51650796
308,6089810,-0.08328929,-0.08439897,-0.08516226,-0.08657283,-0.08901217,0.00000000,0.00000000,0.00000000,0.00000000,0.00000000,-0.45702230
309,6099810,-0.08193919,-0.08328929,-0.08439897,-0.08516226,-0.08657283,0.00000000,0.00000000,0.00000000,0.00000000,0.00000000,-0.44901519
310,6109810,-0.08093410,-0.08193919,-0.08328929,-0.08439897,-0.08516226,0.00000000,0.00000000,0.00000000,0.00000000,0.00000000,-0.47708373
311,6119810,-0.08080956,-0.08093410,-0.08193919,-0.08328929,-0.08439897,0.00000000,0.00000000,0.00000000,0.00000000,0.00000000,-0.51903470
312,6129810,-0.08173051,-0.08080956,-0.08093410,-0.08193919,-0.08328929,0.00000000,0.00000000,0.00000000,0.00000000,0.00000000,-0.55350680
313,6139810,-0.08341617,-0.08173051,-0.08080956,-0.08093410,-0.08193919,0.00000000,0.00000000,0.00000000,0.00000000,0.00000000,-0.56625446
314,6149810,-0.08543870,-0.08341617,-0.08173051,-0.08080956,-0.08093410,0.00000000,0.00000000,0.00000000,0.00000000,0.00000000,-0.56549342
315,6159810,-0.08785875,-0.08543870,-0.08341617,-0.08173051,-0.08080956,0.00000000,0.00000000,0.00000000,0.00000000,0.00000000,-0.59087067
316,6169810,-0.09036888,-0.08785875,-0.08543870,-0.08341617,-0.08173051,0.00000000,0.00000000,0.00000000,0.00000000,0.00000000,-0.59348078
317,6179810,-0.09275597,-0.09036888,-0.08785875,-0.08543870,-0.08341617,0.00000000,0.00000000,0.00000000,0.00000000,0.00000000,-0.59536478
318,6189810,-0.09504998,-0.09275597,-0.09036888,-0.08785875,-0.08543870,0.00000000,0.00000000,0.00000000,0.00000000,0.00000000,-0.60850917
319,6199810,-0.09741935,-0.09504998,-0.09275597,-0.09036888,-0.08785875,0.00000000,0.00000000,0.00000000,0.00000000,0.00000000,-0.63192089
320,6209810,-0.09998744,-0.09741935,-0.09504998,-0.09275597,-0.09036888,0.00000000,0.00000000,0.00000000,0.00000000,0.00000000,-0.65695332
321,6219810,-0.10251106,-0.09998744,-0.09741935,-0.09504998,-0.09275597,0.00000000,0.00000000,0.00000000,0.00000000,0.00000000,-0.65984433
322,6229810,-0.10488935,-0.10251106,-0.09998744,-0.09741935,-0.09504998,0.00000000,0.00000000,0.00000000,0.00000000,0.00000000,-0.66639056
323,6239810,-0.10691320,-0.10488935,-0.10251106,-0.09998744,-0.09741935,0.00000000,0.00000000,0.00000000,0.00000000,0.00000000,-0.66154126
324,6249810,-0.10878710,-0.10691320,-0.10488935,-0.10251106,-0.09998744,0.00000000,0.00000000,0.00000000,0.00000000,0.00000000,-0.67906436
325,6259810,-0.11059490,-0.10878710,-0.10691320,-0.10488935,-0.10251106,0.00000000,0.00000000,0.00000000,0.00000000,0.00000000,-0.69232224
326,6269810,-0.11213753,-0.11059490,-0.10878710,-0.10691320,-0.10488935,0.00000000,0.00000000,0.00000000,0.00000000,0.00000000,-0.68688719
327,6279810,-0.11319775,-0.11213753,-0.11059490,-0.10878710,-0.10691320,0.00000000,0.00000000,0.00000000,0.00000000,0.00000000,-0.67331194
328,6289810,-0.11372099,-0.11319775,-0.11213753,-0.11059490,-0.10878710,0.00000000,0.00000000,0.00000000,0.00000000,0.00000000,-0.66292160
329,6299810,-0.11387414,-0.11372099,-0.11319775,-0.11213753,-0.11059490,0.00000000,0.00000000,0.00000000,0.00000000,0.00000000,-0.66394775
330,6309810,-0.11413169,-0.11387414,-0.11372099,-0.11319775,-0.11213753,0.00000000,0.00000000,0.00000000,0.00000000,0.00000000,-0.68948320
331,6319810,-0.11492970,-0.11413169,-0.11387414,-0.11372099,-0.11319775,0.00000000,0.00000000,0.00000000,0.00000000,0.00000000,-0.72537681
332,6329810,-0.11692242,-0.11492970,-0.11413169,-0.11387414,-0.11372099,0.00000000,0.00000000,0.00000000,0.00000000,0.00000000,-0.79185240
333,6339810,-0.11734922,-0.11692242,-0.11492970,-0.11413169,-0.11387414,0.00000000,0.00000000,0.00000000,0.00000000,0.00000000,-0.63498663
334,6349810,-0.11518507,-0.11734922,-0.11692242,-0.11492970,-0.11413169,0.00000000,0.00000000,0.00000000,0.00000000,0.00000000,-0.52195281
335,6359811,-0.11275341,-0.11518507,-0.11734922,-0.11692242,-0.11492970,0.00000000,0.00000000,0.00000000,0.00000000,0.00000000,-0.60918396
336,6369810,-0.11090554,-0.11275341,-0.11518507,-0.11734922,-0.11692242,0.00000000,0.00000000,0.00000000,0.00000000,0.00000000,-0.64922840
337,6379810,-0.10923156,-0.11090554,-0.11275341,-0.11518507,-0.11734922,0.00000000,0.00000000,0.00000000,0.00000000,0.00000000,-0.62386842
338,6389810,-0.10681413,-0.10923156,-0.11090554,-0.11275341,-0.11518507,0.00000000,0.00000000,0.00000000,0.00000000,0.00000000,-0.55198383
339,6399810,-0.10426734,-0.10681413,-0.10923156,-0.11090554,-0.11275341,0.00000000,0.00000000,0.00000000,0.00000000,0.00000000,-0.56254762
340,6409810,-0.10156776,-0.10426734,-0.10681413,-0.10923156,-0.11090554,0.00000000,0.00000000,0.00000000,0.00000000,0.00000000,-0.54222521
341,6419810,-0.09831740,-0.10156776,-0.10426734,-0.10681413,-0.10923156,0.00000000,0.00000000,0.00000000,0.00000000,0.00000000,-0.49324324
342,6429810,-0.09488361,-0.09831740,-0.10156776,-0.10426734,-0.10681413,0.00000000,0.00000000,0.00000000,0.00000000,0.00000000,-0.48600925
343,6439810,-0.09169166,-0.09488361,-0.09831740,-0.10156776,-0.10426734,0.00000000,0.00000000,0.00000000,0.00000000,0.00000000,-0.49154367
344,6449810,-0.08873900,-0.09169166,-0.09488361,-0.09831740,-0.10156776,0.00000000,0.00000000,0.00000000,0.00000000,0.00000000,-0.47872519
345,6459810,-0.08702285,-0.08873900,-0.09169166,-0.09488361,-0.09831740,0.00000000,0.00000000,0.00000000,0.00000000,0.00000000,-0.53982066
346,6469810,-0.08634297,-0.08702285,-0.08873900,-0.09169166,-0.09488361,0.00000000,0.00000000,0.00000000,0.00000000,0.00000000,-0.54770735
347,6479810,-0.08614803,-0.08634297,-0.08702285,-0.08873900,-0.09169166,0.00000000,0.00000000,0.00000000,0.00000000,0.00000000,-0.53108172
348,6489810,-0.08553126,-0.08614803,-0.08634297,-0.08702285,-0.08873900,0.00000000,0.00000000,0.00000000,0.00000000,0.00000000,-0.47700103
349,6499810,-0.08521502,-0.08553126,-0.08614803,-0.08634297,-0.08702285,0.00000000,0.00000000,0.00000000,0.00000000,0.00000000,-0.51464518
350,6509810,-0.08503496,-0.08521502,-0.08553126,-0.08614803,-0.08634297,0.00000000,0.00000000,0.00000000,0.00000000,0.00000000,-0.50873446
351,6519810,-0.08460727,-0.08503496,-0.08521502,-0.08553126,-0.08614803,0.00000000,0.00000000,0.00000000,0.00000000,0.00000000,-0.48343267
352,6529810,-0.08403291,-0.08460727,-0.08503496,-0.08521502,-0.08553126,0.00000000,0.00000000,0.00000000,0.00000000,0.00000000,-0.48168913
353,6539810,-0.08363909,-0.08403291,-0.08460727,-0.08503496,-0.08521502,0.00000000,0.00000000,0.00000000,0.00000000,0.00000000,-0.49812317
354,6549810,-0.08345762,-0.08363909,-0.08403291,-0.08460727,-0.08503496,0.00000000,0.00000000,0.00000000,0.00000000,0.00000000,-0.50283647
355,6559810,-0.08350406,-0.08345762,-0.08363909,-0.08403291,-0.08460727,0.00000000,0.00000000,0.00000000,0.00000000,0.00000000,-0.50849992
356,6569810,-0.08423916,-0.08350406,-0.08345762,-0.08363909,-0.08403291,0.00000000,0.00000000,0.00000000,0.00000000,0.00000000,-0.54822648
357,6579810,-0.08502259,-0.08423916,-0.08350406,-0.08345762,-0.08363909,0.00000000,0.00000000,0.00000000,0.00000000,0.00000000,-0.52432766
358,6589810,-0.08539863,-0.08502259,-0.08423916,-0.08350406,-0.08345762,0.00000000,0.00000000,0.00000000,0.00000000,0.00000000,-0.49725400
359,6599810,-0.08639575,-0.08539863,-0.08502259,-0.08423916,-0.08350406,0.00000000,0.00000000,0.00000000,0.00000000,0.00000000,-0.56336316
360,6609810,-0.08773865,-0.08639575,-0.08539863,-0.08502259,-0.08423916,0.00000000,0.00000000,0.00000000,0.00000000,0.00000000,-0.56567751
361,6619810,-0.08926812,-0.08773865,-0.08639575,-0.08539863,-0.08502259,0.00000000,0.00000000,0.00000000,0.00000000,0.00000000,-0.57128409
362,6629810,-0.09078303,-0.08926812,-0.08773865,-0.08639575,-0.08539863,0.00000000,0.00000000,0.00000000,0.00000000,0.00000000,-0.57074326
363,6639810,-0.09197813,-0.09078303,-0.08926812,-0.08773865,-0.08639575,0.00000000,0.00000000,0.00000000,0.00000000,0.00000000,-0.55724404
364,6649810,-0.09305294,-0.09197813,-0.09078303,-0.08926812,-0.08773865,0.00000000,0.00000000,0.00000000,0.00000000,0.00000000,-0.57039752
365,6659810,-0.09429229,-0.09305294,-0.09197813,-0.09078303,-0.08926812,0.00000000,0.00000000,0.00000000,0.00000000,0.00000000,-0.59426388
366,6669810,-0.09580455,-0.09429229,-0.09305294,-0.09197813,-0.09078303,0.00000000,0.00000000,0.00000000,0.00000000,0.00000000,-0.61383256
367,6679810,-0.09765582,-0.09580455,-0.09429229,-0.09305294,-0.09197813,0.00000000,0.00000000,0.00000000,0.00000000,0.00000000,-0.63483987
368,6689810,-0.09989178,-0.09765582,-0.09580455,-0.09429229,-0.09305294,0.00000000,0.00000000,0.00000000,0.00000000,0.00000000,-0.65813280
369,6699810,-0.10237520,-0.09989178,-0.09765582,-0.09580455,-0.09429229,0.00000000,0.00000000,0.00000000,0.00000000,0.00000000,-0.67165663
370,6709810,-0.10442010,-0.10237520,-0.09989178,-0.09765582,-0.09580455,0.00000000,0.00000000,0.00000000,0.00000000,0.00000000,-0.64322846
371,6719810,-0.10598364,-0.10442010,-0.10237520,-0.09989178,-0.09765582,0.00000000,0.00000000,0.00000000,0.00000000,0.00000000,-0.64074465
372,6729810,-0.10713989,-0.10598364,-0.10442010,-0.10237520,-0.09989178,0.00000000,0.00000000,0.00000000,0.00000000,0.00000000,-0.64269890
373,6739810,-0.10841912,-0.10713989,-0.10598364,-0.10442010,-0.10237520,0.00000000,0.00000000,0.00000000,0.00000000,0.00000000,-0.67727415
374,6749810,-0.11000187,-0.10841912,-0.10713989,-0.10598364,-0.10442010,0.00000000,0.00000000,0.00000000,0.00000000,0.00000000,-0.70120165
375,6759811,-0.11191603,-0.11000187,-0.10841912,-0.10713989,-0.10598364,0.00000000,0.00000000,0.00000000,0.00000000,0.00000000,-0.72065832
376,6769810,-0.11427095,-0.11191603,-0.11000187,-0.10841912,-0.10713989,0.00000000,0.00000000,0.00000000,0.00000000,0.00000000,-0.74874871
377,6779810,-0.11685527,-0.11427095,-0.11191603,-0.11000187,-0.10841912,0.00000000,0.00000000,0.00000000,0.00000000,0.00000000,-0.75907939
378,6789810,-0.11915168,-0.11685527,-0.11427095,-0.11191603,-0.11000187,0.00000000,0.00000000,0.00000000,0.00000000,0.00000000,-0.74301619
379,6799810,-0.12083814,-0.11915168,-0.11685527,-0.11427095,-0.11191603,0.00000000,0.00000000,0.00000000,0.00000000,0.00000000,-0.72574587
380,6809810,-0.12208600,-0.12083814,-0.11915168,-0.11685527,-0.11427095,0.00000000,0.00000000,0.00000000,0.00000000,0.00000000,-0.73210827
381,6819810,-0.12303925,-0.12208600,-0.12083814,-0.11915168,-0.11685527,0.00000000,0.00000000,0.00000000,0.00000000,0.00000000,-0.73837050
382,6829810,-0.12352324,-0.12303925,-0.12208600,-0.12083814,-0.11915168,0.00000000,0.00000000,0.00000000,0.00000000,0.00000000,-0.72357443
383,6839810,-0.12333238,-0.12352324,-0.12303925,-0.12208600,-0.12083814,0.00000000,0.00000000,0.00000000,0.00000000,0.00000000,-0.69914332
384,6849810,-0.12266848,-0.12333238,-0.12352324,-0.12303925,-0.12208600,0.00000000,0.00000000,0.00000000,0.00000000,0.00000000,-0.69481591
385,6859810,-0.12190212,-0.12266848,-0.12333238,-0.12352324,-0.12303925,0.00000000,0.00000000,0.00000000,0.00000000,0.00000000,-0.70522465
386,6869810,-0.12132280,-0.12190212,-0.12266848,-0.12333238,-0.12352324,0.00000000,0.00000000,0.00000000,0.00000000,0.00000000,-0.71892972
387,6879810,-0.12072070,-0.12132280,-0.12190212,-0.12266848,-0.12333238,0.00000000,0.00000000,0.00000000,0.00000000,0.00000000,-0.70518376
388,6889810,-0.11989700,-0.12072070,-0.12132280,-0.12190212,-0.12266848,0.00000000,0.00000000,0.00000000,0.00000000,0.00000000,-0.68659011
389,6899810,-0.11902690,-0.11989700,-0.12072070,-0.12132280,-0.12190212,0.00000000,0.00000000,0.00000000,0.00000000,0.00000000,-0.68855071
390,6909810,-0.11897188,-0.11902690,-0.11989700,-0.12072070,-0.12132280,0.00000000,0.00000000,0.00000000,0.00000000,0.00000000,-0.74462889
391,6919810,-0.11892284,-0.11897188,-0.11902690,-0.11989700,-0.12072070,0.00000000,0.00000000,0.00000000,0.00000000,0.00000000,-0.70709737
392,6929810,-0.11787633,-0.11892284,-0.11897188,-0.11902690,-0.11989700,0.00000000,0.00000000,0.00000000,0.00000000,0.00000000,-0.63422440
393,6939810,-0.11624073,-0.11787633,-0.11892284,-0.11897188,-0.11902690,0.00000000,0.00000000,0.00000000,0.00000000,0.00000000,-0.63131601
394,6949810,-0.11421630,-0.11624073,-0.11787633,-0.11892284,-0.11897188,0.00000000,0.00000000,0.00000000,0.00000000,0.00000000,-0.62050145
395,6959810,-0.11186640,-0.11421630,-0.11624073,-0.11787633,-0.11892284,0.00000000,0.00000000,0.00000000,0.00000000,0.00000000,-0.60274914
396,6969810,-0.11003186,-0.11186640,-0.11421630,-0.11624073,-0.11787633,0.00000000,0.00000000,0.00000000,0.00000000,0.00000000,-0.64115086
397,6979810,-0.10846111,-0.11003186,-0.11186640,-0.11421630,-0.11624073,0.00000000,0.00000000,0.00000000,0.00000000,0.00000000,-0.62554744
398,6989810,-0.10694100,-0.10846111,-0.11003186,-0.11186640,-0.11421630,0.00000000,0.00000000,0.00000000,0.00000000,0.00000000,-0.60772833
399,6999810,-0.10539949,-0.10694100,-0.10846111,-0.11003186,-0.11186640,0.00000000,0.00000000,0.00000000,0.00000000,0.00000000,-0.59480858
400,7009810,-0.10384351,-0.10539949,-0.10694100,-0.10846111,-0.11003186,0.00000000,0.00000000,0.00000000,0.00000000,0.00000000,-0.58557466
401,7019810,-0.10224555,-0.10384351,-0.10539949,-0.10694100,-0.10846111,0.00000000,0.00000000,0.00000000,0.00000000,0.00000000,-0.57393380
402,7029810,-0.10060887,-0.10224555,-0.10384351,-0.10539949,-0.10694100,0.00000000,0.00000000,0.00000000,0.00000000,0.00000000,-0.56354972
403,7039810,-0.09938822,-0.10060887,-0.10224555,-0.10384351,-0.10539949,0.00000000,0.00000000,0.00000000,0.00000000,0.00000000,-0.58577491
404,7049810,-0.09855587,-0.09938822,-0.10060887,-0.10224555,-0.10384351,0.00000000,0.00000000,0.00000000,0.00000000,0.00000000,-0.58746536
405,7059811,-0.09769957,-0.09855587,-0.09938822,-0.10060887,-0.10224555,0.00000000,0.00000000,0.00000000,0.00000000,0.00000000,-0.56287439
406,7069810,-0.09692912,-0.09769957,-0.09855587,-0.09938822,-0.10060887,0.00000000,0.00000000,0.00000000,0.00000000,0.00000000,-0.56513954
407,7079810,-0.09641417,-0.09692912,-0.09769957,-0.09855587,-0.09938822,0.00000000,0.00000000,0.00000000,0.00000000,0.00000000,-0.57512248
408,7089810,-0.09617196,-0.09641417,-0.09692912,-0.09769957,-0.09855587,0.00000000,0.00000000,0.00000000,0.00000000,0.00000000,-0.58005322
409,7099810,-0.09611232,-0.09617196,-0.09641417,-0.09692912,-0.09769957,0.00000000,0.00000000,0.00000000,0.00000000,0.00000000,-0.57928078
410,7109810,-0.09619264,-0.09611232,-0.09617196,-0.09641417,-0.09692912,0.00000000,0.00000000,0.00000000,0.00000000,0.00000000,-0.58066925
411,7119810,-0.09626300,-0.09619264,-0.09611232,-0.09617196,-0.09641417,0.00000000,0.00000000,0.00000000,0.00000000,0.00000000,-0.57397545
412,7129810,-0.09649063,-0.09626300,-0.09619264,-0.09611232,-0.09617196,0.00000000,0.00000000,0.00000000,0.00000000,0.00000000,-0.58627336
413,7139810,-0.09710151,-0.09649063,-0.09626300,-0.09619264,-0.09611232,0.00000000,0.00000000,0.00000000,0.00000000,0.00000000,-0.60816966
414,7149810,-0.09810072,-0.09710151,-0.09649063,-0.09626300,-0.09619264,0.00000000,0.00000000,0.00000000,0.00000000,0.00000000,-0.62229254
415,7159810,-0.09948240,-0.09810072,-0.09710151,-0.09649063,-0.09626300,0.00000000,0.00000000,0.00000000,0.00000000,0.00000000,-0.63808435
416,7169810,-0.10103853,-0.09948240,-0.09810072,-0.09710151,-0.09649063,0.00000000,0.00000000,0.00000000,0.00000000,0.00000000,-0.64133292
417,7179810,-0.10259579,-0.10103853,-0.09948240,-0.09810072,-0.09710151,0.00000000,0.00000000,0.00000000,0.00000000,0.00000000,-0.64264970
418,7189810,-0.10393430,-0.10259579,-0.10103853,-0.09948240,-0.09810072,0.00000000,0.00000000,0.00000000,0.00000000,0.00000000,-0.63601009
419,7199810,-0.10503464,-0.10393430,-0.10259579,-0.10103853,-0.09948240,0.00000000,0.00000000,0.00000000,0.00000000,0.00000000,-0.63679966
420,7209810,-0.10602657,-0.10503464,-0.10393430,-0.10259579,-0.10103853,0.00000000,0.00000000,0.00000000,0.00000000,0.00000000,-0.64646550
421,7219810,-0.10723092,-0.10602657,-0.10503464,-0.10393430,-0.10259579,0.00000000,0.00000000,0.00000000,0.00000000,0.00000000,-0.67277036
422,7229810,-0.10838335,-0.10723092,-0.10602657,-0.10503464,-0.10393430,0.00000000,0.00000000,0.00000000,0.00000000,0.00000000,-0.66635506
423,7239810,-0.10963731,-0.10838335,-0.10723092,-0.10602657,-0.10503464,0.00000000,0.00000000,0.00000000,0.00000000,0.00000000,-0.68299416
424,7249810,-0.11087807,-0.10963731,-0.10838335,-0.10723092,-0.10602657,0.00000000,0.00000000,0.00000000,0.00000000,0.00000000,-0.68480802
425,7259810,-0.11218548,-0.11087807,-0.10963731,-0.10838335,-0.10723092,0.00000000,0.00000000,0.00000000,0.00000000,0.00000000,-0.69764619
426,7269810,-0.11337326,-0.11218548,-0.11087807,-0.10963731,-0.10838335,0.00000000,0.00000000,0.00000000,0.00000000,0.00000000,-0.69367207
427,7279810,-0.11468496,-0.11337326,-0.11218548,-0.11087807,-0.10963731,0.00000000,0.00000000,0.00000000,0.00000000,0.00000000,-0.71525913
428,7289810,-0.11600478,-0.11468496,-0.11337326,-0.11218548,-0.11087807,0.00000000,0.00000000,0.00000000,0.00000000,0.00000000,-0.71792673
429,7299810,-0.11704540,-0.11600478,-0.11468496,-0.11337326,-0.11218548,0.00000000,0.00000000,0.00000000,0.00000000,0.00000000,-0.70516187
430,7309810,-0.11780350,-0.11704540,-0.11600478,-0.11468496,-0.11337326,0.00000000,0.00000000,0.00000000,0.00000000,0.00000000,-0.70375246
431,7319810,-0.11858973,-0.11780350,-0.11704540,-0.11600478,-0.11468496,0.00000000,0.00000000,0.00000000,0.00000000,0.00000000,-0.72333058
432,7329810,-0.11949020,-0.11858973,-0.11780350,-0.11704540,-0.11600478,0.00000000,0.00000000,0.00000000,0.00000000,0.00000000,-0.73497903
433,7339810,-0.11996885,-0.11949020,-0.11858973,-0.11780350,-0.11704540,0.00000000,0.00000000,0.00000000,0.00000000,0.00000000,-0.70446519
434,7349810,-0.12017605,-0.11996885,-0.11949020,-0.11858973,-0.11780350,0.00000000,0.00000000,0.00000000,0.00000000,0.00000000,-0.70710591
435,7359810,-0.12022902,-0.12017605,-0.11996885,-0.11949020,-0.11858973,0.00000000,0.00000000,0.00000000,0.00000000,0.00000000,-0.70965477
436,7369810,-0.12023701,-0.12022902,-0.12017605,-0.11996885,-0.11949020,0.00000000,0.00000000,0.00000000,0.00000000,0.00000000,-0.71380830
437,7379810,-0.12015127,-0.12023701,-0.12022902,-0.12017605,-0.11996885,0.00000000,0.00000000,0.00000000,0.00000000,0.00000000,-0.70912222
438,7389810,-0.11993064,-0.12015127,-0.12023701,-0.12022902,-0.12017605,0.00000000,0.00000000,0.00000000,0.00000000,0.00000000,-0.70315079
439,7399810,-0.11930195,-0.11993064,-0.12015127,-0.12023701,-0.12022902,0.00000000,0.00000000,0.00000000,0.00000000,0.00000000,-0.67845529
440,7409810,-0.11867413,-0.11930195,-0.11993064,-0.12015127,-0.12023701,0.00000000,0.00000000,0.00000000,0.00000000,0.00000000,-0.69360833
441,7419810,-0.11812837,-0.11867413,-0.11930195,-0.11993064,-0.12015127,0.00000000,0.00000000,0.00000000,0.00000000,0.00000000,-0.69575462
442,7429810,-0.11739902,-0.11812837,-0.11867413,-0.11930195,-0.11993064,0.00000000,0.00000000,0.00000000,0.00000000,0.00000000,-0.67539925
443,7439810,-0.11670046,-0.11739902,-0.11812837,-0.11867413,-0.11930195,0.00000000,0.00000000,0.00000000,0.00000000,0.00000000,-0.68177330
444,7449810,-0.11618505,-0.11670046,-0.11739902,-0.11812837,-0.11867413,0.00000000,0.00000000,0.00000000,0.00000000,0.00000000,-0.68946745
445,7459810,-0.11589838,-0.11618505,-0.11670046,-0.11739902,-0.11812837,0.00000000,0.00000000,0.00000000,0.00000000,0.00000000,-0.69454018
446,7469810,-0.11591390,-0.11589838,-0.11618505,-0.11670046,-0.11739902,0.00000000,0.00000000,0.00000000,0.00000000,0.00000000,-0.70420646
447,7479810,-0.11627394,-0.11591390,-0.11589838,-0.11618505,-0.11670046,0.00000000,0.00000000,0.00000000,0.00000000,0.00000000,-0.71535678
448,7489810,-0.11634120,-0.11627394,-0.11591390,-0.11589838,-0.11618505,0.00000000,0.00000000,0.00000000,0.00000000,0.00000000,-0.68037403
449,7499810,-0.11503388,-0.11634120,-0.11627394,-0.11591390,-0.11589838,0.00000000,0.00000000,0.00000000,0.00000000,0.00000000,-0.59459619
450,7509810,-0.11369390,-0.11503388,-0.11634120,-0.11627394,-0.11591390,0.00000000,0.00000000,0.00000000,0.00000000,0.00000000,-0.64789386
451,7519810,-0.11198319,-0.11369390,-0.11503388,-0.11634120,-0.11627394,0.00000000,0.00000000,0.00000000,0.00000000,0.00000000,-0.61443074
452,7529810,-0.11004687,-0.11198319,-0.11369390,-0.11503388,-0.11634120,0.00000000,0.00000000,0.00000000,0.00000000,0.00000000,-0.60499745
453,7539810,-0.10832941,-0.11004687,-0.11198319,-0.11369390,-0.11503388,0.00000000,0.00000000,0.00000000,0.00000000,0.00000000,-0.61973889
454,7549810,-0.10644329,-0.10832941,-0.11004687,-0.11198319,-0.11369390,0.00000000,0.00000000,0.00000000,0.00000000,0.00000000,-0.58715916
455,7559810,-0.10400204,-0.10644329,-0.10832941,-0.11004687,-0.11198319,0.00000000,0.00000000,0.00000000,0.00000000,0.00000000,-0.54346243
456,7569810,-0.10185252,-0.10400204,-0.10644329,-0.10832941,-0.11004687,0.00000000,0.00000000,0.00000000,0.00000000,0.00000000,-0.57571433
457,7579810,-0.10050347,-0.10185252,-0.10400204,-0.10644329,-0.10832941,0.00000000,0.00000000,0.00000000,0.00000000,0.00000000,-0.60748115
458,7589810,-0.09975680,-0.10050347,-0.10185252,-0.10400204,-0.10644329,0.00000000,0.00000000,0.00000000,0.00000000,0.00000000,-0.60621225
459,7599810,-0.09939395,-0.09975680,-0.10050347,-0.10185252,-0.10400204,0.00000000,0.00000000,0.00000000,0.00000000,0.00000000,-0.60185582
460,7609810,-0.09927112,-0.09939395,-0.09975680,-0.10050347,-0.10185252,0.00000000,0.00000000,0.00000000,0.00000000,0.00000000,-0.59942929
461,7619810,-0.09907849,-0.09927112,-0.09939395,-0.09975680,-0.10050347,0.00000000,0.00000000,0.00000000,0.00000000,0.00000000,-0.58257904
462,7629810,-0.09843227,-0.09907849,-0.09927112,-0.09939395,-0.09975680,0.00000000,0.00000000,0.00000000,0.00000000,0.00000000,-0.55176655
463,7639810,-0.09750901,-0.09843227,-0.09907849,-0.09927112,-0.09939395,0.00000000,0.00000000,0.00000000,0.00000000,0.00000000,-0.54876070
464,7649810,-0.09628491,-0.09750901,-0.09843227,-0.09907849,-0.09927112,0.00000000,0.00000000,0.00000000,0.00000000,0.00000000,-0.53419950
465,7659810,-0.09496843,-0.09628491,-0.09750901,-0.09843227,-0.09907849,0.00000000,0.00000000,0.00000000,0.00000000,0.00000000,-0.53408131
466,7669810,-0.09373769,-0.09496843,-0.09628491,-0.09750901,-0.09843227,0.00000000,0.00000000,0.00000000,0.00000000,0.00000000,-0.53671058
467,7679810,-0.09293164,-0.09373769,-0.09496843,-0.09628491,-0.09750901,0.00000000,0.00000000,0.00000000,0.00000000,0.00000000,-0.55622736
468,7689810,-0.09258908,-0.09293164,-0.09373769,-0.09496843,-0.09628491,0.00000000,0.00000000,0.00000000,0.00000000,0.00000000,-0.56545114
469,7699810,-0.09269696,-0.09258908,-0.09293164,-0.09373769,-0.09496843,0.00000000,0.00000000,0.00000000,0.00000000,0.00000000,-0.57472015
470,7709810,-0.09324241,-0.09269696,-0.09258908,-0.09293164,-0.09373769,0.00000000,0.00000000,0.00000000,0.00000000,0.00000000,-0.58634015
471,7719810,-0.09405000,-0.09324241,-0.09269696,-0.09258908,-0.09293164,0.00000000,0.00000000,0.00000000,0.00000000,0.00000000,-0.58843346
472,7729810,-0.09501722,-0.09405000,-0.09324241,-0.09269696,-0.09258908,0.00000000,0.00000000,0.00000000,0.00000000,0.00000000,-0.59274809
473,7739810,-0.09593648,-0.09501722,-0.09405000,-0.09324241,-0.09269696,0.00000000,0.00000000,0.00000000,0.00000000,0.00000000,-0.58767377
474,7749810,-0.09695451,-0.09593648,-0.09501722,-0.09405000,-0.09324241,0.00000000,0.00000000,0.00000000,0.00000000,0.00000000,-0.60253816
475,7759810,-0.09801402,-0.09695451,-0.09593648,-0.09501722,-0.09405000,0.00000000,0.00000000,0.00000000,0.00000000,0.00000000,-0.60704216
476,7769810,-0.09905699,-0.09801402,-0.09695451,-0.09593648,-0.09501722,0.00000000,0.00000000,0.00000000,0.00000000,0.00000000,-0.61024077
477,7779810,-0.09980444,-0.09905699,-0.09801402,-0.09695451,-0.09593648,0.00000000,0.00000000,0.00000000,0.00000000,0.00000000,-0.59577742
478,7789810,-0.10031823,-0.09980444,-0.09905699,-0.09801402,-0.09695451,0.00000000,0.00000000,0.00000000,0.00000000,0.00000000,-0.59691940
479,7799810,-0.10085495,-0.10031823,-0.09980444,-0.09905699,-0.09801402,0.00000000,0.00000000,0.00000000,0.00000000,0.00000000,-0.61240851
480,7809810,-0.10147191,-0.10085495,-0.10031823,-0.09980444,-0.09905699,0.00000000,0.00000000,0.00000000,0.00000000,0.00000000,-0.62034869
481,7819810,-0.10208164,-0.10147191,-0.10085495,-0.10031823,-0.09980444,0.00000000,0.00000000,0.00000000,0.00000000,0.00000000,-0.61979409
482,7829810,-0.10287407,-0.10208164,-0.10147191,-0.10085495,-0.10031823,0.00000000,0.00000000,0.00000000,0.00000000,0.00000000,-0.63701651
483,7839810,-0.10394292,-0.10287407,-0.10208164,-0.10147191,-0.10085495,0.00000000,0.00000000,0.00000000,0.00000000,0.00000000,-0.65335058
484,7849810,-0.10481457,-0.10394292,-0.10287407,-0.10208164,-0.10147191,0.00000000,0.00000000,0.00000000,0.00000000,0.00000000,-0.63265671
485,7859810,-0.10523000,-0.10481457,-0.10394292,-0.10287407,-0.10208164,0.00000000,0.00000000,0.00000000,0.00000000,0.00000000,-0.61387344
486,7869810,-0.10558895,-0.10523000,-0.10481457,-0.10394292,-0.10287407,0.00000000,0.00000000,0.00000000,0.00000000,0.00000000,-0.63329932
487,7879810,-0.10581536,-0.10558895,-0.10523000,-0.10481457,-0.10394292,0.00000000,0.00000000,0.00000000,0.00000000,0.00000000,-0.62839649
488,7889810,-0.10590020,-0.10581536,-0.10558895,-0.10523000,-0.10481457,0.00000000,0.00000000,0.00000000,0.00000000,0.00000000,-0.62558933
489,7899810,-0.10602556,-0.10590020,-0.10581536,-0.10558895,-0.10523000,0.00000000,0.00000000,0.00000000,0.00000000,0.00000000,-0.63556098
490,7909810,-0.10625267,-0.10602556,-0.10590020,-0.10581536,-0.10558895,0.00000000,0.00000000,0.00000000,0.00000000,0.00000000,-0.64180798
491,7919810,-0.10613961,-0.10625267,-0.10602556,-0.10590020,-0.10581536,0.00000000,0.00000000,0.00000000,0.00000000,0.00000000,-0.61378660
492,7929810,-0.10580088,-0.10613961,-0.10625267,-0.10602556,-0.10590020,0.00000000,0.00000000,0.00000000,0.00000000,0.00000000,-0.61245556
493,7939810,-0.10551954,-0.10580088,-0.10613961,-0.10625267,-0.10602556,0.00000000,0.00000000,0.00000000,0.00000000,0.00000000,-0.62499892
494,7949810,-0.10530664,-0.10551954,-0.10580088,-0.10613961,-0.10625267,0.00000000,0.00000000,0.00000000,0.00000000,0.00000000,-0.62562312
495,7959810,-0.10499855,-0.10530664,-0.10551954,-0.10580088,-0.10613961,0.00000000,0.00000000,0.00000000,0.00000000,0.00000000,-0.61429395
496,7969810,-0.10488062,-0.10499855,-0.10530664,-0.10551954,-0.10580088,0.00000000,0.00000000,0.00000000,0.00000000,0.00000000,-0.63065571
497,7979810,-0.10477859,-0.10488062,-0.10499855,-0.10530664,-0.10551954,0.00000000,0.00000000,0.00000000,0.00000000,0.00000000,-0.62232062
498,7989810,-0.10460490,-0.10477859,-0.10488062,-0.10499855,-0.10530664,0.00000000,0.00000000,0.00000000,0.00000000,0.00000000,-0.61579320
499,7999810,-0.10458956,-0.10460490,-0.10477859,-0.10488062,-0.10499855,0.00000000,0.00000000,0.00000000,0.00000000,0.00000000,-0.62955718
