ets Jul 29 2019 12:21:46

rst:0x1 (POWERON_RESET),boot:0x13 (SPI_FAST_FLASH_BOOT)
configsip: 0, SPIWP:0xee
clk_drv:0x00,q_drv:0x00,d_drv:0x00,cs0_drv:0x00,hd_drv:0x00,wp_drv:0x00
mode:DIO, clock div:2
load:0x3fff0030,len:1184
load:0x40078000,len:13192
load:0x40080400,len:3028
entry 0x400805e4
M1: 0.000000	 M2: -0.000001
M1: 0.000000	 M2: 0.000000
M1: 0.000000	 M2: 0.000000
M1: 0.000000	 M2: -0.000000
M1: 0.000000	 M2: 0.000000
M1: 0.000000	 M2: 0.000000
M1: 0.000000	 M2: -0.000000
M1: 0.000000	 M2: -0.000000
M1: 0.000000	 M2: 0.000000
M1: 0.000000	 M2: -0.000000
M1: 0.000000	 M2: -0.000000
M1: 0.000000	 M2: 0.000000
M1: 0.000000	 M2: -0.000000
M1: 0.000000	 M2: -0.000000
M1: 0.000000	 M2: 0.000000
M1: 0.000000	 M2: 0.000000
M1: 0.000000	 M2: -0.000000
M1: 0.000000	 M2: 0.000000
M1: 0.000000	 M2: 0.000000
M1: 0.000000	 M2: -0.000000
M1: 0.000000	 M2: 0.000000
M1: 0.000000	 M2: 0.000000
M1: 0.000000	 M2: -0.000000
M1: 0.000000	 M2: -0.000000
M1: 0.000000	 M2: 0.000000
M1: 0.000000	 M2: -0.000000
M1: 0.000000	 M2: -0.000000
M1: 0.000000	 M2: 0.000000
M1: 0.000000	 M2: -0.000000
M1: 0.000000	 M2: -0.000000
M1: 0.000000	 M2: 0.000000
M1: 0.000000	 M2: -0.000000
M1: 0.000000	 M2: -0.000000
M1: 0.000000	 M2: 0.000000
M1: 0.000000	 M2: -0.000000
M1: 0.000000	 M2: -0.000000
M1: 0.000000	 M2: 0.000000
M1: 0.000000	 M2: 0.000000
M1: 0.000000	 M2: -0.000000
M1: 0.000000	 M2: 0.000000
M1: 0.000000	 M2: 0.000000
M1: 0.000000	 M2: -0.000000
M1: 0.000000	 M2: 0.000000
M1: 0.000000	 M2: 0.000000
M1: 0.000000	 M2: 0.000000
M1: 0.000000	 M2: 0.000000
M1: 0.000000	 M2: 0.000000
M1: 0.000000	 M2: 0.000000
M1: 0.000000	 M2: 0.000000
M1: 0.000000	 M2: 0.000000
M1: 0.000000	 M2: 0.000000
M1: 0.000000	 M2: 0.000000
M1: 0.000000	 M2: 0.000000
M1: 0.000000	 M2: 0.000000
M1: 0.000000	 M2: 0.000000
M1: 0.000000	 M2: 0.000000
M1: 0.000000	 M2: 0.000000
M1: 0.000000	 M2: 0.000000
M1: 0.000000	 M2: 0.000000
M1: 0.000000	 M2: 0.000000
M1: 0.000000	 M2: 0.000000
M1: 0.000000	 M2: 0.000000
M1: 0.000000	 M2: 0.000000
M1: 0.000000	 M2: 0.000000
M1: 0.000000	 M2: 0.000000
M1: 0.000000	 M2: 0.000000
M1: 0.000000	 M2: 0.000000
M1: 0.000000	 M2: 0.000000
M1: 0.000000	 M2: 0.000000
M1: 0.000000	 M2: 0.000000
M1: 0.000000	 M2: 0.000000
M1: 0.000000	 M2: 0.000000
M1: 0.000000	 M2: 0.000000
M1: 0.000000	 M2: 0.000000
M1: 0.000000	 M2: 0.000000
M1: 0.000000	 M2: 0.000000
M1: 0.000000	 M2: 0.000000
M1: 0.000000	 M2: 0.000000
M1: 0.000000	 M2: 0.000000
M1: 0.000000	 M2: 0.000000
M1: 0.000000	 M2: 0.000000
M1: 0.000000	 M2: 0.000000
M1: 0.000000	 M2: 0.000000
M1: 0.000000	 M2: 0.000000
M1: 0.000000	 M2: 0.000000
M1: 0.000000	 M2: 0.000000
M1: 0.000000	 M2: 0.000000
M1: 0.000000	 M2: 0.000000
M1: 0.000000	 M2: 0.000000
M1: 0.000000	 M2: 0.000000
M1: 0.000000	 M2: 0.000000
M1: 0.000000	 M2: 0.000000
M1: 0.000000	 M2: 0.000000
M1: 0.000000	 M2: 0.000000
M1: 0.000000	 M2: 0.000000
M1: 0.000000	 M2: 0.000000
M1: 0.000000	 M2: 0.000000
M1: 0.000000	 M2: 0.000000
M1: 0.000000	 M2: 0.000000
M1: 0.000000	 M2: 0.000000
M1: 0.000000	 M2: 0.000000
M1: 0.000000	 M2: 0.000000
M1: 0.000000	 M2: 0.000000
M1: 112.139237	 M2: 111.252083
M1: 112.159320	 M2: 110.878122
M1: 111.619887	 M2: 110.191482
M1: 111.021149	 M2: 109.218002
M1: 111.651267	 M2: 109.704276
M1: 112.040068	 M2: 110.398077
M1: 112.119944	 M2: 110.913729
M1: 111.841356	 M2: 110.973421
M1: 110.866848	 M2: 110.607398
M1: 112.001048	 M2: 109.981006
M1: 112.135865	 M2: 109.168658
M1: 111.691382	 M2: 109.565069
M1: 111.653143	 M2: 109.766982
M1: 110.991474	 M2: 110.416185
M1: 111.619306	 M2: 110.795423
M1: 112.038776	 M2: 110.794361
M1: 112.107846	 M2: 110.980656
M1: 111.807861	 M2: 110.880720
M1: 110.922233	 M2: 110.295286
M1: 110.651966	 M2: 109.591830
M1: 112.072862	 M2: 109.745536
M1: 112.153722	 M2: 110.426401
M1: 111.611477	 M2: 110.784671
M1: 111.402939	 M2: 111.105663
M1: 110.911435	 M2: 110.999849
M1: 112.048491	 M2: 110.985288
M1: 112.131840	 M2: 110.246692
M1: 112.087291	 M2: 109.310525
M1: 111.315574	 M2: 109.571214
M1: 110.618200	 M2: 109.786492
M1: 112.155705	 M2: 110.044525
M1: 111.902250	 M2: 110.816631
M1: 112.065560	 M2: 110.936133
M1: 111.240818	 M2: 110.983162
M1: 111.063160	 M2: 110.295698
M1: 111.637516	 M2: 109.454480
M1: 111.918539	 M2: 108.912649
M1: 112.035032	 M2: 109.787752
M1: 111.661574	 M2: 110.444396
M1: 111.042118	 M2: 110.763509
M1: 111.630915	 M2: 110.806650
M1: 111.893197	 M2: 111.484132
M1: 112.084433	 M2: 111.011331
M1: 111.597492	 M2: 110.316914
M1: 111.045268	 M2: 109.609934
M1: 111.636899	 M2: 109.783323
M1: 112.028676	 M2: 110.420870
M1: 111.762946	 M2: 110.807589
M1: 111.657862	 M2: 110.809273
M1: 111.040489	 M2: 110.963503
M1: 110.586751	 M2: 111.005049
M1: 112.050229	 M2: 110.512909
M1: 112.043504	 M2: 108.843029
M1: 111.616383	 M2: 109.609627
M1: 111.228494	 M2: 109.794408
M1: 110.625288	 M2: 110.439509
M1: 112.088981	 M2: 110.805475
M1: 112.024229	 M2: 110.134865
M1: 112.058550	 M2: 111.015162
M1: 111.326634	 M2: 110.973953
M1: 110.644426	 M2: 109.298667
M1: 112.029518	 M2: 109.587704
M1: 111.922184	 M2: 108.973528
M1: 112.017589	 M2: 110.443989
M1: 111.272416	 M2: 110.759721
M1: 111.026336	 M2: 110.807278
M1: 111.566402	 M2: 110.960047
M1: 111.846641	 M2: 111.005889
M1: 112.083711	 M2: 110.337734
M1: 111.673676	 M2: 109.341065
M1: 111.034882	 M2: 109.597208
M1: 112.102794	 M2: 109.727987
M1: 111.862129	 M2: 110.435456
M1: 112.060911	 M2: 110.831020
M1: 111.623411	 M2: 110.872121
M1: 111.015612	 M2: 110.991545
M1: 111.224722	 M2: 111.004751
M1: 112.098419	 M2: 110.316059
M1: 112.103040	 M2: 109.344426
M1: 111.612253	 M2: 109.616538
M1: 111.061258	 M2: 110.588889
M1: 110.635740	 M2: 110.781347
M1: 112.060703	 M2: 110.828233
M1: 112.161357	 M2: 110.999226
M1: 111.567780	 M2: 110.994969
M1: 111.093758	 M2: 110.323301
M1: 110.670683	 M2: 109.311321
M1: 112.044878	 M2: 109.595229
M1: 112.127614	 M2: 109.790121
M1: 112.057300	 M2: 110.545822
M1: 111.351912	 M2: 110.779686
M1: 110.619635	 M2: 110.835365
M1: 112.023478	 M2: 111.017708
M1: 111.911331	 M2: 111.006204
M1: 112.134719	 M2: 110.175709
M1: 111.243527	 M2: 109.380428
M1: 111.042203	 M2: 109.595203
M1: 111.625655	 M2: 109.782849
M1: 111.901676	 M2: 110.808800
M1: 112.091837	 M2: 110.805992
M1: 111.643974	 M2: 110.794262
M1: 111.038591	 M2: 111.004818
M1: 111.580676	 M2: 111.053482
M1: 111.869110	 M2: 110.052608
M1: 112.094828	 M2: 109.349620
M1: 111.600000	 M2: 109.583965
M1: 110.981162	 M2: 109.813126
M1: 111.621769	 M2: 110.313992
M1: 112.056376	 M2: 110.834908
M1: 112.178848	 M2: 110.849901
M1: 111.648811	 M2: 111.004485
M1: 110.808075	 M2: 111.037162
M1: 110.601919	 M2: 110.333218
M1: 112.069221	 M2: 109.362577
M1: 112.084475	 M2: 109.634307
M1: 111.966990	 M2: 109.597275
M1: 111.292444	 M2: 110.452911
M1: 110.611802	 M2: 110.808140
M1: 112.084748	 M2: 110.828296
M1: 112.522755	 M2: 111.082426
M1: 112.083768	 M2: 111.054562
M1: 111.352604	 M2: 110.330970
M1: 110.570624	 M2: 109.600091
M1: 112.046493	 M2: 110.155207
M1: 111.850231	 M2: 110.447285
M1: 112.054309	 M2: 110.450092
M1: 111.326959	 M2: 110.825676
M1: 110.722724	 M2: 110.870002
M1: 111.624235	 M2: 111.038802
M1: 111.898921	 M2: 111.027441
M1: 112.015928	 M2: 110.357318
M1: 111.432994	 M2: 109.661081
M1: 111.005359	 M2: 109.628329
M1: 111.625278	 M2: 109.782804
M1: 111.872044	 M2: 110.457232
M1: 112.086235	 M2: 110.867943
M1: 111.624020	 M2: 110.870459
M1: 111.024924	 M2: 111.004858
M1: 111.628079	 M2: 111.028967
M1: 111.903504	 M2: 110.460932
M1: 111.950410	 M2: 109.352359
M1: 111.654686	 M2: 109.578544
M1: 111.038417	 M2: 109.816045
