ets Jul 29 2019 12:21:46

rst:0x1 (POWERON_RESET),boot:0x13 (SPI_FAST_FLASH_BOOT)
configsip: 0, SPIWP:0xee
clk_drv:0x00,q_drv:0x00,d_drv:0x00,cs0_drv:0x00,hd_drv:0x00,wp_drv:0x00
mode:DIO, clock div:2
load:0x3fff0030,len:1184
load:0x40078000,len:13192
load:0x40080400,len:3028
entry 0x400805e4
Started
ax:0.000000,ay:0.000000,az:0.000000
ax:0.000000,ay:0.000000,az:0.000000
ax:0.000000,ay:0.000000,az:0.000000
ax:0.000000,ay:0.000000,az:0.000000
ax:0.000000,ay:0.000000,az:0.000000
ax:0.000000,ay:0.000000,az:0.000000
ax:0.000000,ay:0.000000,az:0.000000
ax:0.000000,ay:0.000000,az:0.000000
ax:0.000000,ay:0.000000,az:0.000000
ax:0.000000,ay:0.000000,az:0.000000
ax:0.000000,ay:0.000000,az:0.000000
ax:0.000000,ay:0.000000,az:0.000000
ax:0.000000,ay:0.000000,az:0.000000
ax:0.000000,ay:0.000000,az:0.000000
ax:0.000000,ay:0.000000,az:0.000000
ax:-0.105469,ay:5.583984,az:-7.716797
ax:-8.568359,ay:0.099609,az:0.861328
ax:-8.568359,ay:0.099609,az:0.861328
ax:-8.568359,ay:0.099609,az:0.861328
ax:-8.568359,ay:0.099609,az:0.861328
ax:-8.568359,ay:0.099609,az:0.861328
ax:-8.568359,ay:0.099609,az:0.861328
ax:-8.568359,ay:0.099609,az:0.861328
ax:-8.568359,ay:0.099609,az:0.861328
ax:-8.568359,ay:0.099609,az:0.861328
ax:-8.568359,ay:0.099609,az:0.861328
ax:-8.568359,ay:0.099609,az:0.861328
ax:-8.568359,ay:0.099609,az:0.861328
ax:-8.568359,ay:0.099609,az:0.861328
ax:-8.568359,ay:0.099609,az:0.861328
ax:-8.568359,ay:0.099609,az:0.861328
ax:-8.568359,ay:0.099609,az:0.861328
ax:-8.568359,ay:0.099609,az:0.861328
ax:-8.568359,ay:0.099609,az:0.861328
ax:-8.568359,ay:0.099609,az:0.861328
ax:0.000000,ay:0.000000,az:0.000000
ax:-0.080078,ay:5.576172,az:-7.707031
ax:-8.560547,ay:0.095703,az:0.861328
ax:-8.560547,ay:0.095703,az:0.861328
ax:-8.560547,ay:0.095703,az:0.861328
ax:-8.560547,ay:0.095703,az:0.861328
ax:-8.560547,ay:0.095703,az:0.861328
ax:-8.560547,ay:0.095703,az:0.861328
ax:-8.560547,ay:0.095703,az:0.861328
ax:-8.560547,ay:0.095703,az:0.861328
ax:-8.560547,ay:0.095703,az:0.861328
ax:-8.560547,ay:0.095703,az:0.861328
ax:-8.560547,ay:0.095703,az:0.861328
ax:-8.560547,ay:0.095703,az:0.861328
ax:-8.560547,ay:0.095703,az:0.861328
ax:-8.560547,ay:0.095703,az:0.861328
ax:-8.560547,ay:0.095703,az:0.861328
ax:-8.560547,ay:0.095703,az:0.861328
ax:-8.560547,ay:0.095703,az:0.861328
ax:-8.560547,ay:0.095703,az:0.861328
ax:0.000000,ay:0.000000,az:0.000000
ax:4.382812,ay:5.691406,az:-8.933594
ax:-8.564453,ay:0.166016,az:0.830078
ax:-8.999512,ay:0.000488,az:0.000488
ax:-8.999512,ay:0.000488,az:0.000488
ax:-8.999512,ay:0.000488,az:0.000488
ax:-8.999512,ay:0.000488,az:0.000488
ax:-8.999512,ay:0.000488,az:0.000488
ax:-8.999512,ay:0.000488,az:0.000488
ax:-8.999512,ay:0.000488,az:0.000488
ax:-8.999512,ay:0.000488,az:0.000488
ax:-8.999512,ay:0.000488,az:0.000488
ax:-8.999512,ay:0.000488,az:0.000488
ax:-8.999512,ay:0.000488,az:0.000488
ax:-8.999512,ay:0.000488,az:0.000488
ax:-8.999512,ay:0.000488,az:0.000488
ax:-8.999512,ay:0.000488,az:0.000488
ax:-8.999512,ay:0.000488,az:0.000488
ax:-8.999512,ay:0.000488,az:0.000488
ax:-8.999512,ay:0.000488,az:0.000488
ax:0.000000,ay:0.000000,az:0.000000
ax:0.974609,ay:4.968750,az:-9.912109
ax:-6.818359,ay:0.541016,az:-1.925781
ax:-6.818359,ay:0.541016,az:-1.925781
ax:-6.818359,ay:0.541016,az:-1.925781
ax:-6.818359,ay:0.541016,az:-1.925781
ax:-6.818359,ay:0.541016,az:-1.925781
ax:-6.818359,ay:0.541016,az:-1.925781
ax:-6.818359,ay:0.541016,az:-1.925781
ax:-6.818359,ay:0.541016,az:-1.925781
ax:-6.818359,ay:0.541016,az:-1.925781
ax:-6.818359,ay:0.541016,az:-1.925781
ax:-6.818359,ay:0.541016,az:-1.925781
ax:-6.818359,ay:0.541016,az:-1.925781
ax:-6.818359,ay:0.541016,az:-1.925781
ax:-6.818359,ay:0.541016,az:-1.925781
ax:-6.818359,ay:0.541016,az:-1.925781
ax:-6.818359,ay:0.541016,az:-1.925781
ax:-6.818359,ay:0.541016,az:-1.925781
ax:-6.818359,ay:0.541016,az:-1.925781
ax:0.000000,ay:0.000000,az:0.000000
ax:5.244141,ay:5.486328,az:-8.351562
ax:-8.871094,ay:-0.257812,az:0.564453
[ 10926][E][Wire.cpp:513] requestFrom(): i2cRead returned Error 263
ax:-8.871094,ay:-0.257812,az:0.564453
ax:-8.871094,ay:-0.257812,az:0.564453
ax:-8.871094,ay:-0.257812,az:0.564453
ax:-8.871094,ay:-0.257812,az:0.564453
ax:-8.871094,ay:-0.257812,az:0.564453
ax:-8.871094,ay:-0.257812,az:0.564453
ax:0.000000,ay:0.000000,az:0.000000
ax:4.169922,ay:5.533203,az:-8.134766
ax:-8.552734,ay:0.263672,az:0.804688
[ 12830][E][Wire.cpp:513] requestFrom(): i2cRead returned Error 263
ax:-8.552734,ay:0.263672,az:0.804688
ax:-8.552734,ay:0.263672,az:0.804688
ax:-8.552734,ay:0.263672,az:0.804688
ax:-8.552734,ay:0.263672,az:0.804688
ax:-8.552734,ay:0.263672,az:0.804688
ax:-8.552734,ay:0.263672,az:0.804688
ax:0.000000,ay:0.000000,az:0.000000
ax:4.070312,ay:5.562500,az:-9.203125
ax:-9.078125,ay:-0.921875,az:-0.441406
ax:-9.078125,ay:-0.921875,az:-0.441406
ax:-9.078125,ay:-0.921875,az:-0.441406
ax:-9.078125,ay:-0.921875,az:-0.441406
ax:-9.078125,ay:-0.921875,az:-0.441406
ax:-9.078125,ay:-0.921875,az:-0.441406
ax:-9.078125,ay:-0.921875,az:-0.441406
ax:-9.078125,ay:-0.921875,az:-0.441406
ax:-9.078125,ay:-0.921875,az:-0.441406
ax:-9.078125,ay:-0.921875,az:-0.441406
ax:-9.078125,ay:-0.921875,az:-0.441406
ax:-9.078125,ay:-0.921875,az:-0.441406
ax:-9.078125,ay:-0.921875,az:-0.441406
ax:-9.078125,ay:-0.921875,az:-0.441406
ax:-9.078125,ay:-0.921875,az:-0.441406
ax:-9.078125,ay:-0.921875,az:-0.441406
ax:-9.078125,ay:-0.921875,az:-0.441406
ax:0.000000,ay:0.000000,az:0.000000
ax:4.761719,ay:4.537109,az:-9.544922
ax:-5.121094,ay:-5.738281,az:-1.039062
[ 16637][E][Wire.cpp:513] requestFrom(): i2cRead returned Error 263
ax:-5.121094,ay:-5.738281,az:-1.039062
ax:-5.121094,ay:-5.738281,az:-1.039062
ax:-5.121094,ay:-5.738281,az:-1.039062
ax:-5.121094,ay:-5.738281,az:-1.039062
ax:-5.121094,ay:-5.738281,az:-1.039062
ax:-5.121094,ay:-5.738281,az:-1.039062
ax:0.000000,ay:0.000000,az:0.000000
ax:3.238281,ay:1.529297,az:-8.843750
ax:-5.292969,ay:-5.941406,az:-0.464844
ax:-5.292969,ay:-5.941406,az:-0.464844
ax:-5.292969,ay:-5.941406,az:-0.464844
ax:-5.292969,ay:-5.941406,az:-0.464844
ax:-5.292969,ay:-5.941406,az:-0.464844
ax:-5.292969,ay:-5.941406,az:-0.464844
ax:-5.292969,ay:-5.941406,az:-0.464844
ax:-5.292969,ay:-5.941406,az:-0.464844
ax:-5.292969,ay:-5.941406,az:-0.464844
ax:-5.292969,ay:-5.941406,az:-0.464844
ax:-5.292969,ay:-5.941406,az:-0.464844
ax:-5.292969,ay:-5.941406,az:-0.464844
ax:-5.292969,ay:-5.941406,az:-0.464844
ax:-5.292969,ay:-5.941406,az:-0.464844
ax:-5.292969,ay:-5.941406,az:-0.464844
ax:-5.292969,ay:-5.941406,az:-0.464844
ax:-5.292969,ay:-5.941406,az:-0.464844
ax:0.000000,ay:0.000000,az:0.000000
ax:5.089844,ay:4.187500,az:-8.953125
ax:-4.785156,ay:-6.443359,az:0.787109
ax:-4.785156,ay:-6.443359,az:0.787109
ax:-4.785156,ay:-6.443359,az:0.787109
ax:-4.785156,ay:-6.443359,az:0.787109
ax:-4.785156,ay:-6.443359,az:0.787109
ax:-4.785156,ay:-6.443359,az:0.787109
ax:-4.785156,ay:-6.443359,az:0.787109
ax:-4.785156,ay:-6.443359,az:0.787109
ax:-4.785156,ay:-6.443359,az:0.787109
ax:-4.785156,ay:-6.443359,az:0.787109
ax:-4.785156,ay:-6.443359,az:0.787109
ax:-4.785156,ay:-6.443359,az:0.787109
ax:-4.785156,ay:-6.443359,az:0.787109
ax:-4.785156,ay:-6.443359,az:0.787109
ax:-4.785156,ay:-6.443359,az:0.787109
ax:-4.785156,ay:-6.443359,az:0.787109
ax:-4.785156,ay:-6.443359,az:0.787109
ax:0.000000,ay:0.000000,az:0.000000
ax:3.298828,ay:1.119141,az:-9.441406
ax:-3.232422,ay:-7.011719,az:-0.699219
ax:-3.232422,ay:-7.011719,az:-0.699219
ax:-3.232422,ay:-7.011719,az:-0.699219
ax:-3.232422,ay:-7.011719,az:-0.699219
ax:-3.232422,ay:-7.011719,az:-0.699219
ax:-3.232422,ay:-7.011719,az:-0.699219
ax:-3.232422,ay:-7.011719,az:-0.699219
ax:-3.232422,ay:-7.011719,az:-0.699219
ax:-3.232422,ay:-7.011719,az:-0.699219
ax:-3.232422,ay:-7.011719,az:-0.699219
ax:-3.232422,ay:-7.011719,az:-0.699219
ax:-3.232422,ay:-7.011719,az:-0.699219
ax:-3.232422,ay:-7.011719,az:-0.699219
ax:-3.232422,ay:-7.011719,az:-0.699219
ax:-3.232422,ay:-7.011719,az:-0.699219
ax:-3.232422,ay:-7.011719,az:-0.699219
ax:-3.232422,ay:-7.011719,az:-0.699219
ax:0.000000,ay:0.000000,az:0.000000
ax:3.101562,ay:0.734375,az:-8.808594
ax:-3.923828,ay:-6.888672,az:0.705078
ax:-3.923828,ay:-6.888672,az:0.705078
ax:-3.923828,ay:-6.888672,az:0.705078
ax:-3.923828,ay:-6.888672,az:0.705078
ax:-3.923828,ay:-6.888672,az:0.705078
ax:-3.923828,ay:-6.888672,az:0.705078
ax:-3.923828,ay:-6.888672,az:0.705078
ax:-3.923828,ay:-6.888672,az:0.705078
ax:-3.923828,ay:-6.888672,az:0.705078
ax:-3.923828,ay:-6.888672,az:0.705078
ax:-3.923828,ay:-6.888672,az:0.705078
ax:-3.923828,ay:-6.888672,az:0.705078
ax:-3.923828,ay:-6.888672,az:0.705078
ax:-3.923828,ay:-6.888672,az:0.705078
ax:-3.923828,ay:-6.888672,az:0.705078
ax:-3.923828,ay:-6.888672,az:0.705078
ax:0.000000,ay:0.000000,az:0.000000
ax:2.677734,ay:1.013672,az:-8.037109
ax:-4.539062,ay:-6.593750,az:1.675781
ax:-4.539062,ay:-6.593750,az:1.675781
ax:-4.539062,ay:-6.593750,az:1.675781
ax:-4.539062,ay:-6.593750,az:1.675781
ax:-4.539062,ay:-6.593750,az:1.675781
ax:-4.539062,ay:-6.593750,az:1.675781
ax:-4.539062,ay:-6.593750,az:1.675781
ax:-4.539062,ay:-6.593750,az:1.675781
ax:-4.539062,ay:-6.593750,az:1.675781
ax:-4.539062,ay:-6.593750,az:1.675781
ax:-4.539062,ay:-6.593750,az:1.675781
ax:-4.539062,ay:-6.593750,az:1.675781
ax:-4.539062,ay:-6.593750,az:1.675781
ax:-4.539062,ay:-6.593750,az:1.675781
ax:-4.539062,ay:-6.593750,az:1.675781
ax:-4.539062,ay:-6.593750,az:1.675781
ax:0.000000,ay:0.000000,az:0.000000
ax:0.511719,ay:4.039062,az:-8.929688
ax:-8.556641,ay:-0.767578,az:-1.404297
ax:-8.556641,ay:-0.767578,az:-1.404297
ax:-8.556641,ay:-0.767578,az:-1.404297
ax:-8.556641,ay:-0.767578,az:-1.404297
ax:-8.556641,ay:-0.767578,az:-1.404297
ax:-8.556641,ay:-0.767578,az:-1.404297
ax:-8.556641,ay:-0.767578,az:-1.404297
ax:-8.556641,ay:-0.767578,az:-1.404297
ax:-8.556641,ay:-0.767578,az:-1.404297
ax:-8.556641,ay:-0.767578,az:-1.404297
ax:-8.556641,ay:-0.767578,az:-1.404297
ax:-8.556641,ay:-0.767578,az:-1.404297
ax:-8.556641,ay:-0.767578,az:-1.404297
ax:-8.556641,ay:-0.767578,az:-1.404297
ax:-8.556641,ay:-0.767578,az:-1.404297
ax:-8.556641,ay:-0.767578,az:-1.404297
ax:0.000000,ay:0.000000,az:0.000000
ax:0.144531,ay:5.666016,az:-7.707031
ax:-8.433594,ay:1.046875,az:1.035156
ax:-8.433594,ay:1.046875,az:1.035156
ax:-8.433594,ay:1.046875,az:1.035156
ax:-8.433594,ay:1.046875,az:1.035156
ax:-8.433594,ay:1.046875,az:1.035156
ax:-8.433594,ay:1.046875,az:1.035156
ax:-8.433594,ay:1.046875,az:1.035156
ax:-8.433594,ay:1.046875,az:1.035156
ax:-8.433594,ay:1.046875,az:1.035156
ax:-8.433594,ay:1.046875,az:1.035156
ax:-8.433594,ay:1.046875,az:1.035156
ax:-8.433594,ay:1.046875,az:1.035156
ax:-8.433594,ay:1.046875,az:1.035156
ax:-8.433594,ay:1.046875,az:1.035156
ax:-8.433594,ay:1.046875,az:1.035156
ax:-8.433594,ay:1.046875,az:1.035156
ax:0.000000,ay:0.000000,az:0.000000
ax:0.802734,ay:6.332031,az:-7.724609
ax:-8.341797,ay:1.800781,az:1.097656
ax:-8.341797,ay:1.800781,az:1.097656
ax:-8.341797,ay:1.800781,az:1.097656
ax:-8.341797,ay:1.800781,az:1.097656
ax:-8.341797,ay:1.800781,az:1.097656
ax:-8.341797,ay:1.800781,az:1.097656
ax:-8.341797,ay:1.800781,az:1.097656
ax:-8.341797,ay:1.800781,az:1.097656
ax:-8.341797,ay:1.800781,az:1.097656
ax:-8.341797,ay:1.800781,az:1.097656
ax:-8.341797,ay:1.800781,az:1.097656
ax:-8.341797,ay:1.800781,az:1.097656
ax:-8.341797,ay:1.800781,az:1.097656
ax:-8.341797,ay:1.800781,az:1.097656
ax:-8.341797,ay:1.800781,az:1.097656
ax:-8.341797,ay:1.800781,az:1.097656
ax:-8.341797,ay:1.800781,az:1.097656
ax:0.000000,ay:0.000000,az:0.000000
ax:0.732422,ay:4.597656,az:-8.587891
ax:-8.199219,ay:-0.906250,az:1.105469
ax:-8.199219,ay:-0.906250,az:1.105469
ax:-8.199219,ay:-0.906250,az:1.105469
ax:-8.199219,ay:-0.906250,az:1.105469
ax:-8.199219,ay:-0.906250,az:1.105469
ax:-8.199219,ay:-0.906250,az:1.105469
ax:-8.199219,ay:-0.906250,az:1.105469
ax:-8.199219,ay:-0.906250,az:1.105469
ax:-8.199219,ay:-0.906250,az:1.105469
ax:-8.199219,ay:-0.906250,az:1.105469
ax:-8.199219,ay:-0.906250,az:1.105469
ax:-8.199219,ay:-0.906250,az:1.105469
ax:-8.199219,ay:-0.906250,az:1.105469
ax:-8.199219,ay:-0.906250,az:1.105469
ax:-8.199219,ay:-0.906250,az:1.105469
ax:-8.199219,ay:-0.906250,az:1.105469
ax:0.000000,ay:0.000000,az:0.000000
ax:4.312500,ay:5.634766,az:-8.039062
ax:-8.578125,ay:0.019531,az:1.740234
ax:-8.578125,ay:0.019531,az:1.740234
ax:-8.578125,ay:0.019531,az:1.740234
ax:-8.578125,ay:0.019531,az:1.740234
ax:-8.578125,ay:0.019531,az:1.740234
ax:-8.578125,ay:0.019531,az:1.740234
ax:-8.578125,ay:0.019531,az:1.740234
ax:-8.578125,ay:0.019531,az:1.740234
ax:-8.578125,ay:0.019531,az:1.740234
ax:-8.578125,ay:0.019531,az:1.740234
ax:-8.578125,ay:0.019531,az:1.740234
ax:-8.578125,ay:0.019531,az:1.740234
ax:-8.578125,ay:0.019531,az:1.740234
ax:-8.578125,ay:0.019531,az:1.740234
ax:-8.578125,ay:0.019531,az:1.740234
ax:-8.578125,ay:0.019531,az:1.740234
ax:0.000000,ay:0.000000,az:0.000000
ax:4.412109,ay:5.587891,az:-8.947266
ax:-8.093750,ay:3.376953,az:1.259766
ax:-8.093750,ay:3.376953,az:1.259766
ax:-8.093750,ay:3.376953,az:1.259766
ax:-8.093750,ay:3.376953,az:1.259766
ax:-8.093750,ay:3.376953,az:1.259766
ax:-8.093750,ay:3.376953,az:1.259766
ax:-8.093750,ay:3.376953,az:1.259766
ax:-8.093750,ay:3.376953,az:1.259766
ax:-8.093750,ay:3.376953,az:1.259766
ax:-8.093750,ay:3.376953,az:1.259766
ax:-8.093750,ay:3.376953,az:1.259766
ax:-8.093750,ay:3.376953,az:1.259766
ax:-8.093750,ay:3.376953,az:1.259766
ax:-8.093750,ay:3.376953,az:1.259766
ax:-8.093750,ay:3.376953,az:1.259766
ax:-8.093750,ay:3.376953,az:1.259766
ax:0.000000,ay:0.000000,az:0.000000
ax:4.414062,ay:5.349609,az:-8.332031
ax:-8.560547,ay:0.277344,az:1.035156
ax:-8.560547,ay:0.277344,az:1.035156
ax:-8.560547,ay:0.277344,az:1.035156
ax:-8.560547,ay:0.277344,az:1.035156
ax:-8.560547,ay:0.277344,az:1.035156
ax:-8.560547,ay:0.277344,az:1.035156
ax:-8.560547,ay:0.277344,az:1.035156
ax:-8.560547,ay:0.277344,az:1.035156
ax:-8.560547,ay:0.277344,az:1.035156
ax:-8.560547,ay:0.277344,az:1.035156
ax:-8.560547,ay:0.277344,az:1.035156
ax:-8.560547,ay:0.277344,az:1.035156
ax:-8.560547,ay:0.277344,az:1.035156
ax:-8.560547,ay:0.277344,az:1.035156
ax:-8.560547,ay:0.277344,az:1.035156
ax:-8.560547,ay:0.277344,az:1.035156
ax:0.000000,ay:0.000000,az:0.000000
ax:4.181641,ay:5.519531,az:-8.111328
ax:-8.585938,ay:0.259766,az:1.111328
ax:-8.585938,ay:0.259766,az:1.111328
ax:-8.585938,ay:0.259766,az:1.111328
ax:-8.585938,ay:0.259766,az:1.111328
ax:-8.585938,ay:0.259766,az:1.111328
ax:-8.585938,ay:0.259766,az:1.111328
ax:-8.585938,ay:0.259766,az:1.111328
ax:-8.585938,ay:0.259766,az:1.111328
ax:-8.585938,ay:0.259766,az:1.111328
ax:-8.585938,ay:0.259766,az:1.111328
ax:-8.585938,ay:0.259766,az:1.111328
ax:-8.585938,ay:0.259766,az:1.111328
ax:-8.585938,ay:0.259766,az:1.111328
ax:-8.585938,ay:0.259766,az:1.111328
ax:0.000000,ay:0.000000,az:0.000000
ax:0.039062,ay:5.542969,az:-8.642578
ax:-9.001953,ay:-0.986328,az:0.556641
ax:-9.001953,ay:-0.986328,az:0.556641
ax:-9.001953,ay:-0.986328,az:0.556641
ax:-9.001953,ay:-0.986328,az:0.556641
ax:-9.001953,ay:-0.986328,az:0.556641
ax:-9.001953,ay:-0.986328,az:0.556641
ax:-9.001953,ay:-0.986328,az:0.556641
ax:-9.001953,ay:-0.986328,az:0.556641
ax:-9.001953,ay:-0.986328,az:0.556641
ax:-9.001953,ay:-0.986328,az:0.556641
ax:-9.001953,ay:-0.986328,az:0.556641
ax:-9.001953,ay:-0.986328,az:0.556641
ax:-9.001953,ay:-0.986328,az:0.556641
ax:-9.001953,ay:-0.986328,az:0.556641
ax:-9.001953,ay:-0.986328,az:0.556641
ax:-9.001953,ay:-0.986328,az:0.556641
ax:0.000000,ay:0.000000,az:0.000000
ax:3.568359,ay:1.011719,az:-7.507812
ax:-3.394531,ay:-7.025391,az:1.667969
ax:-3.394531,ay:-7.025391,az:1.667969
ax:-3.394531,ay:-7.025391,az:1.667969
ax:-3.394531,ay:-7.025391,az:1.667969
ax:-3.394531,ay:-7.025391,az:1.667969
ax:-3.394531,ay:-7.025391,az:1.667969
ax:-3.394531,ay:-7.025391,az:1.667969
ax:-3.394531,ay:-7.025391,az:1.667969
ax:-3.394531,ay:-7.025391,az:1.667969
ax:-3.394531,ay:-7.025391,az:1.667969
ax:-3.394531,ay:-7.025391,az:1.667969
ax:-3.394531,ay:-7.025391,az:1.667969
ax:-3.394531,ay:-7.025391,az:1.667969
ax:-3.394531,ay:-7.025391,az:1.667969
ax:-3.394531,ay:-7.025391,az:1.667969
ax:0.000000,ay:0.000000,az:0.000000
ax:5.109375,ay:4.417969,az:-9.105469
ax:-3.500000,ay:-6.984375,az:0.892578
ax:-3.500000,ay:-6.984375,az:0.892578
ax:-3.500000,ay:-6.984375,az:0.892578
ax:-3.500000,ay:-6.984375,az:0.892578
ax:-3.500000,ay:-6.984375,az:0.892578
ax:-3.500000,ay:-6.984375,az:0.892578
ax:-3.500000,ay:-6.984375,az:0.892578
ax:-3.500000,ay:-6.984375,az:0.892578
ax:-3.500000,ay:-6.984375,az:0.892578
ax:-3.500000,ay:-6.984375,az:0.892578
ax:-3.500000,ay:-6.984375,az:0.892578
ax:-3.500000,ay:-6.984375,az:0.892578
ax:-3.500000,ay:-6.984375,az:0.892578
ax:-3.500000,ay:-6.984375,az:0.892578
ax:-3.500000,ay:-6.984375,az:0.892578
ax:-3.500000,ay:-6.984375,az:0.892578
ax:0.000000,ay:0.000000,az:0.000000
ax:4.205078,ay:0.869141,az:-7.990234
ax:-2.921875,ay:-7.445312,az:1.732422
ax:-2.921875,ay:-7.445312,az:1.732422
ax:-2.921875,ay:-7.445312,az:1.732422
ax:-2.921875,ay:-7.445312,az:1.732422
ax:-2.921875,ay:-7.445312,az:1.732422
ax:-2.921875,ay:-7.445312,az:1.732422
ax:-2.921875,ay:-7.445312,az:1.732422
ax:-2.921875,ay:-7.445312,az:1.732422
ax:-2.921875,ay:-7.445312,az:1.732422
ax:-2.921875,ay:-7.445312,az:1.732422
ax:-2.921875,ay:-7.445312,az:1.732422
ax:-2.921875,ay:-7.445312,az:1.732422
ax:-2.921875,ay:-7.445312,az:1.732422
ax:-2.921875,ay:-7.445312,az:1.732422
ax:-2.921875,ay:-7.445312,az:1.732422
ax:-2.921875,ay:-7.445312,az:1.732422
ax:0.000000,ay:0.000000,az:0.000000
ax:-0.017578,ay:3.917969,az:-8.601562
ax:-8.130859,ay:-0.925781,az:0.587891
ax:-8.130859,ay:-0.925781,az:0.587891
ax:-8.130859,ay:-0.925781,az:0.587891
ax:-8.130859,ay:-0.925781,az:0.587891
ax:-8.130859,ay:-0.925781,az:0.587891
ax:-8.130859,ay:-0.925781,az:0.587891
ax:-8.130859,ay:-0.925781,az:0.587891
ax:-8.130859,ay:-0.925781,az:0.587891
ax:-8.130859,ay:-0.925781,az:0.587891
ax:-8.130859,ay:-0.925781,az:0.587891
ax:-8.130859,ay:-0.925781,az:0.587891
ax:-8.130859,ay:-0.925781,az:0.587891
ax:-8.130859,ay:-0.925781,az:0.587891
ax:-8.130859,ay:-0.925781,az:0.587891
ax:-8.130859,ay:-0.925781,az:0.587891
ax:-8.130859,ay:-0.925781,az:0.587891
ax:0.000000,ay:0.000000,az:0.000000
ax:-0.087891,ay:5.621094,az:-7.625000
ax:-8.562500,ay:0.224609,az:1.011719
ax:-8.562500,ay:0.224609,az:1.011719
ax:-8.562500,ay:0.224609,az:1.011719
ax:-8.562500,ay:0.224609,az:1.011719
ax:-8.562500,ay:0.224609,az:1.011719
ax:-8.562500,ay:0.224609,az:1.011719
ax:-8.562500,ay:0.224609,az:1.011719
ax:-8.562500,ay:0.224609,az:1.011719
ax:-8.562500,ay:0.224609,az:1.011719
ax:-8.562500,ay:0.224609,az:1.011719
ax:-8.562500,ay:0.224609,az:1.011719
ax:-8.562500,ay:0.224609,az:1.011719
ax:-8.562500,ay:0.224609,az:1.011719
ax:-8.562500,ay:0.224609,az:1.011719
ax:-8.562500,ay:0.224609,az:1.011719
ax:0.000000,ay:0.000000,az:0.000000
ax:4.185547,ay:5.515625,az:-9.128906
ax:-8.568359,ay:0.222656,az:1.076172
ax:-8.568359,ay:0.222656,az:1.076172
ax:-8.568359,ay:0.222656,az:1.076172
ax:-8.568359,ay:0.222656,az:1.076172
ax:-8.568359,ay:0.222656,az:1.076172
ax:-8.568359,ay:0.222656,az:1.076172
ax:-8.568359,ay:0.222656,az:1.076172
ax:-8.568359,ay:0.222656,az:1.076172
ax:-8.568359,ay:0.222656,az:1.076172
ax:-8.568359,ay:0.222656,az:1.076172
ax:-8.568359,ay:0.222656,az:1.076172
ax:-8.568359,ay:0.222656,az:1.076172
ax:-8.568359,ay:0.222656,az:1.076172
ax:-8.568359,ay:0.222656,az:1.076172
ax:-8.568359,ay:0.222656,az:1.076172
ax:-8.568359,ay:0.222656,az:1.076172
ax:0.000000,ay:0.000000,az:0.000000
ax:-0.062500,ay:5.630859,az:-8.625000
ax:-8.589844,ay:0.236328,az:1.050781
ax:-8.589844,ay:0.236328,az:1.050781
ax:-8.589844,ay:0.236328,az:1.050781
ax:-8.589844,ay:0.236328,az:1.050781
ax:-8.589844,ay:0.236328,az:1.050781
ax:-8.589844,ay:0.236328,az:1.050781
ax:-8.589844,ay:0.236328,az:1.050781
ax:-8.589844,ay:0.236328,az:1.050781
ax:-8.589844,ay:0.236328,az:1.050781
ax:-8.589844,ay:0.236328,az:1.050781
ax:-8.589844,ay:0.236328,az:1.050781
ax:-8.589844,ay:0.236328,az:1.050781
ax:-8.589844,ay:0.236328,az:1.050781
ax:-8.589844,ay:0.236328,az:1.050781
ax:-8.589844,ay:0.236328,az:1.050781
ax:-8.589844,ay:0.236328,az:1.050781
ax:0.000000,ay:0.000000,az:0.000000
ax:0.943359,ay:5.615234,az:-7.593750
ax:-8.578125,ay:0.222656,az:1.029297
ax:-8.578125,ay:0.222656,az:1.029297
ax:-8.578125,ay:0.222656,az:1.029297
ax:-8.578125,ay:0.222656,az:1.029297
ax:-8.578125,ay:0.222656,az:1.029297
ax:-8.578125,ay:0.222656,az:1.029297
ax:-8.578125,ay:0.222656,az:1.029297
ax:-8.578125,ay:0.222656,az:1.029297
ax:-8.578125,ay:0.222656,az:1.029297
ax:-8.578125,ay:0.222656,az:1.029297
ax:-8.578125,ay:0.222656,az:1.029297
ax:-8.578125,ay:0.222656,az:1.029297
ax:-8.578125,ay:0.222656,az:1.029297
ax:-8.578125,ay:0.222656,az:1.029297
ax:-8.578125,ay:0.222656,az:1.029297
ax:0.000000,ay:0.000000,az:0.000000
ax:3.968750,ay:5.703125,az:-8.250000
ax:-8.550781,ay:0.283203,az:1.074219
ax:-8.550781,ay:0.283203,az:1.074219
ax:-8.550781,ay:0.283203,az:1.074219
ax:-8.550781,ay:0.283203,az:1.074219
ax:-8.550781,ay:0.283203,az:1.074219
ax:-8.550781,ay:0.283203,az:1.074219
ax:-8.550781,ay:0.283203,az:1.074219
ax:-8.550781,ay:0.283203,az:1.074219
ax:-8.550781,ay:0.283203,az:1.074219
ax:-8.550781,ay:0.283203,az:1.074219
ax:-8.550781,ay:0.283203,az:1.074219
ax:-8.550781,ay:0.283203,az:1.074219
ax:-8.550781,ay:0.283203,az:1.074219
ax:-8.550781,ay:0.283203,az:1.074219
ax:-8.550781,ay:0.283203,az:1.074219
ax:-8.550781,ay:0.283203,az:1.074219
ax:0.000000,ay:0.000000,az:0.000000
ax:-0.095703,ay:5.640625,az:-8.617188
ax:-8.613281,ay:0.218750,az:1.070312
ax:-8.613281,ay:0.218750,az:1.070312
ax:-8.613281,ay:0.218750,az:1.070312
ax:-8.613281,ay:0.218750,az:1.070312
ax:-8.613281,ay:0.218750,az:1.070312
ax:-8.613281,ay:0.218750,az:1.070312
ax:-8.613281,ay:0.218750,az:1.070312
ax:-8.613281,ay:0.218750,az:1.070312
ax:-8.613281,ay:0.218750,az:1.070312
ax:-8.613281,ay:0.218750,az:1.070312
ax:-8.613281,ay:0.218750,az:1.070312
ax:-8.613281,ay:0.218750,az:1.070312
ax:-8.613281,ay:0.218750,az:1.070312
ax:-8.613281,ay:0.218750,az:1.070312
ax:0.000000,ay:0.000000,az:0.000000
ax:4.363281,ay:5.314453,az:-8.271484
ax:-8.574219,ay:0.224609,az:1.039062
ax:-8.574219,ay:0.224609,az:1.039062
ax:-8.574219,ay:0.224609,az:1.039062
ax:-8.574219,ay:0.224609,az:1.039062
ax:-8.574219,ay:0.224609,az:1.039062
ax:-8.574219,ay:0.224609,az:1.039062
ax:-8.574219,ay:0.224609,az:1.039062
ax:-8.574219,ay:0.224609,az:1.039062
ax:-8.574219,ay:0.224609,az:1.039062
ax:-8.574219,ay:0.224609,az:1.039062
ax:-8.574219,ay:0.224609,az:1.039062
ax:-8.574219,ay:0.224609,az:1.039062
ax:-8.574219,ay:0.224609,az:1.039062
ax:-8.574219,ay:0.224609,az:1.039062
ax:-8.574219,ay:0.224609,az:1.039062
ax:0.000000,ay:0.000000,az:0.000000
ax:5.257812,ay:5.498047,az:-8.099609
ax:-8.517578,ay:0.250000,az:1.060547
ax:-8.517578,ay:0.250000,az:1.060547
ax:-8.517578,ay:0.250000,az:1.060547
ax:-8.517578,ay:0.250000,az:1.060547
ax:-8.517578,ay:0.250000,az:1.060547
ax:-8.517578,ay:0.250000,az:1.060547
ax:-8.517578,ay:0.250000,az:1.060547
ax:-8.517578,ay:0.250000,az:1.060547
ax:-8.517578,ay:0.250000,az:1.060547
ax:-8.517578,ay:0.250000,az:1.060547
ax:-8.517578,ay:0.250000,az:1.060547
ax:-8.517578,ay:0.250000,az:1.060547
ax:-8.517578,ay:0.250000,az:1.060547
ax:-8.517578,ay:0.250000,az:1.060547
ax:-8.517578,ay:0.250000,az:1.060547
ax:-8.517578,ay:0.250000,az:1.060547
ax:0.000000,ay:0.000000,az:0.000000
ax:4.083984,ay:5.646484,az:-8.181641
ax:-8.517578,ay:0.226562,az:1.003906
ax:-8.517578,ay:0.226562,az:1.003906
ax:-8.517578,ay:0.226562,az:1.003906
ax:-8.517578,ay:0.226562,az:1.003906
ax:-8.517578,ay:0.226562,az:1.003906
ax:-8.517578,ay:0.226562,az:1.003906
ax:-8.517578,ay:0.226562,az:1.003906
ax:-8.517578,ay:0.226562,az:1.003906
ax:-8.517578,ay:0.226562,az:1.003906
ax:-8.517578,ay:0.226562,az:1.003906
ax:-8.517578,ay:0.226562,az:1.003906
ax:-8.517578,ay:0.226562,az:1.003906
ax:-8.517578,ay:0.226562,az:1.003906
ax:-8.517578,ay:0.226562,az:1.003906
ax:-8.517578,ay:0.226562,az:1.003906
ax:0.000000,ay:0.000000,az:0.000000
ax:5.076172,ay:5.375000,az:-8.246094
ax:-8.576172,ay:0.201172,az:1.070312
ax:-8.576172,ay:0.201172,az:1.070312
ax:-8.576172,ay:0.201172,az:1.070312
ax:-8.576172,ay:0.201172,az:1.070312
ax:-8.576172,ay:0.201172,az:1.070312
ax:-8.576172,ay:0.201172,az:1.070312
ax:-8.576172,ay:0.201172,az:1.070312
ax:-8.576172,ay:0.201172,az:1.070312
ax:-8.576172,ay:0.201172,az:1.070312
ax:-8.576172,ay:0.201172,az:1.070312
ax:-8.576172,ay:0.201172,az:1.070312
ax:-8.576172,ay:0.201172,az:1.070312
ax:-8.576172,ay:0.201172,az:1.070312
ax:-8.576172,ay:0.201172,az:1.070312
ax:-8.576172,ay:0.201172,az:1.070312
ax:0.000000,ay:0.000000,az:0.000000
ax:4.009766,ay:5.378906,az:-9.257812
ax:-8.533203,ay:0.214844,az:1.017578
[ 68431][E][Wire.cpp:513] requestFrom(): i2cRead returned Error 263
ax:-8.533203,ay:0.214844,az:1.017578
ax:-8.533203,ay:0.214844,az:1.017578
ax:-8.533203,ay:0.214844,az:1.017578
ax:-8.533203,ay:0.214844,az:1.017578
ax:-8.533203,ay:0.214844,az:1.017578
ax:0.000000,ay:0.000000,az:0.000000
ax:0.964844,ay:5.669922,az:-8.597656
ax:-8.628906,ay:0.216797,az:1.056641
ax:-8.628906,ay:0.216797,az:1.056641
ax:-8.628906,ay:0.216797,az:1.056641
ax:-8.628906,ay:0.216797,az:1.056641
ax:-8.628906,ay:0.216797,az:1.056641
ax:-8.628906,ay:0.216797,az:1.056641
ax:-8.628906,ay:0.216797,az:1.056641
ax:-8.628906,ay:0.216797,az:1.056641
ax:-8.628906,ay:0.216797,az:1.056641
ax:-8.628906,ay:0.216797,az:1.056641
ax:-8.628906,ay:0.216797,az:1.056641
ax:-8.628906,ay:0.216797,az:1.056641
ax:-8.628906,ay:0.216797,az:1.056641
ax:-8.628906,ay:0.216797,az:1.056641
ax:-8.628906,ay:0.216797,az:1.056641
ax:0.000000,ay:0.000000,az:0.000000
ax:4.193359,ay:5.519531,az:-9.119141
ax:-8.548828,ay:0.224609,az:1.078125
[ 71938][E][Wire.cpp:513] requestFrom(): i2cRead returned Error 263
ax:-8.548828,ay:0.224609,az:1.078125
ax:-8.548828,ay:0.224609,az:1.078125
ax:-8.548828,ay:0.224609,az:1.078125
ax:-8.548828,ay:0.224609,az:1.078125
ax:0.000000,ay:0.000000,az:0.000000
ax:5.029297,ay:5.701172,az:-8.902344
ax:-8.578125,ay:0.207031,az:1.011719
ax:-8.578125,ay:0.207031,az:1.011719
ax:-8.578125,ay:0.207031,az:1.011719
ax:-8.578125,ay:0.207031,az:1.011719
ax:-8.578125,ay:0.207031,az:1.011719
ax:-8.578125,ay:0.207031,az:1.011719
ax:-8.578125,ay:0.207031,az:1.011719
ax:-8.578125,ay:0.207031,az:1.011719
ax:-8.578125,ay:0.207031,az:1.011719
ax:-8.578125,ay:0.207031,az:1.011719
ax:-8.578125,ay:0.207031,az:1.011719
ax:-8.578125,ay:0.207031,az:1.011719
ax:-8.578125,ay:0.207031,az:1.011719
ax:-8.578125,ay:0.207031,az:1.011719
ax:-8.578125,ay:0.207031,az:1.011719
ax:-8.578125,ay:0.207031,az:1.011719
ax:0.000000,ay:0.000000,az:0.000000
ax:4.005859,ay:5.332031,az:-8.238281
ax:-8.578125,ay:0.218750,az:1.117188
ax:-8.578125,ay:0.218750,az:1.117188
ax:-8.578125,ay:0.218750,az:1.117188
ax:-8.578125,ay:0.218750,az:1.117188
ax:-8.578125,ay:0.218750,az:1.117188
ax:-8.578125,ay:0.218750,az:1.117188
ax:-8.578125,ay:0.218750,az:1.117188
ax:-8.578125,ay:0.218750,az:1.117188
ax:-8.578125,ay:0.218750,az:1.117188
ax:-8.578125,ay:0.218750,az:1.117188
ax:-8.578125,ay:0.218750,az:1.117188
ax:-8.578125,ay:0.218750,az:1.117188
ax:-8.578125,ay:0.218750,az:1.117188
ax:-8.578125,ay:0.218750,az:1.117188
ax:-8.578125,ay:0.218750,az:1.117188
ax:0.000000,ay:0.000000,az:0.000000
ax:0.736328,ay:5.832031,az:-7.746094
ax:-8.572266,ay:0.236328,az:1.099609
ax:-8.572266,ay:0.236328,az:1.099609
ax:-8.572266,ay:0.236328,az:1.099609
ax:-8.572266,ay:0.236328,az:1.099609
ax:-8.572266,ay:0.236328,az:1.099609
ax:-8.572266,ay:0.236328,az:1.099609
ax:-8.572266,ay:0.236328,az:1.099609
ax:-8.572266,ay:0.236328,az:1.099609
ax:-8.572266,ay:0.236328,az:1.099609
ax:-8.572266,ay:0.236328,az:1.099609
ax:-8.572266,ay:0.236328,az:1.099609
ax:-8.572266,ay:0.236328,az:1.099609
ax:-8.572266,ay:0.236328,az:1.099609
ax:-8.572266,ay:0.236328,az:1.099609
ax:-8.572266,ay:0.236328,az:1.099609
ax:0.000000,ay:0.000000,az:0.000000
ax:0.085938,ay:5.826172,az:-7.314453
ax:-8.587891,ay:0.203125,az:1.052734
ax:-8.587891,ay:0.203125,az:1.052734
ax:-8.587891,ay:0.203125,az:1.052734
ax:-8.587891,ay:0.203125,az:1.052734
ax:-8.587891,ay:0.203125,az:1.052734
ax:-8.587891,ay:0.203125,az:1.052734
ax:-8.587891,ay:0.203125,az:1.052734
ax:-8.587891,ay:0.203125,az:1.052734
ax:-8.587891,ay:0.203125,az:1.052734
ax:-8.587891,ay:0.203125,az:1.052734
ax:-8.587891,ay:0.203125,az:1.052734
ax:-8.587891,ay:0.203125,az:1.052734
ax:-8.587891,ay:0.203125,az:1.052734
ax:-8.587891,ay:0.203125,az:1.052734
ax:-8.587891,ay:0.203125,az:1.052734
ax:-8.587891,ay:0.203125,az:1.052734
ax:0.000000,ay:0.000000,az:0.000000
ax:0.076172,ay:5.482422,az:-7.718750
ax:-8.550781,ay:0.218750,az:1.031250
ax:-8.550781,ay:0.218750,az:1.031250
ax:-8.550781,ay:0.218750,az:1.031250
ax:-8.550781,ay:0.218750,az:1.031250
ax:-8.550781,ay:0.218750,az:1.031250
ax:-8.550781,ay:0.218750,az:1.031250
ax:-8.550781,ay:0.218750,az:1.031250
ax:-8.550781,ay:0.218750,az:1.031250
ax:-8.550781,ay:0.218750,az:1.031250
ax:-8.550781,ay:0.218750,az:1.031250
ax:-8.550781,ay:0.218750,az:1.031250
ax:-8.550781,ay:0.218750,az:1.031250
ax:-8.550781,ay:0.218750,az:1.031250
ax:-8.550781,ay:0.218750,az:1.031250
ax:-8.550781,ay:0.218750,az:1.031250
ax:-8.550781,ay:0.218750,az:1.031250
ax:0.000000,ay:0.000000,az:0.000000
ax:0.058594,ay:5.851562,az:-7.728516
ax:-8.593750,ay:0.255859,az:1.050781
ax:-8.593750,ay:0.255859,az:1.050781
ax:-8.593750,ay:0.255859,az:1.050781
ax:-8.593750,ay:0.255859,az:1.050781
ax:-8.593750,ay:0.255859,az:1.050781
ax:-8.593750,ay:0.255859,az:1.050781
ax:-8.593750,ay:0.255859,az:1.050781
ax:-8.593750,ay:0.255859,az:1.050781
ax:-8.593750,ay:0.255859,az:1.050781
ax:-8.593750,ay:0.255859,az:1.050781
ax:-8.593750,ay:0.255859,az:1.050781
ax:-8.593750,ay:0.255859,az:1.050781
ax:-8.593750,ay:0.255859,az:1.050781
ax:-8.593750,ay:0.255859,az:1.050781
ax:-8.593750,ay:0.255859,az:1.050781
ax:-8.593750,ay:0.255859,az:1.050781
ax:0.000000,ay:0.000000,az:0.000000
ax:0.968750,ay:5.654297,az:-7.593750
ax:-8.556641,ay:0.232422,az:1.113281
ax:-8.556641,ay:0.232422,az:1.113281
ax:-8.556641,ay:0.232422,az:1.113281
ax:-8.556641,ay:0.232422,az:1.113281
ax:-8.556641,ay:0.232422,az:1.113281
ax:-8.556641,ay:0.232422,az:1.113281
ax:-8.556641,ay:0.232422,az:1.113281
ax:-8.556641,ay:0.232422,az:1.113281
ax:-8.556641,ay:0.232422,az:1.113281
ax:-8.556641,ay:0.232422,az:1.113281
ax:-8.556641,ay:0.232422,az:1.113281
ax:-8.556641,ay:0.232422,az:1.113281
ax:-8.556641,ay:0.232422,az:1.113281
ax:-8.556641,ay:0.232422,az:1.113281
ax:-8.556641,ay:0.232422,az:1.113281
ax:0.000000,ay:0.000000,az:0.000000
ax:0.113281,ay:5.835938,az:-8.359375
ax:-8.560547,ay:0.255859,az:1.087891
ax:-8.560547,ay:0.255859,az:1.087891
ax:-8.560547,ay:0.255859,az:1.087891
ax:-8.560547,ay:0.255859,az:1.087891
ax:-8.560547,ay:0.255859,az:1.087891
ax:-8.560547,ay:0.255859,az:1.087891
ax:-8.560547,ay:0.255859,az:1.087891
ax:-8.560547,ay:0.255859,az:1.087891
ax:-8.560547,ay:0.255859,az:1.087891
ax:-8.560547,ay:0.255859,az:1.087891
ax:-8.560547,ay:0.255859,az:1.087891
ax:-8.560547,ay:0.255859,az:1.087891
ax:-8.560547,ay:0.255859,az:1.087891
ax:-8.560547,ay:0.255859,az:1.087891
ax:-8.560547,ay:0.255859,az:1.087891
ax:0.000000,ay:0.000000,az:0.000000
ax:0.111328,ay:5.810547,az:-7.787109
ax:-8.476562,ay:0.208984,az:1.052734
ax:-8.476562,ay:0.208984,az:1.052734
ax:-8.476562,ay:0.208984,az:1.052734
ax:-8.476562,ay:0.208984,az:1.052734
ax:-8.476562,ay:0.208984,az:1.052734
ax:-8.476562,ay:0.208984,az:1.052734
ax:-8.476562,ay:0.208984,az:1.052734
ax:-8.476562,ay:0.208984,az:1.052734
ax:-8.476562,ay:0.208984,az:1.052734
ax:-8.476562,ay:0.208984,az:1.052734
ax:-8.476562,ay:0.208984,az:1.052734
ax:-8.476562,ay:0.208984,az:1.052734
ax:-8.476562,ay:0.208984,az:1.052734
ax:-8.476562,ay:0.208984,az:1.052734
ax:-8.476562,ay:0.208984,az:1.052734
ax:0.000000,ay:0.000000,az:0.000000
ax:4.359375,ay:5.333984,az:-8.886719
ax:-8.576172,ay:0.236328,az:1.060547
ax:-8.576172,ay:0.236328,az:1.060547
ax:-8.576172,ay:0.236328,az:1.060547
ax:-8.576172,ay:0.236328,az:1.060547
ax:-8.576172,ay:0.236328,az:1.060547
ax:-8.576172,ay:0.236328,az:1.060547
ax:-8.576172,ay:0.236328,az:1.060547
ax:-8.576172,ay:0.236328,az:1.060547
ax:-8.576172,ay:0.236328,az:1.060547
ax:-8.576172,ay:0.236328,az:1.060547
ax:-8.576172,ay:0.236328,az:1.060547
ax:-8.576172,ay:0.236328,az:1.060547
ax:-8.576172,ay:0.236328,az:1.060547
ax:-8.576172,ay:0.236328,az:1.060547
ax:0.000000,ay:0.000000,az:0.000000
ax:0.070312,ay:5.453125,az:-8.375000
ax:-8.572266,ay:0.224609,az:1.007812
ax:-8.572266,ay:0.224609,az:1.007812
ax:-8.572266,ay:0.224609,az:1.007812
ax:-8.572266,ay:0.224609,az:1.007812
ax:-8.572266,ay:0.224609,az:1.007812
ax:-8.572266,ay:0.224609,az:1.007812
ax:-8.572266,ay:0.224609,az:1.007812
ax:-8.572266,ay:0.224609,az:1.007812
ax:-8.572266,ay:0.224609,az:1.007812
ax:-8.572266,ay:0.224609,az:1.007812
ax:-8.572266,ay:0.224609,az:1.007812
ax:-8.572266,ay:0.224609,az:1.007812
ax:-8.572266,ay:0.224609,az:1.007812
ax:-8.572266,ay:0.224609,az:1.007812
ax:0.000000,ay:0.000000,az:0.000000
ax:-0.007812,ay:5.539062,az:-8.445312
ax:-8.539062,ay:0.234375,az:1.068359
ax:-8.539062,ay:0.234375,az:1.068359
ax:-8.539062,ay:0.234375,az:1.068359
ax:-8.539062,ay:0.234375,az:1.068359
ax:-8.539062,ay:0.234375,az:1.068359
ax:-8.539062,ay:0.234375,az:1.068359
ax:-8.539062,ay:0.234375,az:1.068359
ax:-8.539062,ay:0.234375,az:1.068359
ax:-8.539062,ay:0.234375,az:1.068359
ax:-8.539062,ay:0.234375,az:1.068359
ax:-8.539062,ay:0.234375,az:1.068359
ax:-8.539062,ay:0.234375,az:1.068359
ax:-8.539062,ay:0.234375,az:1.068359
ax:-8.539062,ay:0.234375,az:1.068359
ax:-8.539062,ay:0.234375,az:1.068359
ax:0.000000,ay:0.000000,az:0.000000
ax:5.304688,ay:5.460938,az:-9.058594
ax:-8.572266,ay:0.242188,az:1.001953
ax:-8.572266,ay:0.242188,az:1.001953
ax:-8.572266,ay:0.242188,az:1.001953
ax:-8.572266,ay:0.242188,az:1.001953
ax:-8.572266,ay:0.242188,az:1.001953
ax:-8.572266,ay:0.242188,az:1.001953
ax:-8.572266,ay:0.242188,az:1.001953
ax:-8.572266,ay:0.242188,az:1.001953
ax:-8.572266,ay:0.242188,az:1.001953
ax:-8.572266,ay:0.242188,az:1.001953
ax:-8.572266,ay:0.242188,az:1.001953
ax:-8.572266,ay:0.242188,az:1.001953
ax:-8.572266,ay:0.242188,az:1.001953
ax:-8.572266,ay:0.242188,az:1.001953
ax:0.000000,ay:0.000000,az:0.000000
ax:0.972656,ay:5.632812,az:-7.560547
ax:-8.556641,ay:0.208984,az:1.035156
ax:-8.556641,ay:0.208984,az:1.035156
ax:-8.556641,ay:0.208984,az:1.035156
ax:-8.556641,ay:0.208984,az:1.035156
ax:-8.556641,ay:0.208984,az:1.035156
ax:-8.556641,ay:0.208984,az:1.035156
ax:-8.556641,ay:0.208984,az:1.035156
ax:-8.556641,ay:0.208984,az:1.035156
ax:-8.556641,ay:0.208984,az:1.035156
ax:-8.556641,ay:0.208984,az:1.035156
ax:-8.556641,ay:0.208984,az:1.035156
ax:-8.556641,ay:0.208984,az:1.035156
ax:-8.556641,ay:0.208984,az:1.035156
ax:-8.556641,ay:0.208984,az:1.035156
ax:-8.556641,ay:0.208984,az:1.035156
ax:0.000000,ay:0.000000,az:0.000000
ax:-0.058594,ay:5.660156,az:-8.658203
ax:-8.599609,ay:0.238281,az:1.101562
ax:-8.599609,ay:0.238281,az:1.101562
ax:-8.599609,ay:0.238281,az:1.101562
ax:-8.599609,ay:0.238281,az:1.101562
ax:-8.599609,ay:0.238281,az:1.101562
ax:-8.599609,ay:0.238281,az:1.101562
ax:-8.599609,ay:0.238281,az:1.101562
ax:-8.599609,ay:0.238281,az:1.101562
ax:-8.599609,ay:0.238281,az:1.101562
ax:-8.599609,ay:0.238281,az:1.101562
ax:-8.599609,ay:0.238281,az:1.101562
ax:-8.599609,ay:0.238281,az:1.101562
ax:-8.599609,ay:0.238281,az:1.101562
ax:-8.599609,ay:0.238281,az:1.101562
ax:-8.599609,ay:0.238281,az:1.101562
ax:0.000000,ay:0.000000,az:0.000000
ax:0.947266,ay:5.650391,az:-7.613281
ax:-8.574219,ay:0.257812,az:1.029297
ax:-8.574219,ay:0.257812,az:1.029297
ax:-8.574219,ay:0.257812,az:1.029297
ax:-8.574219,ay:0.257812,az:1.029297
ax:-8.574219,ay:0.257812,az:1.029297
ax:-8.574219,ay:0.257812,az:1.029297
ax:-8.574219,ay:0.257812,az:1.029297
ax:-8.574219,ay:0.257812,az:1.029297
ax:-8.574219,ay:0.257812,az:1.029297
ax:-8.574219,ay:0.257812,az:1.029297
ax:-8.574219,ay:0.257812,az:1.029297
ax:-8.574219,ay:0.257812,az:1.029297
ax:-8.574219,ay:0.257812,az:1.029297
ax:-8.574219,ay:0.257812,az:1.029297
ax:0.000000,ay:0.000000,az:0.000000
ax:0.076172,ay:5.500000,az:-8.498047
ax:-8.556641,ay:0.265625,az:1.037109
ax:-8.556641,ay:0.265625,az:1.037109
ax:-8.556641,ay:0.265625,az:1.037109
ax:-8.556641,ay:0.265625,az:1.037109
ax:-8.556641,ay:0.265625,az:1.037109
ax:-8.556641,ay:0.265625,az:1.037109
ax:-8.556641,ay:0.265625,az:1.037109
ax:-8.556641,ay:0.265625,az:1.037109
ax:-8.556641,ay:0.265625,az:1.037109
ax:-8.556641,ay:0.265625,az:1.037109
ax:-8.556641,ay:0.265625,az:1.037109
ax:-8.556641,ay:0.265625,az:1.037109
ax:-8.556641,ay:0.265625,az:1.037109
ax:-8.556641,ay:0.265625,az:1.037109
ax:-8.556641,ay:0.265625,az:1.037109
ax:0.000000,ay:0.000000,az:0.000000
ax:0.076172,ay:5.835938,az:-7.722656
ax:-8.593750,ay:0.265625,az:1.052734
ax:-8.593750,ay:0.265625,az:1.052734
ax:-8.593750,ay:0.265625,az:1.052734
ax:-8.593750,ay:0.265625,az:1.052734
ax:-8.593750,ay:0.265625,az:1.052734
ax:-8.593750,ay:0.265625,az:1.052734
ax:-8.593750,ay:0.265625,az:1.052734
ax:-8.593750,ay:0.265625,az:1.052734
ax:-8.593750,ay:0.265625,az:1.052734
ax:-8.593750,ay:0.265625,az:1.052734
ax:-8.593750,ay:0.265625,az:1.052734
ax:-8.593750,ay:0.265625,az:1.052734
ax:-8.593750,ay:0.265625,az:1.052734
ax:-8.593750,ay:0.265625,az:1.052734
ax:-8.593750,ay:0.265625,az:1.052734
ax:0.000000,ay:0.000000,az:0.000000
ax:0.109375,ay:5.478516,az:-7.783203
ax:-8.568359,ay:0.244141,az:1.117188
ax:-8.568359,ay:0.244141,az:1.117188
ax:-8.568359,ay:0.244141,az:1.117188
ax:-8.568359,ay:0.244141,az:1.117188
ax:-8.568359,ay:0.244141,az:1.117188
ax:-8.568359,ay:0.244141,az:1.117188
ax:-8.568359,ay:0.244141,az:1.117188
ax:-8.568359,ay:0.244141,az:1.117188
ax:-8.568359,ay:0.244141,az:1.117188
ax:-8.568359,ay:0.244141,az:1.117188
ax:-8.568359,ay:0.244141,az:1.117188
ax:-8.568359,ay:0.244141,az:1.117188
ax:-8.568359,ay:0.244141,az:1.117188
ax:-8.568359,ay:0.244141,az:1.117188
ax:0.000000,ay:0.000000,az:0.000000
ax:0.041016,ay:5.554688,az:-8.714844
ax:-8.583984,ay:0.273438,az:1.013672
ax:-8.583984,ay:0.273438,az:1.013672
ax:-8.583984,ay:0.273438,az:1.013672
ax:-8.583984,ay:0.273438,az:1.013672
ax:-8.583984,ay:0.273438,az:1.013672
ax:-8.583984,ay:0.273438,az:1.013672
ax:-8.583984,ay:0.273438,az:1.013672
ax:-8.583984,ay:0.273438,az:1.013672
ax:-8.583984,ay:0.273438,az:1.013672
ax:-8.583984,ay:0.273438,az:1.013672
ax:-8.583984,ay:0.273438,az:1.013672
ax:-8.583984,ay:0.273438,az:1.013672
ax:-8.583984,ay:0.273438,az:1.013672
ax:-8.583984,ay:0.273438,az:1.013672
ax:0.000000,ay:0.000000,az:0.000000
ax:-0.089844,ay:5.636719,az:-7.609375
ax:-8.572266,ay:0.253906,az:1.025391
ax:-8.572266,ay:0.253906,az:1.025391
ax:-8.572266,ay:0.253906,az:1.025391
ax:-8.572266,ay:0.253906,az:1.025391
ax:-8.572266,ay:0.253906,az:1.025391
ax:-8.572266,ay:0.253906,az:1.025391
ax:-8.572266,ay:0.253906,az:1.025391
ax:-8.572266,ay:0.253906,az:1.025391
ax:-8.572266,ay:0.253906,az:1.025391
ax:-8.572266,ay:0.253906,az:1.025391
ax:-8.572266,ay:0.253906,az:1.025391
ax:-8.572266,ay:0.253906,az:1.025391
ax:-8.572266,ay:0.253906,az:1.025391
ax:-8.572266,ay:0.253906,az:1.025391
ax:-8.572266,ay:0.253906,az:1.025391
ax:0.000000,ay:0.000000,az:0.000000
ax:5.021484,ay:4.679688,az:-8.886719
ax:-8.564453,ay:0.248047,az:1.087891
ax:-8.564453,ay:0.248047,az:1.087891
ax:-8.564453,ay:0.248047,az:1.087891
