ets Jul 29 2019 12:21:46

rst:0x1 (POWERON_RESET),boot:0x13 (SPI_FAST_FLASH_BOOT)
configsip: 0, SPIWP:0xee
clk_drv:0x00,q_drv:0x00,d_drv:0x00,cs0_drv:0x00,hd_drv:0x00,wp_drv:0x00
mode:DIO, clock div:2
load:0x3fff0030,len:1184
load:0x40078000,len:13192
load:0x40080400,len:3028
entry 0x400805e4

0.000000	0
0.000000	0
0.000000	0
0.000000	0
0.000000	0
0.000000	0
0.000000	0
0.000000	0
0.000000	0
0.000000	0
0.000000	0
0.000000	0
0.000000	0
0.000000	0
0.000000	0
0.000000	0
0.000000	0
0.000000	0
0.000000	0
0.000000	0
0.000000	0
0.000000	0
0.000000	0
0.000000	0
0.000000	0
0.000000	0
0.000000	0
0.000000	0
0.000000	0
0.000000	0
0.000000	0
0.000000	0
0.000000	0
0.000000	0
0.000000	0
0.000000	0
0.000000	0
0.000000	0
0.000000	0
0.000000	0
0.000000	0
0.000000	0
0.000000	0
0.000000	0
0.000000	0
0.000000	0
0.000000	0
0.000000	0
0.000000	0
0.000000	0
0.000000	0
0.000000	0
0.000000	0
0.000000	0
0.000000	0
0.000000	0
0.000000	0
0.000000	0
0.000000	0
0.000000	0
0.000000	0
0.000000	0
0.000000	0
0.000000	0
0.000000	0
0.000000	0
0.000000	0
0.000000	0
0.000000	0
0.000000	0
0.000000	0
0.000000	0
0.000000	0
0.000000	0
0.000000	0
0.000000	0
0.000000	0
0.000000	0
0.000000	0
0.000000	0
0.000000	0
0.000000	0
0.000000	0
0.000000	0
0.000000	0
0.000000	0
0.000000	0
0.000000	0
0.000000	0
0.000000	0
0.000000	0
0.000000	0
0.000000	0
0.000000	0
0.000000	0
0.000000	0
0.000000	0
0.000000	0
0.000000	0
0.000000	0
0.000000	0
0.000000	0
0.000000	0
0.000000	0
0.000000	0
0.000000	0
0.000000	0
0.000000	0
0.000000	0
0.000000	0
0.000000	0
0.000000	0
0.000000	0
0.000000	0
0.000000	0
0.000000	0
0.000000	0
0.000000	0
0.000000	0
0.000000	0
14.919230	2
83.434763	19
84.524335	38
84.588220	57
83.490923	76
82.954080	95
82.926618	114
83.996921	133
51.364422	147
6.407947	147
0.323123	147
-0.001728	147
-0.002198	147
-0.000247	147
-0.000015	147
-0.000000	147
0.000000	147
0.000000	147
0.000000	147
0.000000	147
-0.000000	147
-0.000000	147
-0.000000	147
-0.000000	147
0.000000	147
0.000000	147
0.000000	147
0.000000	147
0.000000	147
-0.000000	147
-0.000000	147
-0.000000	147
-0.000000	147
0.000000	147
0.000000	147
0.000000	147
0.000000	147
-0.000000	147
-0.000000	147
-0.000000	147
-0.000000	147
-0.000000	147
0.000000	147
0.000000	147
0.000000	147
0.000000	147
-0.000000	147
-0.000000	147
-0.000000	147
-0.000000	147
0.000000	147
0.000000	147
0.000000	147
0.000000	147
-0.000000	147
-0.000000	147
-0.000000	147
-0.000000	147
-0.000000	147
0.000000	147
0.000000	147
0.000000	147
0.000000	147
-0.000000	147
-0.000000	147
-0.000000	147
-0.000000	147
0.000000	147
0.000000	147
0.000000	147
0.000000	147
0.000000	147
-0.000000	147
-0.000000	147
-0.000000	147
-0.000000	147
0.000000	147
0.000000	147
0.000000	147
0.000000	147
-0.000000	147
-0.000000	147
-0.000000	147
-0.000000	147
-0.000000	147
0.119768	148
82.847956	165
83.542295	184
83.006475	203
84.101237	223
84.306065	242
41.959731	246
5.544180	246
0.267736	246
-0.002882	246
-0.001991	246
-0.000215	246
-0.000013	246
-0.000000	246
0.000000	246
0.000000	246
0.000000	246
0.000000	246
-0.000000	246
-0.000000	246
-0.000000	246
-0.000000	246
0.000000	246
0.000000	246
0.000000	246
0.000000	246
0.000000	246
-0.000000	246
-0.000000	246
-0.000000	246
-0.000000	246
0.000000	246
0.000000	246
0.000000	246
0.000000	246
-0.000000	246
-0.000000	246
-0.000000	246
-0.000000	246
-0.000000	246
0.000000	246
0.000000	246
0.000000	246
0.000000	246
-0.000000	246
-0.000000	246
-0.000000	246
-0.000000	246
0.000000	246
53.987459	251
83.172822	269
84.292316	288
84.946316	307
84.723348	326
83.657716	346
82.955663	365
33.509422	369
4.849497	369
0.226499	369
-0.003422	369
-0.001800	369
-0.000190	369
-0.000011	369
-0.000000	369
0.000000	369
0.000000	369
0.000000	369
0.000000	369
-0.000000	369
-0.000000	369
-0.000000	369
-0.000000	369
0.000000	369
0.000000	369
0.000000	369
0.000000	369
0.000000	369
-0.000000	369
-0.000000	369
-0.000000	369
-0.000000	369
0.000000	369
0.000000	369
0.000000	369
0.000000	369
-0.000000	369
-0.000000	369
-0.000000	369
-0.000000	369
0.000000	369
0.000000	369
0.000000	369
0.000000	369
0.000000	369
-0.000000	369
-0.000000	369
-0.000000	369
-0.000000	369
0.000000	369
0.000000	369
0.000000	369
0.000000	369
-0.000000	369
-0.000000	369
-0.000000	369
-0.000000	369
-0.000000	369
0.000000	369
0.000000	369
0.000000	369
0.000000	369
-0.000000	369
-0.000000	369
-0.000000	369
43.585804	373
82.143461	392
83.010404	411
84.173446	430
84.225983	449
84.999616	469
84.730678	488
64.848096	491
7.685628	491
0.414473	491
0.001081	491
-0.002433	491
-0.000292	491
-0.000019	491
-0.000000	491
0.000000	491
0.000000	491
0.000000	491
0.000000	491
-0.000000	491
-0.000000	491
-0.000000	491
-0.000000	491
0.000000	491
0.000000	491
0.000000	491
0.000000	491
0.000000	491
-0.000000	491
-0.000000	491
-0.000000	491
-0.000000	491
0.000000	491
0.000000	491
0.000000	491
0.000000	491
-0.000000	491
-0.000000	491
-0.000000	491
-0.000000	491
-0.000000	491
0.000000	491
0.000000	491
0.000000	491
70.453412	500
82.502935	519
84.056601	538
84.325052	558
84.942078	577
84.772176	596
84.624454	615
83.693693	634
59.324862	638
7.206036	638
0.378847	638
-0.000132	638
-0.002355	638
-0.000275	638
-0.000018	638
-0.000000	638
0.000000	638
0.000000	638
0.000000	638
0.000000	638
-0.000000	638
-0.000000	638
-0.000000	638
-0.000000	638
0.000000	638
0.000000	638
0.000000	638
0.000000	638
0.000000	638
-0.000000	638
-0.000000	638
-0.000000	638
-0.000000	638
0.000000	638
0.000000	638
0.000000	638
0.000000	638
-0.000000	638
-0.000000	638
-0.000000	638
-0.000000	638
-0.000000	638
0.000000	638
0.000000	638
0.000000	638
72.798241	647
83.902753	666
84.964674	685
84.703341	705
83.627633	724
82.992180	743
76.682319	760
53.724414	761
4.997523	761
0.250206	761
-0.001558	761
-0.001728	761
-0.000193	761
-0.000012	761
-0.000000	761
0.000000	761
0.000000	761
0.000000	761
0.000000	761
-0.000000	761
-0.000000	761
-0.000000	761
-0.000000	761
0.000000	761
0.000000	761
0.000000	761
0.000000	761
0.000000	761
-0.000000	761
-0.000000	761
-0.000000	761
-0.000000	761
0.000000	761
0.000000	761
0.000000	761
0.000000	761
-0.000000	761
-0.000000	761
-0.000000	761
-0.000000	761
-0.000000	761
52.364980	766
83.818807	784
84.657060	803
83.583298	823
82.900693	842
82.929236	861
83.966223	880
48.666025	884
6.148600	884
0.305727	884
-0.002165	884
-0.002142	884
-0.000237	884
-0.000015	884
-0.000000	884
0.000000	884
0.000000	884
0.000000	884
0.000000	884
-0.000000	884
-0.000000	884
-0.000000	884
-0.000000	884
0.000000	884
0.000000	884
0.000000	884
0.000000	884
0.000000	884
-0.000000	884
-0.000000	884
-0.000000	884
-0.000000	884
0.000000	884
0.000000	884
0.000000	884
0.000000	884
-0.000000	884
-0.000000	884
-0.000000	884
-0.000000	884
-0.000000	884
0.000000	884
0.000000	884
0.000000	884
0.000000	884
-0.000000	884
0.225029	885
82.595957	902
84.564987	921
83.620263	940
82.891066	960
83.940239	979
84.135699	998
84.180546	1017
66.517824	1030
7.842876	1030
0.424557	1030
0.001291	1030
-0.002471	1030
-0.000297	1030
-0.000020	1030
-0.000000	1030
0.000000	1030
0.000000	1030
0.000000	1030
0.000000	1030
-0.000000	1030
-0.000000	1030
-0.000000	1030
-0.000000	1030
0.000000	1030
0.000000	1030
0.000000	1030
0.000000	1030
0.000000	1030
-0.000000	1030
-0.000000	1030
-0.000000	1030
-0.000000	1030
0.000000	1030
0.000000	1030
0.000000	1030
0.000000	1030
-0.000000	1030
-0.000000	1030
49.806819	1035
83.820498	1054
84.584070	1073
84.475949	1092
83.571048	1111
78.046655	1128
54.157457	1129
5.030420	1129
0.251121	1129
-0.001655	1129
-0.001745	1129
-0.000194	1129
-0.000012	1129
-0.000000	1129
0.000000	1129
0.000000	1129
0.000000	1129
0.000000	1129
-0.000000	1129
-0.000000	1129
-0.000000	1129
-0.000000	1129
0.000000	1129
0.000000	1129
0.000000	1129
52.554560	1134
83.085740	1152
84.794734	1171
84.644926	1190
83.555631	1210
74.503829	1227
43.621307	1228
4.180632	1228
0.197593	1228
-0.002675	1228
-0.001534	1228
-0.000163	1228
-0.000010	1228
-0.000000	1228
0.000000	1228
0.000000	1228
0.765410	1229
81.780191	1246
82.839789	1265
39.631722	1279
5.362651	1279
0.257863	1279
-0.002918	1279
-0.001934	1279
-0.000209	1279
-0.000012	1279
-0.000000	1279
0.000000	1279
0.000000	1279
0.000000	1279
0.000000	1279
-0.000000	1279
-0.000000	1279
-0.000000	1279
-0.000000	1279
0.000000	1279
0.000000	1279
0.000000	1279
78.556841	1292
82.782693	1311
84.172240	1331
84.135368	1350
84.810809	1369
65.745858	1377
11.027570	1377
0.614706	1377
0.003891	1377
-0.003341	1377
-0.000415	1377
-0.000028	1377
-0.000001	1377
0.000000	1377
0.000000	1377
0.000000	1377
0.000000	1377
-0.000000	1377
-0.000000	1377
-0.000000	1377
-0.000000	1377
0.000000	1377
0.000000	1377
14.218549	1379
83.164444	1396
84.623897	1415
84.565331	1434
61.615538	1452
10.571090	1452
0.576737	1452
0.002263	1452
-0.003297	1452
-0.000400	1452
-0.000027	1452
-0.000001	1452
0.000000	1452
0.000000	1452
0.000000	1452
0.000000	1452
-0.000000	1452
-0.000000	1452
-0.000000	1452
-0.000000	1452
0.000000	1452
0.000000	1452
0.000000	1452
0.000000	1452
0.000000	1452
-0.000000	1452
-0.000000	1452
-0.000000	1452
-0.000000	1452
0.000000	1452
0.000000	1452
0.000000	1452
0.000000	1452
-0.000000	1452
-0.000000	1452
-0.000000	1452
-0.000000	1452
-0.000000	1452
0.000000	1452
0.000000	1452
0.000000	1452
0.000000	1452
-0.000000	1452
-0.000000	1452
-0.000000	1452
-0.000000	1452
0.000000	1452
0.000000	1452
0.000000	1452
0.000000	1452
0.000000	1452
-0.000000	1452
80.186526	1466
83.999601	1485
77.785296	1502
10.040110	1503
0.538275	1503
0.001041	1503
-0.003202	1503
-0.000382	1503
-0.000025	1503
-0.000001	1503
0.000000	1503
0.000000	1503
0.000000	1503
0.000000	1503
-0.000000	1503
-0.000000	1503
-0.000000	1503
-0.000000	1503
0.621455	1504
83.328363	1522
55.745298	1530
5.203482	1530
0.264836	1530
-0.001116	1530
-0.001766	1530
-0.000200	1530
-0.000013	1530
-0.000000	1530
0.000000	1530
0.000000	1530
0.000000	1530
0.000000	1530
-0.000000	1530
-0.000000	1530
-0.000000	1530
-0.000000	1530
0.000000	1530
0.000000	1530
0.530973	1531
83.425369	1549
84.589558	1568
52.020236	1581
6.449000	1581
0.328395	1581
-0.001366	1581
-0.002188	1581
-0.000248	1581
-0.000016	1581
-0.000000	1581
0.000000	1581
0.000000	1581
0.000000	1581
0.000000	1581
-0.000000	1581
-0.000000	1581
-0.000000	1581
71.773975	1590
83.187325	1609
84.102498	1628
44.862283	1632
5.794409	1632
0.283588	1632
-0.002569	1632
-0.002052	1632
-0.000225	1632
-0.000014	1632
-0.000000	1632
0.000000	1632
0.000000	1632
0.000000	1632
0.000000	1632
-0.000000	1632
-0.000000	1632
-0.000000	1632
-0.000000	1632
0.000000	1632
0.000000	1632
0.000000	1632
0.000000	1632
0.000000	1632
-0.000000	1632
-0.000000	1632
-0.000000	1632
-0.000000	1632
0.000000	1632
0.000000	1632
73.496687	1641
83.061586	1660
82.466014	1679
82.361364	1698
58.955935	1706
10.117829	1706
0.546961	1706
0.001578	1706
-0.003193	1706
-0.000384	1706
-0.000025	1706
-0.000001	1706
0.000000	1706
0.000000	1706
0.000000	1706
0.000000	1706
-0.000000	1706
-0.000000	1706
-0.000000	1706
-0.000000	1706
0.000000	1706
0.000000	1706
0.000000	1706
0.000000	1706
0.000000	1706
-0.000000	1706
-0.000000	1706
15.290585	1708
80.367602	1724
81.687471	1743
69.273232	1756
25.377907	1757
2.177126	1757
0.091978	1757
-0.002673	1757
-0.000881	1757
-0.000087	1757
-0.000005	1757
-0.000000	1757
0.000000	1757
0.000000	1757
0.000000	1757
0.000000	1757
-0.000000	1757
-0.000000	1757
-0.000000	1757
48.662196	1762
81.304196	1780
82.603958	1799
82.455306	1818
56.975221	1831
6.915999	1831
0.359667	1831
-0.000587	1831
-0.002290	1831
-0.000265	1831
-0.000017	1831
-0.000000	1831
0.000000	1831
0.000000	1831
0.000000	1831
0.000000	1831
-0.000000	1831
-0.000000	1831
-0.000000	1831
-0.000000	1831
0.000000	1831
0.000000	1831
0.000000	1831
0.000000	1831
0.000000	1831
-0.000000	1831
-0.000000	1831
-0.000000	1831
-0.000000	1831
0.000000	1831
0.000000	1831
0.000000	1831
0.000000	1831
-0.000000	1831
72.701144	1840
82.589568	1859
82.069011	1878
24.503297	1882
2.133732	1882
0.090056	1882
-0.002630	1882
-0.000864	1882
-0.000085	1882
-0.000005	1882
-0.000000	1882
0.000000	1882
0.000000	1882
0.000000	1882
0.000000	1882
-0.000000	1882
-0.000000	1882
-0.000000	1882
-0.000000	1882
0.000000	1882
0.000000	1882
49.296037	1887
82.387880	1905
82.336046	1924
46.075845	1933
4.367541	1933
0.210543	1933
-0.002313	1933
-0.001571	1933
-0.000170	1933
-0.000010	1933
-0.000000	1933
0.000000	1933
0.000000	1933
0.000000	1933
0.000000	1933
-0.000000	1933
-0.000000	1933
-0.000000	1933
-0.000000	1933
0.000000	1933
0.000000	1933
0.000000	1933
0.000000	1933
0.000000	1933
-0.000000	1933
-0.000000	1933
-0.000000	1933
-0.000000	1933
0.000000	1933
0.000000	1933
0.000000	1933
0.000000	1933
-0.000000	1933
-0.000000	1933
-0.000000	1933
-0.000000	1933
-0.000000	1933
0.000000	1933
0.000000	1933
0.000000	1933
0.000000	1933
-0.000000	1933
-0.000000	1933
-0.000000	1933
-0.000000	1933
0.000000	1933
0.000000	1933
0.000000	1933
0.000000	1933
-0.000000	1933
-0.000000	1933
-0.000000	1933
-0.000000	1933
-0.000000	1933
0.000000	1933
0.000000	1933
0.000000	1933
0.000000	1933
-0.000000	1933
-0.000000	1933
-0.000000	1933
-0.000000	1933
0.000000	1933
0.000000	1933
0.000000	1933
0.000000	1933
0.000000	1933
-0.000000	1933
-0.000000	1933
-0.000000	1933
-0.000000	1933
0.000000	1933
0.000000	1933
0.000000	1933
0.000000	1933
-0.000000	1933
-0.000000	1933
-0.000000	1933
-0.000000	1933
-0.000000	1933
0.000000	1933
0.000000	1933
0.000000	1933
0.000000	1933
-0.000000	1933
-0.000000	1933
-0.000000	1933
-0.000000	1933
0.000000	1933
0.000000	1933
0.000000	1933
0.000000	1933
-0.000000	1933
-0.000000	1933
-0.000000	1933
-0.000000	1933
-0.000000	1933
0.000000	1933
0.000000	1933
0.000000	1933
0.000000	1933
-0.000000	1933
-0.000000	1933
-0.000000	1933
-0.000000	1933
0.000000	1933
0.000000	1933
0.000000	1933
0.000000	1933
0.000000	1933
-0.000000	1933
-0.000000	1933
-0.000000	1933
-0.000000	1933
0.000000	1933
0.000000	1933
0.000000	1933
0.000000	1933
-0.000000	1933
-0.000000	1933
-0.000000	1933
-0.000000	1933
-0.000000	1933
0.000000	1933
0.000000	1933
0.000000	1933
0.000000	1933
-0.000000	1933
-0.000000	1933
-0.000000	1933
-0.000000	1933
0.000000	1933
0.000000	1933
0.000000	1933
0.000000	1933
0.000000	1933
-0.000000	1933
-0.000000	1933
-0.000000	1933
-0.000000	1933
0.000000	1933
0.000000	1933
0.000000	1933
0.000000	1933
-0.000000	1933
-0.000000	1933
-0.000000	1933
-0.000000	1933
0.000000	1933
0.000000	1933
0.000000	1933
0.000000	1933
0.000000	1933
-0.000000	1933
-0.000000	1933
-0.000000	1933
-0.000000	1933
0.000000	1933
0.000000	1933
0.000000	1933
0.000000	1933
-0.000000	1933
-0.000000	1933
-0.000000	1933
-0.000000	1933
-0.000000	1933
0.000000	1933
0.000000	1933
0.000000	1933
0.000000	1933
-0.000000	1933
-0.000000	1933
-0.000000	1933
-0.000000	1933
0.000000	1933
0.000000	1933
0.000000	1933
0.000000	1933
0.000000	1933
-0.000000	1933
-0.000000	1933
-0.000000	1933
-0.000000	1933
0.000000	1933
0.000000	1933
0.000000	1933
0.000000	1933
-0.000000	1933
-0.000000	1933
-0.000000	1933
-0.000000	1933
0.000000	1933
0.000000	1933
0.000000	1933
0.000000	1933
0.000000	1933
-0.000000	1933
-0.000000	1933
-0.000000	1933
-0.000000	1933
0.000000	1933
0.000000	1933
0.000000	1933
0.000000	1933
-0.000000	1933
-0.000000	1933
-0.000000	1933
-0.000000	1933
-0.000000	1933
0.000000	1933
0.000000	1933
0.000000	1933
0.000000	1933
-0.000000	1933
-0.000000	1933
-0.000000	1933
-0.000000	1933
0.000000	1933
0.000000	1933
0.000000	1933
0.000000	1933
0.000000	1933
-0.000000	1933
-0.000000	1933
-0.000000	1933
-0.000000	1933
0.000000	1933
0.000000	1933
0.000000	1933
0.000000	1933
-0.000000	1933
0.037878	1934
80.698903	1951
82.924600	1970
84.023599	1989
84.294624	2009
84.829101	2028
29.380038	2032
4.511695	2032
0.206825	2032
-0.003639	2032
-0.001703	2032
-0.000177	2032
-0.000010	2032
-0.000000	2032
0.000000	2032
0.000000	2032
0.000000	2032
0.000000	2032
-0.000000	2032
-0.000000	2032
0.474223	2033
81.096109	2050
82.790097	2069
84.031888	2088
84.127157	2107
84.803590	2127
64.345800	2130
7.621636	2130
0.407935	2130
0.000711	2130
-0.002436	2130
-0.000290	2130
-0.000019	2130
-0.000000	2130
0.000000	2130
0.000000	2130
0.000000	2130
0.000000	2130
-0.000000	2130
-0.000000	2130
-0.000000	2130
-0.000000	2130
0.000000	2130
71.040230	2139
82.365214	2158
82.858587	2177
84.125382	2197
57.428965	2205
10.172197	2205
0.552410	2205
0.001878	2205
-0.003192	2205
-0.000385	2205
-0.000025	2205
-0.000001	2205
0.000000	2205
0.000000	2205
0.000000	2205
0.000000	2205
-0.000000	2205
0.745499	2206
82.420324	2224
84.178345	2243
51.637974	2256
6.375369	2256
0.320344	2256
-0.001854	2256
-0.002196	2256
-0.000246	2256
-0.000015	2256
-0.000000	2256
0.000000	2256
0.000000	2256
0.000000	2256
52.789706	2261
83.254791	2279
38.565364	2283
5.201471	2283
0.246820	2283
-0.003214	2283
-0.001901	2283
-0.000203	2283
-0.000012	2283
-0.000000	2283
0.000000	2283
0.811978	2284
81.677856	2301
82.870126	2320
82.820897	2339
65.700324	2357
25.901110	2358
2.947846	2358
0.129879	2358
-0.002994	2358
-0.001153	2358
1.143278	2359
82.239927	2376
83.982299	2395
84.214798	2414
62.701404	2432
10.680629	2432
0.587157	2432
0.002807	2432
-0.003297	2432
-0.000404	2432
-0.000027	2432
-0.000001	2432
78.763565	2446
82.450624	2465
76.621954	2482
9.902426	2483
0.531466	2483
0.001093	2483
-0.003154	2483
-0.000376	2483
-0.000025	2483
-0.000001	2483
80.605566	2497
55.114349	2510
6.746151	2510
0.349542	2510
-0.000724	2510
-0.002244	2510
-0.000258	2510
-0.000016	2510
1.351907	2511
82.264835	2529
53.850736	2537
5.034933	2537
0.254567	2537
-0.001280	2537
-0.001722	2537
-0.000194	2537
-0.000012	2537
52.287396	2542
83.802831	2560
84.449504	2579
49.861720	2588
4.711535	2588
0.231209	2588
-0.002018	2588
-0.001664	2588
-0.000182	2588
-0.000011	2588
53.331629	2593
83.292308	2611
84.100649	2630
84.818710	2649
66.231801	2662
7.834846	2662
0.426044	2662
0.001512	2662
-0.002454	2662
-0.000297	2662
-0.000020	2662
-0.000000	2662
0.000000	2662
0.000000	2662
70.148965	2671
82.352099	2690
83.873145	2709
84.126597	2728
84.775239	2748
84.596536	2767
84.517455	2786
83.566182	2805
82.824587	2824
82.855582	2843
83.926644	2862
84.185491	2882
84.786087	2901
84.646601	2920
84.512137	2939
83.556586	2958
82.857711	2977
83.938751	2997
84.070257	3016
84.168620	3035
58.809383	3048
7.074768	3048
0.368119	3048
-0.000578	3048
-0.002341	3048
-0.000271	3048
-0.000017	3048
-0.000000	3048
0.000000	3048
0.000000	3048
0.000000	3048
0.000000	3048
-0.000000	3048
-0.000000	3048
-0.000000	3048
-0.000000	3048
0.000000	3048
0.000000	3048
0.000000	3048
0.000000	3048
0.000000	3048
-0.000000	3048
-0.000000	3048
-0.000000	3048
-0.000000	3048
0.000000	3048
0.000000	3048
0.000000	3048
0.000000	3048
-0.000000	3048
-0.000000	3048
-0.000000	3048
-0.000000	3048
-0.000000	3048
0.000000	3048
0.000000	3048
0.000000	3048
0.000000	3048
-0.000000	3048
-0.000000	3048
-0.000000	3048
-0.000000	3048
0.000000	3048
0.000000	3048
0.000000	3048
0.000000	3048
0.000000	3048
-0.000000	3048
-0.000000	3048
-0.000000	3048
-0.000000	3048
0.000000	3048
0.000000	3048
0.000000	3048
0.000000	3048
-0.000000	3048
-0.000000	3048
-0.000000	3048
-0.000000	3048
0.000000	3048
0.000000	3048
0.000000	3048
0.000000	3048
0.000000	3048
-0.000000	3048
-0.000000	3048
-0.000000	3048
-0.000000	3048
0.000000	3048
0.000000	3048
0.000000	3048
0.000000	3048
-0.000000	3048
-0.000000	3048
-0.000000	3048
-0.000000	3048
-0.000000	3048
0.000000	3048
0.000000	3048
0.000000	3048
0.000000	3048
-0.000000	3048
-0.000000	3048
-0.000000	3048
-0.000000	3048
0.000000	3048
0.000000	3048
0.000000	3048
0.000000	3048
0.000000	3048
-0.000000	3048
-0.000000	3048
-0.000000	3048
-0.000000	3048
0.000000	3048
0.000000	3048
0.000000	3048
0.000000	3048
-0.000000	3048
-0.000000	3048
-0.000000	3048
-0.000000	3048
0.000000	3048
0.000000	3048
0.000000	3048
0.000000	3048
0.000000	3048
-0.000000	3048
-0.000000	3048
-0.000000	3048
-0.000000	3048
0.000000	3048
0.000000	3048
0.000000	3048
0.000000	3048
-0.000000	3048
-0.000000	3048
-0.000000	3048
-0.000000	3048
-0.000000	3048
0.000000	3048
0.000000	3048
0.000000	3048
0.000000	3048
-0.000000	3048
-0.000000	3048
51.866451	3053
83.014595	3071
84.762394	3090
84.505775	3110
83.554519	3129
82.874474	3148
82.781605	3167
83.919236	3186
84.055586	3205
84.170630	3224
84.538094	3244
84.512171	3263
83.501466	3282
82.860338	3301
82.788940	3320
83.933091	3339
84.041588	3358
84.770580	3378
84.572141	3397
84.544947	3416
76.394528	3433
52.387873	3434
4.919803	3434
0.244658	3434
-0.001729	3434
-0.001713	3434
-0.000190	3434
-0.000012	3434
-0.000000	3434
0.000000	3434
0.000000	3434
0.000000	3434
0.000000	3434
-0.000000	3434
-0.000000	3434
-0.000000	3434
-0.000000	3434
0.000000	3434
0.000000	3434
0.000000	3434
0.000000	3434
0.000000	3434
-0.000000	3434
-0.000000	3434
-0.000000	3434
-0.000000	3434
0.000000	3434
0.000000	3434
0.000000	3434
0.000000	3434
-0.000000	3434
-0.000000	3434
-0.000000	3434
-0.000000	3434
-0.000000	3434
0.000000	3434
0.000000	3434
0.000000	3434
0.000000	3434
-0.000000	3434
-0.000000	3434
-0.000000	3434
-0.000000	3434
0.000000	3434
0.000000	3434
0.000000	3434
0.000000	3434
-0.000000	3434
-0.000000	3434
-0.000000	3434
-0.000000	3434
-0.000000	3434
0.000000	3434
0.000000	3434
0.000000	3434
0.000000	3434
0.167433	3435
82.577411	3452
83.396722	3471
82.861983	3490
83.935710	3510
84.062633	3529
84.097574	3548
84.823494	3567
84.568741	3586
63.065919	3604
10.729191	3604
0.588465	3604
0.002661	3604
-0.003323	3604
-0.000406	3604
-0.000027	3604
-0.000001	3604
0.000000	3604
0.000000	3604
0.000000	3604
0.000000	3604
-0.000000	3604
-0.000000	3604
-0.000000	3604
-0.000000	3604
0.000000	3604
0.000000	3604
0.000000	3604
0.000000	3604
0.000000	3604
-0.000000	3604
-0.000000	3604
79.805176	3618
83.870843	3637
84.175201	3656
84.772771	3675
50.055894	3679
6.231822	3679
0.312504	3679
-0.001884	3679
-0.002151	3679
-0.000240	3679
-0.000015	3679
-0.000000	3679
0.000000	3679
0.000000	3679
0.000000	3679
0.000000	3679
-0.000000	3679
-0.000000	3679
-0.000000	3679
-0.000000	3679
0.000000	3679
0.000000	3679
0.000000	3679
0.000000	3679
0.000000	3679
-0.000000	3679
-0.000000	3679
-0.000000	3679
0.368435	3680
80.891002	3697
82.789299	3716
42.493649	3730
5.585151	3730
0.269996	3730
-0.002869	3730
-0.002003	3730
-0.000217	3730
-0.000013	3730
-0.000000	3730
0.000000	3730
0.000000	3730
73.876384	3739
83.953956	3758
83.450193	3777
82.877270	3796
66.246456	3804
10.957773	3804
0.608086	3804
0.003550	3804
-0.003340	3804
-0.000413	3804
-0.000028	3804
-0.000001	3804
14.784600	3806
80.927231	3823
82.747307	3842
83.900426	3861
75.770185	3878
56.394701	3879
5.306255	3879
0.273065	3879
-0.000787	3879
-0.001779	3879
-0.000203	3879
-0.000013	3879
-0.000000	3879
72.686321	3889
83.472740	3908
84.164138	3927
39.257750	3931
5.264710	3931
0.249938	3931
-0.003239	3931
-0.001923	3931
-0.000205	3931
-0.000012	3931
-0.000000	3931
0.000000	3931
0.818409	3932
81.702918	3949
82.736161	3968
31.665681	3982
4.728258	3982
0.220185	3982
-0.003411	3982
-0.001759	3982
-0.000185	3982
-0.000011	3982
-0.000000	3982
0.000000	3982
0.000000	3982
74.759382	3991
84.270776	4009
84.531600	4029
62.876791	4032
7.522504	4032
0.404198	4032
0.000885	4032
-0.002393	4032
-0.000286	4032
-0.000019	4032
70.637069	4041
83.502815	4060
84.069905	4079
60.624639	4083
7.314416	4083
0.385855	4083
0.000022	4083
-0.002380	4083
-0.000279	4083
79.954224	4097
83.947785	4116
75.478820	4133
50.487423	4134
4.765319	4134
0.235371	4134
-0.001863	4134
-0.001672	4134
1.540636	4135
82.205123	4152
84.668210	4171
37.591792	4185
5.138003	4185
0.244930	4185
-0.003043	4185
-0.001869	4185
-0.000200	4185
-0.000012	4185
1.087252	4186
80.855911	4203
32.506056	4212
3.358861	4212
0.152105	4212
-0.002928	4212
-0.001282	4212
-0.000132	4212
-0.000008	4212
44.076695	4216
83.640754	4235
65.161834	4238
7.723639	4238
0.419125	4238
0.001389	4238
15.489152	4240
80.829439	4257
83.843811	4276
84.038407	4295
77.494192	4312
55.156877	4313
5.156090	4313
0.260990	4313
-0.001276	4313
51.719372	4318
82.600962	4336
82.841568	4355
82.809867	4374
84.064529	4394
84.170316	4413
84.754990	4432
84.580109	4451
84.510361	4470
83.538927	4489
82.842392	4508
83.948686	4528
84.049161	4547
84.186136	4566
84.812079	4585
84.621844	4604
84.520558	4623
83.552135	4642
82.798866	4662
83.884348	4681
83.975258	4700
84.137251	4719
84.748893	4738
84.616613	4757
84.536147	4776
83.538806	4795
82.872366	4815
83.948594	4834
84.050113	4853
84.201081	4872
84.806242	4891
84.629397	4910
83.532739	4930
82.857089	4949
82.852469	4968
83.936550	4987
84.059964	5006
84.170340	5025
84.751544	5044
84.558167	5064
83.512453	5083
82.862685	5102
82.868366	5121
83.938935	5140
84.060121	5159
84.198262	5178
84.626884	5198
84.571654	5217
83.549036	5236
62.507424	5249
7.516642	5249
0.401638	5249
0.000621	5249
-0.002408	5249
-0.000286	5249
-0.000019	5249
-0.000000	5249
0.000000	5249
0.000000	5249
72.331889	5258
83.538860	5277
84.807515	5296
84.595948	5315
83.530036	5335
82.852640	5354
82.836519	5373
83.906425	5392
84.081022	5411
84.145309	5430
84.812838	5449
84.529824	5469
83.568329	5488
82.888529	5507
82.883586	5526
83.963972	5545
84.121764	5564
84.784053	5584
84.585607	5603
84.533825	5622
83.547466	5641
82.820524	5660
82.826934	5679
83.950376	5698
84.199418	5718
84.822174	5737
84.628484	5756
84.594821	5775
83.587716	5794
82.872870	5813
83.950723	5833
84.096021	5852
84.179539	5871
84.830667	5890
84.622641	5909
84.535543	5928
83.590889	5947
82.856156	5966
83.959965	5986
84.123465	6005
84.155965	6024
84.816257	6043
84.644398	6062
84.560595	6081
82.888592	6101
82.835045	6120
83.976529	6139
84.096182	6158
84.239966	6177
84.844446	6196
84.571656	6216
83.592755	6235
82.877952	6254
82.859447	6273
83.944376	6292
84.116245	6311
84.817981	6331
84.676953	6350
84.559377	6369
83.589665	6388
82.868834	6407
82.873901	6426
83.969015	6445
84.208364	6465
58.235301	6473
10.187162	6473
0.549695	6473
0.001467	6473
-0.003223	6473
-0.000387	6473
-0.000025	6473
-0.000001	6473
0.000000	6473
0.000000	6473
0.000000	6473
72.664367	6482
83.713616	6501
84.772343	6520
84.647485	6539
54.250206	6548
5.077124	6548
0.254345	6548
-0.001565	6548
-0.001754	6548
-0.000196	6548
-0.000012	6548
-0.000000	6548
0.000000	6548
0.000000	6548
0.000000	6548
0.000000	6548
52.598755	6553
82.859825	6571
84.059617	6590
84.213066	6609
37.072192	6623
5.072557	6623
0.239703	6623
-0.003252	6623
-0.001861	6623
-0.000198	6623
-0.000012	6623
-0.000000	6623
0.000000	6623
0.000000	6623
0.000000	6623
0.000000	6623
-0.000000	6623
-0.000000	6623
79.745904	6636
84.526879	6655
84.514848	6675
83.552070	6694
82.920733	6713
82.813326	6732
83.943087	6751
84.060375	6770
84.183244	6789
84.656250	6809
84.538808	6828
83.589687	6847
82.907861	6866
82.864254	6885
83.985504	6904
84.116337	6923
84.822258	6943
84.623379	6962
84.547104	6981
83.547379	7000
82.876571	7019
82.848087	7038
84.142065	7058
84.211183	7077
84.866143	7096
84.628487	7115
84.552168	7134
83.582278	7153
82.899646	7172
83.979418	7192
84.093022	7211
84.203412	7230
84.857318	7249
84.676038	7268
84.550744	7287
83.571371	7306
82.864271	7326
83.908234	7345
84.087152	7364
84.188690	7383
84.836555	7402
84.648167	7421
83.585294	7441
82.899564	7460
82.872530	7479
83.961225	7498
84.139613	7517
84.181902	7536
84.654242	7556
84.593568	7575
83.561930	7594
82.874004	7613
82.864425	7632
83.965492	7651
84.092987	7670
84.840773	7690
84.631874	7709
84.587725	7728
83.569000	7747
82.906477	7766
82.860409	7785
84.116945	7805
84.205998	7824
84.835838	7843
84.644535	7862
84.606710	7881
83.585125	7900
82.907417	7919
83.964243	7939
84.112778	7958
84.267730	7977
84.848358	7996
84.681945	8015
84.573318	8034
82.927796	8054
58.706544	8062
10.122258	8062
0.542633	8062
0.001044	8062
-0.003229	8062
-0.000385	8062
-0.000025	8062
-0.000001	8062
0.000000	8062
0.000000	8062
0.000000	8062
0.000000	8062
-0.000000	8062
-0.000000	8062
-0.000000	8062
-0.000000	8062
0.000000	8062
0.000000	8062
0.000000	8062
0.000000	8062
0.000000	8062
-0.000000	8062
-0.000000	8062
-0.000000	8062
-0.000000	8062
0.000000	8062
0.000000	8062
0.000000	8062
0.000000	8062
-0.000000	8062
-0.000000	8062
-0.000000	8062
-0.000000	8062
-0.000000	8062
0.000000	8062
0.000000	8062
0.000000	8062
0.000000	8062
-0.000000	8062
-0.000000	8062
-0.000000	8062
-0.000000	8062
0.000000	8062
0.000000	8062
0.000000	8062
0.000000	8062
0.000000	8062
-0.000000	8062
-0.000000	8062
-0.000000	8062
-0.000000	8062
0.000000	8062
0.000000	8062
0.000000	8062
0.000000	8062
-0.000000	8062
-0.000000	8062
-0.000000	8062
-0.000000	8062
0.000000	8062
0.000000	8062
0.000000	8062
0.000000	8062
0.000000	8062
-0.000000	8062
-0.000000	8062
71.775908	8071
82.239456	8090
82.826606	8109
83.940442	8128
84.193484	8148
84.828210	8167
84.588351	8186
84.534856	8205
83.549218	8224
82.902500	8243
82.830278	8262
84.104723	8282
84.197214	8301
84.798100	8320
84.642447	8339
84.573822	8358
83.585107	8377
82.858024	8396
83.923052	8416
84.096443	8435
59.991120	8448
7.254975	8448
0.381426	8448
-0.000132	8448
-0.002371	8448
-0.000277	8448
-0.000018	8448
-0.000000	8448
0.000000	8448
0.000000	8448
0.000000	8448
0.000000	8448
-0.000000	8448
-0.000000	8448
-0.000000	8448
-0.000000	8448
0.000000	8448
0.000000	8448
0.000000	8448
0.000000	8448
0.000000	8448
-0.000000	8448
-0.000000	8448
-0.000000	8448
-0.000000	8448
0.000000	8448
0.000000	8448
0.378314	8449
81.597102	8467
82.836560	8486
82.860579	8505
83.940596	8524
84.029831	8543
84.158466	8562
84.822234	8581
84.523539	8601
83.629882	8620
82.897963	8639
82.874534	8658
28.818672	8667
3.106781	8667
0.137594	8667
-0.003071	8667
-0.001209	8667
-0.000123	8667
-0.000007	8667
-0.000000	8667
0.000000	8667
0.000000	8667
0.000000	8667
0.000000	8667
44.123782	8671
83.586660	8690
84.457053	8709
83.530736	8728
62.343033	8741
7.500850	8741
0.400552	8741
0.000589	8741
-0.002405	8741
-0.000285	8741
-0.000019	8741
-0.000000	8741
0.000000	8741
79.462276	8755
82.597438	8774
76.874937	8791
54.399390	8792
5.053745	8792
0.254006	8792
-0.001460	8792
52.327944	8797
83.682000	8815
84.568510	8834
84.510289	8853
48.776022	8867
6.166738	8867
0.308355	8867
-0.001970	8867
-0.002135	8867
-0.000238	8867
-0.000015	8867
1.246789	8868
29.171673	8870
4.465887	8870
0.325191	8870
0.010507	8870
-0.000778	8870
-0.000156	8870
-0.000013	8870
-0.000001	8870
0.000000	8870
0.000000	8870
0.000000	8870
79.596641	8884
83.922834	8903
84.192722	8922
84.779036	8941
84.620183	8960
84.549650	8979
82.883813	8999
73.115132	9016
43.522581	9017
4.177932	9017
0.198463	9017
-0.002557	9017
-0.001525	9017
-0.000163	9017
-0.000010	9017
-0.000000	9017
0.000000	9017
0.000000	9017
0.000000	9017
0.000000	9017
79.576496	9030
84.552810	9049
84.503932	9069
83.500856	9088
82.865769	9107
82.827963	9126
83.917224	9145
84.101817	9164
84.190688	9183
84.608619	9203
84.526124	9222
83.556881	9241
82.856921	9260
82.816217	9279
83.919097	9298
84.088930	9317
84.785906	9337
84.644561	9356
84.567514	9375
83.581272	9394
82.892068	9413
39.544771	9427
5.359510	9427
0.257748	9427
-0.002912	9427
-0.001933	9427
-0.000208	9427
-0.000012	9427
-0.000000	9427
0.000000	9427
0.000000	9427
0.000000	9427
43.236792	9431
81.950486	9450
83.909461	9469
84.100824	9488
84.190972	9507
84.785307	9526
84.544855	9546
61.250086	9549
7.371883	9549
0.392863	9549
0.000488	9549
-0.002369	9549
-0.000281	9549
-0.000018	9549
-0.000000	9549
0.000000	9549
0.000000	9549
0.000000	9549
80.469512	9563
84.276973	9582
83.486985	9601
82.901131	9620
55.430910	9624
6.830798	9624
0.352444	9624
-0.000907	9624
2.072490	9625
83.154163	9643
53.791445	9651
5.051676	9651
0.254633	9651
-0.001374	9651
-0.001733	9651
-0.000195	9651
-0.000012	9651
-0.000000	9651
0.000000	9651
0.000000	9651
0.000000	9651
73.083458	9660
84.366705	9679
84.560805	9698
44.296381	9702
5.723314	9702
0.281226	9702
-0.002407	9702
-0.002019	9702
-0.000222	9702
-0.000013	9702
-0.000000	9702
0.000000	9702
0.876061	9703
80.807861	9720
83.849144	9739
84.058753	9758
68.650659	9776
29.079337	9777
3.143076	9777
0.139028	9777
-0.003128	9777
-0.001225	9777
-0.000124	9777
-0.000007	9777
-0.000000	9777
0.000000	9777
0.000000	9777
0.000000	9777
0.000000	9777
-0.000000	9777
-0.000000	9777
-0.000000	9777
-0.000000	9777
0.000000	9777
0.000000	9777
0.000000	9777
0.000000	9777
0.000000	9777
-0.000000	9777
-0.000000	9777
-0.000000	9777
-0.000000	9777
0.000000	9777
0.000000	9777
0.000000	9777
0.000000	9777
-0.000000	9777
-0.000000	9777
-0.000000	9777
-0.000000	9777
0.000000	9777
0.000000	9777
0.000000	9777
0.000000	9777
0.000000	9777
-0.000000	9777
-0.000000	9777
-0.000000	9777
-0.000000	9777
0.000000	9777
0.000000	9777
0.000000	9777
0.000000	9777
-0.000000	9777
-0.000000	9777
-0.000000	9777
-0.000000	9777
-0.000000	9777
0.000000	9777
0.000000	9777
0.000000	9777
0.000000	9777
-0.000000	9777
-0.000000	9777
-0.000000	9777
-0.000000	9777
0.000000	9777
0.000000	9777
0.000000	9777
0.000000	9777
0.000000	9777
-0.000000	9777
-0.000000	9777
-0.000000	9777
-0.000000	9777
0.000000	9777
0.000000	9777
0.000000	9777
0.000000	9777
-0.000000	9777
-0.000000	9777
-0.000000	9777
-0.000000	9777
0.000000	9777
0.000000	9777
0.000000	9777
0.000000	9777
0.000000	9777
-0.000000	9777
-0.000000	9777
-0.000000	9777
-0.000000	9777
0.000000	9777
0.000000	9777
0.000000	9777
0.000000	9777
-0.000000	9777
-0.000000	9777
-0.000000	9777
-0.000000	9777
-0.000000	9777
0.000000	9777
0.000000	9777
0.000000	9777
0.000000	9777
-0.000000	9777
-0.000000	9777
-0.000000	9777
-0.000000	9777
0.000000	9777
0.000000	9777
0.000000	9777
0.000000	9777
0.000000	9777
-0.000000	9777
-0.000000	9777
-0.000000	9777
-0.000000	9777
0.000000	9777
0.000000	9777
0.000000	9777
0.000000	9777
-0.000000	9777
-0.000000	9777
-0.000000	9777
-0.000000	9777
0.000000	9777
0.000000	9777
0.000000	9777
0.000000	9777
0.000000	9777
-0.000000	9777
-0.000000	9777
-0.000000	9777
-0.000000	9777
0.000000	9777
0.000000	9777
0.000000	9777
0.000000	9777
-0.000000	9777
-0.000000	9777
-0.000000	9777
-0.000000	9777
-0.000000	9777
0.000000	9777
0.000000	9777
0.000000	9777
0.000000	9777
-0.000000	9777
-0.000000	9777
-0.000000	9777
-0.000000	9777
0.000000	9777
0.000000	9777
0.000000	9777
0.000000	9777
0.000000	9777
-0.000000	9777
-0.000000	9777
-0.000000	9777
-0.000000	9777
0.000000	9777
0.000000	9777
0.000000	9777
0.000000	9777
-0.000000	9777
-0.000000	9777
-0.000000	9777
-0.000000	9777
-0.000000	9777
0.000000	9777
0.000000	9777
0.000000	9777
0.000000	9777
-0.000000	9777
-0.000000	9777
-0.000000	9777
-0.000000	9777
0.000000	9777
0.000000	9777
0.000000	9777
0.000000	9777
-0.000000	9777
-0.000000	9777
-0.000000	9777
-0.000000	9777
0.038397	9778
0.004215	9778
0.000191	9778
1.194817	9779
7.521328	9781
8.916351	9783
9.272587	9785
10.822843	9787
11.489110	9790
9.745214	9792
7.081406	9794
6.832678	9795
8.166513	9797
7.751829	9799
6.421848	9800
4.722841	9801
0.788727	9801
2.159535	9802
0.236995	9802
2.222049	9803
7.133249	9805
10.670014	9807
12.400020	9810
12.095508	9813
12.893661	9816
13.118393	9819
12.493632	9822
13.693818	9825
12.096605	9828
9.579406	9830
9.624967	9832
10.469398	9834
9.450922	9836
7.932993	9838
8.746889	9840
12.065748	9843
13.538918	9846
12.183760	9849
10.932933	9852
9.162775	9853
6.052111	9854
0.802871	9854
0.048210	9854
0.000688	9854
-0.000217	9854
-0.000030	9854
-0.000002	9854
-0.000000	9854
0.000000	9854
0.000000	9854
0.000000	9854
0.000000	9854
-0.000000	9854
-0.000000	9854
-0.000000	9854
-0.000000	9854
-0.000000	9854
0.000000	9854
0.000000	9854
0.000000	9854
0.000000	9854
-0.000000	9854
-0.000000	9854
-0.000000	9854
-0.000000	9854
0.000000	9854
0.000000	9854
0.000000	9854
0.000000	9854
0.000000	9854
-0.000000	9854
-0.000000	9854
-0.000000	9854
-0.000000	9854
0.000000	9854
0.000000	9854
0.000000	9854
0.000000	9854
-0.000000	9854
-0.000000	9854
-0.000000	9854
-0.000000	9854
0.000000	9854
0.000000	9854
0.000000	9854
0.000000	9854
0.000000	9854
-0.000000	9854
-0.000000	9854
-0.000000	9854
-0.000000	9854
0.000000	9854
0.000000	9854
0.000000	9854
0.000000	9854
-0.000000	9854
-0.000000	9854
-0.000000	9854
-0.000000	9854
-0.000000	9854
0.000000	9854
0.000000	9854
0.000000	9854
0.000000	9854
-0.000000	9854
-0.000000	9854
-0.000000	9854
-0.000000	9854
0.000000	9854
0.000000	9854
0.000000	9854
0.000000	9854
0.000000	9854
-0.000000	9854
-0.000000	9854
-0.000000	9854
-0.000000	9854
0.000000	9854
0.000000	9854
0.000000	9854
0.000000	9854
-0.000000	9854
-0.000000	9854
-0.000000	9854
-0.000000	9854
0.000000	9854
0.000000	9854
0.000000	9854
0.000000	9854
0.000000	9854
-0.000000	9854
-0.000000	9854
-0.000000	9854
-0.000000	9854
0.000000	9854
0.000000	9854
0.000000	9854
0.000000	9854
-0.000000	9854
-0.000000	9854
-0.000000	9854
-0.000000	9854
-0.000000	9854
0.000000	9854
0.000000	9854
0.000000	9854
0.000000	9854
-0.000000	9854
-0.000000	9854
-0.000000	9854
-0.000000	9854
0.000000	9854
0.000000	9854
0.000000	9854
0.000000	9854
0.000000	9854
-0.000000	9854
-0.000000	9854
-0.000000	9854
-0.000000	9854
0.000000	9854
0.000000	9854
0.000000	9854
0.000000	9854
-0.000000	9854
-0.000000	9854
-0.000000	9854
-0.000000	9854
-0.000000	9854
0.000000	9854
0.000000	9854
0.000000	9854
0.000000	9854
-0.000000	9854
-0.000000	9854
-0.000000	9854
-0.000000	9854
0.000000	9854
0.000000	9854
0.000000	9854
0.000000	9854
-0.000000	9854
-0.000000	9854
-0.000000	9854
-0.000000	9854
-0.000000	9854
0.000000	9854
0.000000	9854
0.000000	9854
0.000000	9854
-0.000000	9854
-0.000000	9854
-0.000000	9854
-0.000000	9854
0.000000	9854
0.000000	9854
0.000000	9854
0.000000	9854
0.000000	9854
-0.000000	9854
-0.000000	9854
-0.000000	9854
-0.000000	9854
0.000000	9854
0.000000	9854
0.000000	9854
0.000000	9854
-0.000000	9854
-0.000000	9854
-0.000000	9854
-0.000000	9854
-0.000000	9854ets Jul 29 2019 12:21:46

rst:0x1 (POWERON_RESET),boot:0x13 (SPI_FAST_FLASH_BOOT)
configsip: 0, SPIWP:0xee
clk_drv:0x00,q_drv:0x00,d_drv:0x00,cs0_drv:0x00,hd_drv:0x00,wp_drv:0x00
mode:DIO, clock div:2
load:0x3fff0030,len:1184
load:0x40078000,len:13192
load:0x40080400,len:3028
entry 0x400805e4

0.000000	0
0.000000	0
0.000000	0
0.000000	0
0.000000	0
0.000000	0
0.000000	0
0.000000	0
0.000000	0
0.000000	0
0.000000	0
0.000000	0
0.000000	0
0.000000	0
0.000000	0
0.000000	0
0.000000	0
0.000000	0
0.000000	0
0.000000	0
0.000000	0
0.000000	0
0.000000	0
0.000000	0
0.000000	0
0.000000	0
0.000000	0
0.000000	0
0.000000	0
0.000000	0
0.000000	0
0.000000	0
0.000000	0
0.000000	0
0.000000	0
0.000000	0
0.000000	0
0.000000	0
0.000000	0
0.000000	0
0.000000	0
0.000000	0
0.000000	0
0.000000	0
0.000000	0
0.000000	0
0.000000	0
0.000000	0
0.000000	0
0.000000	0
0.000000	0
0.000000	0
0.000000	0
0.000000	0
0.000000	0
0.000000	0
0.000000	0
0.000000	0
0.000000	0
0.000000	0
0.000000	0
0.000000	0
0.000000	0
0.000000	0
0.000000	0
0.000000	0
0.000000	0
0.000000	0
0.000000	0
0.000000	0
0.000000	0
0.000000	0
0.000000	0
0.000000	0
0.000000	0
0.000000	0
0.000000	0
0.000000	0
0.000000	0
0.000000	0
0.000000	0
0.000000	0
0.000000	0
0.000000	0
0.000000	0
0.000000	0
0.000000	0
0.000000	0
0.000000	0
0.000000	0
0.000000	0
0.000000	0
0.000000	0
0.000000	0
0.000000	0
0.000000	0
0.000000	0
0.000000	0
0.000000	0
0.000000	0
0.000000	0
0.000000	0
0.000000	0
0.000000	0
0.000000	0
0.000000	0
0.000000	0
0.000000	0
0.000000	0
0.000000	0
0.000000	0
0.000000	0
0.000000	0
0.000000	0
0.000000	0
0.000000	0
0.000000	0
0.000000	0
0.000000	0
0.000000	0
0.000000	0
0.000000	0
0.000000	0
0.000000	0
0.000000	0
0.000000	0
0.000000	0
0.000000	0
0.000000	0
0.000000	0
0.000000	0
0.000000	0
0.000000	0
0.000000	0
0.000000	0
0.000000	0
0.000000	0
0.000000	0
0.000000	0
0.000000	0
0.000000	0
0.000000	0
0.000000	0
0.000000	0
0.000000	0
0.000000	0
0.000000	0
0.000000	0
0.000000	0
0.000000	0
0.000000	0
0.000000	0
0.000000	0
0.000000	0
0.000000	0
0.000000	0
0.000000	0
0.000000	0
0.000000	0
0.000000	0
0.000000	0
0.000000	0
0.000000	0
0.000000	0
0.000000	0
0.000000	0
0.000000	0
0.000000	0
0.000000	0
0.000000	0
0.000000	0
0.000000	0
0.000000	0
0.000000	0
0.000000	0
0.000000	0
0.000000	0
0.000000	0
0.000000	0
0.000000	0
0.000000	0
0.000000	0
0.000000	0
0.000000	0
0.000000	0
0.000000	0
0.000000	0
0.000000	0
0.000000	0
0.000000	0
0.000000	0
0.000000	0
0.000000	0
0.000000	0
0.000000	0
0.000000	0
0.000000	0
0.000000	0
0.000000	0
0.000000	0
0.000000	0
0.000000	0
0.000000	0
0.000000	0
0.000000	0
0.000000	0
0.000000	0
0.000000	0
0.000000	0
0.000000	0
0.000000	0
0.000000	0
0.000000	0
0.000000	0
0.000000	0
0.000000	0
0.000000	0
0.000000	0
0.000000	0
0.000000	0
0.000000	0
0.000000	0
0.000000	0
0.000000	0
0.000000	0
0.000000	0
0.000000	0
0.000000	0
0.000000	0
0.000000	0
0.000000	0
0.000000	0
0.000000	0
0.000000	0
0.000000	0
0.000000	0
0.000000	0
0.000000	0
0.000000	0
0.000000	0
0.000000	0
0.000000	0
0.000000	0
0.000000	0
0.000000	0
0.000000	0
0.000000	0
0.000000	0
0.000000	0
0.000000	0
0.000000	0
0.000000	0
0.000000	0
0.000000	0
0.000000	0
0.000000	0
0.000000	0
0.000000	0
0.000000	0
0.000000	0
0.015962	1
81.721713	18
82.809118	37
82.773370	56
83.891016	75
83.961125	94
84.762975	114
84.540427	133
84.486813	152
83.460114	171
82.791937	190
82.750707	209
83.842658	228
83.985709	247
84.762783	267
84.523174	286
84.474616	305
83.484868	324
82.839174	343
82.792843	362
83.925934	381
84.131312	401
84.836592	420
84.566705	439
84.499091	458
83.546412	477
82.854942	496
82.816768	515
84.089095	535
84.201035	554
84.795913	573
84.599433	592
84.527787	611
83.560829	630
82.860524	649
83.940565	669
84.084825	688
84.174141	707
84.796659	726
84.581134	745
84.513697	764
83.516459	783
82.851839	803
83.904903	822
84.048635	841
84.152860	860
84.761414	879
84.596018	898
83.532937	918
82.868016	937
82.865336	956
83.911554	975
84.123753	994
84.171774	1013
84.845550	1032
84.572113	1052
83.579080	1071
82.875675	1090
82.879990	1109
83.950494	1128
84.074014	1147
84.780376	1167
84.623507	1186
84.573246	1205
83.581454	1224
82.889858	1243
82.856880	1262
83.948625	1281
84.196269	1301
84.794283	1320
84.669313	1339
84.597575	1358
83.594171	1377
82.910556	1396
83.928095	1416
84.048586	1435
84.206875	1454
84.814862	1473
84.623334	1492
84.538243	1511
83.559108	1530
82.857400	1550
83.959332	1569
84.097005	1588
84.209013	1607
84.793617	1626
84.652825	1645
84.569889	1664
82.927552	1684
82.830074	1703
83.970831	1722
84.104022	1741
84.264294	1760
84.811805	1779
84.569195	1799
83.587071	1818
82.917788	1837
82.849711	1856
83.970743	1875
84.077138	1894
84.822096	1914
84.618148	1933
84.578762	1952
83.561325	1971
82.921726	1990
82.911404	2009
83.973233	2028
84.236749	2048
84.855146	2067
84.640866	2086
84.567642	2105
83.547059	2124
82.872426	2143
83.946237	2163
84.091765	2182
84.221595	2201
84.843237	2220
84.644152	2239
84.597544	2258
83.596635	2277
82.883972	2297
83.946770	2316
84.128770	2335
84.164160	2354
84.853751	2373
84.636280	2392
83.615086	2412
82.931040	2431
82.876835	2450
84.006014	2469
84.138625	2488
84.258479	2507
84.641495	2527
84.553002	2546
83.552804	2565
82.892920	2584
82.864297	2603
83.933014	2622
84.143316	2641
84.856935	2661
84.696392	2680
84.616957	2699
83.612712	2718
82.949554	2737
82.864795	2756
84.115083	2776
84.205859	2795
84.844562	2814
84.631328	2833
84.549402	2852
83.641335	2871
82.928437	2890
83.978898	2910
84.117987	2929
84.240600	2948
84.894073	2967
84.666266	2986
84.613991	3005
82.935436	3025
82.883150	3044
83.976624	3063
84.144564	3082
84.235929	3101
84.841375	3120
84.609745	3140
83.602955	3159
82.958385	3178
82.892238	3197
83.942250	3216
84.147688	3235
84.810544	3255
84.687688	3274
84.601208	3293
83.609113	3312
82.972863	3331
82.919719	3350
84.130913	3370
84.265535	3389
84.861108	3408
84.690866	3427
84.587828	3446
83.601961	3465
82.906851	3484
84.014950	3504
84.121176	3523
84.256459	3542
84.868514	3561
84.675904	3580
84.608817	3599
82.952727	3619
82.894280	3638
84.000771	3657
84.134492	3676
84.251983	3695
84.694110	3715
84.589841	3734
83.608756	3753
82.944774	3772
82.859846	3791
84.053063	3810
84.256723	3830
84.903460	3849
84.673110	3868
84.624679	3887
83.604785	3906
82.941682	3925
84.002136	3945
84.146798	3964
84.243258	3983
84.928544	4002
84.666003	4021
84.626655	4040
83.592574	4059
82.866419	4079
84.003226	4098
84.175534	4117
84.228149	4136
84.910189	4155
84.692260	4174
83.631545	4194
82.914021	4213
82.912634	4232
83.995495	4251
84.157956	4270
84.208135	4289
84.707492	4309
84.623356	4328
83.628871	4347
82.932377	4366
82.861944	4385
83.990493	4404
84.279587	4424
84.849330	4443
84.754415	4462
84.601260	4481
83.623017	4500
82.953234	4519
84.026761	4539
84.146754	4558
84.282207	4577
84.888086	4596
84.720156	4615
84.602505	4634
82.956913	4654
82.906133	4673
84.016543	4692
84.159047	4711
84.261125	4730
84.874074	4749
84.660221	4769
83.612862	4788
82.984404	4807
82.896448	4826
84.020435	4845
84.148373	4864
84.877000	4884
84.665942	4903
84.629138	4922
83.616453	4941
82.969437	4960
82.908537	4979
84.169952	4999
84.264143	5018
84.919941	5037
84.692940	5056
84.642645	5075
83.599403	5094
82.927332	5114
83.975467	5133
84.187328	5152
84.267103	5171
84.926105	5190
84.688368	5209
83.687126	5229
82.950372	5248
82.974222	5267
83.949730	5286
84.171433	5305
84.240476	5324
84.736609	5344
84.617505	5363
83.695358	5382
82.923258	5401
82.942095	5420
83.994003	5439
84.290913	5459
84.875404	5478
84.714092	5497
84.575788	5516
83.677829	5535
82.933003	5554
84.020040	5574
84.096610	5593
84.258079	5612
84.821595	5631
84.727028	5650
84.617912	5669
83.695454	5688
82.905828	5708
84.045267	5727
84.141597	5746
84.279185	5765
84.885651	5784
84.646764	5804
83.628819	5823
82.950663	5842
82.895347	5861
84.039471	5880
84.180588	5899
84.935583	5919
84.719794	5938
84.670598	5957
83.633972	5976
82.973331	5995
82.927380	6014
84.178347	6034
84.221156	6053
84.883902	6072
84.640224	6091
84.653146	6110
83.592302	6129
82.947997	6149
83.992171	6168
84.183156	6187
84.263703	6206
84.891233	6225
84.687258	6244
83.607662	6264
82.981452	6283
82.926264	6302
83.986626	6321
84.178237	6340
84.241022	6359
84.695281	6379
84.625434	6398
83.591955	6417
82.992792	6436
82.915755	6455
83.993360	6474
84.282263	6494
84.868754	6513
84.706457	6532
84.597801	6551
83.624278	6570
82.956742	6589
83.980910	6609
84.145017	6628
84.287471	6647
84.901346	6666
84.696651	6685
84.596995	6704
83.656881	6723
82.928386	6743
84.004425	6762
84.153512	6781
84.296017	6800
84.869644	6819
84.555816	6839
83.607261	6858
82.932144	6877
82.914894	6896
84.011305	6915
84.141300	6934
84.859673	6954
84.676256	6973
84.641294	6992
83.628875	7011
82.970880	7030
82.930920	7049
83.996963	7068
84.277948	7088
84.872194	7107
84.706992	7126
84.616339	7145
83.612826	7164
82.968470	7183
84.000302	7203
84.181252	7222
84.272073	7241
84.896318	7260
84.737408	7279
84.651355	7298
82.945263	7318
82.939624	7337
83.991089	7356
84.179844	7375
84.253250	7394
84.661963	7414
84.586091	7433
83.568745	7452
82.922703	7471
82.841394	7490
83.987542	7509
84.143468	7528
84.843245	7548
84.678958	7567
84.576099	7586
83.579701	7605
82.900458	7624
82.844891	7643
84.131647	7663
84.226169	7682
84.865433	7701
84.661000	7720
84.575870	7739
83.584853	7758
82.924572	7777
83.996561	7797
84.132528	7816
84.230401	7835
84.843801	7854
84.650239	7873
84.575349	7892
82.930539	7912
82.919219	7931
84.009521	7950
84.140474	7969
84.270005	7988
84.896803	8007
84.652144	8027
83.641276	8046
82.915752	8065
82.870734	8084
83.949274	8103
84.118099	8122
84.863321	8142
84.661183	8161
84.591565	8180
83.604711	8199
82.952675	8218
82.926878	8237
84.190472	8257
84.253620	8276
84.903826	8295
84.687756	8314
84.579956	8333
83.572204	8352
82.874408	8372
84.001742	8391
84.137832	8410
84.281906	8429
84.870688	8448
84.735883	8467
83.621764	8487
82.950632	8506
82.914421	8525
84.013889	8544
84.126675	8563
84.252169	8582
84.711210	8602
84.595652	8621
83.629149	8640
82.936842	8659
82.952291	8678
84.008884	8697
84.271055	8717
84.921671	8736
84.735278	8755
84.601469	8774
83.611509	8793
82.938347	8812
84.007992	8832
84.127103	8851
84.266748	8870
84.917904	8889
84.718467	8908
84.656052	8927
82.928620	8947
82.884948	8966
84.037928	8985
84.160780	9004
84.236815	9023
84.908584	9042
84.600990	9062
83.622099	9081
82.922228	9100
82.905153	9119
84.006016	9138
84.157573	9157
84.861522	9177
84.693556	9196
84.648244	9215
83.658046	9234
82.934000	9253
82.946692	9272
84.191840	9292
84.287796	9311
84.934596	9330
84.747704	9349
84.648371	9368
83.620070	9387
82.965138	9407
83.999230	9426
84.182151	9445
84.300914	9464
84.902270	9483
84.620370	9503
83.660669	9522
82.941706	9541
82.914652	9560
84.040046	9579
84.148976	9598
84.889690	9618
84.725296	9637
84.632624	9656
83.618708	9675
82.968188	9694
82.918850	9713
84.146485	9733
84.233788	9752
84.894892	9771
84.651686	9790
84.649737	9809
83.663184	9828
82.962485	9847
84.017144	9867
84.158970	9886
84.257640	9905
84.891667	9924
84.715557	9943
83.626255	9963
82.950125	9982
82.963576	10001
84.014575	10020
84.178148	10039
84.301146	10058
84.705028	10078
84.645042	10097
83.661329	10116
82.983930	10135
82.938755	10154
84.008879	10173
84.266908	10193
84.902806	10212
84.741796	10231
84.636372	10250
83.618899	10269
82.992684	10288
84.027941	10308
84.166676	10327
84.266630	10346
84.866515	10365
84.736633	10384
84.632926	10403
82.913167	10423
82.934411	10442
84.003767	10461
84.189063	10480
84.303876	10499
84.721844	10519
84.654813	10538
83.675884	10557
82.964865	10576
82.938689	10595
83.974577	10614
84.275970	10634
84.894232	10653
84.724743	10672
84.635322	10691
83.611573	10710
82.953746	10729
84.032648	10749
84.163757	10768
84.305481	10787
84.920821	10806
84.727862	10825
84.604787	10844
82.933550	10864
82.931601	10883
84.041554	10902
84.156370	10921
84.291522	10940
84.912982	10959
84.679479	10979
83.635975	10998
82.958722	11017
82.918665	11036
84.021776	11055
84.146569	11074
84.922266	11094
84.706575	11113
84.624981	11132
83.663270	11151
82.975354	11170
84.019148	11190
84.188794	11209
84.262030	11228
84.917809	11247
84.694363	11266
84.636922	11285
83.624148	11304
82.950768	11324
84.020672	11343
84.191374	11362
84.248685	11381
84.925485	11400
84.616499	11420
83.646787	11439
82.970275	11458
82.909661	11477
84.022278	11496
84.217263	11515
84.880384	11535
84.723418	11554
84.622758	11573
83.654941	11592
82.923274	11611
82.940657	11630
84.147117	11650
84.287855	11669
84.920741	11688
84.723241	11707
84.635396	11726
83.610940	11745
82.907053	11765
84.044046	11784
84.157626	11803
84.291137	11822
84.924872	11841
84.631770	11861
83.608859	11880
82.927789	11899
82.918613	11918
84.008483	11937
84.182948	11956
84.902719	11976
84.705409	11995
84.681374	12014
83.646119	12033
82.961893	12052
82.963488	12071
84.197977	12091
84.307812	12110
84.910409	12129
84.743421	12148
84.667309	12167
83.622532	12186
82.892840	12206
84.003699	12225
84.172183	12244
84.283846	12263
84.930332	12282
84.742876	12301
83.624904	12321
82.976938	12340
82.905587	12359
84.052098	12378
84.148582	12397
84.297672	12416
84.742663	12436
84.608701	12455
83.621903	12474
82.954716	12493
82.896031	12512
83.992391	12531
84.253078	12551
84.917010	12570
84.671499	12589
84.632554	12608
83.594759	12627
82.944829	12646
84.051701	12666
84.195478	12685
84.290682	12704
84.924586	12723
84.721028	12742
84.638294	12761
83.012108	12781
82.962566	12800
84.015022	12819
84.216926	12838
84.274493	12857
84.719689	12877
84.616942	12896
83.683912	12915
82.944707	12934
82.897490	12953
84.023168	12972
84.330723	12992
84.897816	13011
84.722992	13030
84.605994	13049
83.643654	13068
82.968680	13087
84.037269	13107
84.173301	13126
84.289795	13145
84.911031	13164
84.777111	13183
84.624920	13202
82.964507	13222
82.911699	13241
84.053177	13260
84.141739	13279
84.297189	13298
84.728277	13318
84.674148	13337
83.623731	13356
82.973679	13375
82.934052	13394
84.060364	13413
84.295122	13433
84.934223	13452
84.736436	13471
84.689052	13490
83.645126	13509
82.981012	13528
84.059897	13548
84.234395	13567
84.316411	13586
84.929199	13605
84.726041	13624
84.684179	13643
82.979080	13663
82.968778	13682
84.023818	13701
84.218163	13720
84.289172	13739
84.952976	13758
84.647599	13778
83.704487	13797
82.962961	13816
82.971004	13835
84.041395	13854
84.306355	13874
84.888917	13893
84.754244	13912
84.628843	13931
83.692642	13950
82.996686	13969
84.055147	13989
84.195793	14008
84.331727	14027
84.894804	14046
84.734140	14065
84.615179	14084
82.998122	14104
82.973252	14123
84.063072	14142
84.159215	14161
84.325869	14180
84.932745	14199
84.688800	14219
83.643519	14238
83.020441	14257
82.898350	14276
84.075582	14295
84.179354	14314
84.935121	14334
84.745785	14353
84.701950	14372
83.627191	14391
82.968909	14410
84.042443	14430
84.222699	14449
84.290669	14468
84.933027	14487
84.726497	14506
84.636500	14525
83.645985	14544
82.916539	14564
83.985823	14583
84.162540	14602
84.236222	14621
84.873697	14640
84.586588	14660
83.636161	14679
82.929537	14698
82.925983	14717
84.020538	14736
84.197762	14755
84.932467	14775
84.742590	14794
84.636007	14813
83.672586	14832
82.975143	14851
82.965102	14870
84.183096	14890
84.342736	14909
84.914680	14928
84.752770	14947
84.639995	14966
83.651187	14985
82.961977	15005
84.094261	15024
84.191278	15043
84.309257	15062
84.930748	15081
84.742729	15100
83.652370	15120
82.981707	15139
82.931573	15158
84.044885	15177
84.148666	15196
84.902683	15216
84.701011	15235
84.603621	15254
83.609188	15273
82.907087	15292
82.903456	15311
84.043248	15330
84.263680	15350
84.891099	15369
84.689811	15388
84.571609	15407
83.649661	15426
82.905130	15445
83.992238	15465
84.148412	15484
84.281373	15503
84.896646	15522
84.729727	15541
84.645583	15560
82.969464	15580
82.914125	15599
84.060990	15618
84.196053	15637
84.260926	15656
84.725715	15676
84.615853	15695
83.624846	15714
82.946808	15733
82.942989	15752
84.011616	15771
84.249377	15791
84.894916	15810
84.705832	15829
84.614163	15848
83.630733	15867
82.940643	15886
83.996669	15906
84.148539	15925
84.232383	15944
84.888445	15963
84.740342	15982
84.595837	16001
83.647676	16020
82.930512	16040
84.006180	16059
84.197282	16078
84.285045	16097
84.873779	16116
84.600605	16136
83.670595	16155
82.939096	16174
82.931104	16193
84.065069	16212
84.208944	16231
84.923401	16251
84.755476	16270
84.636844	16289
83.632248	16308
82.970810	16327
82.957140	16346
84.199810	16366
84.245286	16385
84.926800	16404
84.725214	16423
84.646277	16442
83.633679	16461
82.907746	16481
84.062243	16500
84.183028	16519
84.282207	16538
84.903383	16557
84.597422	16577
83.662847	16596
82.934279	16615
82.889427	16634
84.031143	16653
84.163818	16672
84.909826	16692
84.717521	16711
84.646017	16730
83.601337	16749
82.954551	16768
82.940158	16787
84.202805	16807
84.318618	16826
84.928011	16845
84.760102	16864
84.642671	16883
83.644178	16902
82.950807	16922
84.060305	16941
84.223667	16960
84.331113	16979
84.958951	16998
84.645499	17018
83.682016	17037
82.968100	17056
82.934584	17075
84.056316	17094
84.194490	17113
84.929618	17133
84.748289	17152
84.667529	17171
83.642626	17190
82.950069	17209
82.949867	17228
84.207201	17248
84.273101	17267
84.926443	17286
84.688052	17305
84.626539	17324
83.639106	17343
82.903262	17363
84.039048	17382
84.192592	17401
84.272193	17420
84.928046	17439
84.727226	17458
83.662174	17478
82.975147	17497
82.941406	17516
84.063422	17535
84.179140	17554
84.885317	17574
84.713401	17593
84.657119	17612
83.623475	17631
82.996596	17650
82.941522	17669
84.164270	17689
84.323806	17708
84.912271	17727
84.729921	17746
84.617974	17765
83.646581	17784
82.925141	17804
84.023745	17823
84.136167	17842
84.247777	17861
84.879472	17880
84.693894	17899
83.625929	17919
82.955001	17938
82.870038	17957
83.973301	17976
84.108923	17995
84.249006	18014
84.704666	18034
84.652021	18053
83.610842	18072
82.942837	18091
82.913841	18110
84.022401	18129
84.256583	18149
84.887785	18168
84.726105	18187
84.614631	18206
83.631916	18225
82.950375	18244
84.018524	18264
84.190090	18283
84.278424	18302
84.948216	18321
84.721721	18340
84.672247	18359
82.988747	18379
82.943544	18398
84.055677	18417
84.212839	18436
84.294505	18455
84.704994	18475
84.634967	18494
83.640887	18513
82.936150	18532
82.922726	18551
84.006432	18570
84.287913	18590
84.894763	18609
84.732267	18628
84.645813	18647
83.624582	18666
82.916566	18685
83.976933	18705
84.139337	18724
84.265835	18743
84.863369	18762
84.674558	18781
84.612324	18800
83.656696	18819
82.939841	18839
84.049994	18858
84.167803	18877
84.297929	18896
84.911026	18915
84.648477	18935
83.659757	18954
82.947057	18973
82.937619	18992
84.064336	19011
84.176536	19030
84.942664	19050
84.732983	19069
84.697682	19088
83.648115	19107
82.984589	19126
84.029184	19146
84.203067	19165
84.297646	19184
84.889786	19203
84.722361	19222
84.670222	19241
83.676553	19260
82.955667	19280
84.062492	19299
84.217618	19318
84.291380	19337
84.891732	19356
84.581126	19376
83.624733	19395
82.910714	19414
82.924537	19433
84.038229	19452
84.180152	19471
84.933376	19491
84.732413	19510
84.647675	19529
83.678803	19548
82.941713	19567
82.923993	19586
84.193293	19606
84.289301	19625
84.918433	19644
84.761311	19663
84.630733	19682
83.661189	19701
82.941502	19721
84.047375	19740
84.210916	19759
84.305232	19778
84.922276	19797
84.632469	19817
83.625613	19836
82.959827	19855
82.902290	19874
84.018002	19893
84.218281	19912
84.919758	19932
84.752197	19951
84.673945	19970
83.674401	19989
82.983663	20008
82.961272	20027
84.185395	20047
84.231463	20066
84.909697	20085
84.750122	20104
84.613205	20123
83.632250	20142
82.948039	20162
84.016679	20181
84.161786	20200
84.301960	20219
84.911605	20238
84.669479	20258
83.643476	20277
75.432647	20294
46.363066	20295
4.394691	20295
0.210653	20295
-0.002468	20295
-0.001590	20295
-0.000171	20295
-0.000010	20295
-0.000000	20295
0.000000	20295
0.000000	20295
0.000000	20295
0.000000	20295
-0.000000	20295
-0.000000	20295
-0.000000	20295
-0.000000	20295
0.000000	20295
0.000000	20295
0.000000	20295
0.000000	20295
0.000000	20295
-0.000000	20295
-0.000000	20295
-0.000000	20295
-0.000000	20295
0.000000	20295
0.000000	20295
0.000000	20295
0.000000	20295
-0.000000	20295
-0.000000	20295
-0.000000	20295
-0.000000	20295
-0.000000	20295
0.000000	20295
0.000000	20295
0.000000	20295
0.000000	20295
-0.000000	20295
-0.000000	20295
-0.000000	20295
-0.000000	20295
0.000000	20295
0.000000	20295
0.000000	20295
0.000000	20295
-0.000000	20295
-0.000000	20295
-0.000000	20295
-0.000000	20295
-0.000000	20295
0.000000	20295
0.000000	20295
0.000000	20295
0.000000	20295
-0.000000	20295
-0.000000	20295
-0.000000	20295
-0.000000	20295
0.000000	20295
0.000000	20295
0.000000	20295
0.000000	20295
0.000000	20295
53.157627	20300
83.163449	20318
84.863694	20337
84.686698	20356
84.644047	20375
69.640686	20393
26.708128	20394
2.983609	20394
0.129381	20394
-0.003273	20394
-0.001182	20394
-0.000118	20394
-0.000007	20394
-0.000000	20394
0.000000	20394
44.465220	20398
83.267525	20417
84.840978	20436
84.707301	20455
84.612809	20474
64.513336	20492
10.877640	20492
0.600859	20492
0.003199	20492
-0.003336	20492
-0.000411	20492
-0.000027	20492
-0.000001	20492
0.000000	20492
0.000000	20492
51.197651	20497
82.946376	20515
84.878715	20535
84.645783	20554
84.615218	20573
77.004037	20590
53.960334	20591
5.049722	20591
0.253001	20591
-0.001553	20591
-0.001744	20591
-0.000195	20591
-0.000012	20591
-0.000000	20591
0.000000	20591
0.000000	20591
0.000000	20591
0.000000	20591
-0.000000	20591
73.113351	20600
83.113995	20619
82.892857	20638
39.461557	20642
5.322716	20642
0.254980	20642
-0.003009	20642
-0.001927	20642
-0.000207	20642
-0.000012	20642
-0.000000	20642
0.000000	20642
0.000000	20642
0.000000	20642
0.000000	20642
-0.000000	20642
-0.000000	20642
-0.000000	20642
-0.000000	20642
0.000000	20642
0.000000	20642
0.000000	20642
0.000000	20642
0.000000	20642
-0.000000	20642
-0.000000	20642
-0.000000	20642
-0.000000	20642
0.000000	20642
0.000000	20642
73.963871	20651
84.482429	20670
84.627021	20689
84.564530	20708
30.698147	20717
3.248840	20717
0.144516	20717
-0.003138	20717
-0.001260	20717
-0.000128	20717
-0.000007	20717
-0.000000	20717
0.000000	20717
0.000000	20717
0.000000	20717
0.000000	20717
-0.000000	20717
-0.000000	20717
-0.000000	20717
-0.000000	20717
0.000000	20717
0.000000	20717
0.000000	20717
0.000000	20717
0.000000	20717
-0.000000	20717
-0.000000	20717
-0.000000	20717
-0.000000	20717
0.000000	20717
0.000000	20717
0.000000	20717
0.000000	20717
-0.000000	20717
-0.000000	20717
-0.000000	20717
-0.000000	20717
0.000000	20717
0.000000	20717
0.000000	20717
0.000000	20717
0.000000	20717
-0.000000	20717
-0.000000	20717
-0.000000	20717
-0.000000	20717
0.000000	20717
0.000000	20717
0.000000	20717
0.000000	20717
-0.000000	20717
-0.000000	20717
-0.000000	20717
-0.000000	20717
-0.000000	20717
0.000000	20717
0.000000	20717
0.000000	20717
0.000000	20717
-0.000000	20717
-0.000000	20717
-0.000000	20717
-0.000000	20717
0.000000	20717
0.000000	20717
0.000000	20717
0.000000	20717
0.000000	20717
-0.000000	20717
-0.000000	20717
-0.000000	20717
-0.000000	20717
0.000000	20717
0.000000	20717
0.000000	20717
0.000000	20717
-0.000000	20717
-0.000000	20717
-0.000000	20717
-0.000000	20717
0.000000	20717
0.000000	20717
0.000000	20717
0.000000	20717
0.000000	20717
-0.000000	20717
-0.000000	20717
-0.000000	20717
-0.000000	20717
0.000000	20717
0.000000	20717
0.000000	20717
0.000000	20717
-0.000000	20717
-0.000000	20717
-0.000000	20717
-0.000000	20717
-0.000000	20717
0.000000	20717
0.000000	20717
0.000000	20717
0.000000	20717
-0.000000	20717
-0.000000	20717
-0.000000	20717
-0.000000	20717
0.000000	20717
0.000000	20717
0.000000	20717
0.000000	20717
0.000000	20717
-0.000000	20717
-0.000000	20717
-0.000000	20717
-0.000000	20717
0.000000	20717
0.000000	20717
0.000000	20717
0.000000	20717
-0.000000	20717
-0.000000	20717
-0.000000	20717
-0.000000	20717
0.000000	20717
0.000000	20717
0.000000	20717
0.000000	20717
0.000000	20717
-0.000000	20717
-0.000000	20717
-0.000000	20717
-0.000000	20717
0.000000	20717
0.000000	20717
0.000000	20717
0.000000	20717
-0.000000	20717
-0.000000	20717
-0.000000	20717
-0.000000	20717
-0.000000	20717
0.000000	20717
0.000000	20717
0.000000	20717
0.000000	20717
-0.000000	20717
-0.000000	20717
-0.000000	20717
-0.000000	20717
0.000000	20717
0.000000	20717
0.000000	20717
0.000000	20717
0.000000	20717
-0.000000	20717
-0.000000	20717
-0.000000	20717
-0.000000	20717
0.000000	20717
0.000000	20717
0.000000	20717
0.000000	20717
-0.000000	20717
-0.000000	20717
-0.000000	20717
-0.000000	20717
-0.000000	20717
0.000000	20717
0.000000	20717
0.000000	20717
0.000000	20717
-0.000000	20717
-0.000000	20717
-0.000000	20717
-0.000000	20717
0.000000	20717
0.000000	20717
0.000000	20717
0.000000	20717
-0.000000	20717
-0.000000	20717
-0.000000	20717
-0.000000	20717
-0.000000	20717
0.000000	20717
0.000000	20717
0.000000	20717
0.000000	20717
-0.000000	20717
-0.000000	20717
-0.000000	20717
-0.000000	20717
0.000000	20717
0.000000	20717
0.000000	20717
0.000000	20717
0.000000	20717
-0.000000	20717
-0.000000	20717
-0.000000	20717
-0.000000	20717
0.000000	20717
0.000000	20717
0.000000	20717
0.000000	20717
-0.000000	20717
-0.000000	20717
-0.000000	20717
-0.000000	20717
-0.000000	20717
0.000000	20717
0.000000	20717
0.000000	20717
0.000000	20717
-0.000000	20717
-0.000000	20717
-0.000000	20717
-0.000000	20717
0.000000	20717
0.000000	20717
0.000000	20717
0.000000	20717
-0.000000	20717
-0.000000	20717
-0.000000	20717
-0.000000	20717
-0.000000	20717
0.000000	20717
0.000000	20717
0.000000	20717
0.000000	20717
-0.000000	20717
-0.000000	20717
-0.000000	20717
-0.000000	20717
0.000000	20717
0.000000	20717
0.000000	20717
0.000000	20717
0.000000	20717
-0.000000	20717
-0.000000	20717
-0.000000	20717
-0.000000	20717
0.000000	20717
0.000000	20717
0.000000	20717
0.000000	20717
-0.000000	20717
-0.000000	20717
-0.000000	20717
-0.000000	20717
-0.000000	20717
0.000000	20717
0.000000	20717
0.000000	20717
0.000000	20717
-0.000000	20717
-0.000000	20717
-0.000000	20717
-0.000000	20717
0.000000	20717
0.000000	20717
0.000000	20717
0.000000	20717
0.000000	20717
-0.000000	20717
-0.000000	20717
-0.000000	20717
-0.000000	20717
0.000000	20717
0.000000	20717
0.000000	20717
0.000000	20717
-0.000000	20717
-0.000000	20717
-0.000000	20717
-0.000000	20717
0.000000	20717
0.000000	20717
0.000000	20717
0.000000	20717
0.000000	20717
-0.000000	20717
-0.000000	20717
-0.000000	20717
-0.000000	20717
0.000000	20717
0.000000	20717
0.000000	20717
0.000000	20717
-0.000000	20717
-0.000000	20717
-0.000000	20717
-0.000000	20717
-0.000000	20717
0.000000	20717
0.000000	20717
0.000000	20717
0.000000	20717
0.000000	20717
0.000000	20717
0.000000	20717
0.000000	20717
0.000000	20717
0.000000	20717
0.000000	20717
0.000000	20717
0.000000	20717
0.000000	20717
0.000000	20717
0.000000	20717
0.000000	20717
0.000000	20717
0.000000	20717
0.000000	20717
0.000000	20717
0.000000	20717
0.000000	20717
0.000000	20717
0.000000	20717
0.000000	20717
0.000000	20717
0.000000	20717
0.000000	20717
0.000000	20717
0.000000	20717
0.000000	20717
0.000000	20717
0.000000	20717
0.000000	20717
0.000000	20717
0.000000	20717
0.000000	20717
0.000000	20717
0.000000	20717
0.000000	20717
0.000000	20717
0.000000	20717
0.000000	20717
0.000000	20717
0.000000	20717
0.000000	20717
0.000000	20717
0.000000	20717
0.000000	20717
0.000000	20717
0.000000	20717
0.000000	20717
0.000000	20717
0.000000	20717
0.000000	20717
0.000000	20717
0.000000	20717
0.000000	20717
0.000000	20717
0.000000	20717
0.000000	20717
0.000000	20717
0.000000	20717
0.000000	20717
0.000000	20717
0.000000	20717
0.000000	20717
0.000000	20717
0.000000	20717
0.000000	20717
0.000000	20717
0.000000	20717
0.000000	20717
0.000000	20717
0.000000	20717
0.000000	20717
0.000000	20717
0.000000	20717
0.000000	20717
0.000000	20717
0.000000	20717
0.000000	20717
0.000000	20717
0.000000	20717
0.000000	20717
0.000000	20717
0.000000	20717
0.000000	20717
0.000000	20717
0.000000	20717
0.000000	20717
0.000000	20717
0.000000	20717
0.000000	20717
0.000000	20717
0.000000	20717
0.000000	20717
0.000000	20717
0.000000	20717
0.000000	20717
0.000000	20717
0.000000	20717
0.000000	20717
0.000000	20717
0.000000	20717
0.000000	20717
0.000000	20717
0.000000	20717
0.000000	20717
0.000000	20717
0.000000	20717
0.000000	20717
0.000000	20717
0.000000	20717
0.000000	20717
0.000000	20717
0.000000	20717
0.000000	20717
0.000000	20717
0.000000	20717
0.000000	20717
0.000000	20717
0.000000	20717
0.000000	20717
0.000000	20717
0.000000	20717
0.000000	20717
0.000000	20717
0.000000	20717
0.000000	20717
0.000000	20717
0.000000	20717
0.000000	20717
0.000000	20717
0.000000	20717
0.000000	20717
0.000000	20717
0.000000	20717
0.000000	20717
0.000000	20717
0.000000	20717
0.000000	20717
0.000000	20717
0.000000	20717
0.000000	20717
0.000000	20717
0.000000	20717
0.000000	20717
0.000000	20717
0.000000	20717
0.000000	20717
0.000000	20717
0.000000	20717
0.000000	20717
0.000000	20717
0.000000	20717
0.000000	20717
0.000000	20717
0.000000	20717
0.000000	20717
0.000000	20717
0.000000	20717
0.000000	20717
0.000000	20717
0.000000	20717
0.000000	20717
0.000000	20717
0.000000	20717
0.000000	20717
0.000000	20717
0.000000	20717
0.000000	20717
0.000000	20717
0.000000	20717
0.000000	20717
0.000000	20717
0.000000	20717
0.000000	20717
0.000000	20717
0.000000	20717
0.000000	20717
0.000000	20717
0.000000	20717
0.000000	20717
0.000000	20717
0.000000	20717
0.000000	20717
0.000000	20717
0.000000	20717
0.000000	20717
0.000000	20717
0.000000	20717
0.000000	20717
0.000000	20717
0.000000	20717
0.000000	20717
0.000000	20717
0.000000	20717
0.000000	20717
0.000000	20717
0.000000	20717
0.000000	20717
0.000000	20717
0.000000	20717
0.000000	20717
0.000000	20717
0.000000	20717
0.000000	20717
0.000000	20717
0.000000	20717
0.000000	20717
0.000000	20717
0.000000	20717
0.000000	20717
0.000000	20717
0.000000	20717
0.000000	20717
0.000000	20717
0.000000	20717
0.000000	20717
0.000000	20717
0.000000	20717
0.000000	20717
0.000000	20717
0.000000	20717
0.000000	20717
0.000000	20717
0.000000	20717
0.000000	20717
0.000000	20717
0.000000	20717
0.000000	20717
0.000000	20717
0.000000	20717
0.000000	20717
0.000000	20717
0.000000	20717
0.000000	20717
0.000000	20717
0.000000	20717
0.000000	20717
0.000000	20717
0.000000	20717
0.000000	20717
0.000000	20717
0.000000	20717
0.000000	20717
0.000000	20717
0.000000	20717
0.000000	20717
0.000000	20717
0.000000	20717
0.000000	20717
0.000000	20717
0.000000	20717
0.000000	20717
0.000000	20717
0.000000	20717
0.000000	20717
0.000000	20717
0.000000	20717
0.000000	20717
0.000000	20717
0.000000	20717
0.000000	20717
0.000000	20717
0.000000	20717
0.000000	20717
0.000000	20717
0.000000	20717
0.000000	20717
0.000000	20717
0.000000	20717
0.000000	20717
0.000000	20717
0.000000	20717
0.000000	20717
0.000000	20717
0.000000	20717
0.000000	20717
0.000000	20717
0.000000	20717
0.000000	20717
0.000000	20717
0.000000	20717
0.000000	20717
0.000000	20717
0.000000	20717
0.000000	20717
0.000000	20717
0.000000	20717
0.000000	20717
0.000000	20717
0.000000	20717
0.000000	20717
0.000000	20717
0.000000	20717
0.000000	20717
0.000000	20717
0.000000	20717
0.000000	20717
0.000000	20717
0.000000	20717
0.000000	20717
0.000000	20717
0.000000	20717
0.000000	20717
0.000000	20717
0.000000	20717
0.000000	20717
0.000000	20717
0.000000	20717
0.000000	20717
0.000000	20717
0.000000	20717
0.000000	20717
0.000000	20717
0.000000	20717
0.000000	20717
0.000000	20717
0.000000	20717
0.000000	20717
0.000000	20717
0.000000	20717
0.000000	20717
0.000000	20717
0.000000	20717
0.000000	20717
0.000000	20717
0.000000	20717
0.000000	20717
0.000000	20717
0.000000	20717
0.000000	20717
0.000000	20717
0.000000	20717
0.000000	20717
0.000000	20717
0.000000	20717
0.000000	20717
0.000000	20717
0.000000	20717
0.000000	20717
0.000000	20717
0.000000	20717
0.000000	20717
0.000000	20717
0.000000	20717
0.000000	20717
0.000000	20717
0.000000	20717
0.000000	20717
0.000000	20717
0.000000	20717
0.000000	20717
0.000000	20717
0.000000	20717
0.000000	20717
0.000000	20717
0.000000	20717
0.000000	20717
0.000000	20717
0.000000	20717
0.000000	20717
0.000000	20717
0.000000	20717
0.000000	20717
0.000000	20717
0.000000	20717
0.000000	20717
0.000000	20717
0.000000	20717
0.000000	20717
0.000000	20717
0.000000	20717
0.000000	20717
0.000000	20717
0.000000	20717
0.000000	20717
0.000000	20717
0.000000	20717
0.000000	20717
0.000000	20717
0.000000	20717
0.000000	20717
0.000000	20717
0.000000	20717
0.000000	20717
0.000000	20717
0.000000	20717
0.000000	20717
0.000000	20717
0.000000	20717
0.000000	20717
0.000000	20717
0.000000	20717
0.000000	20717
0.000000	20717
0.000000	20717
0.000000	20717
0.000000	20717
0.000000	20717
0.000000	20717
0.000000	20717
0.000000	20717
0.000000	20717
0.000000	20717
0.000000	20717
0.000000	20717
0.000000	20717
0.000000	20717
0.000000	20717
0.000000	20717
0.000000	20717
0.000000	20717
0.000000	20717
0.000000	20717
0.000000	20717
0.000000	20717
0.000000	20717
0.000000	20717
0.000000	20717
0.000000	20717
0.000000	20717
0.000000	20717
0.000000	20717
0.000000	20717
0.000000	20717
0.000000	20717
0.000000	20717
0.000000	20717
0.000000	20717
0.000000	20717
0.000000	20717
0.000000	20717
0.000000	20717
0.000000	20717
0.000000	20717
0.000000	20717
0.000000	20717
0.000000	20717
0.000000	20717
0.000000	20717
0.000000	20717
0.000000	20717
0.000000	20717
0.000000	20717
0.000000	20717
0.000000	20717
0.000000	20717
0.000000	20717
0.000000	20717
0.000000	20717
0.000000	20717
0.000000	20717
0.000000	20717
0.000000	20717
0.000000	20717
0.000000	20717
0.000000	20717
0.000000	20717
0.000000	20717
0.000000	20717
0.000000	20717
0.000000	20717
0.000000	20717
0.000000	20717
0.000000	20717
0.000000	20717
0.000000	20717
0.000000	20717
0.000000	20717
0.000000	20717
0.000000	20717
0.000000	20717
0.000000	20717
0.000000	20717
0.000000	20717
0.000000	20717
0.000000	20717
0.000000	20717
0.000000	20717
0.000000	20717
0.000000	20717
0.000000	20717
0.000000	20717
0.000000	20717
0.000000	20717
0.000000	20717
0.000000	20717
0.000000	20717
0.000000	20717
0.000000	20717
0.000000	20717
0.000000	20717
0.000000	20717
0.000000	20717
0.000000	20717
0.000000	20717
0.000000	20717
0.000000	20717
0.000000	20717
0.000000	20717
0.000000	20717
0.000000	20717
0.000000	20717
0.000000	20717
0.000000	20717
0.000000	20717
0.000000	20717
0.000000	20717
0.000000	20717
0.000000	20717
0.000000	20717
0.000000	20717
0.000000	20717
0.000000	20717
0.000000	20717
0.000000	20717
0.000000	20717
0.000000	20717
0.000000	20717
0.000000	20717
0.000000	20717
0.000000	20717
0.000000	20717
0.000000	20717
0.000000	20717
0.000000	20717
0.000000	20717
0.000000	20717
0.000000	20717
0.000000	20717
0.000000	20717
0.000000	20717
0.000000	20717
0.000000	20717
0.000000	20717
0.000000	20717
0.000000	20717
0.000000	20717
0.000000	20717
0.000000	20717
0.000000	20717
0.000000	20717
0.000000	20717
0.000000	20717
0.000000	20717
0.000000	20717
0.000000	20717
0.000000	20717
0.000000	20717
0.000000	20717
0.000000	20717
0.000000	20717
0.000000	20717
0.000000	20717
0.000000	20717
0.000000	20717
0.000000	20717
0.000000	20717
0.000000	20717
0.000000	20717
0.000000	20717
0.000000	20717
0.000000	20717
0.000000	20717
0.000000	20717
0.000000	20717
0.000000	20717
0.000000	20717
0.000000	20717
0.000000	20717
0.000000	20717
0.000000	20717
0.000000	20717
0.000000	20717
0.000000	20717
0.000000	20717
0.000000	20717
0.000000	20717
0.000000	20717
0.000000	20717
0.000000	20717
0.000000	20717
0.000000	20717
0.000000	20717
0.000000	20717
0.000000	20717
0.000000	20717
0.000000	20717
0.000000	20717
0.000000	20717
0.000000	20717
0.000000	20717
0.000000	20717
0.000000	20717
0.000000	20717
0.000000	20717
0.000000	20717
0.000000	20717
0.000000	20717
0.000000	20717
0.000000	20717
0.000000	20717
0.000000	20717
0.000000	20717
0.000000	20717
0.000000	20717
0.000000	20717
0.000000	20717
0.000000	20717
0.000000	20717
0.000000	20717
0.000000	20717
0.000000	20717
0.000000	20717
0.000000	20717
0.000000	20717
0.000000	20717
0.000000	20717
0.000000	20717
0.000000	20717
0.000000	20717
0.000000	20717
0.000000	20717
0.000000	20717
0.000000	20717
0.000000	20717
0.000000	20717
0.000000	20717
0.000000	20717
0.000000	20717
0.000000	20717
0.000000	20717
0.000000	20717
0.000000	20717
0.000000	20717
0.000000	20717
0.000000	20717
0.000000	20717
0.000000	20717
0.000000	20717
0.000000	20717
0.000000	20717
0.000000	20717
0.000000	20717
0.000000	20717
0.000000	20717
0.000000	20717
0.000000	20717
0.000000	20717
0.000000	20717
0.000000	20717
0.000000	20717
0.000000	20717
0.000000	20717
0.000000	20717
0.000000	20717
0.000000	20717
0.000000	20717
0.000000	20717
0.000000	20717
0.000000	20717
0.000000	20717
0.000000	20717
0.000000	20717
0.000000	20717
0.000000	20717
0.000000	20717
0.000000	20717
0.000000	20717
0.000000	20717
0.000000	20717
0.000000	20717
0.000000	20717
0.000000	20717
0.000000	20717
0.000000	20717
0.000000	20717
0.000000	20717
0.000000	20717
0.000000	20717
0.000000	20717
0.000000	20717
0.000000	20717
0.000000	20717
0.000000	20717
0.000000	20717
0.000000	20717
0.000000	20717
0.000000	20717
0.000000	20717
0.000000	20717
0.000000	20717
0.000000	20717
0.000000	20717
0.000000	20717
0.000000	20717
0.000000	20717
0.000000	20717
0.000000	20717
0.000000	20717
0.000000	20717
0.000000	20717
0.000000	20717
0.000000	20717
0.000000	20717
0.000000	20717
0.000000	20717
0.000000	20717
0.000000	20717
0.000000	20717
0.000000	20717
0.000000	20717
0.000000	20717
0.000000	20717
0.000000	20717
0.000000	20717
0.000000	20717
0.000000	20717
0.000000	20717
0.000000	20717
0.000000	20717
0.000000	20717
0.000000	20717
0.000000	20717
0.000000	20717
0.000000	20717
0.000000	20717
0.000000	20717
0.000000	20717
0.000000	20717
0.000000	20717
0.000000	20717
0.000000	20717
0.000000	20717
0.000000	20717
0.000000	20717
0.000000	20717
0.000000	20717
0.000000	20717
0.000000	20717
0.000000	20717
0.000000	20717
0.000000	20717
0.000000	20717
0.000000	20717
0.000000	20717
0.000000	20717
0.000000	20717
0.000000	20717
0.000000	20717
0.000000	20717
0.000000	20717
0.000000	20717
0.000000	20717
0.000000	20717
0.000000	20717
0.000000	20717
0.000000	20717
0.000000	20717
0.000000	20717
0.000000	20717
0.000000	20717
0.000000	20717
0.000000	20717
0.000000	20717
0.000000	20717
0.000000	20717
0.000000	20717
0.000000	20717
0.000000	20717
0.000000	20717
0.000000	20717
0.000000	20717
0.000000	20717
0.000000	20717
0.000000	20717
0.000000	20717
0.000000	20717
0.000000	20717
0.000000	20717
0.000000	20717
0.000000	20717
0.000000	20717
0.000000	20717
0.000000	20717
0.000000	20717
0.000000	20717
0.000000	20717
0.000000	20717
0.000000	20717
0.000000	20717
0.000000	20717
0.000000	20717
0.000000	20717
0.000000	20717
0.000000	20717
0.000000	20717
0.000000	20717
0.000000	20717
0.000000	20717
0.000000	20717
0.000000	20717
0.000000	20717
0.000000	20717
0.000000	20717
0.000000	20717
0.000000	20717
0.000000	20717
0.000000	20717
0.000000	20717
0.000000	20717
0.000000	20717
0.000000	20717
0.000000	20717
0.000000	20717
0.000000	20717
0.000000	20717
0.000000	20717
0.000000	20717
0.000000	20717
0.000000	20717
0.000000	20717
0.000000	20717
0.000000	20717
0.000000	20717
0.000000	20717
0.000000	20717
0.000000	20717
0.000000	20717
0.000000	20717
0.000000	20717
0.000000	20717
0.000000	20717
0.000000	20717
0.000000	20717
0.000000	20717
0.000000	20717
0.000000	20717
0.000000	20717
0.000000	20717
0.000000	20717
0.000000	20717
0.000000	20717
0.000000	20717
0.000000	20717
0.000000	20717
0.000000	20717
0.000000	20717
0.000000	20717
0.000000	20717
0.000000	20717
0.000000	20717
0.000000	20717
0.000000	20717
0.000000	20717
0.000000	20717
0.000000	20717
0.000000	20717
0.000000	20717
0.000000	20717
0.000000	20717
0.000000	20717
0.000000	20717
0.000000	20717
0.000000	20717
0.000000	20717
0.000000	20717
0.000000	20717
0.000000	20717
0.000000	20717
0.000000	20717
0.000000	20717
0.000000	20717
0.000000	20717
0.000000	20717
0.000000	20717
0.000000	20717
0.000000	20717
0.000000	20717
0.000000	20717
0.000000	20717
0.000000	20717
0.000000	20717
0.000000	20717
0.000000	20717
0.000000	20717
0.000000	20717
0.000000	20717
0.000000	20717
0.000000	20717