ets Jul 29 2019 12:21:46

rst:0x1 (POWERON_RESET),boot:0x13 (SPI_FAST_FLASH_BOOT)
configsip: 0, SPIWP:0xee
clk_drv:0x00,q_drv:0x00,d_drv:0x00,cs0_drv:0x00,hd_drv:0x00,wp_drv:0x00
mode:DIO, clock div:2
load:0x3fff0030,len:1184
load:0x40078000,len:13192
load:0x40080400,len:3028
entry 0x400805e4
M1: 0 0.000000	 M2: 1 -0.000001
M1: 0 0.000000	 M2: 1 0.000000
M1: 0 0.000000	 M2: 1 0.000000
M1: 0 0.000000	 M2: 1 -0.000000
M1: 0 0.000000	 M2: 1 0.000000
M1: 0 0.000000	 M2: 1 0.000000
M1: 0 0.000000	 M2: 1 -0.000000
M1: 0 0.000000	 M2: 1 -0.000000
M1: 0 0.000000	 M2: 1 0.000000
M1: 0 0.000000	 M2: 1 -0.000000
M1: 0 0.000000	 M2: 1 -0.000000
M1: 0 0.000000	 M2: 1 0.000000
M1: 0 0.000000	 M2: 1 -0.000000
M1: 0 0.000000	 M2: 1 -0.000000
M1: 0 0.000000	 M2: 1 0.000000
M1: 0 0.000000	 M2: 1 0.000000
M1: 0 0.000000	 M2: 1 -0.000000
M1: 0 0.000000	 M2: 1 0.000000
M1: 0 0.000000	 M2: 1 0.000000
M1: 0 0.000000	 M2: 1 -0.000000
M1: 0 0.000000	 M2: 1 0.000000
M1: 0 0.000000	 M2: 1 0.000000
M1: 0 0.000000	 M2: 1 -0.000000
M1: 0 0.000000	 M2: 1 -0.000000
M1: 0 0.000000	 M2: 1 0.000000
M1: 0 0.000000	 M2: 1 -0.000000
M1: 0 0.000000	 M2: 1 -0.000000
M1: 0 0.000000	 M2: 1 0.000000
M1: 0 0.000000	 M2: 1 -0.000000
M1: 0 0.000000	 M2: 1 -0.000000
M1: 0 0.000000	 M2: 1 0.000000
M1: 0 0.000000	 M2: 1 -0.000000
M1: 0 0.000000	 M2: 1 -0.000000
M1: 0 0.000000	 M2: 1 0.000000
M1: 0 0.000000	 M2: 1 0.000000
M1: 213 112.774501	 M2: 213 110.257623
M1: 468 112.169551	 M2: 466 111.078973
M1: 723 112.133193	 M2: 719 111.272028
M1: 978 112.665608	 M2: 972 111.428138
M1: 1233 111.466822	 M2: 1225 112.014367
M1: 1488 111.986358	 M2: 1478 111.999680
M1: 1743 112.544031	 M2: 1731 111.948389
M1: 1997 112.359617	 M2: 1984 111.245684
M1: 2252 111.110908	 M2: 2237 110.400899
M1: 2507 111.985016	 M2: 2490 110.157763
M1: 2762 112.319084	 M2: 2743 111.375753
M1: 3016 111.568921	 M2: 2997 111.427001
M1: 3271 112.190540	 M2: 3250 112.032970
M1: 3526 112.593651	 M2: 3503 112.020714
M1: 3780 112.019475	 M2: 3756 111.972183
M1: 4035 111.969009	 M2: 4009 111.127636
M1: 4290 112.546725	 M2: 4262 110.423918
M1: 4544 112.236137	 M2: 4515 110.196100
M1: 4799 110.494812	 M2: 4768 111.387614
M1: 5054 111.963560	 M2: 5021 111.171852
M1: 5308 103.510366	 M2: 5274 102.133873
M1: 5361 0.008010	 M2: 5324 0.004001
M1: 5361 0.000000	 M2: 5324 -0.000000
M1: 5361 -0.000000	 M2: 5324 -0.000000
M1: 5361 0.000000	 M2: 5324 0.000000
M1: 5361 0.000000	 M2: 5324 0.000000
M1: 5361 -0.000000	 M2: 5324 -0.000000
M1: 5361 0.000000	 M2: 5324 0.000000
M1: 5361 0.000000	 M2: 5324 0.000000
M1: 5361 -0.000000	 M2: 5324 -0.000000
M1: 5361 -0.000000	 M2: 5324 -0.000000
M1: 5361 0.000000	 M2: 5324 0.000000
M1: 5361 -0.000000	 M2: 5324 -0.000000
M1: 5361 -0.000000	 M2: 5324 -0.000000
M1: 5361 0.000000	 M2: 5324 0.000000
M1: 5361 0.000000	 M2: 5324 -0.000000
M1: 5361 -0.000000	 M2: 5324 -0.000000
M1: 5361 0.000000	 M2: 5324 0.000000
M1: 5361 0.000000	 M2: 5324 0.000000
M1: 5361 -0.000000	 M2: 5324 -0.000000
M1: 5361 0.000000	 M2: 5324 0.000000
M1: 5361 0.000000	 M2: 5324 0.000000
M1: 5361 -0.000000	 M2: 5324 -0.000000
M1: 5361 0.000000	 M2: 5324 0.000000
M1: 5361 0.000000	 M2: 5324 0.000000
M1: 5361 -0.000000	 M2: 5324 -0.000000
M1: 5361 -0.000000	 M2: 5324 -0.000000
M1: 5361 0.000000	 M2: 5324 0.000000
M1: 5361 -0.000000	 M2: 5324 -0.000000
M1: 5361 -0.000000	 M2: 5324 -0.000000
M1: 5361 0.000000	 M2: 5324 0.000000
M1: 5361 -0.000000	 M2: 5324 -0.000000
M1: 5361 -0.000000	 M2: 5324 -0.000000
M1: 5361 0.000000	 M2: 5324 0.000000
M1: 5361 -0.000000	 M2: 5324 -0.000000
M1: 5361 -0.000000	 M2: 5324 -0.000000
M1: 5361 0.000000	 M2: 5324 0.000000
M1: 5361 -0.000000	 M2: 5324 -0.000000
M1: 5361 -0.000000	 M2: 5324 -0.000000
M1: 5361 0.000000	 M2: 5324 0.000000
M1: 5361 0.000000	 M2: 5324 0.000000
M1: 5361 -0.000000	 M2: 5324 -0.000000
M1: 5361 0.000000	 M2: 5324 0.000000
M1: 5361 0.000000	 M2: 5324 0.000000
M1: 5361 0.000000	 M2: 5324 0.000000
M1: 5361 0.000000	 M2: 5324 0.000000
M1: 5361 0.000000	 M2: 5324 0.000000
M1: 5361 0.000000	 M2: 5324 0.000000
M1: 5361 0.000000	 M2: 5324 0.000000
M1: 5361 0.000000	 M2: 5324 0.000000
M1: 5361 0.000000	 M2: 5324 0.000000
M1: 5361 0.000000	 M2: 5324 0.000000
M1: 5361 0.000000	 M2: 5324 0.000000
M1: 5361 0.000000	 M2: 5324 0.000000
M1: 5361 0.000000	 M2: 5324 0.000000
M1: 5361 0.000000	 M2: 5324 0.000000
M1: 5361 0.000000	 M2: 5324 0.000000
M1: 5361 0.000000	 M2: 5324 0.000000
M1: 5361 0.000000	 M2: 5324 0.000000
M1: 5361 0.000000	 M2: 5324 0.000000
M1: 5361 0.000000	 M2: 5324 0.000000
M1: 5361 0.000000	 M2: 5324 0.000000
M1: 5361 0.000000	 M2: 5324 0.000000
M1: 5361 0.000000	 M2: 5324 0.000000
M1: 5361 0.000000	 M2: 5324 0.000000
M1: 5361 0.000000	 M2: 5324 0.000000
M1: 5361 0.000000	 M2: 5324 0.000000
M1: 5361 0.000000	 M2: 5324 0.000000
M1: 5361 0.000000	 M2: 5324 0.000000
M1: 5361 0.000000	 M2: 5324 0.000000
M1: 5361 0.000000	 M2: 5324 0.000000
M1: 5361 0.000000	 M2: 5324 0.000000
M1: 5361 0.000000	 M2: 5324 0.000000
M1: 5361 0.000000	 M2: 5324 0.000000
M1: 5361 0.000000	 M2: 5324 0.000000
M1: 5361 0.000000	 M2: 5324 0.000000
M1: 5361 0.000000	 M2: 5324 0.000000
M1: 5361 0.000000	 M2: 5324 0.000000
M1: 5361 0.000000	 M2: 5324 0.000000
M1: 5361 0.000000	 M2: 5324 0.000000
M1: 5361 0.000000	 M2: 5324 0.000000
M1: 5361 0.000000	 M2: 5324 0.000000
M1: 5361 0.000000	 M2: 5324 0.000000
M1: 5361 0.000000	 M2: 5324 0.000000
M1: 5361 0.000000	 M2: 5324 0.000000
M1: 5361 0.000000	 M2: 5324 0.000000
M1: 5361 0.000000	 M2: 5324 0.000000
M1: 5361 0.000000	 M2: 5324 0.000000
M1: 5361 0.000000	 M2: 5324 0.000000
M1: 5361 0.000000	 M2: 5324 0.000000
M1: 5361 0.000000	 M2: 5324 0.000000
M1: 5361 0.000000	 M2: 5324 0.000000
M1: 5361 0.000000	 M2: 5324 0.000000
M1: 5361 0.000000	 M2: 5324 0.000000
M1: 5361 0.000000	 M2: 5324 0.000000
M1: 5361 0.000000	 M2: 5324 0.000000
M1: 5361 0.000000	 M2: 5324 0.000000
M1: 5361 0.000000	 M2: 5324 0.000000
M1: 5361 0.000000	 M2: 5324 0.000000
M1: 5361 0.000000	 M2: 5324 0.000000
M1: 5361 0.000000	 M2: 5324 0.000000
M1: 5361 0.000000	 M2: 5324 0.000000
M1: 5361 0.000000	 M2: 5324 0.000000
M1: 5361 0.000000	 M2: 5324 0.000000
M1: 5361 0.000000	 M2: 5324 0.000000
M1: 5361 0.000000	 M2: 5324 0.000000
M1: 5361 0.000000	 M2: 5324 0.000000
M1: 5361 0.000000	 M2: 5324 0.000000
M1: 5361 0.000000	 M2: 5324 0.000000
M1: 5361 0.000000	 M2: 5324 0.000000
M1: 5361 0.000000	 M2: 5324 0.000000
M1: 5361 0.000000	 M2: 5324 0.000000
M1: 5361 0.000000	 M2: 5324 0.000000
M1: 5361 0.000000	 M2: 5324 0.000000
M1: 5361 0.000000	 M2: 5324 0.000000
M1: 5361 0.000000	 M2: 5324 0.000000
M1: 5361 0.000000	 M2: 5324 0.000000
M1: 5361 0.000000	 M2: 5324 0.000000
M1: 5361 0.000000	 M2: 5324 0.000000
M1: 5361 0.000000	 M2: 5324 0.000000
M1: 5361 0.000000	 M2: 5324 0.000000
M1: 5361 0.000000	 M2: 5324 0.000000
M1: 5361 0.000000	 M2: 5324 0.000000
M1: 5361 0.000000	 M2: 5324 0.000000
M1: 5361 0.000000	 M2: 5324 0.000000
M1: 5361 0.000000	 M2: 5324 0.000000
M1: 5361 0.000000	 M2: 5324 0.000000
M1: 5361 0.000000	 M2: 5324 0.000000
M1: 5361 0.000000	 M2: 5324 0.000000
M1: 5361 0.000000	 M2: 5324 0.000000
M1: 5361 0.000000	 M2: 5324 0.000000
M1: 5361 0.000000	 M2: 5324 0.000000
M1: 5361 0.000000	 M2: 5324 0.000000
M1: 5361 0.000000	 M2: 5324 0.000000
M1: 5361 0.000000	 M2: 5324 0.000000
M1: 5361 0.000000	 M2: 5324 0.000000
M1: 5361 0.000000	 M2: 5324 0.000000
M1: 5361 0.000000	 M2: 5324 0.000000
M1: 5361 0.000000	 M2: 5324 0.000000
M1: 5361 0.000000	 M2: 5324 0.000000
