ets Jul 29 2019 12:21:46

rst:0x1 (POWERON_RESET),boot:0x13 (SPI_FAST_FLASH_BOOT)
configsip: 0, SPIWP:0xee
clk_drv:0x00,q_drv:0x00,d_drv:0x00,cs0_drv:0x00,hd_drv:0x00,wp_drv:0x00
mode:DIO, clock div:2
load:0x3fff0030,len:1184
load:0x40078000,len:13192
load:0x40080400,len:3028
entry 0x400805e4

0.000000	43
0.000000	48
0.000000	53
0.000000	58
0.000000	63
0.000000	67
0.000000	72
0.000000	77
0.000000	82
0.000000	86
0.000000	91
0.000000	96
0.000000	101
0.000000	105
0.000000	110
0.000000	115
0.000000	120
0.000000	124
0.000000	129
0.000000	134
0.000000	139
0.000000	143
0.000000	148
0.000000	153
0.000000	158
0.000000	162
0.000000	167
0.000000	172
0.000000	177
0.000000	181
0.000000	186
0.000000	191
0.000000	196
0.000000	200
0.000000	205
0.000000	210
0.000000	215
0.000000	219
0.000000	224
0.000000	229
0.000000	234
0.000000	238
0.000000	243
0.000000	248
0.000000	253
0.000000	257
0.000000	262
0.000000	267
0.000000	272
0.000000	276
0.000000	281
0.000000	286
0.000000	291
0.000000	295
0.000000	300
0.000000	305
0.000000	310
0.000000	314
0.000000	319
0.000000	324
0.000000	329
0.000000	333
0.000000	338
0.000000	343
0.000000	348
0.000000	352
0.000000	357
0.000000	362
0.000000	367
0.000000	371
0.000000	376
0.000000	381
0.000000	386
0.000000	390
0.000000	395
0.000000	400
0.000000	405
0.000000	410
0.000000	414
0.000000	419
0.000000	424
0.000000	428
0.000000	433
0.000000	438
0.000000	443
0.000000	448
0.000000	452
0.000000	457
0.000000	462
0.000000	467
0.000000	471
0.000000	476
0.000000	481
0.000000	486
0.000000	490
0.000000	495
0.000000	500
0.000000	505
0.000000	509
0.000000	514
0.000000	519
0.000000	524
0.000000	528
0.000000	533
0.000000	538
0.000000	543
0.000000	547
0.000000	552
0.000000	557
0.000000	562
0.000000	566
0.000000	571
0.000000	576
0.000000	581
0.000000	585
0.000000	590
0.000000	595
0.000000	600
0.000000	604
0.000000	609
0.000000	614
0.000000	619
0.000000	623
0.000000	628
0.000000	633
0.000000	638
0.000000	642
0.000000	647
0.000000	652
0.000000	657
0.000000	661
0.000000	666
0.000000	671
0.000000	676
0.000000	680
0.000000	685
0.000000	690
0.000000	695
0.000000	699
0.000000	704
0.000000	709
0.000000	714
0.000000	718
0.000000	723
0.000000	728
0.000000	733
0.000000	737
0.000000	742
0.000000	747
0.000000	752
0.000000	756
0.000000	761
0.000000	766
0.000000	771
0.000000	775
0.000000	780
0.000000	785
0.000000	790
0.000000	794
0.000000	799
0.000000	804
0.000000	809
0.000000	813
0.000000	818
0.000000	823
0.000000	828
0.000000	832
0.000000	837
0.000000	842
0.000000	847
0.000000	851
0.000000	856
0.000000	861
0.000000	866
0.000000	870
0.000000	875
0.000000	880
0.000000	885
0.000000	889
0.000000	894
0.000000	899
0.000000	904
0.000000	908
0.000000	913
0.000000	918
0.000000	923
0.000000	927
0.000000	932
0.000000	937
0.000000	942
0.000000	946
0.000000	951
0.000000	956
0.000000	961
0.000000	965
0.000000	970
0.000000	975
0.000000	980
0.000000	984
0.000000	989
0.000000	994
0.000000	999
0.000000	1003
0.000000	1008
0.000000	1013
0.000000	1018
0.000000	1022
0.000000	1027
0.000000	1032
0.000000	1037
0.000000	1041
0.000000	1046
0.000000	1051
0.000000	1056
0.000000	1060
0.000000	1065
0.000000	1070
0.000000	1075
0.000000	1079
0.000000	1084
0.000000	1089
0.000000	1094
0.000000	1099
0.000000	1103
0.000000	1108
0.000000	1113
0.000000	1118
0.000000	1122
0.000000	1127
0.000000	1132
0.000000	1137
0.000000	1141
0.000000	1146
0.000000	1151
0.000000	1156
0.000000	1160
0.000000	1165
0.000000	1170
0.000000	1175
0.000000	1179
0.000000	1184
0.000000	1185
0.000000	1189
0.000000	1193
0.000000	1198
0.000000	1203
0.000000	1208
0.000000	1212
0.000000	1217
0.000000	1222
0.000000	1227
0.000000	1231
0.000000	1236
0.000000	1241
0.000000	1246
0.000000	1250
0.000000	1255
0.000000	1260
0.000000	1265
0.000000	1269
0.000000	1274
0.000000	1279
0.000000	1284
0.000000	1288
0.000000	1293
0.000000	1298
0.000000	1303
0.000000	1307
0.000000	1312
0.000000	1317
0.000000	1322
0.000000	1326
0.000000	1331
0.000000	1336
0.000000	1341
0.000000	1345
0.000000	1350
0.000000	1355
0.000000	1360
0.000000	1364
0.000000	1369
0.000000	1374
0.000000	1379
0.000000	1383
0.000000	1388
0.000000	1393
0.000000	1398
0.000000	1402
0.000000	1407
0.000000	1412
0.000000	1417
0.000000	1421
0.000000	1426
0.000000	1431
0.000000	1436
0.000000	1440
0.000000	1445
0.000000	1450
0.000000	1455
0.000000	1459
0.000000	1464
0.000000	1469
0.000000	1474
0.000000	1478
0.000000	1483
0.000000	1488
0.000000	1493
0.000000	1497
0.000000	1502
0.000000	1507
0.000000	1512
0.000000	1516
0.000000	1521
0.000000	1526
0.000000	1531
0.000000	1535
0.000000	1540
0.000000	1545
0.000000	1550
0.000000	1554
0.000000	1559
0.000000	1564
0.000000	1569
0.000000	1573
0.000000	1578
0.000000	1583
0.000000	1588
0.000000	1592
0.000000	1597
0.000000	1602
0.000000	1607
0.000000	1611
0.000000	1616
0.000000	1621
0.000000	1626
0.000000	1630
0.000000	1635
0.000000	1640
0.000000	1645
0.000000	1649
0.000000	1654
0.000000	1659
0.000000	1664
0.000000	1668
0.000000	1673
0.000000	1678
0.000000	1683
0.000000	1687
0.000000	1692
0.000000	1697
0.000000	1702
0.000000	1706
0.000000	1711
0.000000	1716
0.000000	1721
0.000000	1725
0.000000	1730
0.000000	1735
0.000000	1740
0.000000	1744
0.000000	1749
0.000000	1754
0.000000	1759
0.000000	1763
0.000000	1768
0.000000	1773
0.000000	1778
0.000000	1782
0.000000	1787
0.000000	1792
0.000000	1797
0.000000	1801
0.000000	1806
0.000000	1811
0.000000	1816
0.000000	1820
0.000000	1825
0.000000	1830
0.000000	1835
0.000000	1839
0.000000	1844
0.000000	1849
0.000000	1854
0.000000	1858
0.000000	1863
0.000000	1868
0.000000	1873
0.000000	1877
0.000000	1882
0.000000	1887
0.000000	1891
0.000000	1896
0.000000	1901
0.000000	1906
0.000000	1911
0.000000	1915
0.000000	1920
0.000000	1925
0.000000	1929
0.000000	1934
0.000000	1939
0.000000	1944
0.000000	1949
0.000000	1953
0.000000	1958
0.000000	1963
0.000000	1967
0.000000	1972
0.000000	1977
0.000000	1982
0.000000	1987
0.000000	1991
0.000000	1996
0.000000	2001
0.000000	2005
0.000000	2010
0.000000	2015
0.000000	2020
0.000000	2024
0.000000	2029
0.000000	2034
0.000000	2039
0.000000	2043
0.000000	2048
0.000000	2053
0.000000	2058
0.000000	2062
0.000000	2067
0.000000	2072
0.000000	2077
0.000000	2081
0.000000	2086
0.000000	2091
0.000000	2096
0.000000	2100
0.000000	2105
0.000000	2110
0.000000	2115
0.000000	2119
0.000000	2124
0.000000	2129
0.000000	2134
0.000000	2138
0.000000	2143
0.000000	2148
0.000000	2153
0.000000	2157
0.000000	2162
0.000000	2167
0.000000	2172
0.000000	2176
0.000000	2181
0.000000	2186
0.000000	2191
0.000000	2195
0.000000	2200
0.000000	2205
0.000000	2210
0.000000	2214
0.000000	2219
0.000000	2224
0.000000	2229
0.000000	2233
0.000000	2238
0.000000	2243
0.000000	2248
0.000000	2252
0.000000	2257
0.000000	2262
0.000000	2267
0.000000	2271
0.000000	2276
0.000000	2281
0.000000	2286
0.000000	2290
0.000000	2295
0.000000	2300
0.000000	2305
0.000000	2309
0.000000	2314
0.000000	2319
0.000000	2324
0.000000	2328
0.000000	2333
0.000000	2338
0.000000	2343
0.000000	2347
0.000000	2352
0.000000	2357
0.000000	2362
0.000000	2366
0.000000	2371
0.000000	2375
0.000000	2379
0.000000	2382
0.000000	2385
0.000000	2387
0.000000	2387
0.000000	2387
0.000000	2387
0.000000	2387
0.000000	2387
0.000000	2387
0.000000	2387
0.000000	2387
0.000000	2387
0.000000	2387
0.000000	2387
0.000000	2387
0.000000	2387
0.000000	2387
0.000000	2387
0.000000	2387
0.000000	2387
0.000000	2387
0.000000	2387
0.000000	2387
0.000000	2387
0.000000	2387
0.000000	2387
0.000000	2387
0.000000	2387
0.000000	2387
0.000000	2387
0.000000	2387
0.000000	2387
0.000000	2387
0.000000	2387
0.000000	2387
0.000000	2387
0.000000	2387
0.000000	2387
0.000000	2387
0.000000	2387
0.000000	2387
0.000000	2387
0.000000	2387
0.000000	2387
0.000000	2387
0.000000	2387
0.000000	2387
0.000000	2387
0.000000	2387
0.000000	2387
0.000000	2387
0.000000	2387
0.000000	2387
0.000000	2387
0.000000	2387
0.000000	2387
0.000000	2387
0.000000	2387
0.000000	2387
0.000000	2387
0.000000	2387
0.000000	2387
0.000000	2387
0.000000	2387
0.000000	2387
0.000000	2387
0.000000	2387
0.000000	2387
0.000000	2387
0.000000	2387
0.000000	2387
0.000000	2387
0.000000	2387
0.000000	2387
0.000000	2387
0.000000	2387
0.000000	2387
0.000000	2387
0.000000	2387
0.000000	2387
0.000000	2387
0.000000	2387
0.000000	2387
0.000000	2387
0.000000	2387
0.000000	2387
0.000000	2387
0.000000	2387
0.000000	2387
0.000000	2387
0.000000	2387
0.000000	2387
0.000000	2387
0.000000	2387
0.000000	2387
0.000000	2387
0.000000	2387
0.000000	2387
0.000000	2387
0.000000	2387
0.000000	2387
0.000000	2387
0.000000	2387
0.000000	2387
0.000000	2387
0.000000	2387
0.000000	2387
0.000000	2387
0.000000	2387
0.000000	2387
0.000000	2387
0.000000	2387
0.000000	2387
0.000000	2387
0.000000	2387
0.000000	2387
0.000000	2387
0.000000	2387
0.000000	2387
0.000000	2387
0.000000	2387
0.000000	2387
0.000000	2387
0.000000	2387
0.000000	2387
0.000000	2387
0.000000	2387
0.000000	2387
0.000000	2387
0.000000	2387
0.000000	2387
0.000000	2387
0.000000	2387
0.000000	2387
0.000000	2387
0.000000	2387
0.000000	2387
0.000000	2387
0.000000	2387
0.000000	2387
0.000000	2387
0.000000	2387
0.000000	2387
0.000000	2387
0.000000	2387
0.000000	2387
0.000000	2387
0.000000	2387
0.000000	2387
0.000000	2387
0.000000	2387
0.000000	2387
0.000000	2387
0.000000	2387
0.000000	2387
0.000000	2387
0.000000	2387
0.000000	2387
0.000000	2387
0.000000	2387
0.000000	2387
0.000000	2387
0.000000	2387
0.000000	2387
0.000000	2387
0.000000	2387
0.000000	2387
0.000000	2387
0.000000	2387
0.000000	2387
0.000000	2387
0.000000	2387
0.000000	2387
0.000000	2387
0.000000	2387
0.000000	2387
0.000000	2387
0.000000	2387
0.000000	2387
0.000000	2387
0.000000	2387
0.000000	2387
0.000000	2387
0.000000	2387
0.000000	2387
0.000000	2387
0.000000	2387
0.000000	2387
0.000000	2387
0.000000	2387
0.000000	2387
0.000000	2387
0.000000	2387
0.000000	2387
0.000000	2387
0.000000	2387
0.000000	2387
0.000000	2387
0.000000	2387
0.000000	2387
0.000000	2387
0.000000	2387
0.000000	2387
0.000000	2387
0.000000	2387
0.000000	2387
0.000000	2387
0.000000	2387
0.000000	2387
0.000000	2387
0.000000	2387
0.000000	2387
0.000000	2387
0.000000	2387
0.000000	2387
0.000000	2387
0.000000	2387
0.000000	2387
0.000000	2387
0.000000	2387
0.000000	2387
0.000000	2387
0.000000	2387
0.000000	2387
0.000000	2387
0.000000	2387
0.000000	2387
0.000000	2387
0.000000	2387
0.000000	2387
0.000000	2387
0.000000	2387
0.000000	2387
0.000000	2387
0.000000	2387
0.000000	2387
0.000000	2387
0.000000	2387
0.000000	2387
0.000000	2387
0.000000	2387
0.000000	2387
0.000000	2387
0.000000	2387
0.000000	2387
0.000000	2387
0.000000	2387
0.000000	2387
0.000000	2391
0.000000	2396
0.000000	2401
0.000000	2406
0.000000	2410
0.000000	2415
0.000000	2420
0.000000	2424
0.000000	2429
0.000000	2434
0.000000	2439
0.000000	2444
0.000000	2448
0.000000	2453
0.000000	2458
0.000000	2463
0.000000	2467
0.000000	2472
0.000000	2477
0.000000	2482
0.000000	2486
0.000000	2491
0.000000	2496
0.000000	2501
0.000000	2505
0.000000	2510
0.000000	2515
0.000000	2520
0.000000	2524
0.000000	2529
0.000000	2534
0.000000	2539
0.000000	2543
0.000000	2548
0.000000	2553
0.000000	2558
0.000000	2562
0.000000	2567
0.000000	2572
0.000000	2577
0.000000	2581
0.000000	2586
0.000000	2591
0.000000	2596
0.000000	2600
0.000000	2605
0.000000	2610
0.000000	2615
0.000000	2619
0.000000	2624
0.000000	2629
0.000000	2634
0.000000	2638
0.000000	2643
0.000000	2648
0.000000	2653
0.000000	2657
0.000000	2662
0.000000	2667
0.000000	2672
0.000000	2676
0.000000	2681
0.000000	2686
0.000000	2691
0.000000	2695
0.000000	2700
0.000000	2705
0.000000	2710
0.000000	2714
0.000000	2719
0.000000	2724
0.000000	2729
0.000000	2733
0.000000	2738
0.000000	2743
0.000000	2748
0.000000	2752
0.000000	2757
0.000000	2762
0.000000	2767
0.000000	2771
0.000000	2776
0.000000	2781
0.000000	2786
0.000000	2790
0.000000	2795
0.000000	2800
0.000000	2805
0.000000	2809
0.000000	2814
0.000000	2819
0.000000	2824
0.000000	2828
0.000000	2833
0.000000	2838
0.000000	2843
0.000000	2847
0.000000	2852
0.000000	2857
0.000000	2862
0.000000	2866
0.000000	2871
0.000000	2876
0.000000	2881
0.000000	2885
0.000000	2890
0.000000	2895
0.000000	2900
0.000000	2904
0.000000	2909
0.000000	2914
0.000000	2919
0.000000	2923
0.000000	2928
0.000000	2933
0.000000	2938
0.000000	2942
0.000000	2947
0.000000	2952
0.000000	2957
0.000000	2961
0.000000	2966
0.000000	2971
0.000000	2976
0.000000	2980
0.000000	2985
0.000000	2990
0.000000	2995
0.000000	2999
0.000000	3004
0.000000	3009
0.000000	3014
0.000000	3018
0.000000	3023
0.000000	3028
0.000000	3033
0.000000	3037
0.000000	3042
0.000000	3047
0.000000	3052
0.000000	3056
0.000000	3061
0.000000	3066
0.000000	3071
0.000000	3075
0.000000	3080
0.000000	3085
0.000000	3090
0.000000	3095
0.000000	3099
0.000000	3104
0.000000	3109
0.000000	3114
0.000000	3118
0.000000	3123
0.000000	3128
0.000000	3133
0.000000	3137
0.000000	3142
0.000000	3147
0.000000	3152
0.000000	3156
0.000000	3161
0.000000	3166
0.000000	3171
0.000000	3175
0.000000	3180
0.000000	3185
0.000000	3190
0.000000	3194
0.000000	3199
0.000000	3204
0.000000	3209
0.000000	3213
0.000000	3218
0.000000	3223
0.000000	3228
0.000000	3232
0.000000	3237
0.000000	3242
0.000000	3247
0.000000	3251
0.000000	3256
0.000000	3261
0.000000	3266
0.000000	3270
0.000000	3275
0.000000	3280
0.000000	3285
0.000000	3289
0.000000	3294
0.000000	3299
0.000000	3304
0.000000	3308
0.000000	3313
0.000000	3318
0.000000	3323
0.000000	3327
0.000000	3332
0.000000	3337
0.000000	3342
0.000000	3346
0.000000	3351
0.000000	3356
0.000000	3361
0.000000	3365
0.000000	3370
0.000000	3375
0.000000	3380
0.000000	3384
0.000000	3389
0.000000	3394
0.000000	3399
0.000000	3403
0.000000	3408
0.000000	3413
0.000000	3418
0.000000	3422
0.000000	3427
0.000000	3432
0.000000	3437
0.000000	3441
0.000000	3446
0.000000	3451
0.000000	3456
0.000000	3460
0.000000	3465
0.000000	3470
0.000000	3475
0.000000	3479
0.000000	3484
0.000000	3489
0.000000	3494
0.000000	3498
0.000000	3503
0.000000	3508
0.000000	3513
0.000000	3517
0.000000	3522
0.000000	3527
0.000000	3532
0.000000	3537
0.000000	3541
0.000000	3546
0.000000	3551
0.000000	3556
0.000000	3560
0.000000	3565
0.000000	3570
0.000000	3571
0.000000	3574
0.000000	3579
0.000000	3583
0.000000	3588
0.000000	3593
0.000000	3598
0.000000	3602
0.000000	3607
0.000000	3612
0.000000	3617
0.000000	3621
0.000000	3626
0.000000	3631
0.000000	3636
0.000000	3640
0.000000	3645
0.000000	3650
0.000000	3655
0.000000	3659
0.000000	3664
0.000000	3669
0.000000	3674
0.000000	3678
0.000000	3683
0.000000	3688
0.000000	3693
0.000000	3697
0.000000	3702
0.000000	3707
0.000000	3712
0.000000	3716
0.000000	3721
0.000000	3726
0.000000	3731
0.000000	3735
0.000000	3740
0.000000	3745
0.000000	3750
0.000000	3754
0.000000	3759
0.000000	3764
0.000000	3769
0.000000	3773
0.000000	3778
0.000000	3783
0.000000	3787
0.000000	3792
0.000000	3797
0.000000	3802
0.000000	3807
0.000000	3811
0.000000	3816
0.000000	3821
0.000000	3825
0.000000	3830
0.000000	3835
0.000000	3840
0.000000	3845
0.000000	3849
0.000000	3854
0.000000	3859
0.000000	3863
0.000000	3868
0.000000	3873
0.000000	3878
0.000000	3883
0.000000	3887
0.000000	3892
0.000000	3897
0.000000	3901
0.000000	3906
0.000000	3911
0.000000	3916
0.000000	3921
0.000000	3925
0.000000	3930
0.000000	3935
0.000000	3940
0.000000	3944
0.000000	3949
0.000000	3954
0.000000	3958
0.000000	3963
0.000000	3968
0.000000	3973
0.000000	3978
0.000000	3982
0.000000	3987
0.000000	3992
0.000000	3996
0.000000	4001
0.000000	4006
0.000000	4011
0.000000	4015
0.000000	4020
0.000000	4025
0.000000	4030
0.000000	4034
0.000000	4039
0.000000	4044
0.000000	4049
0.000000	4053
0.000000	4058
0.000000	4063
0.000000	4068
0.000000	4072
0.000000	4077
0.000000	4082
0.000000	4087
0.000000	4091
0.000000	4096
0.000000	4101
0.000000	4106
0.000000	4110
0.000000	4115
0.000000	4120
0.000000	4125
0.000000	4129
0.000000	4134
0.000000	4139
0.000000	4144
0.000000	4148
0.000000	4153
0.000000	4158
0.000000	4163
0.000000	4167
0.000000	4172
0.000000	4177
0.000000	4182
0.000000	4186
0.000000	4191
0.000000	4196
0.000000	4201
0.000000	4205
0.000000	4210
0.000000	4215
0.000000	4220
0.000000	4224
0.000000	4229
0.000000	4234
0.000000	4239
0.000000	4243
0.000000	4248
0.000000	4253
0.000000	4258
0.000000	4262
0.000000	4267
0.000000	4272
0.000000	4277
0.000000	4281
0.000000	4286
0.000000	4291
0.000000	4296
0.000000	4300
0.000000	4305
0.000000	4310
0.000000	4315
0.000000	4319
0.000000	4324
0.000000	4329
0.000000	4334
0.000000	4338
0.000000	4343
0.000000	4348
0.000000	4353
0.000000	4357
0.000000	4362
0.000000	4367
0.000000	4372
0.000000	4376
0.000000	4381
0.000000	4386
0.000000	4391
0.000000	4395
0.000000	4400
0.000000	4405
0.000000	4410
0.000000	4414
0.000000	4419
0.000000	4424
0.000000	4429
0.000000	4433
0.000000	4438
0.000000	4443
0.000000	4448
0.000000	4452
0.000000	4457
0.000000	4462
0.000000	4467
0.000000	4471
0.000000	4476
0.000000	4481
0.000000	4486
0.000000	4490
0.000000	4495
0.000000	4500
0.000000	4505
0.000000	4509
0.000000	4514
0.000000	4519
0.000000	4524
0.000000	4528
0.000000	4533
0.000000	4538
0.000000	4543
0.000000	4547
0.000000	4552
0.000000	4557
0.000000	4562
0.000000	4566
0.000000	4571
0.000000	4576
0.000000	4581
0.000000	4585
0.000000	4590
0.000000	4595
0.000000	4600
0.000000	4604
0.000000	4609
0.000000	4614
0.000000	4619
0.000000	4623
0.000000	4628
0.000000	4633
0.000000	4638
0.000000	4642
0.000000	4647
0.000000	4652
0.000000	4657
0.000000	4661
0.000000	4666
0.000000	4671
0.000000	4676
0.000000	4680
0.000000	4685
0.000000	4690
0.000000	4695
0.000000	4699
0.000000	4704
0.000000	4709
0.000000	4714
0.000000	4718
0.000000	4723
0.000000	4728
0.000000	4733
0.000000	4737
0.000000	4742
0.000000	4747
0.000000	4752
0.000000	4756
0.000000	4760
0.000000	4765
0.000000	4768
0.000000	4771
0.000000	4773
0.000000	4773
0.000000	4773
0.000000	4773
0.000000	4773
0.000000	4773
0.000000	4773
0.000000	4773
0.000000	4773
0.000000	4773
0.000000	4773
0.000000	4773
0.000000	4773
0.000000	4773
0.000000	4773
0.000000	4773
0.000000	4773
0.000000	4773
0.000000	4773
0.000000	4773
0.000000	4773
0.000000	4773
0.000000	4773
0.000000	4773
0.000000	4773
0.000000	4773
0.000000	4773
0.000000	4773
0.000000	4773
0.000000	4773
0.000000	4773
0.000000	4773
0.000000	4773
0.000000	4773
0.000000	4773
0.000000	4773
0.000000	4773
0.000000	4773
0.000000	4773
0.000000	4773
0.000000	4773
0.000000	4773
0.000000	4773
0.000000	4773
0.000000	4773
0.000000	4773
0.000000	4773
0.000000	4773
0.000000	4773
0.000000	4773
0.000000	4773
0.000000	4773
0.000000	4773
0.000000	4773
0.000000	4773
0.000000	4773
0.000000	4773
0.000000	4773
0.000000	4773
0.000000	4773
0.000000	4773
0.000000	4773
0.000000	4773
0.000000	4773
0.000000	4773
0.000000	4773
0.000000	4773
0.000000	4773
0.000000	4773
0.000000	4773
0.000000	4773
0.000000	4773
0.000000	4773
0.000000	4773
0.000000	4773
0.000000	4773
0.000000	4773
0.000000	4773
0.000000	4773
0.000000	4773
0.000000	4773
0.000000	4773
0.000000	4773
0.000000	4773
0.000000	4773
0.000000	4773
0.000000	4773
0.000000	4773
0.000000	4773
0.000000	4773
0.000000	4773
0.000000	4773
0.000000	4773
0.000000	4773
0.000000	4773
0.000000	4773
0.000000	4773
0.000000	4773
0.000000	4773
0.000000	4773
0.000000	4773
0.000000	4773
0.000000	4773
0.000000	4773
0.000000	4773
0.000000	4773
0.000000	4773
0.000000	4773
0.000000	4773
0.000000	4773
0.000000	4773
0.000000	4773
0.000000	4773
0.000000	4773
0.000000	4773
0.000000	4773
0.000000	4773
0.000000	4773
0.000000	4773
0.000000	4773
0.000000	4773
0.000000	4773
0.000000	4773
0.000000	4773
0.000000	4773
0.000000	4773
0.000000	4773
0.000000	4773
0.000000	4773
0.000000	4773
0.000000	4773
0.000000	4773
0.000000	4773
0.000000	4773
0.000000	4773
0.000000	4773
0.000000	4773
0.000000	4773
0.000000	4773
0.000000	4773
0.000000	4773
0.000000	4773
0.000000	4773
0.000000	4773
0.000000	4773
0.000000	4773
0.000000	4773
0.000000	4773
0.000000	4773
0.000000	4773
0.000000	4773
0.000000	4773
0.000000	4773
0.000000	4773
0.000000	4773
0.000000	4773
0.000000	4773
0.000000	4773
0.000000	4773
0.000000	4773
0.000000	4773
0.000000	4773
0.000000	4773
0.000000	4773
0.000000	4773
0.000000	4773
0.000000	4773
0.000000	4773
0.000000	4773
0.000000	4773
0.000000	4773
0.000000	4773
0.000000	4773
0.000000	4773
0.000000	4773
0.000000	4773
0.000000	4773
0.000000	4773
0.000000	4773
0.000000	4773
0.000000	4773
0.000000	4773
0.000000	4773
0.000000	4773
0.000000	4773
0.000000	4773
0.000000	4773
0.000000	4773
0.000000	4773
0.000000	4773
0.000000	4773
0.000000	4773
0.000000	4773
0.000000	4773
0.000000	4773
0.000000	4773
0.000000	4773
0.000000	4773
0.000000	4773
0.000000	4773
0.000000	4773
0.000000	4773
0.000000	4773
0.000000	4773
0.000000	4773
0.000000	4773
0.000000	4773
0.000000	4773
0.000000	4773
0.000000	4773
0.000000	4773
0.000000	4773
0.000000	4773
0.000000	4773
0.000000	4773
0.000000	4773
0.000000	4773
0.000000	4773
0.000000	4773
0.000000	4773
0.000000	4773
0.000000	4773
0.000000	4773
0.000000	4773
0.000000	4773
0.000000	4773
0.000000	4773
0.000000	4773
0.000000	4773
0.000000	4773
0.000000	4773
0.000000	4773
0.000000	4773
0.000000	4773
0.000000	4773
0.000000	4773
0.000000	4773
0.000000	4773
0.000000	4773
0.000000	4773
0.000000	4773
0.000000	4773
0.000000	4773
0.000000	4773
0.000000	4773
0.000000	4773
0.000000	4777
0.000000	4782
0.000000	4787
0.000000	4791
0.000000	4796
0.000000	4801
0.000000	4806
0.000000	4811
0.000000	4815
0.000000	4820
0.000000	4825
0.000000	4829
0.000000	4834
0.000000	4839
0.000000	4844
0.000000	4849
0.000000	4853
0.000000	4858
0.000000	4863
0.000000	4868
0.000000	4872
0.000000	4877
0.000000	4882
0.000000	4887
0.000000	4891
0.000000	4896
0.000000	4901
0.000000	4906
0.000000	4910
0.000000	4915
0.000000	4920
0.000000	4925
0.000000	4929
0.000000	4934
0.000000	4939
0.000000	4944
0.000000	4948
0.000000	4953
0.000000	4958
0.000000	4963
0.000000	4967
0.000000	4972
0.000000	4977
0.000000	4982
0.000000	4986
0.000000	4991
0.000000	4996
0.000000	5001
0.000000	5005
0.000000	5010
0.000000	5015
0.000000	5020
0.000000	5024
0.000000	5029
0.000000	5034
0.000000	5039
0.000000	5043
0.000000	5048
0.000000	5053
0.000000	5058
0.000000	5062
0.000000	5067
0.000000	5072
0.000000	5077
0.000000	5081
0.000000	5086
0.000000	5091
0.000000	5096
0.000000	5100
0.000000	5105
0.000000	5110
0.000000	5115
0.000000	5119
0.000000	5124
0.000000	5129
0.000000	5134
0.000000	5138
0.000000	5143
0.000000	5148
0.000000	5153
0.000000	5157
0.000000	5162
0.000000	5167
0.000000	5172
0.000000	5176
0.000000	5181
0.000000	5186
0.000000	5191
0.000000	5195
0.000000	5200
0.000000	5205
0.000000	5210
0.000000	5214
0.000000	5219
0.000000	5224
0.000000	5229
0.000000	5233
0.000000	5238
0.000000	5243
0.000000	5248
0.000000	5252
0.000000	5257
0.000000	5262
0.000000	5267
0.000000	5271
0.000000	5276
0.000000	5281
0.000000	5286
0.000000	5290
0.000000	5295
0.000000	5300
0.000000	5305
0.000000	5309
0.000000	5314
0.000000	5319
0.000000	5324
0.000000	5328
0.000000	5333
0.000000	5338
0.000000	5343
0.000000	5347
0.000000	5352
0.000000	5357
0.000000	5362
0.000000	5366
0.000000	5371
0.000000	5376
0.000000	5381
0.000000	5385
0.000000	5390
0.000000	5395
0.000000	5400
0.000000	5404
0.000000	5409
0.000000	5414
0.000000	5419
0.000000	5423
0.000000	5428
0.000000	5433
0.000000	5438
0.000000	5443
0.000000	5447
0.000000	5452
0.000000	5457
0.000000	5462
0.000000	5466
0.000000	5471
0.000000	5476
0.000000	5481
0.000000	5485
0.000000	5490
0.000000	5495
0.000000	5500
0.000000	5504
0.000000	5509
0.000000	5514
0.000000	5519
0.000000	5523
0.000000	5528
0.000000	5533
0.000000	5538
0.000000	5542
0.000000	5547
0.000000	5552
0.000000	5557
0.000000	5561
0.000000	5566
0.000000	5571
0.000000	5576
0.000000	5580
0.000000	5585
0.000000	5590
0.000000	5595
0.000000	5599
0.000000	5604
0.000000	5609
0.000000	5614
0.000000	5618
0.000000	5623
0.000000	5628
0.000000	5633
0.000000	5637
0.000000	5642
0.000000	5647
0.000000	5652
0.000000	5656
0.000000	5661
0.000000	5666
0.000000	5671
0.000000	5675
0.000000	5680
0.000000	5685
0.000000	5690
0.000000	5694
0.000000	5699
0.000000	5704
0.000000	5709
0.000000	5713
0.000000	5718
0.000000	5723
0.000000	5728
0.000000	5732
0.000000	5737
0.000000	5742
0.000000	5747
0.000000	5751
0.000000	5756
0.000000	5761
0.000000	5766
0.000000	5770
0.000000	5775
0.000000	5780
0.000000	5785
0.000000	5789
0.000000	5794
0.000000	5799
0.000000	5804
0.000000	5808
0.000000	5813
0.000000	5818
0.000000	5823
0.000000	5828
0.000000	5832
0.000000	5837
0.000000	5842
0.000000	5847
0.000000	5851
0.000000	5856
0.000000	5861
0.000000	5866
0.000000	5870
0.000000	5875
0.000000	5880
0.000000	5885
0.000000	5889
0.000000	5894
0.000000	5899
0.000000	5904
0.000000	5908
0.000000	5913
0.000000	5918
0.000000	5923
0.000000	5927
0.000000	5932
0.000000	5937
0.000000	5942
0.000000	5946
0.000000	5951
0.000000	5956
0.000000	5957
0.000000	5961
0.000000	5966
0.000000	5971
0.000000	5975
0.000000	5980
0.000000	5985
0.000000	5990
0.000000	5994
0.000000	5999
0.000000	6004
0.000000	6009
0.000000	6013
0.000000	6018
0.000000	6023
0.000000	6028
0.000000	6032
0.000000	6037
0.000000	6042
0.000000	6047
0.000000	6051
0.000000	6056
0.000000	6061
0.000000	6066
0.000000	6070
0.000000	6075
0.000000	6080
0.000000	6085
0.000000	6089
0.000000	6094
0.000000	6099
0.000000	6104
0.000000	6108
0.000000	6113
0.000000	6118
0.000000	6123
0.000000	6127
0.000000	6132
0.000000	6137
0.000000	6142
0.000000	6146
0.000000	6151
0.000000	6156
0.000000	6161
0.000000	6165
0.000000	6170
0.000000	6175
0.000000	6180
0.000000	6184
0.000000	6189
0.000000	6194
0.000000	6199
0.000000	6203
0.000000	6208
0.000000	6213
0.000000	6218
0.000000	6222
0.000000	6227
0.000000	6232
0.000000	6237
0.000000	6241
0.000000	6246
0.000000	6251
0.000000	6256
0.000000	6260
0.000000	6265
0.000000	6270
0.000000	6275
0.000000	6279
0.000000	6284
0.000000	6289
0.000000	6294
0.000000	6298
0.000000	6303
0.000000	6308
0.000000	6313
0.000000	6317
0.000000	6322
0.000000	6327
0.000000	6332
0.000000	6336
0.000000	6341
0.000000	6346
0.000000	6351
0.000000	6355
0.000000	6360
0.000000	6365
0.000000	6370
0.000000	6374
0.000000	6379
0.000000	6384
0.000000	6389
0.000000	6393
0.000000	6398
0.000000	6403
0.000000	6408
0.000000	6412
0.000000	6417
0.000000	6422
0.000000	6427
0.000000	6431
0.000000	6436
0.000000	6441
0.000000	6446
0.000000	6450
0.000000	6455
0.000000	6460
0.000000	6465
0.000000	6469
0.000000	6474
0.000000	6479
0.000000	6484
0.000000	6488
0.000000	6493
0.000000	6498
0.000000	6503
0.000000	6507
0.000000	6512
0.000000	6517
0.000000	6522
0.000000	6526
0.000000	6531
0.000000	6536
0.000000	6541
0.000000	6545
0.000000	6550
0.000000	6555
0.000000	6560
0.000000	6564
0.000000	6569
0.000000	6574
0.000000	6579
0.000000	6583
0.000000	6588
0.000000	6593
0.000000	6598
0.000000	6602
0.000000	6607
0.000000	6612
0.000000	6617
0.000000	6621
0.000000	6626
0.000000	6631
0.000000	6636
0.000000	6640
0.000000	6645
0.000000	6650
0.000000	6655
0.000000	6659
0.000000	6664
0.000000	6669
0.000000	6674
0.000000	6678
0.000000	6683
0.000000	6688
0.000000	6693
0.000000	6697
0.000000	6702
0.000000	6707
0.000000	6712
0.000000	6716
0.000000	6721
0.000000	6726
0.000000	6731
0.000000	6735
0.000000	6740
0.000000	6745
0.000000	6750
0.000000	6754
0.000000	6759
0.000000	6764
0.000000	6769
0.000000	6773
0.000000	6778
0.000000	6783
0.000000	6788
0.000000	6792
0.000000	6797
0.000000	6802
0.000000	6807
0.000000	6811
0.000000	6816
0.000000	6821
0.000000	6826
0.000000	6830
0.000000	6835
0.000000	6840
0.000000	6845
0.000000	6849
0.000000	6854
0.000000	6859
0.000000	6864
0.000000	6868
0.000000	6873
0.000000	6878
0.000000	6883
0.000000	6887
0.000000	6892
0.000000	6897
0.000000	6902
0.000000	6907
0.000000	6911
0.000000	6916
0.000000	6921
0.000000	6925
0.000000	6930
0.000000	6935
0.000000	6940
0.000000	6945
0.000000	6949
0.000000	6954
0.000000	6959
0.000000	6964
0.000000	6968
0.000000	6973
0.000000	6978
0.000000	6983
0.000000	6987
0.000000	6992
0.000000	6997
0.000000	7002
0.000000	7006
0.000000	7011
0.000000	7016
0.000000	7021
0.000000	7025
0.000000	7030
0.000000	7035
0.000000	7040
0.000000	7044
0.000000	7049
0.000000	7054
0.000000	7059
0.000000	7063
0.000000	7068
0.000000	7073
0.000000	7078
0.000000	7082
0.000000	7087
0.000000	7092
0.000000	7097
0.000000	7101
0.000000	7106
0.000000	7111
0.000000	7116
0.000000	7120
0.000000	7125
0.000000	7130
0.000000	7135
0.000000	7139
0.000000	7144
0.000000	7148
0.000000	7152
0.000000	7155
0.000000	7159
0.000000	7160
0.000000	7160
0.000000	7160
0.000000	7160
0.000000	7160
0.000000	7160
0.000000	7160
0.000000	7160
0.000000	7160
0.000000	7160
0.000000	7160
0.000000	7160
0.000000	7160
0.000000	7160
0.000000	7160
0.000000	7160
0.000000	7160
0.000000	7160
0.000000	7160
0.000000	7160
0.000000	7160
0.000000	7160
0.000000	7160
0.000000	7160
0.000000	7160
0.000000	7160
0.000000	7160
0.000000	7160
0.000000	7160
0.000000	7160
0.000000	7160
0.000000	7160
0.000000	7160
0.000000	7160
0.000000	7160
0.000000	7160
0.000000	7160
0.000000	7160
0.000000	7160
0.000000	7160
0.000000	7160
0.000000	7160
0.000000	7160
0.000000	7160
0.000000	7160
0.000000	7160
0.000000	7160
0.000000	7160
0.000000	7160
0.000000	7160
0.000000	7160
0.000000	7160
0.000000	7160
0.000000	7160
0.000000	7160
0.000000	7160
0.000000	7160
0.000000	7160
0.000000	7160
0.000000	7160
0.000000	7160
0.000000	7160
0.000000	7160
0.000000	7160
0.000000	7160
0.000000	7160
0.000000	7160
0.000000	7160
0.000000	7160
0.000000	7160
0.000000	7160
0.000000	7160
0.000000	7160
0.000000	7160
0.000000	7160
0.000000	7160
0.000000	7160
0.000000	7160
0.000000	7160
0.000000	7160
0.000000	7160
0.000000	7160
0.000000	7160
0.000000	7160
0.000000	7160
0.000000	7160
0.000000	7160
0.000000	7160
0.000000	7160
0.000000	7160
0.000000	7160
0.000000	7160
0.000000	7160
0.000000	7160
0.000000	7160
0.000000	7160
0.000000	7160
0.000000	7160
0.000000	7160
0.000000	7160
0.000000	7160
0.000000	7160
0.000000	7160
0.000000	7160
0.000000	7160
0.000000	7160
0.000000	7160
0.000000	7160
0.000000	7160
0.000000	7160
0.000000	7160
0.000000	7160
0.000000	7160
0.000000	7160
0.000000	7160
0.000000	7160
0.000000	7160
0.000000	7160
0.000000	7160
0.000000	7160
0.000000	7160
0.000000	7160
0.000000	7160
0.000000	7160
0.000000	7160
0.000000	7160
0.000000	7160
0.000000	7160
0.000000	7160
0.000000	7160
0.000000	7160
0.000000	7160
0.000000	7160
0.000000	7160
0.000000	7160
0.000000	7160
0.000000	7160
0.000000	7160
0.000000	7160
0.000000	7160
0.000000	7160
0.000000	7160
0.000000	7160
0.000000	7160
0.000000	7160
0.000000	7160
0.000000	7160
0.000000	7160
0.000000	7160
0.000000	7160
0.000000	7160
0.000000	7160
0.000000	7160
0.000000	7160
0.000000	7160
0.000000	7160
0.000000	7160
0.000000	7160
0.000000	7160
0.000000	7160
0.000000	7160
0.000000	7160
0.000000	7160
0.000000	7160
0.000000	7160
0.000000	7160
0.000000	7160
0.000000	7160
0.000000	7160
0.000000	7160
0.000000	7160
0.000000	7160
0.000000	7160
0.000000	7160
0.000000	7160
0.000000	7160
0.000000	7160
0.000000	7160
0.000000	7160
0.000000	7160
0.000000	7160
0.000000	7160
0.000000	7160
0.000000	7160
0.000000	7160
0.000000	7160
0.000000	7160
0.000000	7160
0.000000	7160
0.000000	7160
0.000000	7160
0.000000	7160
0.000000	7160
0.000000	7160
0.000000	7160
0.000000	7160
0.000000	7160
0.000000	7160
0.000000	7160
0.000000	7160
0.000000	7160
0.000000	7160
0.000000	7160
0.000000	7160
0.000000	7160
0.000000	7160
0.000000	7160
0.000000	7160
0.000000	7160
0.000000	7160
0.000000	7160
0.000000	7160
0.000000	7160
0.000000	7160
0.000000	7160
0.000000	7160
0.000000	7160
0.000000	7160
0.000000	7160
0.000000	7160
0.000000	7160
0.000000	7160
0.000000	7160
0.000000	7160
0.000000	7160
0.000000	7160
0.000000	7160
0.000000	7160
0.000000	7160
0.000000	7160
0.000000	7160
0.000000	7160
0.000000	7160
0.000000	7160
0.000000	7160
0.000000	7160
0.000000	7160
0.000000	7160
0.000000	7160
0.000000	7160
0.000000	7160
0.000000	7160
0.000000	7160
0.000000	7160
0.000000	7161
0.000000	7161
0.000000	7166
0.000000	7171
0.000000	7175
0.000000	7180
0.000000	7185
0.000000	7190
0.000000	7194
0.000000	7199
0.000000	7204
0.000000	7209
0.000000	7213
0.000000	7218
0.000000	7223
0.000000	7228
0.000000	7232
0.000000	7237
0.000000	7242
0.000000	7247
0.000000	7251
0.000000	7256
0.000000	7261
0.000000	7266
0.000000	7270
0.000000	7275
0.000000	7280
0.000000	7285
0.000000	7289
0.000000	7294
0.000000	7299
0.000000	7304
0.000000	7308
0.000000	7313
0.000000	7318
0.000000	7323
0.000000	7327
0.000000	7332
0.000000	7337
0.000000	7342
0.000000	7346
0.000000	7351
0.000000	7356
0.000000	7361
0.000000	7365
0.000000	7370
0.000000	7375
0.000000	7380
0.000000	7384
0.000000	7389
0.000000	7394
0.000000	7399
0.000000	7404
0.000000	7408
0.000000	7413
0.000000	7418
0.000000	7423
0.000000	7427
0.000000	7432
0.000000	7437
0.000000	7442
0.000000	7446
0.000000	7451
0.000000	7456
0.000000	7461
0.000000	7465
0.000000	7470
0.000000	7475
0.000000	7480
0.000000	7484
0.000000	7489
0.000000	7494
0.000000	7499
0.000000	7503
0.000000	7508
0.000000	7513
0.000000	7518
0.000000	7522
0.000000	7527
0.000000	7532
0.000000	7537
0.000000	7541
0.000000	7546
0.000000	7551
0.000000	7556
0.000000	7560
0.000000	7565
0.000000	7570
0.000000	7575
0.000000	7579
0.000000	7584
0.000000	7589
0.000000	7594
0.000000	7598
0.000000	7603
0.000000	7608
0.000000	7613
0.000000	7617
0.000000	7622
0.000000	7627
0.000000	7632
0.000000	7636
0.000000	7641
0.000000	7646
0.000000	7651
0.000000	7655
0.000000	7660
0.000000	7665
0.000000	7670
0.000000	7674
0.000000	7679
0.000000	7684
0.000000	7689
0.000000	7693
0.000000	7698
0.000000	7703
0.000000	7708
0.000000	7713
0.000000	7717
0.000000	7722
0.000000	7727
0.000000	7732
0.000000	7736
0.000000	7741
0.000000	7746
0.000000	7751
0.000000	7755
0.000000	7760
0.000000	7765
0.000000	7770
0.000000	7774
0.000000	7779
0.000000	7784
0.000000	7789
0.000000	7793
0.000000	7798
0.000000	7803
0.000000	7808
0.000000	7812
0.000000	7817
0.000000	7822
0.000000	7827
0.000000	7831
0.000000	7836
0.000000	7841
0.000000	7846
0.000000	7850
0.000000	7855
0.000000	7860
0.000000	7865
0.000000	7869
0.000000	7874
0.000000	7879
0.000000	7884
0.000000	7888
0.000000	7893
0.000000	7898
0.000000	7903
0.000000	7907
0.000000	7912
0.000000	7917
0.000000	7922
0.000000	7926
0.000000	7931
0.000000	7936
0.000000	7941
0.000000	7945
0.000000	7950
0.000000	7955
0.000000	7960
0.000000	7965
0.000000	7969
0.000000	7974
0.000000	7979
0.000000	7984
0.000000	7988
0.000000	7993
0.000000	7998
0.000000	8003
0.000000	8007
0.000000	8012
0.000000	8017
0.000000	8022
0.000000	8026
0.000000	8031
0.000000	8036
0.000000	8041
0.000000	8045
0.000000	8050
0.000000	8055
0.000000	8060
0.000000	8064
0.000000	8069
0.000000	8074
0.000000	8079
0.000000	8083
0.000000	8088
0.000000	8093
0.000000	8098
0.000000	8102
0.000000	8107
0.000000	8112
0.000000	8117
0.000000	8121
0.000000	8126
0.000000	8131
0.000000	8136
0.000000	8140
0.000000	8145
0.000000	8150
0.000000	8155
0.000000	8159
0.000000	8164
0.000000	8169
0.000000	8174
0.000000	8178
0.000000	8183
0.000000	8188
0.000000	8193
0.000000	8197
0.000000	8202
0.000000	8207
0.000000	8212
0.000000	8217
0.000000	8221
0.000000	8226
0.000000	8231
0.000000	8236
0.000000	8240
0.000000	8245
0.000000	8250
0.000000	8255
0.000000	8259
0.000000	8264
0.000000	8269
0.000000	8274
0.000000	8278
0.000000	8283
0.000000	8288
0.000000	8293
0.000000	8297
0.000000	8302
0.000000	8307
0.000000	8312
0.000000	8316
0.000000	8321
0.000000	8326
0.000000	8331
0.000000	8335
0.000000	8340
0.000000	8345
0.000000	8346
0.000000	8350
0.000000	8355
0.000000	8360
0.000000	8364
0.000000	8369
0.000000	8374
0.000000	8379
0.000000	8383
0.000000	8388
0.000000	8393
0.000000	8398
0.000000	8402
0.000000	8407
0.000000	8412
0.000000	8417
0.000000	8421
0.000000	8426
0.000000	8431
0.000000	8436
0.000000	8440
0.000000	8445
0.000000	8450
0.000000	8455
0.000000	8459
0.000000	8464
0.000000	8469
0.000000	8474
0.000000	8478
0.000000	8483
0.000000	8488
0.000000	8493
0.000000	8497
0.000000	8502
0.000000	8507
0.000000	8512
0.000000	8516
0.000000	8521
0.000000	8526
0.000000	8531
0.000000	8535
0.000000	8540
0.000000	8545
0.000000	8550
0.000000	8554
0.000000	8559
0.000000	8564
0.000000	8569
0.000000	8573
0.000000	8578
0.000000	8583
0.000000	8588
0.000000	8592
0.000000	8597
0.000000	8602
0.000000	8607
0.000000	8611
0.000000	8616
0.000000	8621
0.000000	8626
0.000000	8630
0.000000	8635
0.000000	8640
0.000000	8645
0.000000	8649
0.000000	8654
0.000000	8659
0.000000	8664
0.000000	8668
0.000000	8673
0.000000	8678
0.000000	8683
0.000000	8687
0.000000	8692
0.000000	8697
0.000000	8702
0.000000	8707
0.000000	8711
0.000000	8716
0.000000	8721
0.000000	8726
0.000000	8730
0.000000	8735
0.000000	8740
0.000000	8745
0.000000	8749
0.000000	8754
0.000000	8759
0.000000	8764
0.000000	8768
0.000000	8773
0.000000	8778
0.000000	8783
0.000000	8787
0.000000	8792
0.000000	8797
0.000000	8802
0.000000	8806
0.000000	8811
0.000000	8816
0.000000	8821
0.000000	8825
0.000000	8830
0.000000	8835
0.000000	8840
0.000000	8844
0.000000	8849
0.000000	8854
0.000000	8859
0.000000	8863
0.000000	8868
0.000000	8873
0.000000	8878
0.000000	8882
0.000000	8887
0.000000	8892
0.000000	8897
0.000000	8901
0.000000	8906
0.000000	8911
0.000000	8916
0.000000	8920
0.000000	8925
0.000000	8930
0.000000	8935
0.000000	8939
0.000000	8944
0.000000	8949
0.000000	8954
0.000000	8958
0.000000	8963
0.000000	8968
0.000000	8973
0.000000	8977
0.000000	8982
0.000000	8987
0.000000	8992
0.000000	8996
0.000000	9001
0.000000	9006
0.000000	9011
0.000000	9015
0.000000	9020
0.000000	9025
0.000000	9030
0.000000	9034
0.000000	9039
0.000000	9044
0.000000	9049
0.000000	9053
0.000000	9058
0.000000	9063
0.000000	9068
0.000000	9073
0.000000	9077
0.000000	9082
0.000000	9087
0.000000	9092
0.000000	9096
0.000000	9101
0.000000	9106
0.000000	9111
0.000000	9115
0.000000	9120
0.000000	9125
0.000000	9130
0.000000	9134
0.000000	9139
0.000000	9144
0.000000	9149
0.000000	9153
0.000000	9158
0.000000	9163
0.000000	9168
0.000000	9172
0.000000	9177
0.000000	9182
0.000000	9187
0.000000	9191
0.000000	9196
0.000000	9201
0.000000	9206
0.000000	9210
0.000000	9215
0.000000	9220
0.000000	9225
0.000000	9229
0.000000	9234
0.000000	9239
0.000000	9244
0.000000	9248
0.000000	9253
0.000000	9258
0.000000	9263
0.000000	9267
0.000000	9272
0.000000	9277
0.000000	9282
0.000000	9286
0.000000	9291
0.000000	9296
0.000000	9301
0.000000	9305
0.000000	9310
0.000000	9315
0.000000	9320
0.000000	9324
0.000000	9329
0.000000	9334
0.000000	9339
0.000000	9343
0.000000	9348
0.000000	9353
0.000000	9358
0.000000	9362
0.000000	9367
0.000000	9372
0.000000	9377
0.000000	9382
0.000000	9386
0.000000	9391
0.000000	9396
0.000000	9401
0.000000	9405
0.000000	9410
0.000000	9415
0.000000	9420
0.000000	9424
0.000000	9429
0.000000	9434
0.000000	9439
0.000000	9443
0.000000	9448
0.000000	9453
0.000000	9458
0.000000	9462
0.000000	9467
0.000000	9472
0.000000	9477
0.000000	9481
0.000000	9486
0.000000	9491
0.000000	9496
0.000000	9500
0.000000	9505
0.000000	9510
0.000000	9515
0.000000	9519
0.000000	9524
0.000000	9529
0.000000	9533
0.000000	9538
0.000000	9542
0.000000	9545
0.000000	9548
0.000000	9549
0.000000	9549
0.000000	9549
0.000000	9549
0.000000	9549
0.000000	9549
0.000000	9549
0.000000	9549
0.000000	9549
0.000000	9549
0.000000	9549
0.000000	9549
0.000000	9549
0.000000	9549
0.000000	9549
0.000000	9549
0.000000	9549
0.000000	9549
0.000000	9549
0.000000	9549
0.000000	9549
0.000000	9549
0.000000	9549
0.000000	9549
0.000000	9549
0.000000	9549
0.000000	9549
0.000000	9549
0.000000	9549
0.000000	9549
0.000000	9549
0.000000	9549
0.000000	9549
0.000000	9549
0.000000	9549
0.000000	9549
0.000000	9549
0.000000	9549
0.000000	9549
0.000000	9549
0.000000	9549
0.000000	9549
0.000000	9549
0.000000	9549
0.000000	9549
0.000000	9549
0.000000	9549
0.000000	9549
0.000000	9549
0.000000	9549
0.000000	9549
0.000000	9549
0.000000	9549
0.000000	9549
0.000000	9549
0.000000	9549
0.000000	9549
0.000000	9549
0.000000	9549
0.000000	9549
0.000000	9549
0.000000	9549
0.000000	9549
0.000000	9549
0.000000	9549
0.000000	9549
0.000000	9549
0.000000	9549
0.000000	9549
0.000000	9549
0.000000	9549
0.000000	9549
0.000000	9549
0.000000	9549
0.000000	9549
0.000000	9549
0.000000	9549
0.000000	9549
0.000000	9549
0.000000	9549
0.000000	9549
0.000000	9549
0.000000	9549
0.000000	9549
0.000000	9549
0.000000	9549
0.000000	9549
0.000000	9549
0.000000	9549
0.000000	9549
0.000000	9549
0.000000	9549
0.000000	9549
0.000000	9549
0.000000	9549
0.000000	9549
0.000000	9549
0.000000	9549
0.000000	9549
0.000000	9549
0.000000	9549
0.000000	9549
0.000000	9549
0.000000	9549
0.000000	9549
0.000000	9549
0.000000	9549
0.000000	9549
0.000000	9549
0.000000	9549
0.000000	9549
0.000000	9549
0.000000	9549
0.000000	9549
0.000000	9549
0.000000	9549
0.000000	9549
0.000000	9549
0.000000	9549
0.000000	9549
0.000000	9549
0.000000	9549
0.000000	9549
0.000000	9549
0.000000	9549
0.000000	9549
0.000000	9549
0.000000	9549
0.000000	9549
0.000000	9549
0.000000	9549
0.000000	9549
0.000000	9549
0.000000	9549
0.000000	9549
0.000000	9549
0.000000	9549
0.000000	9549
0.000000	9549
0.000000	9549
0.000000	9549
0.000000	9549
0.000000	9549
0.000000	9549
0.000000	9549
0.000000	9549
0.000000	9549
0.000000	9549
0.000000	9549
0.000000	9549
0.000000	9549
0.000000	9549
0.000000	9549
0.000000	9549
0.000000	9549
0.000000	9549
0.000000	9549
0.000000	9549
0.000000	9549
0.000000	9549
0.000000	9549
0.000000	9549
0.000000	9549
0.000000	9549
0.000000	9549
0.000000	9549
0.000000	9549
0.000000	9549
0.000000	9549
0.000000	9549
0.000000	9549
0.000000	9549
0.000000	9549
0.000000	9549
0.000000	9549
0.000000	9549
0.000000	9549
0.000000	9549
0.000000	9549
0.000000	9549
0.000000	9549
0.000000	9549
0.000000	9549
0.000000	9549
0.000000	9549
0.000000	9549
0.000000	9549
0.000000	9549
0.000000	9549
0.000000	9549
0.000000	9549
0.000000	9549
0.000000	9549
0.000000	9549
0.000000	9549
0.000000	9549
0.000000	9549
0.000000	9549
0.000000	9549
0.000000	9549
0.000000	9549
0.000000	9549
0.000000	9549
0.000000	9549
0.000000	9549
0.000000	9549
0.000000	9549
0.000000	9549
0.000000	9549
0.000000	9549
0.000000	9549
0.000000	9549
0.000000	9549
0.000000	9549
0.000000	9549
0.000000	9549
0.000000	9549
0.000000	9549
0.000000	9549
0.000000	9549
0.000000	9549
0.000000	9549
0.000000	9549
0.000000	9549
0.000000	9549
0.000000	9549
0.000000	9549
0.000000	9549
0.000000	9549
0.000000	9549
0.000000	9549
0.000000	9549
0.000000	9549
0.000000	9549
0.000000	9549
0.000000	9549
0.000000	9549
0.000000	9549
0.000000	9549
0.000000	9549
0.000000	9549
0.000000	9549
0.000000	9549
0.000000	9549
0.000000	9550
0.000000	9550
0.000000	9554
0.000000	9559
0.000000	9564
0.000000	9569
0.000000	9573
0.000000	9578
0.000000	9583
0.000000	9588
0.000000	9592
0.000000	9597
0.000000	9602
0.000000	9607
0.000000	9611
0.000000	9616
0.000000	9621
0.000000	9626
0.000000	9630
0.000000	9635
0.000000	9640
0.000000	9645
0.000000	9649
0.000000	9654
0.000000	9659
0.000000	9664
0.000000	9668
0.000000	9673
0.000000	9678
0.000000	9683
0.000000	9687
0.000000	9692
0.000000	9697
0.000000	9702
0.000000	9706
0.000000	9711
0.000000	9716
0.000000	9721
0.000000	9725
0.000000	9730
0.000000	9735
0.000000	9740
0.000000	9744
0.000000	9749
0.000000	9754
0.000000	9759
0.000000	9764
0.000000	9768
0.000000	9773
0.000000	9778
0.000000	9783
0.000000	9787
0.000000	9792
0.000000	9797
0.000000	9802
0.000000	9806
0.000000	9811
0.000000	9816
0.000000	9821
0.000000	9825
0.000000	9830
0.000000	9835
0.000000	9840
0.000000	9844
0.000000	9849
0.000000	9854
0.000000	9859
0.000000	9863
0.000000	9868
0.000000	9873
0.000000	9878
0.000000	9882
0.000000	9887
0.000000	9892
0.000000	9897
0.000000	9901
0.000000	9906
0.000000	9911
0.000000	9916
0.000000	9920
0.000000	9925
0.000000	9930
0.000000	9935
0.000000	9939
0.000000	9944
0.000000	9949
0.000000	9954
0.000000	9959
0.000000	9963
0.000000	9968
0.000000	9973
0.000000	9978
0.000000	9982
0.000000	9987
0.000000	9992
0.000000	9997
0.000000	10001
0.000000	10006
0.000000	10011
0.000000	10016
0.000000	10020
0.000000	10025
0.000000	10030
0.000000	10035
0.000000	10039
0.000000	10044
0.000000	10049
0.000000	10054
0.000000	10058
0.000000	10063
0.000000	10068
0.000000	10073
0.000000	10077
0.000000	10082
0.000000	10087
0.000000	10092
0.000000	10096
0.000000	10101
0.000000	10106
0.000000	10111
0.000000	10115
0.000000	10120
0.000000	10125
0.000000	10130
0.000000	10135
0.000000	10139
0.000000	10144
0.000000	10149
0.000000	10154
0.000000	10158
0.000000	10163
0.000000	10168
0.000000	10173
0.000000	10177
0.000000	10182
0.000000	10187
0.000000	10192
0.000000	10196
0.000000	10201
0.000000	10206
0.000000	10211
0.000000	10215
0.000000	10220
0.000000	10225
0.000000	10230
0.000000	10234
0.000000	10239
0.000000	10244
0.000000	10249
0.000000	10253
0.000000	10258
0.000000	10263
0.000000	10268
0.000000	10272
0.000000	10277
0.000000	10282
0.000000	10287
0.000000	10291
0.000000	10296
0.000000	10301
0.000000	10306
0.000000	10310
0.000000	10315
0.000000	10320
0.000000	10325
0.000000	10330
0.000000	10334
0.000000	10339
0.000000	10344
0.000000	10349
0.000000	10353
0.000000	10358
0.000000	10363
0.000000	10368
0.000000	10372
0.000000	10377
0.000000	10382
0.000000	10387
0.000000	10391
0.000000	10396
0.000000	10401
0.000000	10406
0.000000	10410
0.000000	10415
0.000000	10420
0.000000	10425
0.000000	10429
0.000000	10434
0.000000	10439
0.000000	10444
0.000000	10448
0.000000	10453
0.000000	10458
0.000000	10463
0.000000	10467
0.000000	10472
0.000000	10477
0.000000	10482
0.000000	10487
0.000000	10491
0.000000	10496
0.000000	10501
0.000000	10506
0.000000	10510
0.000000	10515
0.000000	10520
0.000000	10525
0.000000	10529
0.000000	10534
0.000000	10539
0.000000	10544
0.000000	10548
0.000000	10553
0.000000	10558
0.000000	10563
0.000000	10567
0.000000	10572
0.000000	10577
0.000000	10582
0.000000	10586
0.000000	10591
0.000000	10596
0.000000	10601
0.000000	10605
0.000000	10610
0.000000	10615
0.000000	10620
0.000000	10624
0.000000	10629
0.000000	10634
0.000000	10639
0.000000	10643
0.000000	10648
0.000000	10653
0.000000	10658
0.000000	10663
0.000000	10667
0.000000	10672
0.000000	10677
0.000000	10682
0.000000	10686
0.000000	10691
0.000000	10696
0.000000	10701
0.000000	10705
0.000000	10710
0.000000	10715
0.000000	10720
0.000000	10724
0.000000	10729
0.000000	10734
0.000000	10735
0.000000	10739
0.000000	10744
0.000000	10749
0.000000	10753
0.000000	10758
0.000000	10763
0.000000	10768
0.000000	10772
0.000000	10777
0.000000	10782
0.000000	10787
0.000000	10791
0.000000	10796
0.000000	10801
0.000000	10806
0.000000	10810
0.000000	10815
0.000000	10820
0.000000	10825
0.000000	10829
0.000000	10834
0.000000	10839
0.000000	10844
0.000000	10848
0.000000	10853
0.000000	10858
0.000000	10863
0.000000	10867
0.000000	10872
0.000000	10877
0.000000	10882
0.000000	10886
0.000000	10891
0.000000	10896
0.000000	10901
0.000000	10905
0.000000	10910
0.000000	10915
0.000000	10920
0.000000	10924
0.000000	10929
0.000000	10934
0.000000	10939
0.000000	10943
0.000000	10948
0.000000	10953
0.000000	10958
0.000000	10963
0.000000	10967
0.000000	10972
0.000000	10977
0.000000	10982
0.000000	10986
0.000000	10991
0.000000	10996
0.000000	11001
0.000000	11005
0.000000	11010
0.000000	11015
0.000000	11020
0.000000	11024
0.000000	11029
0.000000	11034
0.000000	11039
0.000000	11043
0.000000	11048
0.000000	11053
0.000000	11058
0.000000	11062
0.000000	11067
0.000000	11072
0.000000	11077
0.000000	11081
0.000000	11086
0.000000	11091
0.000000	11096
0.000000	11100
0.000000	11105
0.000000	11110
0.000000	11115
0.000000	11119
0.000000	11124
0.000000	11129
0.000000	11134
0.000000	11138
0.000000	11143
0.000000	11148
0.000000	11153
0.000000	11157
0.000000	11162
0.000000	11167
0.000000	11172
0.000000	11176
0.000000	11181
0.000000	11186
0.000000	11191
0.000000	11195
0.000000	11200
0.000000	11205
0.000000	11210
0.000000	11215
0.000000	11219
0.000000	11224
0.000000	11229
0.000000	11234
0.000000	11238
0.000000	11243
0.000000	11248
0.000000	11253
0.000000	11257
0.000000	11262
0.000000	11267
0.000000	11272
0.000000	11276
0.000000	11281
0.000000	11286
0.000000	11291
0.000000	11295
0.000000	11300
0.000000	11305
0.000000	11310
0.000000	11314
0.000000	11319
0.000000	11324
0.000000	11329
0.000000	11333
0.000000	11338
0.000000	11343
0.000000	11348
0.000000	11352
0.000000	11357
0.000000	11362
0.000000	11367
0.000000	11371
0.000000	11376
0.000000	11381
0.000000	11386
0.000000	11390
0.000000	11395
0.000000	11400
0.000000	11405
0.000000	11409
0.000000	11414
0.000000	11419
0.000000	11424
0.000000	11428
0.000000	11433
0.000000	11438
0.000000	11443
0.000000	11447
0.000000	11452
0.000000	11457
0.000000	11462
0.000000	11467
0.000000	11471
0.000000	11476
0.000000	11481
0.000000	11486
0.000000	11490
0.000000	11495
0.000000	11500
0.000000	11505
0.000000	11509
0.000000	11514
0.000000	11519
0.000000	11524
0.000000	11528
0.000000	11533
0.000000	11538
0.000000	11543
0.000000	11547
0.000000	11552
0.000000	11557
0.000000	11562
0.000000	11566
0.000000	11571
0.000000	11576
0.000000	11581
0.000000	11585
0.000000	11590
0.000000	11595
0.000000	11600
0.000000	11604
0.000000	11609
0.000000	11614
0.000000	11619
0.000000	11623
0.000000	11628
0.000000	11633
0.000000	11638
0.000000	11642
0.000000	11647
0.000000	11652
0.000000	11657
0.000000	11661
0.000000	11666
0.000000	11671
0.000000	11676
0.000000	11681
0.000000	11685
0.000000	11690
0.000000	11695
0.000000	11700
0.000000	11704
0.000000	11709
0.000000	11714
0.000000	11719
0.000000	11723
0.000000	11728
0.000000	11733
0.000000	11738
0.000000	11742
0.000000	11747
0.000000	11752
0.000000	11757
0.000000	11761
0.000000	11766
0.000000	11771
0.000000	11776
0.000000	11780
0.000000	11785
0.000000	11790
0.000000	11795
0.000000	11799
0.000000	11804
0.000000	11809
0.000000	11814
0.000000	11818
0.000000	11823
0.000000	11828
0.000000	11833
0.000000	11837
0.000000	11842
0.000000	11847
0.000000	11852
0.000000	11856
0.000000	11861
0.000000	11866
0.000000	11871
0.000000	11876
0.000000	11880
0.000000	11885
0.000000	11890
0.000000	11895
0.000000	11899
0.000000	11904
0.000000	11909
0.000000	11914
0.000000	11918
0.000000	11923
0.000000	11927
0.000000	11931
0.000000	11934
0.000000	11938
0.000000	11939
0.000000	11939
0.000000	11939
0.000000	11939
0.000000	11939
0.000000	11939
0.000000	11939
0.000000	11939
0.000000	11939
0.000000	11939
0.000000	11939
0.000000	11939
0.000000	11939
0.000000	11939
0.000000	11939
0.000000	11939
0.000000	11939
0.000000	11939
0.000000	11939
0.000000	11939
0.000000	11939
0.000000	11939
0.000000	11939
0.000000	11939
0.000000	11939
0.000000	11939
0.000000	11939
0.000000	11939
0.000000	11939
0.000000	11939
0.000000	11939
0.000000	11939
0.000000	11939
0.000000	11939
0.000000	11939
0.000000	11939
0.000000	11939
0.000000	11939
0.000000	11939
0.000000	11939
0.000000	11939
0.000000	11939
0.000000	11939
0.000000	11939
0.000000	11939
0.000000	11939
0.000000	11939
0.000000	11939
0.000000	11939
0.000000	11939
0.000000	11939
0.000000	11939
0.000000	11939
0.000000	11939
0.000000	11939
0.000000	11939
0.000000	11939
0.000000	11939
0.000000	11939
0.000000	11939
0.000000	11939
0.000000	11939
0.000000	11939
0.000000	11939
0.000000	11939
0.000000	11939
0.000000	11939
0.000000	11939
0.000000	11939
0.000000	11939
0.000000	11939
0.000000	11939
0.000000	11939
0.000000	11939
0.000000	11939
0.000000	11939
0.000000	11939
0.000000	11939
0.000000	11939
0.000000	11939
0.000000	11939
0.000000	11939
0.000000	11939
0.000000	11939
0.000000	11939
0.000000	11939
0.000000	11939
0.000000	11939
0.000000	11939
0.000000	11939
0.000000	11939
0.000000	11939
0.000000	11939
0.000000	11939
0.000000	11939
0.000000	11939
0.000000	11939
0.000000	11939
0.000000	11939
0.000000	11939
0.000000	11939
0.000000	11939
0.000000	11939
0.000000	11939
0.000000	11939
0.000000	11939
0.000000	11939
0.000000	11939
0.000000	11939
0.000000	11939
0.000000	11939
0.000000	11939
0.000000	11939
0.000000	11939
0.000000	11939
0.000000	11939
0.000000	11939
0.000000	11939
0.000000	11939
0.000000	11939
0.000000	11939
0.000000	11939
0.000000	11939
0.000000	11939
0.000000	11939
0.000000	11939
0.000000	11939
0.000000	11939
0.000000	11939
0.000000	11939
0.000000	11939
0.000000	11939
0.000000	11939
0.000000	11939
0.000000	11939
0.000000	11939
0.000000	11939
0.000000	11939
0.000000	11939
0.000000	11939
0.000000	11939
0.000000	11939
0.000000	11939
0.000000	11939
0.000000	11939
0.000000	11939
0.000000	11939
0.000000	11939
0.000000	11939
0.000000	11939
0.000000	11939
0.000000	11939
0.000000	11939
0.000000	11939
0.000000	11939
0.000000	11939
0.000000	11939
0.000000	11939
0.000000	11939
0.000000	11939
0.000000	11939
0.000000	11939
0.000000	11939
0.000000	11939
0.000000	11939
0.000000	11939
0.000000	11939
0.000000	11939
0.000000	11939
0.000000	11939
0.000000	11939
0.000000	11939
0.000000	11939
0.000000	11939
0.000000	11939
0.000000	11939
0.000000	11939
0.000000	11939
0.000000	11939
0.000000	11939
0.000000	11939
0.000000	11939
0.000000	11939
0.000000	11939
0.000000	11939
0.000000	11939
0.000000	11939
0.000000	11939
0.000000	11939
0.000000	11939
0.000000	11939
0.000000	11939
0.000000	11939
0.000000	11939
0.000000	11939
0.000000	11939
0.000000	11939
0.000000	11939
0.000000	11939
0.000000	11939
0.000000	11939
0.000000	11939
0.000000	11939
0.000000	11939
0.000000	11939
0.000000	11939
0.000000	11939
0.000000	11939
0.000000	11939
0.000000	11939
0.000000	11939
0.000000	11939
0.000000	11939
0.000000	11939
0.000000	11939
0.000000	11939
0.000000	11939
0.000000	11939
0.000000	11939
0.000000	11939
0.000000	11939
0.000000	11939
0.000000	11939
0.000000	11939
0.000000	11939
0.000000	11939
0.000000	11939
0.000000	11939
0.000000	11939
0.000000	11939
0.000000	11939
0.000000	11939
0.000000	11939
0.000000	11939
0.000000	11939
0.000000	11939
0.000000	11939
0.000000	11939
0.000000	11939
0.000000	11939
0.000000	11939
0.000000	11939
0.000000	11939
0.000000	11939
0.000000	11940
0.000000	11940
0.000000	11945
0.000000	11950
0.000000	11954
0.000000	11959
0.000000	11964
0.000000	11969
0.000000	11973
0.000000	11978
0.000000	11983
0.000000	11988
0.000000	11992
0.000000	11997
0.000000	12002
0.000000	12007
0.000000	12011
0.000000	12016
0.000000	12021
0.000000	12026
0.000000	12031
0.000000	12035
0.000000	12040
0.000000	12045
0.000000	12050
0.000000	12054
0.000000	12059
0.000000	12064
0.000000	12069
0.000000	12073
0.000000	12078
0.000000	12083
0.000000	12088
0.000000	12092
0.000000	12097
0.000000	12102
0.000000	12107
0.000000	12111
0.000000	12116
0.000000	12121
0.000000	12126
0.000000	12130
0.000000	12135
0.000000	12140
0.000000	12145
0.000000	12149
0.000000	12154
0.000000	12159
0.000000	12164
0.000000	12168
0.000000	12173
0.000000	12178
0.000000	12183
0.000000	12187
0.000000	12192
0.000000	12197
0.000000	12202
0.000000	12207
0.000000	12211
0.000000	12216
0.000000	12221
0.000000	12226
0.000000	12230
0.000000	12235
0.000000	12240
0.000000	12245
0.000000	12249
0.000000	12254
0.000000	12259
0.000000	12264
0.000000	12268
0.000000	12273
0.000000	12278
0.000000	12283
0.000000	12287
0.000000	12292
0.000000	12297
0.000000	12302
0.000000	12306
0.000000	12311
0.000000	12316
0.000000	12321
0.000000	12325
0.000000	12330
0.000000	12335
0.000000	12340
0.000000	12345
0.000000	12349
0.000000	12354
0.000000	12359
0.000000	12364
0.000000	12368
0.000000	12373
0.000000	12378
0.000000	12383
0.000000	12387
0.000000	12392
0.000000	12397
0.000000	12402
0.000000	12406
0.000000	12411
0.000000	12416
0.000000	12421
0.000000	12425
0.000000	12430
0.000000	12435
0.000000	12440
0.000000	12444
0.000000	12449
0.000000	12454
0.000000	12459
0.000000	12463
0.000000	12468
0.000000	12473
0.000000	12478
0.000000	12482
0.000000	12487
0.000000	12492
0.000000	12497
0.000000	12502
0.000000	12506
0.000000	12511
0.000000	12516
0.000000	12521
0.000000	12525
0.000000	12530
0.000000	12535
0.000000	12540
0.000000	12544
0.000000	12549
0.000000	12554
0.000000	12559
0.000000	12563
0.000000	12568
0.000000	12573
0.000000	12578
0.000000	12582
0.000000	12587
0.000000	12592
0.000000	12597