ets Jul 29 2019 12:21:46

rst:0x1 (POWERON_RESET),boot:0x13 (SPI_FAST_FLASH_BOOT)
configsip: 0, SPIWP:0xee
clk_drv:0x00,q_drv:0x00,d_drv:0x00,cs0_drv:0x00,hd_drv:0x00,wp_drv:0x00
mode:DIO, clock div:2
load:0x3fff0030,len:1184
load:0x40078000,len:13192
load:0x40080400,len:3028
entry 0x400805e4

0.000009	168
0.000009	188
0.000009	207
0.000009	226
0.000009	245
0.000009	264
0.000009	283
0.000009	302
0.000009	321
0.000009	340
0.000009	359
0.000009	378
0.000009	397
0.000009	416
0.000009	435
0.000009	454
0.000009	473
0.000009	492
0.000009	511
0.000009	530
0.000009	549
0.000009	568
0.000009	587
0.000009	606
0.000009	625
0.000009	644
0.000009	663
0.000009	682
0.000009	701
0.000009	720
0.000009	739
0.000009	758
0.000009	777
0.000009	796
0.000009	815
0.000009	834
0.000009	853
0.000009	872
0.000009	891
0.000009	910
0.000009	929
0.000009	948
0.000009	967
0.000009	986
0.000009	1005
0.000009	1024
0.000009	1043
0.000009	1062
0.000009	1081
0.000009	1100
0.000009	1119
0.000009	1138
0.000009	1157
0.000009	1176
0.000009	1195
0.000009	1214
0.000009	1233
0.000009	1252
0.000009	1271
0.000009	1290
0.000009	1309
0.000009	1328
0.000009	1347
0.000009	1366
0.000009	1385
0.000009	1404
0.000009	1423
0.000009	1442
0.000009	1461
0.000009	1480
0.000009	1499
0.000009	1518
0.000009	1537
0.000009	1556
0.000009	1575
0.000009	1594
0.000009	1613
0.000009	1632
0.000009	1651
0.000009	1670
0.000009	1689
0.000009	1708
0.000009	1727
0.000009	1746
0.000009	1765
0.000009	1784
0.000009	1803
0.000009	1822
0.000009	1841
0.000009	1860
0.000009	1879
0.000009	1898
0.000009	1917
0.000009	1936
0.000009	1955
0.000009	1974
0.000009	1993
0.000009	2012
0.000009	2031
0.000009	2050
0.000009	2069
0.000009	2088
0.000009	2107
0.000009	2126
0.000009	2145
0.000009	2164
0.000009	2183
0.000009	2202
0.000009	2221
0.000009	2240
0.000009	2259
0.000009	2278
0.000009	2297
0.000009	2316
0.000009	2335
0.000009	2354
0.000009	2373
0.000009	2392
0.000009	2411
0.000009	2430
0.000009	2449
0.000009	2468
0.000009	2487
0.000009	2506
0.000009	2525
0.000009	2544
0.000009	2563
0.000009	2582
0.000009	2601
0.000009	2620
0.000009	2639
0.000009	2658
0.000009	2677
0.000009	2696
0.000009	2715
0.000009	2734
0.000009	2753
0.000009	2772
0.000009	2791
0.000009	2810
0.000009	2829
0.000009	2848
0.000009	2867
0.000009	2886
0.000009	2905
0.000009	2924
0.000009	2943
0.000009	2962
0.000009	2981
0.000009	3000
0.000009	3019
0.000009	3038
0.000009	3057
0.000009	3076
0.000009	3095
0.000009	3114
0.000009	3133
0.000009	3152
0.000009	3171
0.000009	3190
0.000009	3209
0.000009	3228
0.000009	3247
0.000009	3266
0.000009	3285
0.000009	3304
0.000009	3323
0.000009	3342
0.000009	3361
0.000009	3380
0.000009	3399
0.000009	3418
0.000009	3437
0.000009	3456
0.000009	3475
0.000009	3494
0.000009	3513
0.000009	3532
0.000009	3551
0.000009	3570
0.000009	3589
0.000009	3608
0.000009	3627
0.000009	3646
0.000009	3665
0.000009	3684
0.000009	3703
0.000009	3722
0.000009	3741
0.000009	3760
0.000009	3779
0.000009	3798
0.000009	3817
0.000009	3836
0.000009	3855
0.000009	3874
0.000009	3893
0.000009	3912
0.000009	3931
0.000009	3950
0.000009	3969
0.000009	3988
0.000009	4007
0.000009	4026
0.000009	4045
0.000009	4064
0.000009	4083
0.000009	4102
0.000009	4121
0.000009	4140
0.000009	4159
0.000009	4178
0.000009	4197
0.000009	4216
0.000009	4235
0.000009	4254
0.000009	4273
0.000009	4292
0.000009	4311
0.000009	4330
0.000009	4349
0.000009	4368
0.000009	4387
0.000009	4406
0.000009	4425
0.000009	4444
0.000009	4463
0.000009	4482
0.000009	4501
0.000009	4520
0.000009	4539
0.000009	4558
0.000009	4577
0.000009	4596
0.000009	4615
0.000009	4634
0.000009	4653
0.000009	4672
0.000009	4691
0.000009	4710
0.000009	4729
0.000007	4731
0.000008	4741
0.000009	4760
0.000009	4779
0.000009	4797
0.000009	4816
0.000009	4835
0.000009	4854
0.000009	4873
0.000009	4892
0.000009	4911
0.000009	4930
0.000009	4949
0.000009	4968
0.000009	4987
0.000009	5006
0.000009	5025
0.000009	5044
0.000009	5063
0.000009	5082
0.000009	5101
0.000009	5120
0.000009	5139
0.000009	5158
0.000009	5177
0.000009	5196
0.000009	5215
0.000009	5234
0.000009	5253
0.000009	5272
0.000009	5291
0.000009	5310
0.000009	5329
0.000009	5348
0.000009	5367
0.000009	5386
0.000009	5405
0.000009	5424
0.000009	5443
0.000009	5462
0.000009	5481
0.000009	5500
0.000009	5519
0.000009	5538
0.000009	5557
0.000009	5576
0.000009	5595
0.000009	5614
0.000009	5633
0.000009	5652
0.000009	5671
0.000009	5690
0.000009	5709
0.000009	5728
0.000009	5747
0.000009	5766
0.000009	5785
0.000009	5804
0.000009	5823
0.000009	5841
0.000009	5860
0.000009	5879
0.000009	5898
0.000009	5917
0.000009	5936
0.000009	5955
0.000009	5974
0.000009	5993
0.000009	6012
0.000009	6031
0.000009	6050
0.000009	6069
0.000009	6088
0.000009	6107
0.000009	6126
0.000009	6145
0.000009	6164
0.000009	6183
0.000009	6202
0.000009	6221
0.000009	6240
0.000009	6259
0.000009	6278
0.000009	6297
0.000009	6316
0.000009	6335
0.000009	6354
0.000009	6373
0.000009	6392
0.000009	6411
0.000009	6430
0.000009	6449
0.000009	6468
0.000009	6487
0.000009	6506
0.000009	6525
0.000009	6544
0.000009	6563
0.000009	6582
0.000009	6601
0.000009	6620
0.000009	6639
0.000009	6658
0.000009	6677
0.000009	6696
0.000009	6715
0.000009	6734
0.000009	6753
0.000009	6772
0.000009	6791
0.000009	6810
0.000009	6829
0.000009	6848
0.000009	6867
0.000009	6886
0.000009	6905
0.000009	6924
0.000009	6943
0.000009	6962
0.000009	6980
0.000009	7000
0.000009	7019
0.000009	7038
0.000009	7056
0.000009	7075
0.000009	7094
0.000009	7113
0.000009	7132
0.000009	7151
0.000009	7170
0.000009	7189
0.000009	7208
0.000009	7227
0.000009	7246
0.000009	7265
0.000009	7284
0.000009	7303
0.000009	7322
0.000009	7341
0.000009	7360
0.000009	7379
0.000009	7398
0.000009	7417
0.000009	7436
0.000009	7455
0.000009	7474
0.000009	7493
0.000009	7512
0.000009	7531
0.000009	7550
0.000009	7569
0.000009	7588
0.000009	7607
0.000009	7626
0.000009	7645
0.000009	7664
0.000009	7683
0.000009	7702
0.000009	7721
0.000009	7740
0.000009	7759
0.000009	7778
0.000009	7797
0.000009	7816
0.000009	7835
0.000009	7854
0.000009	7873
0.000009	7892
0.000009	7911
0.000009	7930
0.000009	7949
0.000009	7968
0.000009	7987
0.000009	8006
0.000009	8025
0.000009	8044
0.000009	8063
0.000009	8082
0.000009	8101
0.000009	8120
0.000009	8139
0.000009	8158
0.000009	8177
0.000009	8196
0.000009	8215
0.000009	8234
0.000009	8253
0.000009	8272
0.000009	8291
0.000009	8310
0.000009	8329
0.000009	8347
0.000009	8366
0.000009	8386
0.000009	8405
0.000009	8423
0.000009	8442
0.000009	8461
0.000009	8480
0.000009	8499
0.000009	8518
0.000009	8537
0.000009	8556
0.000009	8575
0.000009	8594
0.000009	8613
0.000009	8632
0.000009	8651
0.000009	8670
0.000009	8689
0.000009	8708
0.000009	8727
0.000009	8746
0.000009	8765
0.000009	8784
0.000009	8803
0.000009	8822
0.000009	8841
0.000009	8860
0.000009	8879
0.000009	8898
0.000009	8917
0.000009	8936
0.000009	8955
0.000009	8974
0.000009	8993
0.000009	9012
0.000009	9031
0.000009	9050
0.000009	9069
0.000009	9088
0.000009	9107
0.000009	9126
0.000009	9145
0.000009	9164
0.000009	9183
0.000009	9202
0.000009	9221
0.000009	9240
0.000009	9259
0.000009	9278
0.000009	9297
0.000009	9316
0.000009	9335
0.000009	9354
0.000009	9373
0.000009	9392
0.000009	9411
0.000009	9430
0.000009	9449
0.000007	9466
0.000006	9479
0.000004	9488
0.000003	9495
0.000002	9499
0.000001	9500
0.000001	9500
0.000001	9500
0.000001	9500
0.000001	9500
0.000001	9500
0.000001	9500
0.000001	9500
0.000001	9500
0.000001	9500
0.000001	9500
0.000001	9500
0.000001	9500
0.000001	9500
0.000001	9500
0.000001	9500
0.000001	9500
0.000001	9500
0.000001	9500
0.000001	9500
0.000001	9500
0.000001	9500
0.000001	9500
0.000001	9500
0.000001	9500
0.000001	9500
0.000001	9500
0.000001	9500
0.000001	9500
0.000001	9500
0.000001	9500
0.000001	9500
0.000001	9500
0.000001	9500
0.000001	9500
0.000001	9500
0.000001	9500
0.000001	9500
0.000001	9500
0.000001	9500
0.000001	9500
0.000001	9500
0.000001	9500
0.000001	9500
0.000001	9500
0.000001	9500
0.000001	9500
0.000001	9500
0.000001	9500
0.000001	9500
0.000001	9500
0.000001	9500
0.000001	9500
0.000001	9500
0.000001	9500
0.000001	9500
0.000001	9500
0.000001	9500
0.000001	9500
0.000001	9500
0.000001	9500
0.000001	9500
0.000001	9500
0.000001	9500
0.000001	9500
0.000001	9500
0.000001	9500
0.000001	9500
0.000001	9500
0.000001	9500
0.000001	9500
0.000001	9500
0.000001	9500
0.000001	9500
0.000001	9500
0.000001	9500
0.000001	9500
0.000001	9500
0.000001	9500
0.000001	9500
0.000001	9500
0.000001	9500
0.000001	9500
0.000001	9500
0.000001	9500
0.000001	9500
0.000001	9500
0.000001	9500
0.000001	9500
0.000001	9500
0.000001	9500
0.000001	9500
0.000001	9500
0.000001	9500
0.000001	9500
0.000001	9500
0.000001	9500
0.000001	9500
0.000001	9500
0.000001	9500
0.000001	9500
0.000001	9500
0.000001	9500
0.000001	9500
0.000001	9500
0.000001	9500
0.000001	9500
0.000001	9500
0.000001	9500
0.000001	9500
0.000001	9500
0.000001	9500
0.000001	9500
0.000001	9500
0.000001	9500
0.000001	9500
0.000001	9500
0.000001	9500
0.000001	9500
0.000001	9500
0.000001	9500
0.000001	9500
0.000001	9500
0.000001	9500
0.000001	9500
0.000001	9500
0.000001	9500
0.000001	9500
0.000001	9500
0.000001	9500
0.000001	9500
0.000001	9500
0.000001	9500
0.000001	9500
0.000001	9500
0.000001	9500
0.000001	9500
0.000001	9500
0.000001	9500
0.000001	9500
0.000001	9500
0.000001	9500
0.000001	9500
0.000001	9500
0.000001	9500
0.000001	9500
0.000001	9500
0.000001	9500
0.000001	9500
0.000001	9500
0.000001	9500
0.000001	9500
0.000001	9500
0.000001	9500
0.000001	9500
0.000001	9500
0.000001	9500
0.000001	9500
0.000001	9500
0.000001	9500
0.000001	9500
0.000001	9500
0.000001	9500
0.000001	9500
0.000001	9500
0.000001	9500
0.000001	9500
0.000001	9500
0.000001	9500
0.000001	9500
0.000001	9500
0.000001	9500
0.000001	9500
0.000001	9500
0.000001	9500
0.000001	9500
0.000001	9500
0.000001	9500
0.000001	9500
0.000001	9500
0.000001	9500
0.000001	9500
0.000001	9500
0.000001	9500
0.000001	9500
0.000001	9500
0.000001	9500
0.000001	9500
0.000001	9500
0.000001	9500
0.000001	9500
0.000001	9500
0.000001	9500
0.000001	9500
0.000001	9500
0.000001	9500
0.000001	9500
0.000001	9500
0.000001	9500
0.000001	9500
0.000001	9500
0.000001	9500
0.000001	9500
0.000001	9500
0.000001	9500
0.000001	9500
0.000001	9500
0.000001	9500
0.000001	9500
0.000001	9500
0.000001	9500
0.000001	9500
0.000001	9500
0.000001	9500
0.000001	9500
0.000001	9500
0.000001	9500
0.000001	9500
0.000001	9500
0.000001	9500
0.000001	9500
0.000001	9500
0.000001	9500
0.000001	9500
0.000001	9500
0.000001	9500
0.000001	9500
0.000001	9500
0.000001	9500
0.000001	9500
0.000001	9500
0.000001	9500
0.000001	9500
0.000001	9500
0.000001	9500
0.000001	9500
0.000001	9500
0.000001	9500
0.000001	9500
0.000001	9500
0.000001	9500
0.000001	9500
0.000001	9500
0.000001	9500
0.000000	9501
0.000000	9501
0.000009	9516
0.000009	9535
0.000009	9554
0.000009	9573
0.000009	9592
0.000009	9611
0.000009	9630
0.000009	9649
0.000009	9668
0.000009	9687
0.000009	9706
0.000009	9725
0.000009	9744
0.000009	9763
0.000009	9782
0.000009	9801
0.000009	9820
0.000009	9839
0.000009	9858
0.000009	9877
0.000009	9896
0.000009	9915
0.000009	9934
0.000009	9953
0.000009	9972
0.000009	9991
0.000009	10010
0.000009	10029
0.000009	10048
0.000009	10067
0.000009	10086
0.000009	10105
0.000009	10124
0.000009	10143
0.000009	10162
0.000009	10181
0.000009	10200
0.000009	10219
0.000009	10238
0.000009	10257
0.000009	10276
0.000009	10295
0.000009	10314
0.000009	10333
0.000009	10352
0.000009	10371
0.000009	10390
0.000009	10409
0.000009	10428
0.000009	10447
0.000009	10466
0.000009	10485
0.000009	10504
0.000009	10523
0.000009	10542
0.000009	10561
0.000009	10580
0.000009	10599
0.000009	10618
0.000009	10637
0.000009	10656
0.000009	10675
0.000009	10694
0.000009	10713
0.000009	10732
0.000009	10751
0.000009	10770
0.000009	10789
0.000009	10808
0.000009	10827
0.000009	10846
0.000009	10865
0.000009	10884
0.000009	10903
0.000009	10922
0.000009	10941
0.000009	10960
0.000009	10979
0.000009	10998
0.000009	11017
0.000009	11036
0.000009	11055
0.000009	11074
0.000009	11093
0.000009	11112
0.000009	11131
0.000009	11150
0.000009	11169
0.000009	11188
0.000009	11207
0.000009	11226
0.000009	11245
0.000009	11264
0.000009	11283
0.000009	11302
0.000009	11321
0.000009	11340
0.000009	11359
0.000009	11378
0.000009	11397
0.000009	11416
0.000009	11435
0.000009	11454
0.000009	11473
0.000009	11492
0.000009	11511
0.000009	11530
0.000009	11549
0.000009	11568
0.000009	11587
0.000009	11606
0.000009	11625
0.000009	11644
0.000009	11663
0.000009	11682
0.000009	11701
0.000009	11720
0.000009	11739
0.000009	11758
0.000009	11777
0.000009	11796
0.000009	11815
0.000009	11834
0.000009	11853
0.000009	11872
0.000009	11891
0.000009	11909
0.000009	11928
0.000009	11948
0.000009	11967
0.000009	11986
0.000009	12005
0.000009	12024
0.000009	12043
0.000009	12062
0.000009	12080
0.000009	12099
0.000009	12119
0.000009	12138
0.000009	12157
0.000009	12176
0.000009	12195
0.000009	12214
0.000009	12233
0.000009	12251
0.000009	12270
0.000009	12290
0.000009	12309
0.000009	12328
0.000009	12347
0.000009	12366
0.000009	12385
0.000009	12404
0.000009	12422
0.000009	12442
0.000009	12461
0.000009	12480
0.000009	12499
0.000009	12518
0.000009	12537
0.000009	12556
0.000009	12575
0.000009	12593
0.000009	12612
0.000009	12632
0.000009	12651
0.000009	12670
0.000009	12689
0.000009	12708
0.000009	12727
0.000009	12746
0.000009	12764
0.000009	12784
0.000009	12803
0.000009	12822
0.000009	12841
0.000009	12860
0.000009	12879
0.000009	12898
0.000009	12917
0.000009	12936
0.000009	12955
0.000009	12974
0.000009	12993
0.000009	13012
0.000009	13031
0.000009	13050
0.000009	13069
0.000009	13088
0.000009	13107
0.000009	13126
0.000009	13145
0.000009	13164
0.000009	13183
0.000009	13202
0.000009	13221
0.000009	13240
0.000009	13259
0.000009	13278
0.000009	13297
0.000009	13316
0.000009	13335
0.000009	13354
0.000009	13373
0.000009	13392
0.000009	13411
0.000009	13430
0.000009	13449
0.000009	13468
0.000009	13487
0.000009	13506
0.000009	13525
0.000009	13544
0.000009	13563
0.000009	13582
0.000009	13601
0.000009	13620
0.000009	13639
0.000009	13658
0.000009	13677
0.000009	13696
0.000009	13715
0.000009	13734
0.000009	13753
0.000009	13772
0.000009	13791
0.000009	13810
0.000009	13829
0.000009	13848
0.000009	13867
0.000009	13886
0.000009	13905
0.000009	13924
0.000009	13943
0.000009	13962
0.000009	13981
0.000009	14000
0.000009	14019
0.000009	14038
0.000009	14057
0.000009	14076
0.000009	14095
0.000009	14114
0.000009	14133
0.000009	14152
0.000009	14171
0.000009	14190
0.000009	14209
0.000009	14228
0.000007	14230
0.000008	14244
0.000009	14263
0.000009	14282
0.000009	14301
0.000009	14320
0.000009	14339
0.000009	14358
0.000009	14377
0.000009	14396
0.000009	14415
0.000009	14434
0.000009	14453
0.000009	14472
0.000009	14491
0.000009	14510
0.000009	14529
0.000009	14548
0.000009	14567
0.000009	14585
0.000009	14605
0.000009	14624
0.000009	14643
0.000009	14662
0.000009	14680
0.000009	14699
0.000009	14718
0.000009	14737
0.000009	14756
0.000009	14775
0.000009	14794
0.000009	14813
0.000009	14832
0.000009	14851
0.000009	14870
0.000009	14889
0.000009	14908
0.000009	14927
0.000009	14946
0.000009	14965
0.000009	14984
0.000009	15003
0.000009	15022
0.000009	15041
0.000009	15060
0.000009	15079
0.000009	15098
0.000009	15117
0.000009	15136
0.000009	15155
0.000009	15174
0.000009	15193
0.000009	15212
0.000009	15231
0.000009	15250
0.000009	15269
0.000009	15288
0.000009	15307
0.000009	15326
0.000009	15345
0.000009	15364
0.000009	15383
0.000009	15402
0.000009	15421
0.000009	15440
0.000009	15459
0.000009	15478
0.000009	15497
0.000009	15516
0.000009	15535
0.000009	15554
0.000009	15573
0.000009	15592
0.000009	15611
0.000009	15630
0.000009	15649
0.000009	15668
0.000009	15687
0.000009	15706
0.000009	15725
0.000009	15744
0.000009	15763
0.000009	15782
0.000009	15801
0.000009	15820
0.000009	15839
0.000009	15858
0.000009	15877
0.000009	15896
0.000009	15915
0.000009	15934
0.000009	15953
0.000009	15972
0.000009	15991
0.000009	16010
0.000009	16029
0.000009	16048
0.000009	16067
0.000009	16086
0.000009	16105
0.000009	16124
0.000009	16142
0.000009	16162
0.000009	16181
0.000009	16200
0.000009	16218
0.000009	16237
0.000009	16256
0.000009	16275
0.000009	16294
0.000009	16313
0.000009	16332
0.000009	16351
0.000009	16370
0.000009	16389
0.000009	16408
0.000009	16427
0.000009	16446
0.000009	16465
0.000009	16484
0.000009	16503
0.000009	16522
0.000009	16541
0.000009	16560
0.000009	16579
0.000009	16598
0.000009	16617
0.000009	16636
0.000009	16655
0.000009	16674
0.000009	16693
0.000009	16712
0.000009	16731
0.000009	16750
0.000009	16769
0.000009	16788
0.000009	16807
0.000009	16826
0.000009	16845
0.000009	16864
0.000009	16883
0.000009	16902
0.000009	16921
0.000009	16940
0.000009	16959
0.000009	16978
0.000009	16997
0.000009	17016
0.000009	17035
0.000009	17054
0.000009	17073
0.000009	17092
0.000009	17111
0.000009	17130
0.000009	17149
0.000009	17168
0.000009	17187
0.000009	17206
0.000009	17225
0.000009	17244
0.000009	17263
0.000009	17282
0.000009	17301
0.000009	17320
0.000009	17339
0.000009	17358
0.000009	17377
0.000009	17396
0.000009	17415
0.000009	17434
0.000009	17453
0.000009	17472
0.000009	17491
0.000009	17510
0.000009	17529
0.000009	17548
0.000009	17567
0.000009	17586
0.000009	17605
0.000009	17624
0.000009	17643
0.000009	17662
0.000009	17681
0.000009	17700
0.000009	17719
0.000009	17738
0.000009	17757
0.000009	17776
0.000009	17795
0.000009	17814
0.000009	17833
0.000009	17852
0.000009	17871
0.000009	17890
0.000009	17909
0.000009	17928
0.000009	17947
0.000009	17966
0.000009	17985
0.000009	18004
0.000009	18023
0.000009	18042
0.000009	18061
0.000009	18080
0.000009	18099
0.000009	18118
0.000009	18137
0.000009	18156
0.000009	18174
0.000009	18193
0.000009	18212
0.000009	18232
0.000009	18251
0.000009	18270
0.000009	18289
0.000009	18308
0.000009	18326
0.000009	18345
0.000009	18364
0.000009	18383
0.000009	18402
0.000009	18421
0.000009	18440
0.000009	18459
0.000009	18478
0.000009	18497
0.000009	18516
0.000009	18535
0.000009	18554
0.000009	18573
0.000009	18592
0.000009	18611
0.000009	18630
0.000009	18649
0.000009	18668
0.000009	18687
0.000009	18706
0.000009	18725
0.000009	18744
0.000009	18763
0.000009	18782
0.000009	18801
0.000009	18820
0.000009	18839
0.000009	18858
0.000009	18877
0.000009	18896
0.000009	18915
0.000009	18934
0.000009	18953
0.000007	18970
0.000006	18983
0.000004	18993
0.000003	19000
0.000002	19003
0.000001	19005
0.000001	19005
0.000001	19005
0.000001	19005
0.000001	19005
0.000001	19005
0.000001	19005
0.000001	19005
0.000001	19005
0.000001	19005
0.000001	19005
0.000001	19005
0.000001	19005
0.000001	19005
0.000001	19005
0.000001	19005
0.000001	19005
0.000001	19005
0.000001	19005
0.000001	19005
0.000001	19005
0.000001	19005
0.000001	19005
0.000001	19005
0.000001	19005
0.000001	19005
0.000001	19005
0.000001	19005
0.000001	19005
0.000001	19005
0.000001	19005
0.000001	19005
0.000001	19005
0.000001	19005
0.000001	19005
0.000001	19005
0.000001	19005
0.000001	19005
0.000001	19005
0.000001	19005
0.000001	19005
0.000001	19005
0.000001	19005
0.000001	19005
0.000001	19005
0.000001	19005
0.000001	19005
0.000001	19005
0.000001	19005
0.000001	19005
0.000001	19005
0.000001	19005
0.000001	19005
0.000001	19005
0.000001	19005
0.000001	19005
0.000001	19005
0.000001	19005
0.000001	19005
0.000001	19005
0.000001	19005
0.000001	19005
0.000001	19005
0.000001	19005
0.000001	19005
0.000001	19005
0.000001	19005
0.000001	19005
0.000001	19005
0.000001	19005
0.000001	19005
0.000001	19005
0.000001	19005
0.000001	19005
0.000001	19005
0.000001	19005
0.000001	19005
0.000001	19005
0.000001	19005
0.000001	19005
0.000001	19005
0.000001	19005
0.000001	19005
0.000001	19005
0.000001	19005
0.000001	19005
0.000001	19005
0.000001	19005
0.000001	19005
0.000001	19005
0.000001	19005
0.000001	19005
0.000001	19005
0.000001	19005
0.000001	19005
0.000001	19005
0.000001	19005
0.000001	19005
0.000001	19005
0.000001	19005
0.000001	19005
0.000001	19005
0.000001	19005
0.000001	19005
0.000001	19005
0.000001	19005
0.000001	19005
0.000001	19005
0.000001	19005
0.000001	19005
0.000001	19005
0.000001	19005
0.000001	19005
0.000001	19005
0.000001	19005
0.000001	19005
0.000001	19005
0.000001	19005
0.000001	19005
0.000001	19005
0.000001	19005
0.000001	19005
0.000001	19005
0.000001	19005
0.000001	19005
0.000001	19005
0.000001	19005
0.000001	19005
0.000001	19005
0.000001	19005
0.000001	19005
0.000001	19005
0.000001	19005
0.000001	19005
0.000001	19005
0.000001	19005
0.000001	19005
0.000001	19005
0.000001	19005
0.000001	19005
0.000001	19005
0.000001	19005
0.000001	19005
0.000001	19005
0.000001	19005
0.000001	19005
0.000001	19005
0.000001	19005
0.000001	19005
0.000001	19005
0.000001	19005
0.000001	19005
0.000001	19005
0.000001	19005
0.000001	19005
0.000001	19005
0.000001	19005
0.000001	19005
0.000001	19005
0.000001	19005
0.000001	19005
0.000001	19005
0.000001	19005
0.000001	19005
0.000001	19005
0.000001	19005
0.000001	19005
0.000001	19005
0.000001	19005
0.000001	19005
0.000001	19005
0.000001	19005
0.000001	19005
0.000001	19005
0.000001	19005
0.000001	19005
0.000001	19005
0.000001	19005
0.000001	19005
0.000001	19005
0.000001	19005
0.000001	19005
0.000001	19005
0.000001	19005
0.000001	19005
0.000001	19005
0.000001	19005
0.000001	19005
0.000001	19005
0.000001	19005
0.000001	19005
0.000001	19005
0.000001	19005
0.000001	19005
0.000001	19005
0.000001	19005
0.000001	19005
0.000001	19005
0.000001	19005
0.000001	19005
0.000001	19005
0.000001	19005
0.000001	19005
0.000001	19005
0.000001	19005
0.000001	19005
0.000001	19005
0.000001	19005
0.000001	19005
0.000001	19005
0.000001	19005
0.000001	19005
0.000001	19005
0.000001	19005
0.000001	19005
0.000001	19005
0.000001	19005
0.000001	19005
0.000001	19005
0.000001	19005
0.000001	19005
0.000001	19005
0.000001	19005
0.000001	19005
0.000001	19005
0.000001	19005
0.000001	19005
0.000001	19005
0.000001	19005
0.000001	19005
0.000001	19005
0.000001	19005
0.000001	19005
0.000001	19005
0.000001	19005
0.000001	19005
0.000001	19005
0.000001	19005
0.000001	19005
0.000001	19005
0.000001	19005
0.000001	19005
0.000001	19005
0.000001	19005
0.000001	19005
0.000001	19005
0.000009	19019
0.000009	19038
0.000009	19057
0.000009	19076
0.000009	19095
0.000009	19114
0.000009	19133
0.000009	19152
0.000009	19171
0.000009	19190
0.000009	19209
0.000009	19228
0.000009	19247
0.000009	19266
0.000009	19285
0.000009	19304
0.000009	19323
0.000009	19342
0.000009	19361
0.000009	19380
0.000009	19399
0.000009	19418
0.000009	19437
0.000009	19456
0.000009	19475
0.000009	19494
0.000009	19513
0.000009	19532
0.000009	19551
0.000009	19570
0.000009	19589
0.000009	19608
0.000009	19627
0.000009	19646
0.000009	19665
0.000009	19684
0.000009	19703
0.000009	19722
0.000009	19741
0.000009	19760
0.000009	19779
0.000009	19798
0.000009	19817
0.000009	19836
0.000009	19855
0.000009	19874
0.000009	19893
0.000009	19912
0.000009	19931
0.000009	19950
0.000009	19969
0.000009	19988
0.000009	20007
0.000009	20026
0.000009	20045
0.000009	20064
0.000009	20083
0.000009	20102
0.000009	20121
0.000009	20140
0.000009	20159
0.000009	20178
0.000009	20197
0.000009	20216
0.000009	20235
0.000009	20254
0.000009	20273
0.000009	20292
0.000009	20311
0.000009	20330
0.000009	20349
0.000009	20368
0.000009	20387
0.000009	20406
0.000009	20425
0.000009	20444
0.000009	20463
0.000009	20482
0.000009	20501
0.000009	20520
0.000009	20539
0.000009	20558
0.000009	20577
0.000009	20596
0.000009	20615
0.000009	20634
0.000009	20653
0.000009	20672
0.000009	20691
0.000009	20710
0.000009	20729
0.000009	20748
0.000009	20767
0.000009	20786
0.000009	20805
0.000009	20824
0.000009	20843
0.000009	20862
0.000009	20881
0.000009	20900
0.000009	20919
0.000009	20938
0.000009	20957
0.000009	20976
0.000009	20995
0.000009	21014
0.000009	21033
0.000009	21052
0.000009	21071
0.000009	21090
0.000009	21109
0.000009	21128
0.000009	21147
0.000009	21166
0.000009	21185
0.000009	21204
0.000009	21223
0.000009	21242
0.000009	21261
0.000009	21280
0.000009	21299
0.000009	21318
0.000009	21337
0.000009	21356
0.000009	21375
0.000009	21394
0.000009	21413
0.000009	21432
0.000009	21451
0.000009	21470
0.000009	21489
0.000009	21508
0.000009	21527
0.000009	21546
0.000009	21565
0.000009	21584
0.000009	21603
0.000009	21622
0.000009	21641
0.000009	21660
0.000009	21679
0.000009	21698
0.000009	21717
0.000009	21736
0.000009	21755
0.000009	21774
0.000009	21793
0.000009	21812
0.000009	21831
0.000009	21850
0.000009	21869
0.000009	21888
0.000009	21907
0.000009	21926
0.000009	21945
0.000009	21964
0.000009	21983
0.000009	22002
0.000009	22021
0.000009	22040
0.000009	22059
0.000009	22078
0.000009	22097
0.000009	22116
0.000009	22135
0.000009	22154
0.000009	22173
0.000009	22192
0.000009	22211
0.000009	22230
0.000009	22249
0.000009	22268
0.000009	22287
0.000009	22306
0.000009	22325
0.000009	22344
0.000009	22363
0.000009	22382
0.000009	22401
0.000009	22420
0.000009	22439
0.000009	22458
0.000009	22477
0.000009	22496
0.000009	22515
0.000009	22535
0.000009	22553
0.000009	22573
0.000009	22591
0.000009	22610
0.000009	22629
0.000009	22649
0.000009	22667
0.000009	22686
0.000009	22706
0.000009	22725
0.000009	22744
0.000009	22762
0.000009	22781
0.000009	22800
0.000009	22820
0.000009	22839
0.000009	22858
0.000009	22877
0.000009	22896
0.000009	22915
0.000009	22934
0.000009	22952
0.000009	22972
0.000009	22991
0.000009	23010
0.000009	23029
0.000009	23048
0.000009	23067
0.000009	23086
0.000009	23105
0.000009	23124
0.000009	23143
0.000009	23162
0.000009	23181
0.000009	23200
0.000009	23219
0.000009	23238
0.000009	23257
0.000009	23276
0.000009	23295
0.000009	23314
0.000009	23333
0.000009	23352
0.000009	23371
0.000009	23390
0.000009	23409
0.000009	23428
0.000009	23447
0.000009	23466
0.000009	23485
0.000009	23504
0.000009	23523
0.000009	23542
0.000009	23561
0.000009	23580
0.000009	23599
0.000009	23618
0.000009	23637
0.000009	23656
0.000009	23675
0.000009	23694
0.000009	23713
0.000009	23732
0.000007	23734
0.000008	23748
0.000009	23767
0.000009	23786
0.000009	23805
0.000009	23824
0.000009	23843
0.000009	23862
0.000009	23881
0.000009	23900
0.000009	23919
0.000009	23938
0.000009	23957
0.000009	23976
0.000009	23995
0.000009	24014
0.000009	24033
0.000009	24051
0.000009	24070
0.000009	24089
0.000009	24109
0.000009	24128
0.000009	24146
0.000009	24165
0.000009	24184
0.000009	24203
0.000009	24222
0.000009	24241
0.000009	24260
0.000009	24279
0.000009	24298
0.000009	24317
0.000009	24336
0.000009	24355
0.000009	24374
0.000009	24393
0.000009	24412
0.000009	24431
0.000009	24450
0.000009	24469
0.000009	24488
0.000009	24507
0.000009	24526
0.000009	24545
0.000009	24564
0.000009	24583
0.000009	24602
0.000009	24621
0.000009	24640
0.000009	24659
0.000009	24678
0.000009	24697
0.000009	24716
0.000009	24735
0.000009	24754
0.000009	24773
0.000009	24792
0.000009	24811
0.000009	24830
0.000009	24849
0.000009	24868
0.000009	24887
0.000009	24906
0.000009	24925
0.000009	24944
0.000009	24963
0.000009	24982
0.000009	25001
0.000009	25020
0.000009	25039
0.000009	25058
0.000009	25077
0.000009	25096
0.000009	25115
0.000009	25134
0.000009	25153
0.000009	25172
0.000009	25191
0.000009	25210
0.000009	25229
0.000009	25248
0.000009	25267
0.000009	25286
0.000009	25305
0.000009	25324
0.000009	25343
0.000009	25362
0.000009	25381
0.000009	25400
0.000009	25419
0.000009	25438
0.000009	25457
0.000009	25476
0.000009	25495
0.000009	25514
0.000009	25533
0.000009	25552
0.000009	25571
0.000009	25590
0.000009	25609
0.000009	25628
0.000009	25647
0.000009	25666
0.000009	25685
0.000009	25704
0.000009	25723
0.000009	25742
0.000009	25761
0.000009	25780
0.000009	25799
0.000009	25818
0.000009	25837
0.000009	25856
0.000009	25875
0.000009	25894
0.000009	25913
0.000009	25932
0.000009	25951
0.000009	25970
0.000009	25989
0.000009	26008
0.000009	26027
0.000009	26046
0.000009	26065
0.000009	26084
0.000009	26103
0.000009	26122
0.000009	26141
0.000009	26160
0.000009	26179
0.000009	26198
0.000009	26217
0.000009	26236
0.000009	26255
0.000009	26274
0.000009	26292
0.000009	26311
0.000009	26330
0.000009	26350
0.000009	26369
0.000009	26388
0.000009	26406
0.000009	26425
0.000009	26444
0.000009	26463
0.000009	26482
0.000009	26501
0.000009	26520
0.000009	26539
0.000009	26558
0.000009	26577
0.000009	26596
0.000009	26615
0.000009	26634
0.000009	26653
0.000009	26672
0.000009	26691
0.000009	26710
0.000009	26729
0.000009	26748
0.000009	26767
0.000009	26786
0.000009	26805
0.000009	26824
0.000009	26843
0.000009	26862
0.000009	26881
0.000009	26900
0.000009	26919
0.000009	26938
0.000009	26957
0.000009	26976
0.000009	26995
0.000009	27014
0.000009	27033
0.000009	27052
0.000009	27071
0.000009	27090
0.000009	27109
0.000009	27128
0.000009	27147
0.000009	27166
0.000009	27185
0.000009	27204
0.000009	27223
0.000009	27242
0.000009	27261
0.000009	27280
0.000009	27299
0.000009	27318
0.000009	27337
0.000009	27356
0.000009	27375
0.000009	27394
0.000009	27413
0.000009	27432
0.000009	27451
0.000009	27470
0.000009	27489
0.000009	27508
0.000009	27527
0.000009	27546
0.000009	27565
0.000009	27584
0.000009	27603
0.000009	27622
0.000009	27641
0.000009	27660
0.000009	27679
0.000009	27698
0.000009	27717
0.000009	27736
0.000009	27755
0.000009	27774
0.000009	27793
0.000009	27812
0.000009	27831
0.000009	27850
0.000009	27869
0.000009	27888
0.000009	27907
0.000009	27926
0.000009	27945
0.000009	27964
0.000009	27983
0.000009	28002
0.000009	28021
0.000009	28040
0.000009	28059
0.000009	28078
0.000009	28097
0.000009	28116
0.000009	28135
0.000009	28154
0.000009	28173
0.000009	28192
0.000009	28211
0.000009	28230
0.000009	28249
0.000009	28268
0.000009	28287
0.000009	28306
0.000009	28325
0.000009	28344
0.000009	28363
0.000009	28382
0.000009	28401
0.000009	28420
0.000009	28439
0.000009	28458
0.000007	28475
0.000006	28488
0.000004	28498
0.000003	28504
0.000002	28508
0.000001	28510
0.000001	28510
0.000001	28510
0.000001	28510
0.000001	28510
0.000001	28510
0.000001	28510
0.000001	28510
0.000001	28510
0.000001	28510
0.000001	28510
0.000001	28510
0.000001	28510
0.000001	28510
0.000001	28510
0.000001	28510
0.000001	28510
0.000001	28510
0.000001	28510
0.000001	28510
0.000001	28510
0.000001	28510
0.000001	28510
0.000001	28510
0.000001	28510
0.000001	28510
0.000001	28510
0.000001	28510
0.000001	28510
0.000001	28510
0.000001	28510
0.000001	28510
0.000001	28510
0.000001	28510
0.000001	28510
0.000001	28510
0.000001	28510
0.000001	28510
0.000001	28510
0.000001	28510
0.000001	28510
0.000001	28510
0.000001	28510
0.000001	28510
0.000001	28510
0.000001	28510
0.000001	28510
0.000001	28510
0.000001	28510
0.000001	28510
0.000001	28510
0.000001	28510
0.000001	28510
0.000001	28510
0.000001	28510
0.000001	28510
0.000001	28510
0.000001	28510
0.000001	28510
0.000001	28510
0.000001	28510
0.000001	28510
0.000001	28510
0.000001	28510
0.000001	28510
0.000001	28510
0.000001	28510
0.000001	28510
0.000001	28510
0.000001	28510
0.000001	28510
0.000001	28510
0.000001	28510
0.000001	28510
0.000001	28510
0.000001	28510
0.000001	28510
0.000001	28510
0.000001	28510
0.000001	28510
0.000001	28510
0.000001	28510
0.000001	28510
0.000001	28510
0.000001	28510
0.000001	28510
0.000001	28510
0.000001	28510
0.000001	28510
0.000001	28510
0.000001	28510
0.000001	28510
0.000001	28510
0.000001	28510
0.000001	28510
0.000001	28510
0.000001	28510
0.000001	28510
0.000001	28510
0.000001	28510
0.000001	28510
0.000001	28510
0.000001	28510
0.000001	28510
0.000001	28510
0.000001	28510
0.000001	28510
0.000001	28510
0.000001	28510
0.000001	28510
0.000001	28510
0.000001	28510
0.000001	28510
0.000001	28510
0.000001	28510
0.000001	28510
0.000001	28510
0.000001	28510
0.000001	28510
0.000001	28510
0.000001	28510
0.000001	28510
0.000001	28510
0.000001	28510
0.000001	28510
0.000001	28510
0.000001	28510
0.000001	28510
0.000001	28510
0.000001	28510
0.000001	28510
0.000001	28510
0.000001	28510
0.000001	28510
0.000001	28510
0.000001	28510
0.000001	28510
0.000001	28510
0.000001	28510
0.000001	28510
0.000001	28510
0.000001	28510
0.000001	28510
0.000001	28510
0.000001	28510
0.000001	28510
0.000001	28510
0.000001	28510
0.000001	28510
0.000001	28510
0.000001	28510
0.000001	28510
0.000001	28510
0.000001	28510
0.000001	28510
0.000001	28510
0.000001	28510
0.000001	28510
0.000001	28510
0.000001	28510
0.000001	28510
0.000001	28510
0.000001	28510
0.000001	28510
0.000001	28510
0.000001	28510
0.000001	28510
0.000001	28510
0.000001	28510
0.000001	28510
0.000001	28510
0.000001	28510
0.000001	28510
0.000001	28510
0.000001	28510
0.000001	28510
0.000001	28510
0.000001	28510
0.000001	28510
0.000001	28510
0.000001	28510
0.000001	28510
0.000001	28510
0.000001	28510
0.000001	28510
0.000001	28510
0.000001	28510
0.000001	28510
0.000001	28510
0.000001	28510
0.000001	28510
0.000001	28510
0.000001	28510
0.000001	28510
0.000001	28510
0.000001	28510
0.000001	28510
0.000001	28510
0.000001	28510
0.000001	28510
0.000001	28510
0.000001	28510
0.000001	28510
0.000001	28510
0.000001	28510
0.000001	28510
0.000001	28510
0.000001	28510
0.000001	28510
0.000001	28510
0.000001	28510
0.000001	28510
0.000001	28510
0.000001	28510
0.000001	28510
0.000001	28510
0.000001	28510
0.000001	28510
0.000001	28510
0.000001	28510
0.000001	28510
0.000001	28510
0.000001	28510
0.000001	28510
0.000001	28510
0.000001	28510
0.000001	28510
0.000001	28510
0.000001	28510
0.000001	28510
0.000001	28510
0.000001	28510
0.000001	28510
0.000001	28510
0.000001	28510
0.000001	28510
0.000001	28510
0.000001	28510
0.000001	28510
0.000001	28510
0.000001	28510
0.000001	28510
0.000001	28510
0.000001	28510
0.000001	28510
0.000001	28510
0.000009	28524
0.000009	28543
0.000009	28562
0.000009	28581
0.000009	28600
0.000009	28619
0.000009	28638
0.000009	28657
0.000009	28676
0.000009	28695
0.000009	28714
0.000009	28733
0.000009	28752
0.000009	28771
0.000009	28790
0.000009	28809
0.000009	28828
0.000009	28847
0.000009	28866
0.000009	28885
0.000009	28904
0.000009	28923
0.000009	28942
0.000009	28961
0.000009	28980
0.000009	28999
0.000009	29018
0.000009	29037
0.000009	29056
0.000009	29075
0.000009	29094
0.000009	29113
0.000009	29132
0.000009	29151
0.000009	29170
0.000009	29189
0.000009	29208
0.000009	29227
0.000009	29246
0.000009	29265
0.000009	29284
0.000009	29303
0.000009	29322
0.000009	29341
0.000009	29360
0.000009	29379
0.000009	29398
0.000009	29417
0.000009	29436
0.000009	29455
0.000009	29474
0.000009	29493
0.000009	29512
0.000009	29531
0.000009	29550
0.000009	29569
0.000009	29588
0.000009	29607
0.000009	29626
0.000009	29645
0.000009	29664
0.000009	29683
0.000009	29702
0.000009	29721
0.000009	29740
0.000009	29759
0.000009	29778
0.000009	29797
0.000009	29816
0.000009	29835
0.000009	29854
0.000009	29873
0.000009	29892
0.000009	29911
0.000009	29930
0.000009	29949
0.000009	29968
0.000009	29987
0.000009	30006
0.000009	30025
0.000009	30044
0.000009	30063
0.000009	30082
0.000009	30101
0.000009	30120
0.000009	30139
0.000009	30158
0.000009	30177
0.000009	30196
0.000009	30215
0.000009	30234
0.000009	30253
0.000009	30272
0.000009	30291
0.000009	30310
0.000009	30329
0.000009	30348
0.000009	30367
0.000009	30386
0.000009	30405
0.000009	30424
0.000009	30443
0.000009	30462
0.000009	30481
0.000009	30500
0.000009	30520
0.000009	30539
0.000009	30558
0.000009	30576
0.000009	30595
0.000009	30614
0.000009	30634
0.000009	30653
0.000009	30672
0.000009	30691
0.000009	30710
0.000009	30729
0.000009	30748
0.000009	30767
0.000009	30786
0.000009	30805
0.000009	30824
0.000009	30843
0.000009	30862
0.000009	30881
0.000009	30900
0.000009	30919
0.000009	30938
0.000009	30957
0.000009	30976
0.000009	30995
0.000009	31014
0.000009	31033
0.000009	31052
0.000009	31071
0.000009	31090
0.000009	31109
0.000009	31128
0.000009	31147
0.000009	31166
0.000009	31185
0.000009	31204
0.000009	31223
0.000009	31242
0.000009	31261
0.000009	31280
0.000009	31299
0.000009	31318
0.000009	31337
0.000009	31356
0.000009	31375
0.000009	31394
0.000009	31413
0.000009	31432
0.000009	31451
0.000009	31470
0.000009	31489
0.000009	31508
0.000009	31527
0.000009	31546
0.000009	31565
0.000009	31584
0.000009	31603
0.000009	31622
0.000009	31641
0.000009	31660
0.000009	31679
0.000009	31698
0.000009	31717
0.000009	31736
0.000009	31755
0.000009	31774
0.000009	31793
0.000009	31812
0.000009	31831
0.000009	31850
0.000009	31869
0.000009	31888
0.000009	31907
0.000009	31926
0.000009	31945
0.000009	31964
0.000009	31983
0.000009	32002
0.000009	32021
0.000009	32040
0.000009	32059
0.000009	32078
0.000009	32097
0.000009	32116
0.000009	32135
0.000009	32154
0.000009	32173
0.000009	32192
0.000009	32211
0.000009	32230
0.000009	32249
0.000009	32268
0.000009	32287
0.000009	32306
0.000009	32325
0.000009	32344
0.000009	32363
0.000009	32382
0.000009	32401
0.000009	32420
0.000009	32439
0.000009	32458
0.000009	32477
0.000009	32496
0.000009	32515
0.000009	32534
0.000009	32553
0.000009	32572
0.000009	32591
0.000009	32610
0.000009	32629
0.000009	32648
0.000009	32667
0.000009	32686
0.000009	32705
0.000009	32724
0.000009	32743
0.000009	32762
0.000009	32781
0.000009	32800
0.000009	32819
0.000009	32838
0.000009	32857
0.000009	32876
0.000009	32895
0.000009	32914
0.000009	32933
0.000009	32952
0.000009	32971
0.000009	32990
0.000009	33009
0.000009	33028
0.000009	33047
0.000009	33066
0.000009	33085
0.000009	33104
0.000009	33123
0.000009	33142
0.000009	33161
0.000009	33180
0.000009	33199
0.000009	33218
0.000009	33237
0.000006	33240
0.000008	33254
0.000009	33273
0.000009	33292
0.000009	33311
0.000009	33330
0.000009	33349
0.000009	33367
0.000009	33386
0.000009	33405
0.000009	33424
0.000009	33443
0.000009	33462
0.000009	33481
0.000009	33500
0.000009	33519
0.000009	33538
0.000009	33557
0.000009	33576
0.000009	33595
0.000009	33614
0.000009	33633
0.000009	33652
0.000009	33671
0.000009	33690
0.000009	33709
0.000009	33728
0.000009	33747
0.000009	33766
0.000009	33785
0.000009	33804
0.000009	33823
0.000009	33842
0.000009	33861
0.000009	33880
0.000009	33899
0.000009	33918
0.000009	33937
0.000009	33956
0.000009	33975
0.000009	33994
0.000009	34013
0.000009	34032
0.000009	34051
0.000009	34070
0.000009	34089
0.000009	34108
0.000009	34127
0.000009	34146
0.000009	34165
0.000009	34184
0.000009	34203
0.000009	34222
0.000009	34241
0.000009	34260
0.000009	34279
0.000009	34298
0.000009	34317
0.000009	34336
0.000009	34355
0.000009	34374
0.000009	34393
0.000009	34412
0.000009	34431
0.000009	34450
0.000009	34469
0.000009	34488
0.000009	34507
0.000009	34526
0.000009	34545
0.000009	34564
0.000009	34583
0.000009	34602
0.000009	34621
0.000009	34640
0.000009	34659
0.000009	34678
0.000009	34697
0.000009	34716
0.000009	34735
0.000009	34754
0.000009	34773
0.000009	34792
0.000009	34811
0.000009	34830
0.000009	34849
0.000009	34868
0.000009	34887
0.000009	34906
0.000009	34925
0.000009	34944
0.000009	34963
0.000009	34982
0.000009	35001
0.000009	35020
0.000009	35039
0.000009	35058
0.000009	35077
0.000009	35096
0.000009	35115
0.000009	35134
0.000009	35153
0.000009	35172
0.000009	35191
0.000009	35210
0.000009	35229
0.000009	35248
0.000009	35267
0.000009	35286
0.000009	35305
0.000009	35324
0.000009	35343
0.000009	35362
0.000009	35381
0.000009	35400
0.000009	35419
0.000009	35438
0.000009	35457
0.000009	35476
0.000009	35495
0.000009	35514
0.000009	35533
0.000009	35552
0.000009	35571
0.000009	35590
0.000009	35609
0.000009	35628
0.000009	35647
0.000009	35666
0.000009	35685
0.000009	35704
0.000009	35723
0.000009	35742
0.000009	35761
0.000009	35780
0.000009	35799
0.000009	35818
0.000009	35837
0.000009	35856
0.000009	35875
0.000009	35894
0.000009	35913
0.000009	35932
0.000009	35951
0.000009	35970
0.000009	35989
0.000009	36008
0.000009	36027
0.000009	36046
0.000009	36065
0.000009	36084
0.000009	36103
0.000009	36122
0.000009	36141
0.000009	36160
0.000009	36179
0.000009	36198
0.000009	36217
0.000009	36236
0.000009	36255
0.000009	36274
0.000009	36293
0.000009	36312
0.000009	36331
0.000009	36350
0.000009	36369
0.000009	36388
0.000009	36407
0.000009	36426
0.000009	36445
0.000009	36464
0.000009	36483
0.000009	36502
0.000009	36521
0.000009	36540
0.000009	36559
0.000009	36578
0.000009	36597
0.000009	36616
0.000009	36635
0.000009	36654
0.000009	36673
0.000009	36692
0.000009	36711
0.000009	36730
0.000009	36749
0.000009	36768
0.000009	36787
0.000009	36806
0.000009	36825
0.000009	36844
0.000009	36863
0.000009	36882
0.000009	36901
0.000009	36920
0.000009	36939
0.000009	36958
0.000009	36977
0.000009	36996
0.000009	37015
0.000009	37034
0.000009	37053
0.000009	37072
0.000009	37091
0.000009	37110
0.000009	37129
0.000009	37148
0.000009	37167
0.000009	37186
0.000009	37205
0.000009	37224
0.000009	37243
0.000009	37262
0.000009	37281
0.000009	37300
0.000009	37319
0.000009	37338
0.000009	37357
0.000009	37376
0.000009	37395
0.000009	37414
0.000009	37433
0.000009	37452
0.000009	37471
0.000009	37490
0.000009	37509
0.000009	37528
0.000009	37547
0.000009	37566
0.000009	37585
0.000009	37604
0.000009	37623
0.000009	37642
0.000009	37661
0.000009	37680
0.000009	37699
0.000009	37718
0.000009	37737
0.000009	37756
0.000009	37775
0.000009	37794
0.000009	37813
0.000009	37832
0.000009	37851
0.000009	37870
0.000009	37889
0.000009	37908
0.000009	37927
0.000009	37946
0.000009	37965
0.000007	37982
0.000006	37995
0.000004	38005
0.000003	38012
0.000002	38016
0.000001	38017
0.000001	38017
0.000001	38017
0.000001	38017
0.000001	38017
0.000001	38017
0.000001	38017
0.000001	38017
0.000001	38017
0.000001	38017
0.000001	38017
0.000001	38017
0.000001	38017
0.000001	38017
0.000001	38017
0.000001	38017
0.000001	38017
0.000001	38017
0.000001	38017
0.000001	38017
0.000001	38017
0.000001	38017
0.000001	38017
0.000001	38017
0.000001	38017
0.000001	38017
0.000001	38017
0.000001	38017
0.000001	38017
0.000001	38017
0.000001	38017
0.000001	38017
0.000001	38017
0.000001	38017
0.000001	38017
0.000001	38017
0.000001	38017
0.000001	38017
0.000001	38017
0.000001	38017
0.000001	38017
0.000001	38017
0.000001	38017
0.000001	38017
0.000001	38017
0.000001	38017
0.000001	38017
0.000001	38017
0.000001	38017
0.000001	38017
0.000001	38017
0.000001	38017
0.000001	38017
0.000001	38017
0.000001	38017
0.000001	38017
0.000001	38017
0.000001	38017
0.000001	38017
0.000001	38017
0.000001	38017
0.000001	38017
0.000001	38017
0.000001	38017
0.000001	38017
0.000001	38017
0.000001	38017
0.000001	38017
0.000001	38017
0.000001	38017
0.000001	38017
0.000001	38017
0.000001	38017
0.000001	38017
0.000001	38017
0.000001	38017
0.000001	38017
0.000001	38017
0.000001	38017
0.000001	38017
0.000001	38017
0.000001	38017
0.000001	38017
0.000001	38017
0.000001	38017
0.000001	38017
0.000001	38017
0.000001	38017
0.000001	38017
0.000001	38017
0.000001	38017
0.000001	38017
0.000001	38017
0.000001	38017
0.000001	38017
0.000001	38017
0.000001	38017
0.000001	38017
0.000001	38017
0.000001	38017
0.000001	38017
0.000001	38017
0.000001	38017
0.000001	38017
0.000001	38017
0.000001	38017
0.000001	38017
0.000001	38017
0.000001	38017
0.000001	38017
0.000001	38017
0.000001	38017
0.000001	38017
0.000001	38017
0.000001	38017
0.000001	38017
0.000001	38017
0.000001	38017
0.000001	38017
0.000001	38017
0.000001	38017
0.000001	38017
0.000001	38017
0.000001	38017
0.000001	38017
0.000001	38017
0.000001	38017
0.000001	38017
0.000001	38017
0.000001	38017
0.000001	38017
0.000001	38017
0.000001	38017
0.000001	38017
0.000001	38017
0.000001	38017
0.000001	38017
0.000001	38017
0.000001	38017
0.000001	38017
0.000001	38017
0.000001	38017
0.000001	38017
0.000001	38017
0.000001	38017
0.000001	38017
0.000001	38017
0.000001	38017
0.000001	38017
0.000001	38017
0.000001	38017
0.000001	38017
0.000001	38017
0.000001	38017
0.000001	38017
0.000001	38017
0.000001	38017
0.000001	38017
0.000001	38017
0.000001	38017
0.000001	38017
0.000001	38017
0.000001	38017
0.000001	38017
0.000001	38017
0.000001	38017
0.000001	38017
0.000001	38017
0.000001	38017
0.000001	38017
0.000001	38017
0.000001	38017
0.000001	38017
0.000001	38017
0.000001	38017
0.000001	38017
0.000001	38017
0.000001	38017
0.000001	38017
0.000001	38017
0.000001	38017
0.000001	38017
0.000001	38017
0.000001	38017
0.000001	38017
0.000001	38017
0.000001	38017
0.000001	38017
0.000001	38017
0.000001	38017
0.000001	38017
0.000001	38017
0.000001	38017
0.000001	38017
0.000001	38017
0.000001	38017
0.000001	38017
0.000001	38017
0.000001	38017
0.000001	38017
0.000001	38017
0.000001	38017
0.000001	38017
0.000001	38017
0.000001	38017
0.000001	38017
0.000001	38017
0.000001	38017
0.000001	38017
0.000001	38017
0.000001	38017
0.000001	38017
0.000001	38017
0.000001	38017
0.000001	38017
0.000001	38017
0.000001	38017
0.000001	38017
0.000001	38017
0.000001	38017
0.000001	38017
0.000001	38017
0.000001	38017
0.000001	38017
0.000001	38017
0.000001	38017
0.000001	38017
0.000001	38017
0.000001	38017
0.000001	38017
0.000001	38017
0.000001	38017
0.000001	38017
0.000001	38017
0.000001	38017
0.000001	38017
0.000001	38017
0.000001	38017
0.000001	38017
0.000001	38017
0.000001	38017
0.000001	38017
0.000001	38017
0.000001	38017
0.000000	38018
0.000000	38018
0.000009	38033
0.000009	38052
0.000009	38071
0.000009	38090
0.000009	38109
0.000009	38128
0.000009	38147
0.000009	38166
0.000009	38185
0.000009	38204
0.000009	38223
0.000009	38242
0.000009	38261
0.000009	38280
0.000009	38299
0.000009	38318
0.000009	38337
0.000009	38356
0.000009	38375
0.000009	38394
0.000009	38413
0.000009	38432
0.000009	38451
0.000009	38470
0.000009	38489
0.000009	38508
0.000009	38527
0.000009	38546
0.000009	38565
0.000009	38584
0.000009	38603
0.000009	38622
0.000009	38641
0.000009	38660
0.000009	38679
0.000009	38698
0.000009	38717
0.000009	38736
0.000009	38755
0.000009	38774
0.000009	38793
0.000009	38812
0.000009	38831
0.000009	38850
0.000009	38869
0.000009	38888
0.000009	38907
0.000009	38926
0.000009	38945
0.000009	38964
0.000009	38983
0.000009	39002
0.000009	39021
0.000009	39040
0.000009	39059
0.000009	39078
0.000009	39097
0.000009	39116
0.000009	39135
0.000009	39154
0.000009	39173
0.000009	39192
0.000009	39211
0.000009	39230
0.000009	39249
0.000009	39268
0.000009	39287
0.000009	39306
0.000009	39325
0.000009	39344
0.000009	39363
0.000009	39382
0.000009	39401
0.000009	39420
0.000009	39439
0.000009	39458
0.000009	39478
0.000009	39497
0.000009	39516
0.000009	39535
0.000009	39554
0.000009	39573
0.000009	39592
0.000009	39611
0.000009	39630
0.000009	39649
0.000009	39668
0.000009	39687
0.000009	39706
0.000009	39725
0.000009	39744
0.000009	39763
0.000009	39782
0.000009	39801
0.000009	39820
0.000009	39839
0.000009	39858
0.000009	39877
0.000009	39896
0.000009	39915
0.000009	39934
0.000009	39953
0.000009	39972
0.000009	39991
0.000009	40010
0.000009	40029
0.000009	40048
0.000009	40067
0.000009	40086
0.000009	40105
0.000009	40124
0.000009	40143
0.000009	40162
0.000009	40181
0.000009	40200
0.000009	40219
0.000009	40238
0.000009	40257
0.000009	40276
0.000009	40295
0.000009	40314
0.000009	40333
0.000009	40352
0.000009	40371
0.000009	40390
0.000009	40409
0.000009	40428
0.000009	40447
0.000009	40466
0.000009	40485
0.000009	40504
0.000009	40523
0.000009	40542
0.000009	40561
0.000009	40580
0.000009	40599
0.000009	40618
0.000009	40637
0.000009	40656
0.000009	40675
0.000009	40694
0.000009	40714
0.000009	40733
0.000009	40752
0.000009	40771
0.000009	40790
0.000009	40809
0.000009	40828
0.000009	40847
0.000009	40866
0.000009	40885
0.000009	40904
0.000009	40923
0.000009	40942
0.000009	40961
0.000009	40980
0.000009	40999
0.000009	41018
0.000009	41037
0.000009	41056
0.000009	41075
0.000009	41094
0.000009	41113
0.000009	41132
0.000009	41151
0.000009	41170
0.000009	41189
0.000009	41208
0.000009	41227
0.000009	41246
0.000009	41265
0.000009	41284
0.000009	41303
0.000009	41322
0.000009	41341
0.000009	41360
0.000009	41379
0.000009	41398
0.000009	41417
0.000009	41436
0.000009	41455
0.000009	41474
0.000009	41493
0.000009	41512
0.000009	41531
0.000009	41550
0.000009	41569
0.000009	41588
0.000009	41607
0.000009	41626
0.000009	41645
0.000009	41664
0.000009	41683
0.000009	41702
0.000009	41721
0.000009	41740
0.000009	41759
0.000009	41778
0.000009	41797
0.000009	41816
0.000009	41836
0.000009	41855
0.000009	41874
0.000009	41893
0.000009	41912
0.000009	41931
0.000009	41950
0.000009	41969
0.000009	41988
0.000009	42007
0.000009	42026
0.000009	42045
0.000009	42064
0.000009	42083
0.000009	42102
0.000009	42121
0.000009	42140
0.000009	42159
0.000009	42178
0.000009	42197
0.000009	42216
0.000009	42235
0.000009	42254
0.000009	42273
0.000009	42292
0.000009	42311
0.000009	42330
0.000009	42349
0.000009	42368
0.000009	42387
0.000009	42406
0.000009	42425
0.000009	42444
0.000009	42463
0.000009	42482
0.000009	42501
0.000009	42520
0.000009	42539
0.000009	42558
0.000009	42577
0.000009	42596
0.000009	42615
0.000009	42634
0.000009	42653
0.000009	42672
0.000009	42691
0.000009	42710
0.000009	42729
0.000009	42748
0.000006	42751
0.000007	42759
0.000009	42778
0.000009	42797
0.000009	42816
0.000009	42834
0.000009	42853
0.000009	42872
0.000009	42891
0.000009	42911
0.000009	42930
0.000009	42948
0.000009	42967
0.000009	42987
0.000009	43005
0.000009	43024
0.000009	43043
0.000009	43062
0.000009	43082
0.000009	43101
0.000009	43120
0.000009	43139
0.000009	43158
0.000009	43177
0.000009	43195
0.000009	43214
0.000009	43233
0.000009	43253
0.000009	43272
0.000009	43291
0.000009	43310
0.000009	43329
0.000009	43348
0.000009	43367
0.000009	43386
0.000009	43405
0.000009	43424
0.000009	43443
0.000009	43462
0.000009	43481
0.000009	43500
0.000009	43519
0.000009	43538
0.000009	43557
0.000009	43576
0.000009	43595
0.000009	43614
0.000009	43633
0.000009	43652
0.000009	43671
0.000009	43690
0.000009	43709
0.000009	43728
0.000009	43747
0.000009	43766
0.000009	43785
0.000009	43804
0.000009	43823
0.000009	43842
0.000009	43861
0.000009	43880
0.000009	43899
0.000009	43918
0.000009	43937
0.000009	43956
0.000009	43975
0.000009	43994
0.000009	44013
0.000009	44032
0.000009	44051
0.000009	44070
0.000009	44089
0.000009	44108
0.000009	44127
0.000009	44146
0.000009	44165
0.000009	44184
0.000009	44203
0.000009	44222
0.000009	44241
0.000009	44260
0.000009	44279
0.000009	44298
0.000009	44317
0.000009	44336
0.000009	44355
0.000009	44374
0.000009	44393
0.000009	44412
0.000009	44431
0.000009	44450
0.000009	44469
0.000009	44488
0.000009	44507
0.000009	44526
0.000009	44545
0.000009	44564
0.000009	44583
0.000009	44602
0.000009	44621
0.000009	44640
0.000009	44659
0.000009	44678
0.000009	44697
0.000009	44716
0.000009	44735
0.000009	44754
0.000009	44773
0.000009	44792
0.000009	44811
0.000009	44830
0.000009	44849
0.000009	44868
0.000009	44887
0.000009	44906
0.000009	44925
0.000009	44944
0.000009	44963
0.000009	44982
0.000009	45001
0.000009	45020
0.000009	45039
0.000009	45058
0.000009	45077
0.000009	45096
0.000009	45115
0.000009	45134
0.000009	45153
0.000009	45172
0.000009	45191
0.000009	45210
0.000009	45229
0.000009	45248
0.000009	45267
0.000009	45286
0.000009	45305
0.000009	45324
0.000009	45343
0.000009	45362
0.000009	45381
0.000009	45400
0.000009	45419
0.000009	45438
0.000009	45457
0.000009	45476
0.000009	45495
0.000009	45514
0.000009	45533
0.000009	45552
0.000009	45571
0.000009	45590
0.000009	45609
0.000009	45628
0.000009	45647
0.000009	45666
0.000009	45685
0.000009	45704
0.000009	45723
0.000009	45742
0.000009	45761
0.000009	45780
0.000009	45799
0.000009	45818
0.000009	45837
0.000009	45856
0.000009	45875
0.000009	45894
0.000009	45913
0.000009	45932
0.000009	45951
0.000009	45971
0.000009	45990
0.000009	46009
0.000009	46028
0.000009	46047
0.000009	46066
0.000009	46085
0.000009	46104
0.000009	46123
0.000009	46142
0.000009	46161
0.000009	46180
0.000009	46199
0.000009	46218
0.000009	46237
0.000009	46256
0.000009	46275
0.000009	46294
0.000009	46313
0.000009	46332
0.000009	46351
0.000009	46370
0.000009	46389
0.000009	46408
0.000009	46427
0.000009	46446
0.000009	46465
0.000009	46484
0.000009	46503
0.000009	46522
0.000009	46541
0.000009	46560
0.000009	46579
0.000009	46598
0.000009	46617
0.000009	46636
0.000009	46655
0.000009	46674
0.000009	46693
0.000009	46712
0.000009	46731
0.000009	46750
0.000009	46769
0.000009	46788
0.000009	46807
0.000009	46826
0.000009	46845
0.000009	46864
0.000009	46883
0.000009	46902
0.000009	46921
0.000009	46940
0.000009	46959
0.000009	46978
0.000009	46997
0.000009	47016
0.000009	47035
0.000009	47054
0.000009	47073
0.000009	47092
0.000009	47111
0.000009	47130
0.000009	47149
0.000009	47168
0.000009	47187
0.000009	47206
0.000009	47225
0.000009	47244
0.000009	47263
0.000009	47282
0.000009	47301
0.000009	47320
0.000009	47339
0.000009	47358
0.000009	47377
0.000009	47396
0.000009	47415
0.000009	47434
0.000009	47453
0.000009	47472
0.000007	47489
0.000006	47502
0.000004	47512
0.000003	47519
0.000002	47523
0.000001	47524
0.000001	47524
0.000001	47524
0.000001	47524
0.000001	47524
0.000001	47524
0.000001	47524
0.000001	47524
0.000001	47524
0.000001	47524
0.000001	47524
0.000001	47524
0.000001	47524
0.000001	47524
0.000001	47524
0.000001	47524
0.000001	47524
0.000001	47524
0.000001	47524
0.000001	47524
0.000001	47524
0.000001	47524
0.000001	47524
0.000001	47524
0.000001	47524
0.000001	47524
0.000001	47524
0.000001	47524
0.000001	47524
0.000001	47524
0.000001	47524
0.000001	47524
0.000001	47524
0.000001	47524
0.000001	47524
0.000001	47524
0.000001	47524
0.000001	47524
0.000001	47524
0.000001	47524
0.000001	47524
0.000001	47524
0.000001	47524
0.000001	47524
0.000001	47524
0.000001	47524
0.000001	47524
0.000001	47524
0.000001	47524
0.000001	47524
0.000001	47524
0.000001	47524
0.000001	47524
0.000001	47524
0.000001	47524
0.000001	47524
0.000001	47524
0.000001	47524
0.000001	47524
0.000001	47524
0.000001	47524
0.000001	47524
0.000001	47524
0.000001	47524
0.000001	47524
0.000001	47524
0.000001	47524
0.000001	47524
0.000001	47524
0.000001	47524
0.000001	47524
0.000001	47524
0.000001	47524
0.000001	47524
0.000001	47524
0.000001	47524
0.000001	47524
0.000001	47524
0.000001	47524
0.000001	47524
0.000001	47524
0.000001	47524
0.000001	47524
0.000001	47524
0.000001	47524
0.000001	47524
0.000001	47524
0.000001	47524
0.000001	47524
0.000001	47524
0.000001	47524
0.000001	47524
0.000001	47524
0.000001	47524
0.000001	47524
0.000001	47524
0.000001	47524
0.000001	47524
0.000001	47524
0.000001	47524
0.000001	47524
0.000001	47524
0.000001	47524
0.000001	47524
0.000001	47524
0.000001	47524
0.000001	47524
0.000001	47524
0.000001	47524
0.000001	47524
0.000001	47524
0.000001	47524
0.000001	47524
0.000001	47524
0.000001	47524
0.000001	47524
0.000001	47524
0.000001	47524
0.000001	47524
0.000001	47524
0.000001	47524
0.000001	47524
0.000001	47524
0.000001	47524
0.000001	47524
0.000001	47524
0.000001	47524
0.000001	47524
0.000001	47524
0.000001	47524
0.000001	47524
0.000001	47524
0.000001	47524
0.000001	47524
0.000001	47524
0.000001	47524
0.000001	47524
0.000001	47524
0.000001	47524
0.000001	47524
0.000001	47524
0.000001	47524
0.000001	47524
0.000001	47524
0.000001	47524
0.000001	47524
0.000001	47524
0.000001	47524
0.000001	47524
0.000001	47524
0.000001	47524
0.000001	47524
0.000001	47524
0.000001	47524
0.000001	47524
0.000001	47524
0.000001	47524
0.000001	47524
0.000001	47524
0.000001	47524
0.000001	47524
0.000001	47524
0.000001	47524
0.000001	47524
0.000001	47524
0.000001	47524
0.000001	47524
0.000001	47524
0.000001	47524
0.000001	47524
0.000001	47524
0.000001	47524
0.000001	47524
0.000001	47524
0.000001	47524
0.000001	47524
0.000001	47524
0.000001	47524
0.000001	47524
0.000001	47524
0.000001	47524
0.000001	47524
0.000001	47524
0.000001	47524
0.000001	47524
0.000001	47524
0.000001	47524
0.000001	47524
0.000001	47524
0.000001	47524
0.000001	47524
0.000001	47524
0.000001	47524
0.000001	47524
0.000001	47524
0.000001	47524
0.000001	47524
0.000001	47524
0.000001	47524
0.000001	47524
0.000001	47524
0.000001	47524
0.000001	47524
0.000001	47524
0.000001	47524
0.000001	47524
0.000001	47524
0.000001	47524
0.000001	47524
0.000001	47524
0.000001	47524
0.000001	47524
0.000001	47524
0.000001	47524
0.000001	47524
0.000001	47524
0.000001	47524
0.000001	47524
0.000001	47524
0.000001	47524
0.000001	47524
0.000001	47524
0.000001	47524
0.000001	47524
0.000001	47524
0.000001	47524
0.000001	47524
0.000001	47524
0.000001	47524
0.000001	47524
0.000001	47524
0.000001	47524
0.000001	47524
0.000001	47524
0.000001	47524
0.000001	47524
0.000001	47524
0.000001	47524
0.000001	47524
0.000001	47524
0.000001	47524
0.000001	47524
0.000001	47524
0.000001	47524
0.000000	47525
0.000000	47525
0.000009	47540
0.000009	47559
0.000009	47578
0.000009	47597
0.000009	47616
0.000009	47635
0.000009	47654
0.000009	47673
0.000009	47692
0.000009	47711
0.000009	47730
0.000009	47749
0.000009	47768
0.000009	47787
0.000009	47806
0.000009	47825
0.000009	47844
0.000009	47863
0.000009	47882
0.000009	47901
0.000009	47920
0.000009	47939
0.000009	47958
0.000009	47977
0.000009	47996
0.000009	48015
0.000009	48034
0.000009	48053
0.000009	48072
0.000009	48091
0.000009	48110
0.000009	48129
0.000009	48148
0.000009	48167
0.000009	48186
0.000009	48205
0.000009	48224
0.000009	48243
0.000009	48263
0.000009	48282
0.000009	48301
0.000009	48320
0.000009	48338
0.000009	48358
0.000009	48377
0.000009	48396
0.000009	48415
0.000009	48434
0.000009	48453
0.000009	48472
0.000009	48491
0.000009	48510
0.000009	48529
0.000009	48548
0.000009	48567
0.000009	48586
0.000009	48605
0.000009	48624
0.000009	48643
0.000009	48662
0.000009	48681
0.000009	48700
0.000009	48719
0.000009	48738
0.000009	48757
0.000009	48776
0.000009	48795
0.000009	48814
0.000009	48833
0.000009	48852
0.000009	48871
0.000009	48890
0.000009	48909
0.000009	48928
0.000009	48947
0.000009	48966
0.000009	48985
0.000009	49004
0.000009	49023
0.000009	49042
0.000009	49061
0.000009	49080
0.000009	49099
0.000009	49118
0.000009	49137
0.000009	49156
0.000009	49175
0.000009	49194
0.000009	49213
0.000009	49232
0.000009	49252
0.000009	49271
0.000009	49290
0.000009	49309
0.000009	49328
0.000009	49347
0.000009	49366
0.000009	49385
0.000009	49404
0.000009	49423
0.000009	49442
0.000009	49461
0.000009	49480
0.000009	49499
0.000009	49518
0.000009	49537
0.000009	49556
0.000009	49575
0.000009	49594
0.000009	49613
0.000009	49632
0.000009	49651
0.000009	49670
0.000009	49689
0.000009	49708
0.000009	49727
0.000009	49746
0.000009	49765
0.000009	49784
0.000009	49803
0.000009	49822
0.000009	49841
0.000009	49860
0.000009	49879
0.000009	49898
0.000009	49917
0.000009	49936
0.000009	49955
0.000009	49974
0.000009	49993
0.000009	50012
0.000009	50031
0.000009	50050
0.000009	50069
0.000009	50088
0.000009	50108
0.000009	50127
0.000009	50146
0.000009	50165
0.000009	50184
0.000009	50203
0.000009	50222
0.000009	50241
0.000009	50260
0.000009	50279
0.000009	50298
0.000009	50317
0.000009	50336
0.000009	50355
0.000009	50374
0.000009	50393
0.000009	50412
0.000009	50431
0.000009	50450
0.000009	50469
0.000009	50488
0.000009	50507
0.000009	50526
0.000009	50545
0.000009	50564
0.000009	50583
0.000009	50602
0.000009	50621
0.000009	50640
0.000009	50659
0.000009	50678
0.000009	50697
0.000009	50716
0.000009	50735
0.000009	50754
0.000009	50773
0.000009	50792
0.000009	50811
0.000009	50830
0.000009	50849
0.000009	50868
0.000009	50887
0.000009	50906
0.000009	50925
0.000009	50945
0.000009	50964
0.000009	50983
0.000009	51002
0.000009	51021
0.000009	51040
0.000009	51059
0.000009	51078
0.000009	51097
0.000009	51116
0.000009	51135
0.000009	51154
0.000009	51173
0.000009	51192
0.000009	51211
0.000009	51230
0.000009	51249
0.000009	51268
0.000009	51287
0.000009	51306
0.000009	51325
0.000009	51344
0.000009	51363
0.000009	51382
0.000009	51401
0.000009	51420
0.000009	51439
0.000009	51458
0.000009	51477
0.000009	51496
0.000009	51515
0.000009	51534
0.000009	51553
0.000009	51572
0.000009	51591
0.000009	51610
0.000009	51629
0.000009	51648
0.000009	51667
0.000009	51686
0.000009	51705
0.000009	51724
0.000009	51743
0.000009	51762
0.000009	51782
0.000009	51801
0.000009	51820
0.000009	51839
0.000009	51858
0.000009	51877
0.000009	51896
0.000009	51915
0.000009	51934
0.000009	51953
0.000009	51972
0.000009	51991
0.000009	52010
0.000009	52029
0.000009	52048
0.000009	52067
0.000009	52086
0.000009	52105
0.000009	52124
0.000009	52143
0.000009	52162
0.000009	52181
0.000009	52200
0.000009	52219
0.000009	52238
0.000009	52257
0.000006	52260
0.000008	52271
0.000009	52290
0.000009	52309
0.000009	52328
0.000009	52347
0.000009	52366
0.000009	52385
0.000009	52404
0.000009	52423
0.000009	52442
0.000009	52461
0.000009	52480
0.000009	52499
0.000009	52518
0.000009	52537
0.000009	52556
0.000009	52575
0.000009	52594
0.000009	52613
0.000009	52632
0.000009	52651
0.000009	52670
0.000009	52689
0.000009	52708
0.000009	52727
0.000009	52746
0.000009	52765
0.000009	52784
0.000009	52803
0.000009	52822
0.000009	52841
0.000009	52860
0.000009	52879
0.000009	52898
0.000009	52917
0.000009	52936
0.000009	52955
0.000009	52974
0.000009	52993
0.000009	53012
0.000009	53031
0.000009	53050
0.000009	53069
0.000009	53088
0.000009	53107
0.000009	53126
0.000009	53145
0.000009	53164
0.000009	53183
0.000009	53202
0.000009	53221
0.000009	53240
0.000009	53259
0.000009	53278
0.000009	53297
0.000009	53316
0.000009	53335
0.000009	53354
0.000009	53373
0.000009	53392
0.000009	53411
0.000009	53430
0.000009	53449
0.000009	53468
0.000009	53487
0.000009	53506
0.000009	53525
0.000009	53544
0.000009	53563
0.000009	53582
0.000009	53601
0.000009	53620
0.000009	53639
0.000009	53658
0.000009	53677
0.000009	53696
0.000009	53715
0.000009	53734
0.000009	53753
0.000009	53772
0.000009	53791
0.000009	53810
0.000009	53829
0.000009	53848
0.000009	53867
0.000009	53886
0.000009	53905
0.000009	53924
0.000009	53943
0.000009	53962
0.000009	53981
0.000009	54001
0.000009	54020
0.000009	54039
0.000009	54058
0.000009	54077
0.000009	54096
0.000009	54115
0.000009	54134
0.000009	54153
0.000009	54172
0.000009	54191
0.000009	54210
0.000009	54229
0.000009	54248
0.000009	54267
0.000009	54286
0.000009	54305
0.000009	54324
0.000009	54343
0.000009	54362
0.000009	54381
0.000009	54400
0.000009	54419
0.000009	54438
0.000009	54457
0.000009	54476
0.000009	54495
0.000009	54514
0.000009	54533
0.000009	54552
0.000009	54571
0.000009	54590
0.000009	54609
0.000009	54628
0.000009	54647
0.000009	54666
0.000009	54685
0.000009	54704
0.000009	54723
0.000009	54742
0.000009	54761
0.000009	54780
0.000009	54799
0.000009	54818
0.000009	54837
0.000009	54856
0.000009	54875
0.000009	54894
0.000009	54913
0.000009	54932
0.000009	54951
0.000009	54970
0.000009	54989
0.000009	55008
0.000009	55027
0.000009	55046
0.000009	55065
0.000009	55084
0.000009	55103
0.000009	55122
0.000009	55141
0.000009	55160
0.000009	55179
0.000009	55198
0.000009	55217
0.000009	55236
0.000009	55255
0.000009	55274
0.000009	55293
0.000009	55312
0.000009	55331
0.000009	55351
0.000009	55370
0.000009	55389
0.000009	55408
0.000009	55427
0.000009	55446
0.000009	55465
0.000009	55484
0.000009	55503
0.000009	55522
0.000009	55541
0.000009	55560
0.000009	55579
0.000009	55598
0.000009	55617
0.000009	55636
0.000009	55655
0.000009	55674
0.000009	55693
0.000009	55712
0.000009	55731
0.000009	55750
0.000009	55769
0.000009	55788
0.000009	55807
0.000009	55826
0.000009	55845
0.000009	55864
0.000009	55883
0.000009	55902
0.000009	55921
0.000009	55940
0.000009	55959
0.000009	55978
0.000009	55997
0.000009	56016
0.000009	56035
0.000009	56054
0.000009	56073
0.000009	56092
0.000009	56111
0.000009	56130
0.000009	56149
0.000009	56168
0.000009	56187
0.000009	56206
0.000009	56225
0.000009	56244
0.000009	56263
0.000009	56282
0.000009	56301
0.000009	56320
0.000009	56339
0.000009	56358
0.000009	56377
0.000009	56396
0.000009	56415
0.000009	56434
0.000009	56453
0.000009	56472
0.000009	56491
0.000009	56510
0.000009	56529
0.000009	56548
0.000009	56567
0.000009	56586
0.000009	56605
0.000009	56624
0.000009	56643
0.000009	56662
0.000009	56681
0.000009	56701
0.000009	56720
0.000009	56739
0.000009	56758
0.000009	56777
0.000009	56796
0.000009	56815
0.000009	56834
0.000009	56853
0.000009	56872
0.000009	56891
0.000009	56910
0.000009	56929
0.000009	56948
0.000009	56967
0.000009	56986
0.000007	57003
0.000006	57016
0.000004	57026
0.000003	57032
0.000002	57036
0.000001	57038
0.000001	57038
0.000001	57038
0.000001	57038
0.000001	57038
0.000001	57038
0.000001	57038
0.000001	57038
0.000001	57038
0.000001	57038
0.000001	57038
0.000001	57038
0.000001	57038
0.000001	57038
0.000001	57038
0.000001	57038
0.000001	57038
0.000001	57038
0.000001	57038
0.000001	57038
0.000001	57038
0.000001	57038
0.000001	57038
0.000001	57038
0.000001	57038
0.000001	57038
0.000001	57038
0.000001	57038
0.000001	57038
0.000001	57038
0.000001	57038
0.000001	57038
0.000001	57038
0.000001	57038
0.000001	57038
0.000001	57038
0.000001	57038
0.000001	57038
0.000001	57038
0.000001	57038
0.000001	57038
0.000001	57038
0.000001	57038
0.000001	57038
0.000001	57038
0.000001	57038
0.000001	57038
0.000001	57038
0.000001	57038
0.000001	57038
0.000001	57038
0.000001	57038
0.000001	57038
0.000001	57038
0.000001	57038
0.000001	57038
0.000001	57038
0.000001	57038
0.000001	57038
0.000001	57038
0.000001	57038
0.000001	57038
0.000001	57038
0.000001	57038
0.000001	57038
0.000001	57038
0.000001	57038
0.000001	57038
0.000001	57038
0.000001	57038
0.000001	57038
0.000001	57038
0.000001	57038
0.000001	57038
0.000001	57038
0.000001	57038
0.000001	57038
0.000001	57038
0.000001	57038
0.000001	57038
0.000001	57038
0.000001	57038
0.000001	57038
0.000001	57038
0.000001	57038
0.000001	57038
0.000001	57038
0.000001	57038
0.000001	57038
0.000001	57038
0.000001	57038
0.000001	57038
0.000001	57038
0.000001	57038
0.000001	57038
0.000001	57038
0.000001	57038
0.000001	57038
0.000001	57038
0.000001	57038
0.000001	57038
0.000001	57038
0.000001	57038
0.000001	57038
0.000001	57038
0.000001	57038
0.000001	57038
0.000001	57038
0.000001	57038
0.000001	57038
0.000001	57038
0.000001	57038
0.000001	57038
0.000001	57038
0.000001	57038
0.000001	57038
0.000001	57038
0.000001	57038
0.000001	57038
0.000001	57038
0.000001	57038
0.000001	57038
0.000001	57038
0.000001	57038
0.000001	57038
0.000001	57038
0.000001	57038
0.000001	57038
0.000001	57038
0.000001	57038
0.000001	57038
0.000001	57038
0.000001	57038
0.000001	57038
0.000001	57038
0.000001	57038
0.000001	57038
0.000001	57038
0.000001	57038
0.000001	57038
0.000001	57038
0.000001	57038
0.000001	57038
0.000001	57038
0.000001	57038
0.000001	57038
0.000001	57038
0.000001	57038
0.000001	57038
0.000001	57038
0.000001	57038
0.000001	57038
0.000001	57038
0.000001	57038
0.000001	57038
0.000001	57038
0.000001	57038
0.000001	57038
0.000001	57038
0.000001	57038
0.000001	57038
0.000001	57038
0.000001	57038
0.000001	57038
0.000001	57038
0.000001	57038
0.000001	57038
0.000001	57038
0.000001	57038
0.000001	57038
0.000001	57038
0.000001	57038
0.000001	57038
0.000001	57038
0.000001	57038
0.000001	57038
0.000001	57038
0.000001	57038
0.000001	57038
0.000001	57038