ets Jul 29 2019 12:21:46

rst:0x1 (POWERON_RESET),boot:0x13 (SPI_FAST_FLASH_BOOT)
configsip: 0, SPIWP:0xee
clk_drv:0x00,q_drv:0x00,d_drv:0x00,cs0_drv:0x00,hd_drv:0x00,wp_drv:0x00
mode:DIO, clock div:2
load:0x3fff0030,len:1184
load:0x40078000,len:13192
load:0x40080400,len:3028
entry 0x400805e4

- -100 -
81.967506	-100.000000
81.974576	-100.000000
82.055239	-100.000000
81.968490	-100.000000
82.055321	-100.000000
- -90 -
- -80 -
73.893204	-80.000000
63.733974	-80.000000
63.907636	-80.000000
- -70 -
63.733974	-70.000000
- -60 -
- -50 -
- -40 -
- -30 -
42.069549	-30.000000
21.186714	-30.000000
21.013053	-30.000000
21.013053	-30.000000
- -20 -
17.149076	-20.000000
- -10 -
10.202612	-10.000000
3.754151	-10.000000
3.723505	-10.000000