ets Jul 29 2019 12:21:46

rst:0x1 (POWERON_RESET),boot:0x13 (SPI_FAST_FLASH_BOOT)
configsip: 0, SPIWP:0xee
clk_drv:0x00,q_drv:0x00,d_drv:0x00,cs0_drv:0x00,hd_drv:0x00,wp_drv:0x00
mode:DIO, clock div:2
load:0x3fff0030,len:1184
load:0x40078000,len:13192
load:0x40080400,len:3028
entry 0x400805e4
M1: 0 0.000000	 M2: 1 -0.000001
M1: 0 0.000000	 M2: 1 0.000000
M1: 0 0.000000	 M2: 1 0.000000
M1: 0 0.000000	 M2: 1 -0.000000
M1: 0 0.000000	 M2: 1 0.000000
M1: 0 0.000000	 M2: 1 0.000000
M1: 0 0.000000	 M2: 1 -0.000000
M1: 0 0.000000	 M2: 1 -0.000000
M1: 0 0.000000	 M2: 1 0.000000
M1: 0 0.000000	 M2: 1 -0.000000
M1: 0 0.000000	 M2: 1 -0.000000
M1: 0 0.000000	 M2: 1 0.000000
M1: 0 0.000000	 M2: 1 -0.000000
M1: 0 0.000000	 M2: 1 -0.000000
M1: 0 0.000000	 M2: 1 0.000000
M1: 0 0.000000	 M2: 1 0.000000
M1: 0 0.000000	 M2: 1 -0.000000
M1: 0 0.000000	 M2: 1 0.000000
M1: 0 0.000000	 M2: 1 0.000000
M1: 0 0.000000	 M2: 1 -0.000000
M1: 0 0.000000	 M2: 1 0.000000
M1: 0 0.000000	 M2: 1 0.000000
M1: 0 0.000000	 M2: 1 -0.000000
M1: 0 0.000000	 M2: 1 -0.000000
M1: 0 0.000000	 M2: 1 0.000000
M1: 0 0.000000	 M2: 1 -0.000000
M1: 0 0.000000	 M2: 1 -0.000000
M1: 0 0.000000	 M2: 1 0.000000
M1: 0 0.000000	 M2: 1 -0.000000
M1: 0 0.000000	 M2: 1 -0.000000
M1: 0 0.000000	 M2: 1 0.000000
M1: 0 0.000000	 M2: 1 -0.000000
M1: 0 0.000000	 M2: 1 -0.000000
M1: 0 0.000000	 M2: 1 0.000000
M1: 0 0.000000	 M2: 1 0.000000
M1: 0 0.000000	 M2: 1 -0.000000
M1: 0 0.000000	 M2: 1 0.000000
M1: 0 0.000000	 M2: 1 0.000000
M1: 0 0.000000	 M2: 1 -0.000000
M1: 0 0.000000	 M2: 1 0.000000
M1: 0 0.000000	 M2: 1 0.000000
M1: 0 0.000000	 M2: 1 -0.000000
M1: 0 0.000000	 M2: 1 0.000000
M1: 0 0.000000	 M2: 1 0.000000
M1: 0 0.000000	 M2: 1 0.000000
M1: 0 0.000000	 M2: 1 0.000000
M1: 0 0.000000	 M2: 1 0.000000
M1: 0 0.000000	 M2: 1 0.000000
M1: 0 0.000000	 M2: 1 0.000000
M1: 0 0.000000	 M2: 1 0.000000
M1: 0 0.000000	 M2: 1 0.000000
M1: 0 0.000000	 M2: 1 0.000000
M1: 0 0.000000	 M2: 1 0.000000
M1: 0 0.000000	 M2: 1 0.000000
M1: 0 0.000000	 M2: 1 0.000000
M1: 0 0.000000	 M2: 1 0.000000
M1: 0 0.000000	 M2: 1 0.000000
M1: 0 0.000000	 M2: 1 0.000000
M1: 0 0.000000	 M2: 1 0.000000
M1: 0 0.000000	 M2: 1 0.000000
M1: 0 0.000000	 M2: 1 0.000000
M1: 0 0.000000	 M2: 1 0.000000
M1: 0 0.000000	 M2: 1 0.000000
M1: 0 0.000000	 M2: 1 0.000000
M1: 0 0.000000	 M2: 1 0.000000
M1: 0 0.000000	 M2: 1 0.000000
M1: 0 0.000000	 M2: 1 0.000000
M1: 0 0.000000	 M2: 1 0.000000
M1: 0 0.000000	 M2: 1 0.000000
M1: 0 0.000000	 M2: 1 0.000000
M1: 0 0.000000	 M2: 1 0.000000
M1: 0 0.000000	 M2: 1 0.000000
M1: 0 0.000000	 M2: 1 0.000000
M1: 0 0.000000	 M2: 1 0.000000
M1: 0 0.000000	 M2: 1 0.000000
M1: 0 0.000000	 M2: 1 0.000000
M1: 0 0.000000	 M2: 1 0.000000
M1: 0 0.000000	 M2: 1 0.000000
M1: 0 0.000000	 M2: 1 0.000000
M1: 0 0.000000	 M2: 1 0.000000
M1: 0 0.000000	 M2: 1 0.000000
M1: 0 0.000000	 M2: 1 0.000000
M1: -78 111.839128	 M2: -76 111.677008
M1: -333 112.793923	 M2: -328 111.929525
M1: -588 112.615519	 M2: -581 111.653594
M1: -843 111.561811	 M2: -833 111.621064
M1: -1098 112.605839	 M2: -1085 111.675108
M1: -1353 112.654593	 M2: -1338 111.469210
M1: -1608 111.524345	 M2: -1590 111.442320
M1: -1863 112.596978	 M2: -1843 111.467500
M1: -2118 112.580653	 M2: -2095 111.463247
M1: -2373 111.745650	 M2: -2348 111.323680
M1: -2628 112.574189	 M2: -2600 111.097748
M1: -2883 112.676401	 M2: -2853 109.903840
M1: -3137 111.838067	 M2: -3105 110.444446
M1: -3392 112.183496	 M2: -3358 110.300700
M1: -3647 112.638061	 M2: -3610 110.323086
M1: -3902 111.810459	 M2: -3863 109.990040
M1: -4157 112.292501	 M2: -4115 110.310757
M1: -4412 112.629061	 M2: -4368 110.977490
M1: -4667 111.858133	 M2: -4620 110.987671
M1: -4922 112.134161	 M2: -4873 111.682320
M1: -5177 112.647511	 M2: -5125 111.701565
M1: -5432 111.801627	 M2: -5378 111.819855
M1: -5687 112.111243	 M2: -5630 111.641057
M1: -5941 112.375506	 M2: -5882 111.708785
M1: -6196 112.093028	 M2: -6135 111.511556
M1: -6451 111.102064	 M2: -6387 111.480780
M1: -6706 112.411365	 M2: -6640 111.473088
M1: -6961 112.138569	 M2: -6892 111.452573
M1: -7216 111.308875	 M2: -7145 111.076433
M1: -7471 112.395393	 M2: -7397 111.096869
M1: -7726 112.155715	 M2: -7650 110.472899
M1: -7980 111.530911	 M2: -7902 110.440913
M1: -8235 112.607387	 M2: -8155 110.247957
M1: -8490 112.574190	 M2: -8407 109.580793
M1: -8745 111.497226	 M2: -8660 110.008720
M1: -9000 112.574729	 M2: -8912 109.969591
M1: -9255 112.535096	 M2: -9165 110.955398
M1: -9510 111.552642	 M2: -9417 110.958622
M1: -9765 112.476735	 M2: -9670 111.703403
M1: -10019 112.629060	 M2: -9922 111.647992
M1: -10274 111.791420	 M2: -10175 111.698167
M1: -10529 112.135779	 M2: -10427 111.555440
M1: -10784 112.587359	 M2: -10680 111.477978
M1: -11039 111.781766	 M2: -10932 111.509935
M1: -11294 112.078697	 M2: -11185 111.453402
M1: -11549 112.609722	 M2: -11437 111.459801
M1: -11803 111.628868	 M2: -11689 111.571420
M1: -12058 111.088168	 M2: -11942 111.107228
M1: -12313 112.331378	 M2: -12194 111.074257
M1: -12568 112.169274	 M2: -12447 110.649622
M1: -12823 111.065388	 M2: -12699 110.467897
M1: -13078 112.321724	 M2: -12952 110.292823
M1: -13332 112.515218	 M2: -13204 110.250354
M1: -13587 111.418723	 M2: -13457 109.983980
M1: -13842 112.353626	 M2: -13709 109.239982
M1: -14097 112.519255	 M2: -13962 110.983937
M1: -14352 111.487159	 M2: -14214 111.019013
M1: -14607 112.976399	 M2: -14467 111.365794
M1: -14861 112.599152	 M2: -14719 111.647247
M1: -15116 111.795325	 M2: -14972 111.672604
M1: -15371 112.142082	 M2: -15224 111.700469
M1: -15626 112.644191	 M2: -15476 111.703744
M1: -15881 111.806011	 M2: -15729 111.526792
M1: -16136 112.122794	 M2: -15981 111.498896
M1: -16391 112.586333	 M2: -16234 111.477753
M1: -16645 112.330026	 M2: -16486 110.955239
M1: -16900 111.117476	 M2: -16739 111.130423
M1: -17155 112.342147	 M2: -16991 111.127822
M1: -17410 112.055494	 M2: -17244 110.464513
M1: -17665 111.119934	 M2: -17496 110.475099
M1: -17919 112.396024	 M2: -17749 110.265908
M1: -18174 112.557614	 M2: -18001 110.316760
M1: -18429 111.505465	 M2: -18253 110.257575
M1: -18684 112.615094	 M2: -18506 109.995756
M1: -18882 43.658519	 M2: -18702 41.715435
M1: -18886 -0.000026	 M2: -18704 -0.000010
M1: -18886 0.000000	 M2: -18704 0.000000
M1: -18886 -0.000000	 M2: -18704 -0.000000
M1: -18886 -0.000000	 M2: -18704 -0.000000
M1: -18886 0.000000	 M2: -18704 0.000000
M1: -18886 0.000000	 M2: -18704 0.000000
M1: -18886 -0.000000	 M2: -18704 -0.000000
M1: -18886 0.000000	 M2: -18704 0.000000
M1: -18954 112.486139	 M2: -18771 110.462881
M1: -19209 112.539883	 M2: -19023 111.054697
M1: -19463 111.793869	 M2: -19275 111.080423
M1: -19718 112.120012	 M2: -19528 110.350552
M1: -19973 112.562024	 M2: -19780 110.462573
M1: -20228 112.263957	 M2: -20033 110.486512
M1: -20483 112.078203	 M2: -20285 110.273379
M1: -20737 112.300448	 M2: -20538 110.009949
M1: -20992 112.080365	 M2: -20790 110.358185
M1: -21232 63.887128	 M2: -21028 62.748077
M1: -21249 -0.000162	 M2: -21043 -0.000085
M1: -21249 0.000000	 M2: -21043 0.000000
M1: -21249 -0.000000	 M2: -21043 -0.000000
M1: -21249 -0.000000	 M2: -21043 -0.000000
M1: -21249 0.000000	 M2: -21043 0.000000
M1: -21249 -0.000000	 M2: -21043 -0.000000
M1: -21249 -0.000000	 M2: -21043 -0.000000
M1: -21249 0.000000	 M2: -21043 0.000000
M1: -21249 0.000000	 M2: -21043 0.000000
M1: -21249 -0.000000	 M2: -21043 -0.000000
M1: -21249 0.000000	 M2: -21043 0.000000
M1: -21249 0.000000	 M2: -21043 0.000000
M1: -21249 -0.000000	 M2: -21043 -0.000000
M1: -21249 0.000000	 M2: -21043 0.000000
M1: -21249 0.000000	 M2: -21043 0.000000
M1: -21249 -0.000000	 M2: -21043 -0.000000
M1: -21249 0.000000	 M2: -21043 0.000000
M1: -21249 0.000000	 M2: -21043 0.000000
M1: -21249 -0.000000	 M2: -21043 -0.000000
M1: -21249 0.000000	 M2: -21043 0.000000
M1: -21249 0.000000	 M2: -21043 0.000000
M1: -21249 -0.000000	 M2: -21043 -0.000000
M1: -21249 -0.000000	 M2: -21043 -0.000000
M1: -21249 0.000000	 M2: -21043 0.000000
M1: -21249 -0.000000	 M2: -21043 -0.000000
M1: -21249 -0.000000	 M2: -21043 -0.000000
M1: -21249 0.000000	 M2: -21043 0.000000
M1: -21249 -0.000000	 M2: -21043 -0.000000
M1: -21249 -0.000000	 M2: -21043 -0.000000
M1: -21249 0.000000	 M2: -21043 0.000000
M1: -21249 0.000000	 M2: -21043 0.000000
M1: -21249 -0.000000	 M2: -21043 -0.000000
M1: -21249 0.000000	 M2: -21043 0.000000
M1: -21249 0.000000	 M2: -21043 0.000000
M1: -21249 -0.000000	 M2: -21043 -0.000000
M1: -21249 -0.000000	 M2: -21043 0.000000
M1: -21249 0.000000	 M2: -21043 0.000000
M1: -21249 -0.000000	 M2: -21043 -0.000000
M1: -21249 -0.000000	 M2: -21043 -0.000000
M1: -21249 0.000000	 M2: -21043 0.000000
M1: -21249 -0.000000	 M2: -21043 -0.000000
M1: -21249 -0.000000	 M2: -21043 -0.000000
M1: -21249 0.000000	 M2: -21043 0.000000
M1: -21249 0.000000	 M2: -21043 0.000000
M1: -21249 0.000000	 M2: -21043 0.000000
M1: -21249 0.000000	 M2: -21043 0.000000
M1: -21249 0.000000	 M2: -21043 0.000000
M1: -21249 0.000000	 M2: -21043 0.000000
M1: -21249 0.000000	 M2: -21043 0.000000
M1: -21249 0.000000	 M2: -21043 0.000000
M1: -21249 0.000000	 M2: -21043 0.000000
M1: -21249 0.000000	 M2: -21043 0.000000
M1: -21249 0.000000	 M2: -21043 0.000000
M1: -21249 0.000000	 M2: -21043 0.000000
M1: -21249 0.000000	 M2: -21043 0.000000
M1: -21249 0.000000	 M2: -21043 0.000000
M1: -21249 0.000000	 M2: -21043 0.000000
M1: -21249 0.000000	 M2: -21043 0.000000
M1: -21249 0.000000	 M2: -21043 0.000000
M1: -21249 0.000000	 M2: -21043 0.000000
M1: -21249 0.000000	 M2: -21043 0.000000
M1: -21249 0.000000	 M2: -21043 0.000000
M1: -21249 0.000000	 M2: -21043 0.000000
M1: -21249 0.000000	 M2: -21043 0.000000
M1: -21249 0.000000	 M2: -21043 0.000000
M1: -21249 0.000000	 M2: -21043 0.000000
M1: -21249 0.000000	 M2: -21043 0.000000
M1: -21249 0.000000	 M2: -21043 0.000000
M1: -21249 0.000000	 M2: -21043 0.000000
M1: -21249 0.000000	 M2: -21043 0.000000
M1: -21249 0.000000	 M2: -21043 0.000000
M1: -21249 0.000000	 M2: -21043 0.000000
M1: -21249 0.000000	 M2: -21043 0.000000
M1: -21249 0.000000	 M2: -21043 0.000000
M1: -21249 0.000000	 M2: -21043 0.000000
M1: -21249 0.000000	 M2: -21043 0.000000
M1: -21249 0.000000	 M2: -21043 0.000000
M1: -21249 0.000000	 M2: -21043 0.000000
M1: -21249 0.000000	 M2: -21043 0.000000
M1: -21249 0.000000	 M2: -21043 0.000000
M1: -21249 0.000000	 M2: -21043 0.000000
M1: -21249 0.000000	 M2: -21043 0.000000
M1: -21249 0.000000	 M2: -21043 0.000000
M1: -21249 0.000000	 M2: -21043 0.000000
M1: -21249 0.000000	 M2: -21043 0.000000
M1: -21249 0.000000	 M2: -21043 0.000000
M1: -21249 0.000000	 M2: -21043 0.000000
M1: -21249 0.000000	 M2: -21043 0.000000
M1: -21249 0.000000	 M2: -21043 0.000000
M1: -21249 0.000000	 M2: -21043 0.000000
M1: -21249 0.000000	 M2: -21043 0.000000
M1: -21249 0.000000	 M2: -21043 0.000000
M1: -21249 0.000000	 M2: -21043 0.000000
M1: -21249 0.000000	 M2: -21043 0.000000
M1: -21249 0.000000	 M2: -21043 0.000000
M1: -21249 0.000000	 M2: -21043 0.000000
M1: -21249 0.000000	 M2: -21043 0.000000
M1: -21249 0.000000	 M2: -21043 0.000000
M1: -21249 0.000000	 M2: -21043 0.000000
M1: -21249 0.000000	 M2: -21043 0.000000
M1: -21249 0.000000	 M2: -21043 0.000000
M1: -21249 0.000000	 M2: -21043 0.000000
M1: -21249 0.000000	 M2: -21043 0.000000
M1: -21249 0.000000	 M2: -21043 0.000000
M1: -21249 0.000000	 M2: -21043 0.000000
M1: -21249 0.000000	 M2: -21043 0.000000
M1: -21249 0.000000	 M2: -21043 0.000000
M1: -21249 0.000000	 M2: -21043 0.000000
M1: -21249 0.000000	 M2: -21043 0.000000
M1: -21249 0.000000	 M2: -21043 0.000000
M1: -21249 0.000000	 M2: -21043 0.000000
M1: -21249 0.000000	 M2: -21043 0.000000
M1: -21249 0.000000	 M2: -21043 0.000000
M1: -21249 0.000000	 M2: -21043 0.000000
M1: -21249 0.000000	 M2: -21043 0.000000
M1: -21249 0.000000	 M2: -21043 0.000000
M1: -21249 0.000000	 M2: -21043 0.000000
M1: -21249 0.000000	 M2: -21043 0.000000
M1: -21249 0.000000	 M2: -21043 0.000000
M1: -21249 0.000000	 M2: -21043 0.000000
M1: -21249 0.000000	 M2: -21043 0.000000
M1: -21249 0.000000	 M2: -21043 0.000000
M1: -21249 0.000000	 M2: -21043 0.000000
M1: -21249 0.000000	 M2: -21043 0.000000
M1: -21249 0.000000	 M2: -21043 0.000000
M1: -21249 0.000000	 M2: -21043 0.000000
M1: -21249 0.000000	 M2: -21043 0.000000
M1: -21249 0.000000	 M2: -21043 0.000000
M1: -21249 0.000000	 M2: -21043 0.000000
M1: -21249 0.000000	 M2: -21043 0.000000
M1: -21249 0.000000	 M2: -21043 0.000000
M1: -21249 0.000000	 M2: -21043 0.000000
M1: -21249 0.000000	 M2: -21043 0.000000
M1: -21249 0.000000	 M2: -21043 0.000000
M1: -21249 0.000000	 M2: -21043 0.000000
M1: -21249 0.000000	 M2: -21043 0.000000
M1: -21249 0.000000	 M2: -21043 0.000000
M1: -21249 0.000000	 M2: -21043 0.000000
M1: -21249 0.000000	 M2: -21043 0.000000
M1: -21249 0.000000	 M2: -21043 0.000000
M1: -21249 0.000000	 M2: -21043 0.000000
M1: -21249 0.000000	 M2: -21043 0.000000
M1: -21249 0.000000	 M2: -21043 0.000000
M1: -21249 0.000000	 M2: -21043 0.000000
M1: -21249 0.000000	 M2: -21043 0.000000
M1: -21249 0.000000	 M2: -21043 0.000000
M1: -21249 0.000000	 M2: -21043 0.000000
M1: -21249 0.000000	 M2: -21043 0.000000
M1: -21249 0.000000	 M2: -21043 0.000000
M1: -21249 0.000000	 M2: -21043 0.000000
M1: -21249 0.000000	 M2: -21043 0.000000
M1: -21249 0.000000	 M2: -21043 0.000000
M1: -21249 0.000000	 M2: -21043 0.000000
M1: -21249 0.000000	 M2: -21043 0.000000
M1: -21249 0.000000	 M2: -21043 0.000000
M1: -21249 0.000000	 M2: -21043 0.000000
M1: -21249 0.000000	 M2: -21043 0.000000
M1: -21249 0.000000	 M2: -21043 0.000000
M1: -21249 0.000000	 M2: -21043 0.000000
M1: -21249 0.000000	 M2: -21043 0.000000
M1: -21249 0.000000	 M2: -21043 0.000000
M1: -21249 0.000000	 M2: -21043 0.000000
M1: -21249 0.000000	 M2: -21043 0.000000
M1: -21249 0.000000	 M2: -21043 0.000000
M1: -21249 0.000000	 M2: -21043 0.000000
M1: -21249 0.000000	 M2: -21043 0.000000
M1: -21249 0.000000	 M2: -21043 0.000000
M1: -21249 0.000000	 M2: -21043 0.000000
M1: -21249 0.000000	 M2: -21043 0.000000
M1: -21249 0.000000	 M2: -21043 0.000000
M1: -21249 0.000000	 M2: -21043 0.000000
M1: -21249 0.000000	 M2: -21043 0.000000
