ets Jul 29 2019 12:21:46

rst:0x1 (POWERON_RESET),boot:0x13 (SPI_FAST_FLASH_BOOT)
configsip: 0, SPIWP:0xee
clk_drv:0x00,q_drv:0x00,d_drv:0x00,cs0_drv:0x00,hd_drv:0x00,wp_drv:0x00
mode:DIO, clock div:2
load:0x3fff0030,len:1184
load:0x40078000,len:13192
load:0x40080400,len:3028
entry 0x400805e4

On
Off
On
Off
On
Off
On
Off
On
Off
11.220846	0.000000
On
Off
78.978128	0.000000
On
Off
79.016077	0.000000
On
Off
79.016077	0.000000
On
Off
79.016077	0.000000
On
Off
79.016077	0.000000
On
Off
79.016077	0.000000
On
Off
86.570361	0.000000
On
Off
79.059492	0.000000
On
Off
63.777262	0.000000
On
Off
On
Off
On
Off
On
Off
8.172942	0.000000
On
Off
On
Off
On
Off
10.318386	0.000000
On
Off
On
Off
On
Off
10.274971	0.000000
On
Off
On
Off
On
Off
10.173668	0.000000
On
Off
On
Off
On
Off
10.173668	0.000000
On
Off
On
Off
On
Off
On
Off
10.104925	0.000000
On
Off
On
Off
On