ets Jul 29 2019 12:21:46

rst:0x1 (POWERON_RESET),boot:0x13 (SPI_FAST_FLASH_BOOT)
configsip: 0, SPIWP:0xee
clk_drv:0x00,q_drv:0x00,d_drv:0x00,cs0_drv:0x00,hd_drv:0x00,wp_drv:0x00
mode:DIO, clock div:2
load:0x3fff0030,len:1184
load:0x40078000,len:13192
load:0x40080400,len:3028
entry 0x400805e4
Started
ax:-0.013184,ay:0.000488,az:-1.013184
ax:-0.012695,ay:0.001953,az:-1.015625
ax:-0.015625,ay:0.001465,az:-1.015137
ax:-0.013184,ay:0.003906,az:-1.013672
ax:-0.010742,ay:-0.002441,az:-1.010254
ax:-0.012695,ay:0.001465,az:-1.014648
ax:-0.012207,ay:0.002441,az:-1.016602
ax:-0.013672,ay:-0.000977,az:-1.016602
ax:-0.012207,ay:0.004395,az:-1.012207
ax:-0.011230,ay:0.002930,az:-1.019531
ax:-0.012695,ay:0.000977,az:-1.021973
ax:-0.012695,ay:-0.003418,az:-1.013184
ax:-0.012207,ay:0.005371,az:-1.016113
ax:-0.011230,ay:0.000977,az:-1.019043
ax:-0.007324,ay:0.004395,az:-1.014160
ax:-0.015137,ay:0.001953,az:-1.018066
ax:-0.011719,ay:-0.003418,az:-1.021973
ax:-0.017578,ay:0.000000,az:-1.005859
ax:-0.014648,ay:-0.000488,az:-1.018066
ax:-0.013184,ay:0.000488,az:-1.013184
ax:-0.013672,ay:0.002930,az:-1.017578
ax:-0.002930,ay:-0.003418,az:-1.012207
ax:-0.009277,ay:-0.006836,az:-1.012207
ax:-0.006348,ay:0.002930,az:-1.018066
ax:-0.005859,ay:0.004395,az:-1.011230
ax:-0.015137,ay:0.004395,az:-1.011719
ax:-0.009766,ay:-0.001465,az:-1.014648
ax:-0.011230,ay:0.001465,az:-1.013184
ax:-0.008789,ay:0.002930,az:-1.011719
ax:-0.009766,ay:0.002441,az:-1.015625
ax:-0.011230,ay:0.002441,az:-1.020996
ax:-0.014648,ay:0.000000,az:-1.015625
ax:-0.011230,ay:0.000000,az:-1.017090
ax:-0.013184,ay:0.001953,az:-1.017090
ax:-0.016602,ay:-0.001953,az:-1.013184
ax:-0.009277,ay:0.002441,az:-1.015137
ax:-0.010742,ay:0.000488,az:-1.012695
ax:-0.010254,ay:0.001465,az:-1.020996
ax:-0.010254,ay:0.000000,az:-1.020508
ax:-0.035156,ay:0.302246,az:-1.017578
ax:-0.015625,ay:0.049316,az:-1.000977
ax:-0.027344,ay:-0.029785,az:-0.994141
ax:-0.004395,ay:-0.218262,az:-0.952148
ax:-0.067871,ay:-0.613770,az:-0.933594
ax:-0.005859,ay:-0.570312,az:-0.933594
ax:0.007324,ay:-0.455078,az:-0.923340
ax:0.004395,ay:-0.142090,az:-0.951660
ax:0.219238,ay:0.461914,az:-1.481934
ax:0.004883,ay:0.107422,az:-0.988770
ax:-0.009277,ay:0.182617,az:-0.978027
ax:-0.008301,ay:0.299805,az:-0.946777
ax:0.013672,ay:0.326172,az:-0.913574
ax:-0.031250,ay:0.415527,az:-0.845703
ax:-0.043945,ay:0.656250,az:-0.724121
ax:-0.006836,ay:1.000488,az:-0.658203
ax:-0.023438,ay:0.953613,az:-0.656250
ax:-0.023438,ay:0.827637,az:-0.679688
ax:-0.057617,ay:0.313477,az:-0.767090
ax:-0.042969,ay:-0.154297,az:-0.898926
ax:0.076660,ay:-0.626953,az:-1.043457
ax:-0.024902,ay:-0.552246,az:-0.922363
ax:-0.079590,ay:0.005859,az:-0.763184
ax:-0.096680,ay:0.800293,az:-0.777344
ax:-0.035156,ay:0.967773,az:-0.793945
ax:-0.005371,ay:0.514648,az:-0.837402
ax:-0.010254,ay:0.421875,az:-0.885742
ax:-0.006348,ay:0.300781,az:-0.897461
ax:-0.005371,ay:0.019531,az:-0.930176
ax:-0.065918,ay:-0.209473,az:-0.934082
ax:-0.004883,ay:-0.330566,az:-0.953613
ax:-0.003418,ay:-0.336914,az:-0.940430
ax:-0.008301,ay:-0.365234,az:-0.911621
ax:-0.056641,ay:-0.461914,az:-0.802734
ax:-0.011230,ay:-0.719727,az:-0.608887
ax:0.016113,ay:-1.255371,az:-0.727051
ax:0.008301,ay:-0.884766,az:-0.660156
ax:-0.005371,ay:-0.717773,az:-0.710449
ax:-0.019043,ay:-0.270996,az:-0.803223
ax:-0.047363,ay:0.074707,az:-0.882812
ax:-0.054688,ay:0.408691,az:-1.030762
ax:-0.028809,ay:0.523438,az:-0.945312
ax:-0.008301,ay:0.003418,az:-0.983398
ax:0.177734,ay:-0.233398,az:-1.042969
ax:-0.018555,ay:-0.026855,az:-1.029785
ax:-0.033203,ay:-0.166992,az:-1.055176
ax:-0.031738,ay:-0.025391,az:-1.023926
ax:-0.085449,ay:-0.131836,az:-1.013672
ax:0.015625,ay:-0.127930,az:-0.996094
ax:-0.034668,ay:-0.101562,az:-1.025879
ax:-0.016113,ay:0.089844,az:-1.002441
ax:-0.007812,ay:-0.006348,az:-1.006836
ax:-0.010254,ay:-0.017090,az:-1.011230
ax:-0.009766,ay:0.015137,az:-1.012695
ax:-0.009277,ay:0.015625,az:-1.016113
ax:-0.010254,ay:0.008789,az:-1.009766
ax:-0.013184,ay:0.006348,az:-1.014160
ax:-0.014160,ay:0.015137,az:-1.016602
ax:-0.010742,ay:0.011230,az:-1.015137
ax:-0.009277,ay:0.007812,az:-1.023438
ax:-0.012207,ay:-0.001953,az:-1.009766
ax:-0.007812,ay:0.000977,az:-1.017578
ax:-0.010254,ay:-0.002441,az:-1.016113
ax:-0.006348,ay:0.000000,az:-1.018555
ax:-0.010742,ay:0.003418,az:-1.010254
ax:-0.011230,ay:0.000488,az:-1.015137
ax:-0.012695,ay:0.000977,az:-1.017578
ax:-0.006348,ay:0.007324,az:-1.009277
ax:-0.009766,ay:-0.001465,az:-1.017578
ax:-0.011230,ay:0.012207,az:-1.020020
ax:-0.012695,ay:0.002930,az:-1.022461
ax:-0.010742,ay:0.006836,az:-1.020508
ax:-0.010254,ay:0.006348,az:-1.019043
ax:-0.010254,ay:0.001465,az:-1.018066
ax:-0.011230,ay:0.006836,az:-1.020020
ax:-0.010254,ay:0.003906,az:-1.016602
ax:-0.010742,ay:0.005371,az:-1.016113
ax:-0.011230,ay:0.007324,az:-1.018555
ax:-0.010254,ay:0.001953,az:-1.015625
ax:-0.013184,ay:0.002441,az:-1.023926
ax:-0.009766,ay:0.004395,az:-1.014160
ax:-0.012207,ay:-0.001953,az:-1.011719
ax:-0.010742,ay:0.006348,az:-1.018555
ax:-0.014160,ay:0.006348,az:-1.022461
ax:-0.004883,ay:0.016602,az:-1.008301
ax:-0.012207,ay:0.006348,az:-1.012695
ax:-0.011719,ay:0.000977,az:-1.014160
ax:-0.018555,ay:-0.001953,az:-1.016602
ax:-0.015137,ay:-0.023926,az:-1.014648
ax:-0.012695,ay:-0.015625,az:-1.014160
ax:-0.013672,ay:0.002441,az:-1.013184
ax:-0.011230,ay:-0.006836,az:-1.016113
ax:-0.010742,ay:0.002930,az:-1.010254
ax:-0.009766,ay:-0.002441,az:-1.008789
ax:-0.008789,ay:0.005859,az:-1.017578
ax:-0.009277,ay:0.009277,az:-1.014648
ax:-0.010254,ay:0.002930,az:-1.024414
ax:-0.009766,ay:0.003906,az:-1.019531
ax:-0.012695,ay:0.010742,az:-1.016602
ax:-0.010254,ay:0.007324,az:-1.013672
ax:-0.008301,ay:0.004395,az:-1.014648
ax:-0.012207,ay:0.001953,az:-1.017578
ax:-0.013184,ay:0.003906,az:-1.019043
ax:-0.009277,ay:0.007324,az:-1.012207
ax:-0.014648,ay:0.004883,az:-1.016602
ax:-0.010254,ay:-0.003418,az:-1.012207
ax:-0.004883,ay:0.011230,az:-1.015625
ax:-0.005859,ay:0.002930,az:-1.011230
ax:-0.013184,ay:0.011719,az:-1.015625
ax:-0.012695,ay:0.009766,az:-1.011719
ax:-0.011719,ay:0.001465,az:-1.013672
ax:-0.014160,ay:-0.002441,az:-1.012695
ax:-0.016602,ay:-0.013672,az:-1.008301
ax:-0.014648,ay:-0.004395,az:-1.014648
ax:-0.014160,ay:0.005371,az:-1.008301
ax:-0.014160,ay:0.017578,az:-1.021973
ax:-0.009277,ay:0.015137,az:-1.012207
ax:-0.012695,ay:0.018066,az:-1.015625
ax:-0.011719,ay:0.007324,az:-1.012207
ax:-0.009277,ay:0.013672,az:-1.018066
ax:-0.013672,ay:0.000000,az:-1.014648
ax:-0.011230,ay:0.002441,az:-1.013184
ax:-0.012695,ay:-0.001953,az:-1.010254
ax:-0.009277,ay:-0.003418,az:-1.017090
ax:-0.011230,ay:0.004395,az:-1.016602
ax:-0.011230,ay:0.007324,az:-1.015625
ax:-0.009766,ay:0.008301,az:-1.012207
ax:-0.013184,ay:0.008301,az:-1.021484
ax:-0.012695,ay:0.008789,az:-1.009277
ax:-0.010742,ay:0.007812,az:-1.010254
ax:-0.010742,ay:0.005859,az:-1.019531
ax:-0.015137,ay:0.003906,az:-1.013672
ax:-0.009277,ay:0.000977,az:-1.018555
ax:-0.008789,ay:-0.000977,az:-1.014648
ax:-0.009766,ay:0.000488,az:-1.014648
ax:-0.008789,ay:0.003906,az:-1.021973
ax:-0.010742,ay:0.005371,az:-1.014160
ax:-0.011719,ay:0.001953,az:-1.020996
ax:-0.006348,ay:0.003906,az:-1.007324
ax:-0.010742,ay:0.000488,az:-1.009277
ax:-0.009766,ay:0.006348,az:-1.016113
ax:-0.008301,ay:0.000977,az:-1.014648
ax:-0.010742,ay:0.001953,az:-1.020508
ax:-0.006836,ay:0.001465,az:-1.016602
ax:-0.006348,ay:0.006348,az:-1.016113
ax:-0.014160,ay:0.003906,az:-1.021973
ax:-0.013672,ay:0.007324,az:-1.015137
ax:-0.011719,ay:0.004395,az:-1.019531
ax:-0.012207,ay:0.009277,az:-1.020020
ax:-0.009766,ay:0.009277,az:-1.013672
ax:-0.012695,ay:0.008789,az:-1.015137
ax:-0.010254,ay:-0.002441,az:-1.018066
ax:-0.008789,ay:-0.005859,az:-1.015625
ax:-0.010254,ay:0.001465,az:-1.018555
ax:-0.012207,ay:0.008301,az:-1.011230
ax:-0.013184,ay:0.010742,az:-1.017578
ax:-0.013184,ay:0.006348,az:-1.016113
ax:-0.013672,ay:-0.002441,az:-1.014160
ax:-0.008789,ay:0.002441,az:-1.017090
ax:-0.013672,ay:0.004395,az:-1.015137
ax:-0.012695,ay:0.007812,az:-1.019043
ax:-0.013672,ay:0.003906,az:-1.016602
ax:-0.009277,ay:0.001465,az:-1.012207
ax:-0.008789,ay:0.000977,az:-1.017090
ax:-0.008301,ay:0.006348,az:-1.011230
ax:-0.009766,ay:0.007812,az:-1.017090
ax:-0.012695,ay:0.005859,az:-1.010254
ax:-0.012207,ay:-0.000977,az:-1.014160
ax:-0.010742,ay:0.008789,az:-1.013672
ax:-0.013672,ay:0.002930,az:-1.020996
ax:-0.010254,ay:0.012695,az:-1.011719
ax:-0.010742,ay:0.002441,az:-1.012695
ax:-0.011719,ay:0.011230,az:-1.010254
ax:-0.015137,ay:-0.003418,az:-1.011230
ax:-0.015625,ay:0.013184,az:-1.020508
ax:-0.016602,ay:0.062012,az:-1.020996
ax:-0.003906,ay:0.022461,az:-1.014648
ax:-0.015625,ay:0.014648,az:-1.021973
ax:-0.015137,ay:0.017090,az:-1.014648
ax:-0.013184,ay:0.026855,az:-1.009277
ax:-0.016113,ay:0.010254,az:-1.011230
ax:-0.008789,ay:0.016113,az:-1.016113
ax:-0.014648,ay:0.016602,az:-1.012695
ax:-0.011230,ay:0.006348,az:-1.017578
ax:-0.015137,ay:0.016113,az:-1.019531
ax:-0.010742,ay:0.006836,az:-1.013184
ax:-0.015137,ay:0.011230,az:-1.022949
ax:-0.011230,ay:0.007324,az:-1.014648
ax:-0.013184,ay:0.010254,az:-1.011719
ax:-0.011719,ay:0.000977,az:-1.023438
ax:-0.005371,ay:0.016113,az:-1.010254
ax:-0.030762,ay:0.066406,az:-1.004395
ax:-0.008789,ay:0.012207,az:-1.007812
ax:-0.012207,ay:0.010742,az:-1.015137
ax:-0.012207,ay:-0.002930,az:-1.021484
ax:-0.009277,ay:-0.015625,az:-1.014648
ax:-0.040039,ay:0.017090,az:-1.009277
ax:-0.032227,ay:0.059570,az:-1.019531
ax:-0.003906,ay:-0.001465,az:-1.014648
ax:-0.011230,ay:-0.059570,az:-1.012207
ax:-0.021484,ay:-0.110840,az:-1.003418
ax:0.002441,ay:-0.186523,az:-0.985840
ax:0.017090,ay:-0.275391,az:-0.959961
ax:-0.016113,ay:-0.340820,az:-0.937988
ax:0.001953,ay:-0.421387,az:-0.918945
ax:-0.003418,ay:-0.460938,az:-0.882324
ax:-0.006348,ay:-0.626465,az:-0.854980
ax:0.002930,ay:-0.646973,az:-0.855957
ax:0.008301,ay:-0.609863,az:-0.861328
ax:-0.009277,ay:-0.563965,az:-0.876465
ax:-0.003906,ay:-0.397949,az:-0.916504
ax:-0.009766,ay:-0.245605,az:-0.946777
ax:-0.010254,ay:-0.136719,az:-0.983398
ax:-0.015137,ay:-0.123535,az:-0.998535
ax:-0.009277,ay:-0.023438,az:-1.005859
ax:0.146973,ay:0.133789,az:-1.061523
ax:-0.009277,ay:0.062012,az:-1.016113
ax:-0.014160,ay:0.074219,az:-1.014160
ax:-0.010742,ay:0.035156,az:-1.008301
ax:-0.009766,ay:0.000488,az:-1.020508
ax:-0.003418,ay:0.079590,az:-1.012695
ax:0.003418,ay:0.024414,az:-1.008789
ax:-0.009277,ay:0.001465,az:-1.014160
ax:-0.013184,ay:0.000000,az:-1.009766
ax:-0.009766,ay:0.003906,az:-1.013184
ax:-0.017090,ay:0.011230,az:-1.022949
ax:-0.015625,ay:0.006836,az:-1.008301
ax:-0.009277,ay:0.008301,az:-1.012695
ax:-0.009766,ay:0.004395,az:-1.018555
ax:-0.013184,ay:0.020020,az:-1.015137
ax:-0.020996,ay:0.034180,az:-1.015137
ax:-0.008789,ay:0.004883,az:-1.014160
ax:-0.038086,ay:-0.041016,az:-0.988770
ax:-0.021484,ay:0.058105,az:-1.013672
ax:-0.017578,ay:0.030762,az:-1.011230
ax:-0.017090,ay:0.010254,az:-1.016602
ax:-0.010742,ay:0.009766,az:-1.020508
ax:-0.011719,ay:0.000000,az:-1.011719
ax:-0.010254,ay:0.008789,az:-1.015137
ax:-0.009277,ay:0.010254,az:-1.015625
ax:-0.011230,ay:0.009277,az:-1.015625
ax:-0.011719,ay:0.016602,az:-1.010254
ax:-0.011719,ay:0.014160,az:-1.014648
ax:-0.013184,ay:0.011719,az:-1.008301
ax:-0.010254,ay:0.007812,az:-1.016602
ax:-0.014160,ay:0.007812,az:-1.018066
ax:-0.013672,ay:0.004395,az:-1.017090
ax:-0.012695,ay:0.004883,az:-1.009277
ax:-0.017090,ay:0.006348,az:-1.020996
ax:-0.011230,ay:0.006836,az:-1.009277
ax:-0.015137,ay:0.011719,az:-1.015625
ax:-0.010742,ay:0.009766,az:-1.010254
ax:-0.011719,ay:0.011719,az:-1.016113
ax:-0.006836,ay:0.017090,az:-1.018555
ax:-0.011230,ay:0.010254,az:-1.012207
ax:-0.005859,ay:0.004395,az:-1.015137
ax:-0.017090,ay:0.008301,az:-1.018066
ax:-0.010742,ay:0.012695,az:-1.021484
ax:-0.010254,ay:0.021973,az:-1.016113
ax:-0.010742,ay:0.025879,az:-1.018555
ax:-0.015625,ay:0.010254,az:-1.019043
ax:-0.016113,ay:0.015625,az:-1.018066
ax:-0.033203,ay:0.028809,az:-1.032715
ax:-0.016602,ay:0.001465,az:-1.015137
ax:-0.010742,ay:-0.023438,az:-1.013184
ax:-0.013672,ay:0.015137,az:-1.025879
ax:-0.015625,ay:0.017090,az:-1.008789
ax:-0.001953,ay:0.011719,az:-1.020996
ax:-0.011719,ay:0.013672,az:-1.014160
ax:-0.007324,ay:0.015137,az:-1.019043
ax:-0.009277,ay:0.002441,az:-1.018066
ax:-0.007812,ay:0.003418,az:-1.013184
ax:-0.013184,ay:0.021973,az:-1.011230
ax:-0.015137,ay:0.015625,az:-1.019531
ax:-0.013672,ay:0.030273,az:-1.021484
ax:-0.012695,ay:0.012695,az:-1.016113
ax:-0.012695,ay:0.019531,az:-1.013672
ax:-0.011230,ay:0.009277,az:-1.013672
ax:-0.015625,ay:0.017090,az:-1.017090
ax:-0.010254,ay:0.011719,az:-1.007324
ax:-0.006836,ay:0.008789,az:-1.010742
ax:-0.015625,ay:-0.000977,az:-1.015137
ax:-0.009277,ay:-0.019531,az:-1.013672
ax:-0.013672,ay:-0.026367,az:-1.012207
ax:-0.016113,ay:-0.007812,az:-1.018555
ax:-0.008789,ay:0.012207,az:-1.008301
ax:-0.009766,ay:0.008301,az:-1.012207
ax:-0.012207,ay:0.004395,az:-1.019043
ax:-0.006836,ay:0.003418,az:-1.017578
ax:-0.013184,ay:0.000488,az:-1.013672
ax:-0.011719,ay:0.000488,az:-1.015625
ax:-0.008789,ay:0.006348,az:-1.015625
ax:-0.008789,ay:-0.001465,az:-1.019531
ax:-0.008301,ay:-0.000977,az:-1.015625
ax:-0.010254,ay:0.005371,az:-1.012207
ax:-0.006836,ay:0.006836,az:-1.012695
ax:-0.005859,ay:0.005859,az:-1.015137
ax:-0.011230,ay:0.006836,az:-1.015625
ax:-0.009277,ay:0.005859,az:-1.018066
ax:-0.012207,ay:0.004883,az:-1.016602
ax:-0.009277,ay:-0.000488,az:-1.020020
ax:-0.012207,ay:0.000977,az:-1.011719
ax:-0.013672,ay:0.008301,az:-1.008789
ax:-0.011719,ay:0.004395,az:-1.014160
ax:-0.010254,ay:0.000488,az:-1.019043
ax:-0.015137,ay:0.000488,az:-1.013184
ax:-0.009277,ay:0.006836,az:-1.014648
ax:-0.012695,ay:0.005371,az:-1.014648
ax:-0.010254,ay:0.006836,az:-1.018555
ax:-0.014160,ay:0.008301,az:-1.017090
ax:-0.010254,ay:0.004395,az:-1.014648
ax:-0.009766,ay:-0.000488,az:-1.018555
ax:-0.011719,ay:-0.000488,az:-1.020508
ax:-0.012207,ay:0.000000,az:-1.016113
ax:-0.012695,ay:0.003418,az:-1.016113
ax:-0.007324,ay:0.005371,az:-1.016602
ax:-0.008789,ay:0.001465,az:-1.016602
ax:-0.011719,ay:0.004883,az:-1.020508
ax:-0.011230,ay:0.007812,az:-1.020508
ax:-0.009766,ay:0.005859,az:-1.018555
ax:-0.016602,ay:0.006836,az:-1.018555
ax:-0.011230,ay:0.000488,az:-1.023438
ax:-0.013184,ay:0.007812,az:-1.022461
ax:-0.015137,ay:-0.000977,az:-1.010254
ax:-0.010254,ay:0.001465,az:-1.010254
ax:-0.012695,ay:0.001465,az:-1.024414
ax:-0.012695,ay:-0.001465,az:-1.015137
ax:-0.007812,ay:0.003906,az:-1.015625
ax:-0.009277,ay:0.004883,az:-1.016113
ax:-0.013184,ay:0.002441,az:-1.015625
ax:-0.014160,ay:0.005859,az:-1.006836
ax:-0.010742,ay:0.005371,az:-1.015137
ax:-0.014160,ay:-0.000488,az:-1.021973
ax:-0.010742,ay:-0.002441,az:-1.007324
ax:-0.013184,ay:0.002441,az:-1.015625
ax:-0.011230,ay:0.001953,az:-1.010742
ax:-0.010742,ay:0.004883,az:-1.017578
ax:-0.009277,ay:0.002441,az:-1.022949
ax:-0.011230,ay:0.007324,az:-1.011230
ax:-0.011719,ay:0.007324,az:-1.010254
ax:-0.011230,ay:0.005859,az:-1.013184
ax:-0.011719,ay:0.002441,az:-1.015625
ax:-0.008301,ay:-0.003906,az:-1.017090
ax:-0.009766,ay:0.003418,az:-1.014648
ax:-0.012207,ay:0.005859,az:-1.013184
ax:-0.009277,ay:0.005371,az:-1.018066
ax:-0.013184,ay:0.000977,az:-1.016113
ax:-0.012695,ay:0.001953,az:-1.017578
ax:-0.010742,ay:0.002441,az:-1.015137
ax:-0.008301,ay:0.017090,az:-1.011719
ax:-0.014160,ay:0.020996,az:-1.013672
ax:-0.008301,ay:0.013672,az:-1.020020
ax:-0.010254,ay:0.004883,az:-1.019531
ax:-0.011719,ay:0.000000,az:-1.014160
ax:-0.014648,ay:-0.000977,az:-1.018066
ax:-0.010742,ay:0.003906,az:-1.011230
ax:-0.009277,ay:-0.001465,az:-1.013672
ax:-0.012207,ay:0.002930,az:-1.019531
ax:-0.018066,ay:0.006348,az:-1.020508
ax:-0.009766,ay:0.003418,az:-1.017090
ax:-0.009766,ay:0.005859,az:-1.019043
ax:-0.009277,ay:-0.001953,az:-1.015137
ax:-0.014648,ay:-0.002441,az:-1.017090
ax:-0.012207,ay:0.001465,az:-1.010254
ax:-0.013672,ay:0.006836,az:-1.017090
ax:-0.010254,ay:0.010254,az:-1.007324
ax:-0.010742,ay:0.005371,az:-1.017578
ax:-0.010742,ay:0.003906,az:-1.016602
ax:-0.013672,ay:0.003906,az:-1.015625
ax:-0.012695,ay:0.005859,az:-1.009766
ax:-0.008789,ay:0.004395,az:-1.016113
ax:-0.010254,ay:0.004883,az:-1.016602
ax:-0.007812,ay:0.002441,az:-1.013672
ax:-0.013184,ay:0.000977,az:-1.018555
ax:-0.008301,ay:0.003418,az:-1.016113
ax:-0.007812,ay:0.008789,az:-1.012695
ax:-0.009277,ay:0.007812,az:-1.013184
ax:-0.011230,ay:0.007324,az:-1.009277
ax:-0.010742,ay:0.001465,az:-1.007812
ax:-0.007812,ay:0.004395,az:-1.016113
ax:-0.011719,ay:0.003906,az:-1.017090
ax:-0.010254,ay:0.006836,az:-1.011719
ax:-0.015137,ay:0.000977,az:-1.009766
ax:-0.008789,ay:0.001465,az:-1.012207
ax:-0.009277,ay:0.005371,az:-1.015137
ax:-0.007812,ay:0.003418,az:-1.015137
ax:-0.010742,ay:0.001953,az:-1.017578
ax:-0.010254,ay:0.002441,az:-1.013672
ax:-0.015137,ay:0.002441,az:-1.012695
ax:-0.010254,ay:0.005371,az:-1.013672
ax:-0.010742,ay:0.005371,az:-1.017578
ax:-0.011719,ay:0.003418,az:-1.015137
ax:-0.013672,ay:0.004395,az:-1.014648
ax:-0.013672,ay:-0.002441,az:-1.006836
ax:-0.010254,ay:0.002930,az:-1.016113
ax:-0.011719,ay:0.007324,az:-1.013184
ax:-0.012695,ay:0.007812,az:-1.018555
ax:-0.009766,ay:0.007324,az:-1.012207
ax:-0.011230,ay:0.002441,az:-1.013672
ax:-0.011719,ay:0.002441,az:-1.011719
ax:-0.013672,ay:0.005371,az:-1.018066
ax:-0.012695,ay:0.002441,az:-1.020020
ax:-0.009766,ay:0.001953,az:-1.015625
ax:-0.011230,ay:-0.003906,az:-1.011719
ax:-0.010254,ay:-0.000488,az:-1.013672
ax:-0.009766,ay:0.008301,az:-1.020020
ax:-0.014160,ay:0.009766,az:-1.017578
ax:-0.009766,ay:0.003418,az:-1.011719
ax:-0.015625,ay:0.005859,az:-1.009766
ax:-0.010742,ay:0.006348,az:-1.019043
ax:-0.012695,ay:0.003906,az:-1.012695
ax:-0.008789,ay:0.000000,az:-1.020996
ax:-0.011230,ay:-0.000977,az:-1.026367
ax:-0.008789,ay:-0.002930,az:-1.016113
ax:-0.011719,ay:0.004883,az:-1.018555
ax:-0.008301,ay:0.010254,az:-1.010742
ax:-0.010742,ay:0.005371,az:-1.016602
ax:-0.008301,ay:0.003418,az:-1.011230
ax:-0.008789,ay:0.000977,az:-1.012207
ax:-0.012207,ay:0.009766,az:-1.015625
ax:-0.010742,ay:0.005371,az:-1.018066
ax:-0.017090,ay:0.006836,az:-1.014160
ax:-0.009277,ay:-0.004395,az:-1.013672
ax:-0.011719,ay:-0.002441,az:-1.017090
ax:-0.009277,ay:0.002930,az:-1.018066
ax:-0.016113,ay:0.005859,az:-1.015625
ax:-0.011230,ay:0.003906,az:-1.018555
ax:-0.008301,ay:-0.002441,az:-1.018066
ax:-0.010254,ay:0.000977,az:-1.015625
ax:-0.010254,ay:0.012695,az:-1.016602
ax:-0.011719,ay:0.012207,az:-1.016113
ax:0.026367,ay:-0.008301,az:-1.022949
ax:-0.044434,ay:0.086426,az:-1.016602
ax:-0.018066,ay:-0.009766,az:-1.008301
ax:-0.011230,ay:0.112793,az:-1.000977
ax:-0.072266,ay:0.234375,az:-0.975586
ax:-0.059570,ay:0.168457,az:-0.969238
ax:0.012695,ay:0.077637,az:-1.010254
ax:-0.013672,ay:0.045410,az:-0.992676
ax:0.001465,ay:-0.110840,az:-1.001953
ax:0.078125,ay:0.029297,az:-1.029297
ax:0.006836,ay:-0.070312,az:-1.004883
ax:-0.042969,ay:-0.051270,az:-0.989746
ax:-0.012207,ay:-0.237793,az:-0.948730
ax:0.095215,ay:-0.461914,az:-0.857910
ax:0.109863,ay:-0.523926,az:-0.761719
ax:-0.081543,ay:-0.641113,az:-0.670410
ax:0.003418,ay:-0.936523,az:-0.539551
ax:0.002930,ay:-0.870605,az:-0.403809
ax:-0.022949,ay:-0.940430,az:-0.235352
ax:0.014160,ay:-1.128906,az:-0.210938
ax:-0.133301,ay:-1.094238,az:-0.190918
ax:-0.060547,ay:-0.961914,az:-0.085449
ax:0.002441,ay:-1.059570,az:-0.062500
ax:0.004883,ay:-1.163086,az:-0.000977
ax:0.045898,ay:-1.002441,az:-0.077637
ax:-0.042480,ay:-0.910156,az:-0.101074
ax:0.017090,ay:-1.148926,az:-0.045410
ax:-0.020020,ay:-0.952637,az:-0.044922
ax:0.017090,ay:-1.027344,az:-0.038086
ax:0.023438,ay:-1.034668,az:-0.010254
ax:-0.002441,ay:-1.007812,az:-0.030762
ax:0.002441,ay:-1.003418,az:-0.033691
ax:-0.004395,ay:-1.003906,az:-0.024414
ax:0.001953,ay:-0.997559,az:-0.023926
ax:0.001953,ay:-1.006348,az:-0.014648
ax:0.000488,ay:-1.010742,az:-0.014648
ax:-0.019043,ay:-0.944336,az:-0.018066
ax:-0.015137,ay:-0.854004,az:-0.038086
ax:0.010254,ay:-1.003418,az:0.020020
ax:0.006836,ay:-1.010254,az:0.009766
ax:-0.013672,ay:-1.010254,az:0.003418
ax:-0.017578,ay:-1.006836,az:-0.007324
ax:-0.013672,ay:-1.007324,az:-0.001465
ax:-0.014648,ay:-1.011230,az:-0.000488
ax:-0.010254,ay:-1.009277,az:0.002930
ax:-0.008789,ay:-1.010254,az:-0.001953
ax:-0.010254,ay:-1.007324,az:0.003418
ax:-0.005371,ay:-1.009766,az:-0.002930
ax:-0.015137,ay:-1.007324,az:-0.009766
ax:-0.011230,ay:-1.005859,az:-0.008789
ax:-0.012207,ay:-1.004395,az:-0.007812
ax:-0.009277,ay:-1.004883,az:0.004883
ax:-0.016113,ay:-1.004883,az:-0.003418
ax:-0.009766,ay:-1.009277,az:0.000000
ax:-0.009277,ay:-1.007324,az:-0.007812
ax:-0.014648,ay:-1.009766,az:-0.005371
ax:-0.011230,ay:-1.008789,az:0.003906
ax:-0.013672,ay:-1.007812,az:-0.008301
ax:-0.016113,ay:-1.007324,az:0.001953
ax:-0.014160,ay:-1.009766,az:-0.005371
ax:-0.017090,ay:-1.003906,az:-0.004395
ax:-0.006836,ay:-1.010254,az:-0.004395
ax:-0.011230,ay:-1.008789,az:0.002441
ax:-0.002930,ay:-1.028320,az:0.000000
ax:-0.030273,ay:-1.239746,az:-0.084961
ax:-0.010742,ay:-1.128418,az:-0.104980
ax:-0.046875,ay:-0.925781,az:-0.294434
ax:0.004395,ay:-0.988770,az:-0.379883
ax:0.019531,ay:-0.929688,az:-0.396973
ax:-0.065918,ay:-0.622559,az:-0.644043
ax:-0.053223,ay:-0.235840,az:-0.840820
ax:-0.084473,ay:-0.112305,az:-0.939941
ax:-0.016602,ay:-0.047363,az:-0.985352
ax:-0.065430,ay:0.106934,az:-0.979980
ax:-0.011719,ay:0.058105,az:-0.979004
ax:-0.024902,ay:-0.026855,az:-1.021973
ax:0.243164,ay:0.069336,az:-1.007324
ax:-0.057617,ay:0.027832,az:-1.010254
ax:-0.314453,ay:-0.037598,az:-1.005859
ax:-0.023926,ay:0.007812,az:-1.037598
ax:-0.009766,ay:-0.006348,az:-1.017090
ax:-0.014160,ay:0.033203,az:-1.015137
ax:-0.011230,ay:0.024414,az:-1.019531
ax:-0.012695,ay:-0.011230,az:-1.015625
ax:-0.010742,ay:-0.000977,az:-1.015137
ax:-0.012695,ay:0.017578,az:-1.015625
ax:-0.002930,ay:0.011230,az:-1.011719
ax:-0.011230,ay:0.014160,az:-1.016113
ax:-0.002441,ay:0.021484,az:-1.019043
ax:-0.008301,ay:-0.028809,az:-1.011230
ax:0.014648,ay:0.017578,az:-1.007324
ax:-0.005859,ay:0.015625,az:-1.009277
ax:-0.011230,ay:0.010254,az:-1.010742
ax:-0.009766,ay:0.021973,az:-1.010254
ax:-0.010254,ay:0.007324,az:-1.016602
ax:-0.009766,ay:0.009277,az:-1.014160
ax:-0.008789,ay:0.009766,az:-1.006836
ax:-0.009277,ay:0.005371,az:-1.019043
ax:-0.011230,ay:0.007324,az:-1.013672
ax:-0.009766,ay:0.000000,az:-1.010742
ax:-0.010254,ay:0.008301,az:-1.015137
ax:0.004395,ay:0.011230,az:-1.029297
ax:-0.005371,ay:-0.019043,az:-1.016113
ax:-0.007812,ay:0.015137,az:-1.015625
ax:-0.001953,ay:-0.004883,az:-1.013184
ax:-0.011230,ay:0.001465,az:-1.015137
ax:-0.005371,ay:0.010742,az:-1.011230
ax:-0.010254,ay:-0.017578,az:-1.021484
ax:-0.006348,ay:0.019043,az:-1.014160
ax:-0.006836,ay:-0.002930,az:-1.007812
ax:-0.027344,ay:-0.005371,az:-1.014160
ax:-0.019043,ay:0.004395,az:-1.010742
ax:-0.004883,ay:0.002441,az:-1.014160
ax:-0.010742,ay:-0.002441,az:-1.008789
ax:-0.009766,ay:0.008301,az:-1.015137
ax:-0.009277,ay:0.005371,az:-1.013184
ax:-0.007812,ay:0.000488,az:-1.015137
ax:-0.007812,ay:0.000488,az:-1.017090
ax:-0.012207,ay:0.000488,az:-1.012207
ax:-0.003906,ay:0.005859,az:-1.020508
ax:-0.005371,ay:0.005371,az:-1.012207
ax:-0.007812,ay:0.005859,az:-1.008789
ax:-0.011230,ay:0.003418,az:-1.010254
ax:-0.007812,ay:0.004395,az:-1.012207
ax:-0.010742,ay:0.004883,az:-1.009766
ax:-0.004395,ay:-0.002441,az:-1.015625
ax:-0.011230,ay:0.008301,az:-1.013672
ax:-0.014160,ay:0.006348,az:-1.015625
ax:-0.008301,ay:0.007324,az:-1.017090
ax:-0.007812,ay:-0.008789,az:-1.009766
ax:-0.006836,ay:0.014648,az:-1.008789
ax:-0.003418,ay:0.009277,az:-1.017578
ax:-0.008301,ay:0.006348,az:-1.012207
ax:-0.007812,ay:-0.001465,az:-1.017090
ax:-0.012207,ay:0.000000,az:-1.015625
ax:-0.003418,ay:0.007812,az:-1.018555
ax:-0.010254,ay:0.007324,az:-1.012207
ax:-0.007812,ay:0.002441,az:-1.007324
ax:-0.010254,ay:0.001953,az:-1.017578
ax:-0.009277,ay:-0.004395,az:-1.015625
ax:-0.011719,ay:0.002441,az:-1.015625
ax:-0.009277,ay:0.000000,az:-1.006348
ax:-0.005859,ay:0.010254,az:-1.018555
ax:-0.010742,ay:0.002930,az:-1.020020
ax:-0.009277,ay:-0.001465,az:-1.015137
ax:-0.005859,ay:0.003418,az:-1.020020
ax:-0.009766,ay:0.009277,az:-1.009277
ax:-0.005371,ay:-0.000977,az:-1.007324
ax:-0.007812,ay:0.003418,az:-1.015137
ax:-0.009766,ay:0.006348,az:-1.013184
ax:-0.007812,ay:0.003906,az:-1.014648
ax:-0.009766,ay:0.005859,az:-1.017578
ax:-0.005371,ay:0.003418,az:-1.016113
ax:-0.009277,ay:0.002441,az:-1.008301
ax:-0.006348,ay:-0.003418,az:-1.011719
ax:-0.006348,ay:-0.001465,az:-1.020508
ax:-0.010254,ay:-0.004395,az:-1.010254
ax:-0.009277,ay:0.006836,az:-1.019043
ax:-0.007812,ay:0.012207,az:-1.012695
ax:-0.006348,ay:0.006348,az:-1.020508
ax:-0.008301,ay:0.000977,az:-1.021973
ax:-0.008789,ay:0.002441,az:-1.014160
ax:-0.010742,ay:0.009277,az:-1.023438
ax:-0.002441,ay:0.004883,az:-1.008789
ax:-0.003906,ay:0.005371,az:-1.021973
ax:-0.007324,ay:-0.000977,az:-1.018066
ax:-0.008789,ay:-0.001953,az:-1.008301
ax:-0.010742,ay:0.011230,az:-1.009277
ax:-0.010742,ay:0.010254,az:-1.013184
ax:-0.007324,ay:0.010254,az:-1.014160
ax:-0.013184,ay:0.007812,az:-1.015137
ax:-0.007812,ay:-0.001465,az:-1.007324
ax:-0.008301,ay:0.000000,az:-1.020020
ax:-0.008789,ay:0.003906,az:-1.019043
ax:-0.005859,ay:0.002441,az:-1.019531
ax:-0.011230,ay:0.006836,az:-1.014648
ax:-0.007324,ay:0.000488,az:-1.007812
ax:-0.006836,ay:0.004883,az:-1.015625
ax:-0.008789,ay:0.000488,az:-1.012695
ax:-0.013672,ay:0.001953,az:-1.018555
ax:-0.005859,ay:0.000000,az:-1.013184
ax:-0.008789,ay:0.000000,az:-1.019531
ax:-0.009766,ay:-0.019531,az:-1.021973
ax:-0.010254,ay:-0.006836,az:-1.018555
ax:-0.006836,ay:0.029297,az:-1.008301
ax:-0.012695,ay:0.020996,az:-1.011230
ax:-0.009766,ay:-0.021973,az:-1.017578
ax:-0.007812,ay:0.010254,az:-1.011719
ax:-0.009277,ay:0.008789,az:-1.012207
ax:-0.012207,ay:-0.005859,az:-1.016602
ax:-0.010742,ay:-0.007812,az:-1.018555
ax:-0.009277,ay:0.008301,az:-1.016602
ax:-0.003418,ay:-0.000488,az:-1.011719
ax:-0.006836,ay:0.000488,az:-1.022461
ax:-0.006836,ay:0.002441,az:-1.025391
ax:-0.007812,ay:0.002441,az:-1.012207
ax:-0.009277,ay:0.007324,az:-1.016602
ax:-0.009277,ay:0.012695,az:-1.021484
ax:-0.008789,ay:0.000977,az:-1.019531
ax:-0.010254,ay:0.000000,az:-1.009277
ax:-0.013672,ay:0.006348,az:-1.017090
ax:-0.007812,ay:0.001465,az:-1.016602
ax:-0.011719,ay:-0.008301,az:-1.008301
ax:-0.006836,ay:0.006836,az:-1.020508
ax:-0.010254,ay:0.009277,az:-1.023438
ax:-0.010254,ay:-0.000977,az:-1.017090
ax:-0.006836,ay:0.005859,az:-1.022461
ax:-0.007812,ay:0.003906,az:-1.013184
ax:-0.008789,ay:-0.007324,az:-1.014160
ax:-0.008301,ay:0.003418,az:-1.021484
ax:-0.011719,ay:-0.002441,az:-1.020508
ax:-0.009277,ay:0.004883,az:-1.016113
ax:-0.012207,ay:0.004395,az:-1.013184
ax:-0.007812,ay:0.001953,az:-1.009277
ax:-0.010742,ay:0.002441,az:-1.020020
ax:-0.009766,ay:0.006836,az:-1.017090
ax:-0.007812,ay:0.005859,az:-1.018555
ax:-0.004395,ay:0.005859,az:-1.010254
ax:-0.009277,ay:0.005859,az:-1.021484
ax:-0.010254,ay:-0.007324,az:-1.013184
ax:-0.005371,ay:-0.003418,az:-1.020020
ax:-0.005859,ay:0.004395,az:-1.017090
ax:-0.005859,ay:0.006348,az:-1.013672
ax:-0.006348,ay:0.004883,az:-1.018066
ax:-0.011719,ay:-0.000977,az:-1.009277
ax:-0.009277,ay:-0.001465,az:-1.008301
ax:-0.011230,ay:0.004395,az:-1.014160
ax:-0.006836,ay:0.009766,az:-1.016113
ax:-0.009277,ay:0.005859,az:-1.007324
ax:-0.010254,ay:0.001953,az:-1.010254
ax:-0.012207,ay:0.002930,az:-1.015137
ax:-0.009277,ay:-0.002930,az:-1.013184
ax:-0.006836,ay:0.000977,az:-1.018066
ax:-0.005859,ay:-0.000488,az:-1.010254
ax:-0.008789,ay:0.006348,az:-1.012695
ax:-0.005371,ay:0.004883,az:-1.016602
ax:-0.010742,ay:0.000977,az:-1.012207
ax:-0.010254,ay:0.001953,az:-1.020996
ax:-0.005859,ay:-0.001465,az:-1.013184
ax:-0.006348,ay:0.002441,az:-1.014648
ax:-0.007812,ay:-0.000977,az:-1.015137
ax:-0.007324,ay:0.004395,az:-1.014648
ax:-0.010254,ay:0.000000,az:-1.015625
ax:-0.007324,ay:-0.002441,az:-1.019043
ax:-0.008301,ay:0.006348,az:-1.017578
ax:-0.007812,ay:0.002930,az:-1.018555
ax:-0.008789,ay:0.005859,az:-1.017090
ax:-0.009766,ay:0.005371,az:-1.018555
ax:-0.013672,ay:0.010254,az:-1.020508
ax:-0.006348,ay:0.002441,az:-1.017090
ax:-0.008789,ay:0.006836,az:-1.014160
ax:-0.008789,ay:0.004883,az:-1.016113
ax:-0.007324,ay:0.008301,az:-1.005859
ax:-0.004883,ay:-0.000488,az:-1.020508
ax:-0.009766,ay:-0.002441,az:-1.011230
ax:-0.007324,ay:0.004395,az:-1.013184
ax:-0.002930,ay:0.007324,az:-1.012695
ax:-0.011719,ay:0.000977,az:-1.010742
ax:-0.005859,ay:0.004395,az:-1.020020
ax:-0.008789,ay:0.004395,az:-1.015625
ax:-0.007812,ay:0.003418,az:-1.018066
ax:-0.009277,ay:0.001465,az:-1.018066
ax:-0.008301,ay:0.004395,az:-1.009277
ax:-0.006836,ay:0.004395,az:-1.016602
ax:-0.009766,ay:0.003418,az:-1.021484
ax:-0.005371,ay:0.004883,az:-1.008789
ax:-0.010254,ay:0.004395,az:-1.017090
ax:-0.008789,ay:0.005371,az:-1.023438
ax:-0.005859,ay:0.002930,az:-1.007812
ax:-0.009277,ay:0.003418,az:-1.010742
ax:-0.005371,ay:0.002930,az:-1.014160
ax:-0.007324,ay:-0.000488,az:-1.018066
ax:-0.008789,ay:0.000000,az:-1.020996
ax:-0.012207,ay:0.002441,az:-1.017578
ax:-0.004883,ay:0.004395,az:-1.018555
ax:-0.009277,ay:0.008789,az:-1.019531
ax:-0.008789,ay:-0.005859,az:-1.015137
ax:-0.009766,ay:0.002441,az:-1.020020
ax:-0.010254,ay:0.003418,az:-1.017578
ax:-0.008301,ay:-0.001953,az:-1.018066
ax:-0.006348,ay:-0.000977,az:-1.017578
ax:-0.012207,ay:0.002930,az:-1.015137
ax:-0.009277,ay:0.005371,az:-1.020996
ax:-0.007812,ay:0.005371,az:-1.021484
ax:-0.011230,ay:0.001465,az:-1.017090
ax:-0.011230,ay:0.005371,az:-1.010742
ax:-0.013184,ay:0.005371,az:-1.013184
ax:-0.008301,ay:0.005371,az:-1.018066
ax:-0.010742,ay:0.002441,az:-1.017578
ax:-0.007812,ay:0.006836,az:-1.012695
ax:-0.009277,ay:0.004883,az:-1.018066
ax:-0.008301,ay:0.009277,az:-1.014160
ax:-0.007812,ay:0.002930,az:-1.017090
ax:-0.009277,ay:0.001465,az:-1.016602
ax:-0.009766,ay:0.005371,az:-1.016113
ax:-0.009766,ay:0.005371,az:-1.008301
ax:-0.005371,ay:0.004883,az:-1.017578
ax:-0.008301,ay:0.002930,az:-1.015137
ax:-0.010254,ay:-0.005371,az:-1.010742
ax:-0.007324,ay:0.003906,az:-1.016602
ax:-0.010742,ay:0.005371,az:-1.018066
ax:-0.008789,ay:0.013672,az:-1.009766
ax:-0.006836,ay:0.003418,az:-1.018555
ax:-0.007324,ay:-0.002441,az:-1.017090
ax:-0.006348,ay:-0.000488,az:-1.017578
ax:-0.007324,ay:-0.001465,az:-1.010742
ax:-0.007324,ay:0.003418,az:-1.014160
ax:-0.006348,ay:0.003906,az:-1.022949
ax:-0.009277,ay:0.000000,az:-1.011230
ax:-0.007324,ay:0.001953,az:-1.017578
ax:-0.008301,ay:0.000488,az:-1.010254
ax:-0.008789,ay:0.004883,az:-1.014160
ax:-0.005371,ay:-0.012695,az:-1.015625
ax:-0.006836,ay:0.003418,az:-1.014648
ax:-0.006836,ay:0.018066,az:-1.016602
ax:-0.011719,ay:0.000488,az:-1.018066
ax:-0.009766,ay:0.001465,az:-1.019531
ax:-0.005371,ay:-0.000977,az:-1.014160
ax:-0.008789,ay:-0.001953,az:-1.016602
ax:-0.010254,ay:0.004395,az:-1.015137
ax:-0.009766,ay:0.002930,az:-1.013184
ax:-0.008789,ay:0.006836,az:-1.016113
ax:0.000000,ay:0.000488,az:-1.010254
ax:-0.007324,ay:0.000488,az:-1.017578
ax:-0.006348,ay:0.001465,az:-1.009277
ax:-0.006836,ay:0.005371,az:-1.018555
ax:-0.008301,ay:0.002930,az:-1.018555
ax:-0.011230,ay:0.000977,az:-1.010254
ax:-0.006836,ay:0.002441,az:-1.011719
ax:-0.010742,ay:0.007324,az:-1.024902
ax:-0.006348,ay:0.005859,az:-1.016602
ax:-0.006348,ay:0.005859,az:-1.014648
ax:-0.005371,ay:-0.000488,az:-1.019043
ax:-0.005371,ay:0.003418,az:-1.020996
ax:-0.007324,ay:0.006348,az:-1.013672
ax:-0.004395,ay:0.007812,az:-1.006348
ax:-0.009277,ay:0.001953,az:-1.014648
ax:-0.008789,ay:0.004395,az:-1.016113
ax:-0.008789,ay:0.000977,az:-1.012695
ax:-0.006836,ay:0.005859,az:-1.016113
ax:-0.007324,ay:0.002930,az:-1.018555
ax:-0.008789,ay:0.005859,az:-1.018555
ax:-0.006836,ay:0.006836,az:-1.012207
ax:-0.008301,ay:0.004395,az:-1.012207
ax:-0.010254,ay:-0.000488,az:-1.018066
ax:-0.005859,ay:-0.000977,az:-1.016602
ax:-0.008789,ay:0.005371,az:-1.020020
ax:-0.004883,ay:0.001465,az:-1.011230
ax:-0.002930,ay:0.004395,az:-1.020996
ax:-0.007812,ay:0.000977,az:-1.006836
ax:-0.007812,ay:0.006836,az:-1.016602
ax:-0.009766,ay:0.006348,az:-1.020508
ax:-0.008301,ay:0.000977,az:-1.015625
ax:-0.007324,ay:0.005859,az:-1.009277
ax:-0.009766,ay:0.006348,az:-1.017090
ax:-0.008789,ay:0.003906,az:-1.018555
ax:-0.009766,ay:0.002930,az:-1.021973
ax:-0.003906,ay:0.002930,az:-1.015137
ax:-0.010742,ay:0.005371,az:-1.007324
ax:-0.009766,ay:0.003418,az:-1.019531
ax:-0.005371,ay:0.000000,az:-1.019531
ax:-0.007324,ay:0.003906,az:-1.011230
ax:-0.011719,ay:0.007812,az:-1.027832
ax:-0.006836,ay:0.003906,az:-1.014648
ax:-0.009277,ay:0.001953,az:-1.023438
ax:-0.008789,ay:0.006836,az:-1.020508
ax:-0.009277,ay:0.002930,az:-1.006836
ax:-0.007812,ay:0.007812,az:-1.011230
ax:-0.009277,ay:0.004395,az:-1.010742
ax:-0.008301,ay:-0.002441,az:-1.018066
ax:-0.008789,ay:0.006836,az:-1.009766
ax:-0.006348,ay:0.009277,az:-1.013672
ax:-0.014648,ay:0.004395,az:-1.016602
ax:-0.012207,ay:0.002441,az:-1.011230
ax:-0.010254,ay:0.004395,az:-1.005859
ax:-0.010254,ay:0.001465,az:-1.018555
ax:-0.013672,ay:0.003418,az:-1.015625
ax:-0.017090,ay:0.008301,az:-1.011719
ax:-0.006348,ay:0.005859,az:-1.013672
ax:-0.009277,ay:-0.004883,az:-1.013672
ax:-0.006348,ay:-0.005371,az:-1.020508
ax:-0.008301,ay:0.005371,az:-1.012695
ax:-0.011230,ay:0.007324,az:-1.021484
ax:-0.009766,ay:0.001465,az:-1.012207
ax:-0.013184,ay:-0.000488,az:-1.019043
ax:-0.010254,ay:0.001953,az:-1.018066
ax:-0.010742,ay:0.003418,az:-1.020996
ax:-0.011230,ay:0.008301,az:-1.017578
ax:-0.013672,ay:-0.001953,az:-1.015625
ax:-0.007812,ay:0.002930,az:-1.020508
ax:-0.008789,ay:0.003906,az:-1.016602
ax:-0.008301,ay:0.010742,az:-1.018555
ax:-0.007812,ay:0.002441,az:-1.014648
ax:-0.008301,ay:0.001465,az:-1.015137
ax:-0.008301,ay:0.001465,az:-1.023926
ax:-0.016113,ay:0.004395,az:-1.017578
ax:-0.010742,ay:-0.001465,az:-1.016113
ax:-0.003906,ay:0.003906,az:-1.013184
ax:-0.004395,ay:0.003906,az:-1.015137
ax:-0.003418,ay:-0.009277,az:-1.018066
ax:-0.007812,ay:0.001465,az:-1.012695
ax:-0.011719,ay:0.000000,az:-1.013672
ax:-0.007324,ay:0.003418,az:-1.016602
ax:-0.012695,ay:0.005371,az:-1.022461
ax:-0.008789,ay:0.000977,az:-1.017578
ax:-0.008301,ay:0.000488,az:-1.012207
ax:-0.003906,ay:0.003418,az:-1.015137
ax:-0.007324,ay:0.000488,az:-1.011230
ax:-0.008789,ay:0.002930,az:-1.003906
ax:-0.008301,ay:0.000977,az:-1.020508
ax:-0.009277,ay:0.001465,az:-1.013184
ax:-0.008301,ay:0.005859,az:-1.012207
ax:-0.006836,ay:0.000977,az:-1.013672
ax:-0.007812,ay:0.001465,az:-1.022949
ax:-0.007812,ay:0.004395,az:-1.024902
ax:-0.010742,ay:0.006348,az:-1.010742
ax:-0.005859,ay:0.007324,az:-1.020996
ax:-0.011719,ay:0.004883,az:-1.015625
ax:-0.005859,ay:0.008789,az:-1.013672
ax:-0.007812,ay:0.004883,az:-1.022949
ax:-0.011719,ay:0.002441,az:-1.015625
ax:-0.010254,ay:-0.000977,az:-1.015137
ax:-0.010742,ay:0.004395,az:-1.012695
ax:-0.010254,ay:-0.002930,az:-1.021973
ax:-0.010254,ay:-0.005371,az:-1.020020
ax:-0.012695,ay:0.000000,az:-1.014160
ax:-0.006348,ay:0.004395,az:-1.016113
ax:-0.006836,ay:0.008301,az:-1.022461
ax:-0.007812,ay:0.005859,az:-1.018066
ax:-0.007812,ay:0.001465,az:-1.015137
ax:-0.011230,ay:0.007324,az:-1.010742
ax:-0.012207,ay:0.002441,az:-1.015625
ax:-0.008301,ay:-0.000488,az:-1.011719
ax:-0.005859,ay:0.002930,az:-1.015625
ax:-0.013184,ay:-0.000977,az:-1.007324
ax:-0.010742,ay:0.002930,az:-1.008789
ax:-0.010254,ay:0.002441,az:-1.014160
ax:-0.009766,ay:0.003418,az:-1.003906
ax:-0.005371,ay:0.004883,az:-1.018066
ax:-0.006836,ay:-0.001953,az:-1.014160
ax:-0.009277,ay:0.001953,az:-1.021484
ax:-0.005859,ay:0.005859,az:-1.013184
ax:-0.005859,ay:0.007812,az:-1.016113
ax:-0.004883,ay:0.000488,az:-1.014160
ax:-0.006348,ay:0.005371,az:-1.020508
ax:-0.008301,ay:-0.001953,az:-1.013184
ax:-0.008789,ay:-0.004395,az:-1.014648
ax:-0.009766,ay:0.009766,az:-1.020996
ax:-0.009766,ay:0.004883,az:-1.018066
ax:-0.009766,ay:0.003418,az:-1.020020
ax:-0.009766,ay:-0.000488,az:-1.011719
ax:-0.007324,ay:0.003418,az:-1.008789
ax:-0.009277,ay:0.006348,az:-1.019043
ax:-0.010254,ay:0.002930,az:-1.015625
ax:-0.007812,ay:0.006836,az:-1.015625
ax:-0.005859,ay:0.001465,az:-1.011230
ax:-0.011230,ay:0.005859,az:-1.017090
ax:-0.008301,ay:0.002441,az:-1.012207
ax:-0.002930,ay:0.004395,az:-1.011230
ax:-0.008301,ay:0.002930,az:-1.015137
ax:-0.006348,ay:0.003418,az:-1.009766
ax:-0.004883,ay:0.005371,az:-1.014160
ax:-0.007812,ay:0.002930,az:-1.014648
ax:-0.011719,ay:0.002930,az:-1.017578
ax:-0.009277,ay:0.003906,az:-1.017578
ax:-0.009766,ay:0.000977,az:-1.017090
ax:-0.011230,ay:0.003906,az:-1.019531
ax:-0.004883,ay:0.000977,az:-1.017090
ax:-0.006836,ay:-0.001465,az:-1.017090
ax:-0.001465,ay:0.002930,az:-1.015625
ax:-0.007324,ay:0.003906,az:-1.016113
ax:-0.012207,ay:0.005859,az:-1.015625
ax:-0.007812,ay:0.005859,az:-1.015625
ax:-0.006836,ay:0.006836,az:-1.014160
ax:-0.009277,ay:0.000977,az:-1.017090
ax:-0.007324,ay:-0.001953,az:-1.012695
ax:-0.005859,ay:-0.002441,az:-1.010742
ax:-0.004395,ay:0.005371,az:-1.015625
ax:-0.007324,ay:0.007812,az:-1.014648
ax:-0.006348,ay:0.004883,az:-1.012695
ax:-0.006348,ay:0.007812,az:-1.012207
ax:-0.007324,ay:0.007812,az:-1.018555
ax:-0.006348,ay:0.001465,az:-1.017090
ax:-0.005371,ay:0.005859,az:-1.016113
ax:-0.007812,ay:0.002930,az:-1.012207
ax:-0.006348,ay:0.009766,az:-1.022461
ax:-0.007324,ay:0.009766,az:-1.024414
ax:-0.008789,ay:0.002441,az:-1.017090
ax:-0.010254,ay:0.007324,az:-1.009766
ax:-0.005371,ay:0.007812,az:-1.018555
ax:-0.008789,ay:0.005371,az:-1.012207
ax:-0.009277,ay:0.006348,az:-1.014160
ax:-0.007812,ay:0.006348,az:-1.021484
ax:-0.009766,ay:0.007324,az:-1.018066
ax:-0.006348,ay:0.006836,az:-1.011230
ax:-0.008301,ay:0.009277,az:-1.017578
ax:-0.003906,ay:0.009766,az:-1.018066
ax:-0.007812,ay:0.003418,az:-1.016113
ax:-0.003418,ay:0.005371,az:-1.020996
ax:-0.005371,ay:0.003418,az:-1.015625
ax:-0.007324,ay:-0.000977,az:-1.012695
ax:-0.010742,ay:0.002441,az:-1.018066
ax:-0.008789,ay:0.000977,az:-1.015625
ax:-0.009766,ay:0.018555,az:-1.024414
ax:-0.015625,ay:0.009766,az:-1.012207
ax:-0.015625,ay:-0.005371,az:-1.023438
ax:-0.010254,ay:-0.018066,az:-1.014160
ax:-0.008789,ay:-0.007324,az:-1.006836
ax:-0.004395,ay:0.008789,az:-1.020020
ax:-0.007812,ay:0.023926,az:-1.004883
ax:-0.013184,ay:-0.006836,az:-1.018066
ax:-0.008789,ay:-0.000977,az:-1.016113
ax:-0.007812,ay:0.001953,az:-1.018555
ax:-0.007324,ay:0.003906,az:-1.017578
ax:-0.008301,ay:0.011230,az:-1.018066
ax:-0.010254,ay:0.002930,az:-1.019531
ax:-0.014160,ay:0.005371,az:-1.010254
ax:-0.013672,ay:0.000000,az:-1.020020
ax:-0.008789,ay:-0.004395,az:-1.011230
ax:-0.007324,ay:-0.000977,az:-1.016602
ax:-0.009766,ay:0.006836,az:-1.024902
ax:-0.007324,ay:-0.010254,az:-1.009277
ax:-0.005859,ay:-0.008789,az:-1.017090
ax:-0.008301,ay:0.008301,az:-1.011719
ax:-0.008789,ay:0.012207,az:-1.017578
ax:-0.012695,ay:0.008789,az:-1.011230
ax:-0.006836,ay:0.004883,az:-1.014160
ax:-0.010254,ay:0.000488,az:-1.014160
ax:-0.005859,ay:0.000488,az:-1.009277
ax:-0.011230,ay:0.006348,az:-1.017578
ax:-0.008301,ay:0.000488,az:-1.020508
ax:-0.009277,ay:-0.000977,az:-1.022949
ax:-0.008789,ay:-0.000977,az:-1.016602
ax:-0.008301,ay:0.001953,az:-1.019043
ax:-0.012207,ay:0.003418,az:-1.008789
ax:-0.009277,ay:0.003906,az:-1.023438
ax:-0.006348,ay:0.005371,az:-1.026367
ax:-0.007812,ay:0.008789,az:-1.018555
ax:-0.005371,ay:0.005371,az:-1.012695
ax:-0.004883,ay:0.002441,az:-1.016113
ax:-0.009277,ay:0.003906,az:-1.007324
ax:-0.010742,ay:0.006348,az:-1.016602
ax:-0.014648,ay:0.004395,az:-1.019531
ax:-0.011230,ay:0.009277,az:-1.020020
ax:-0.033691,ay:0.031250,az:-1.011719
ax:-0.011719,ay:-0.003906,az:-1.016602
ax:-0.000488,ay:0.001465,az:-1.006348
ax:-0.009277,ay:0.007324,az:-1.011719
ax:-0.014648,ay:0.025391,az:-1.017090
ax:-0.004883,ay:-0.001465,az:-1.013184
ax:-0.005371,ay:0.002930,az:-1.022949
ax:-0.015137,ay:0.010254,az:-1.017090
ax:-0.004395,ay:0.009766,az:-1.016602
ax:-0.010254,ay:0.000000,az:-1.017578
ax:-0.011230,ay:0.000977,az:-1.021484
ax:-0.015137,ay:-0.002441,az:-1.015625
ax:-0.004883,ay:0.009766,az:-1.015137
ax:-0.012695,ay:0.005859,az:-1.012695
ax:-0.001953,ay:0.006836,az:-1.015625
ax:-0.009277,ay:0.001465,az:-1.018555
ax:-0.007324,ay:-0.000488,az:-1.018555
ax:-0.011230,ay:-0.002930,az:-1.017578
ax:-0.004395,ay:-0.001953,az:-1.013672
ax:-0.011719,ay:0.067871,az:-1.005371
ax:-0.008789,ay:-0.041016,az:-1.019531
ax:-0.007812,ay:0.031250,az:-1.014648
ax:-0.007812,ay:-0.000977,az:-1.013184
ax:-0.009277,ay:-0.011230,az:-1.011230
ax:-0.007324,ay:0.005371,az:-1.014648
ax:-0.008789,ay:0.007812,az:-1.022949
ax:-0.010254,ay:0.000000,az:-1.014648
ax:-0.009766,ay:-0.002930,az:-1.010742
ax:-0.009766,ay:0.006348,az:-1.023926
ax:-0.014160,ay:0.004883,az:-1.016113
ax:-0.013184,ay:0.000488,az:-1.014648
ax:-0.009766,ay:0.002441,az:-1.021484
ax:-0.009766,ay:0.005859,az:-1.012695
ax:-0.009277,ay:0.002441,az:-1.016602
ax:-0.005371,ay:0.000488,az:-1.014160
ax:-0.008301,ay:0.004883,az:-1.009766
ax:-0.007812,ay:0.004883,az:-1.017090
ax:-0.010742,ay:0.000977,az:-1.013672
ax:-0.010254,ay:-0.003418,az:-1.016602
ax:-0.010254,ay:0.000488,az:-1.016602
ax:-0.006836,ay:0.004883,az:-1.015137
ax:-0.008789,ay:0.002930,az:-1.011719
ax:-0.009277,ay:0.008789,az:-1.004395
ax:-0.008789,ay:0.004395,az:-1.012207
ax:-0.005371,ay:0.004395,az:-1.013672
ax:-0.008301,ay:0.003906,az:-1.010254
ax:-0.007812,ay:0.001953,az:-1.015625
ax:-0.013672,ay:0.002930,az:-1.018066
ax:-0.013672,ay:0.000000,az:-1.014648
ax:-0.009277,ay:-0.001465,az:-1.018066
ax:-0.006348,ay:0.002930,az:-1.009277
ax:-0.007812,ay:0.002441,az:-1.017578
ax:-0.009766,ay:0.001465,az:-1.009766
ax:-0.006348,ay:0.002930,az:-1.009766
ax:-0.013184,ay:0.000488,az:-1.007324
ax:-0.007812,ay:0.007812,az:-1.021973
ax:-0.011719,ay:0.001465,az:-1.013184
ax:-0.010742,ay:0.002930,az:-1.012695
ax:-0.007324,ay:0.006348,az:-1.022461
ax:-0.009766,ay:0.005371,az:-1.020508
ax:-0.011719,ay:0.001953,az:-1.010742
ax:-0.010254,ay:-0.001953,az:-1.019531
ax:-0.005859,ay:0.002930,az:-1.018555
ax:-0.006836,ay:0.005371,az:-1.017578
ax:-0.009766,ay:0.004395,az:-1.020508
ax:-0.014648,ay:-0.000488,az:-1.022949
ax:-0.004883,ay:0.006836,az:-1.015625
ax:-0.008301,ay:0.004395,az:-1.013672
ax:-0.011719,ay:0.000977,az:-1.010742
ax:-0.009766,ay:0.001953,az:-1.010742
ax:-0.004395,ay:0.002930,az:-1.010254
ax:-0.009766,ay:0.001953,az:-1.011230
ax:-0.010254,ay:0.001953,az:-1.017090
ax:-0.011719,ay:-0.003418,az:-1.015137
ax:-0.009766,ay:0.006348,az:-1.020996
ax:-0.011230,ay:0.010742,az:-1.013184
ax:-0.005371,ay:0.007812,az:-1.015137
ax:-0.007324,ay:0.000977,az:-1.008789
ax:-0.004395,ay:0.006348,az:-1.011230
ax:-0.004883,ay:0.012695,az:-1.016602
ax:-0.010742,ay:-0.000488,az:-1.020996
ax:-0.010254,ay:-0.004883,az:-1.016113
ax:-0.006348,ay:0.000000,az:-1.013672
ax:-0.010254,ay:0.000977,az:-1.019043
ax:-0.010742,ay:0.000977,az:-1.008789
ax:-0.009766,ay:-0.000977,az:-1.023438
ax:-0.005371,ay:0.001953,az:-1.013184
ax:-0.008789,ay:0.000488,az:-1.004883
ax:-0.006348,ay:0.000000,az:-1.009766
ax:-0.021484,ay:-0.003906,az:-1.015137
ax:0.001465,ay:0.001465,az:-1.017578
ax:-0.005371,ay:-0.008789,az:-1.012207
ax:-0.011230,ay:0.002441,az:-1.009766
ax:-0.008301,ay:0.001953,az:-1.022461
ax:-0.007324,ay:0.006348,az:-1.007324
ax:-0.013184,ay:-0.005371,az:-1.015625
ax:-0.013184,ay:0.010254,az:-1.019531
ax:-0.007324,ay:0.006348,az:-1.017090
ax:-0.008789,ay:-0.009766,az:-1.020020
ax:0.012695,ay:-0.002441,az:-1.013184
ax:0.006836,ay:-0.002441,az:-1.022949
ax:-0.008301,ay:0.011719,az:-1.006836
ax:-0.015625,ay:0.009766,az:-1.018555
ax:-0.015625,ay:-0.002441,az:-1.001953
ax:-0.007324,ay:-0.006348,az:-1.025879
ax:-0.003418,ay:0.005371,az:-1.014160
ax:-0.004395,ay:0.001465,az:-1.014648
ax:-0.010742,ay:0.019531,az:-1.014648
ax:-0.008789,ay:0.015625,az:-1.010254
ax:-0.008301,ay:0.014160,az:-1.017090
ax:-0.013184,ay:0.000977,az:-1.011230
ax:-0.006836,ay:-0.001465,az:-1.012695
ax:-0.009277,ay:0.000488,az:-1.012207
ax:-0.007812,ay:0.000977,az:-1.016113
ax:-0.012695,ay:0.000977,az:-1.016602
ax:-0.017090,ay:-0.009277,az:-1.014160
ax:0.001465,ay:-0.015137,az:-1.007812
ax:-0.019531,ay:-0.002930,az:-1.007812
ax:-0.013184,ay:0.005371,az:-1.013184
ax:-0.008789,ay:-0.009277,az:-1.026855
ax:-0.008301,ay:-0.009277,az:-1.016602
ax:-0.011719,ay:-0.001465,az:-1.007812
ax:-0.003906,ay:0.019531,az:-1.012695
ax:-0.005859,ay:0.011230,az:-1.017578
ax:-0.011719,ay:-0.002441,az:-1.014160
ax:-0.003418,ay:0.006348,az:-1.014648
ax:-0.008789,ay:-0.000488,az:-1.008301
ax:-0.007812,ay:0.001465,az:-1.008301
ax:-0.014648,ay:-0.004395,az:-1.009277
ax:-0.010254,ay:-0.004883,az:-1.020996
ax:-0.004395,ay:-0.002441,az:-1.016113
ax:-0.000977,ay:0.000977,az:-1.013184
ax:-0.006348,ay:-0.000977,az:-1.018555
